[1.977s] Invoking command in '/home/andreas/dev_ws/msauber_stack/build/msauber_sim': DEBUGINFOD_URLS=https://debuginfod.ubuntu.com PS1=(my_py_venv) %m%# PYTHONPATH=/home/andreas/dev_ws/msauber_stack/build/msauber_sim/prefix_override:/usr/lib/python3/dist-packages/colcon_core/task/python/colcon_distutils_commands:/home/andreas/dev_ws/msauber_stack/install/msauber_sim/lib/python3.12/site-packages:${PYTHONPATH} VIRTUAL_ENV_PROMPT=(my_py_venv) /usr/bin/python3 -W ignore:setup.py install is deprecated -W ignore:easy_install command is deprecated setup.py develop --editable --build-directory /home/andreas/dev_ws/msauber_stack/build/msauber_sim/build --no-deps symlink_data
[2.424s] running develop
[2.809s] running egg_info
[2.809s] creating msauber_sim.egg-info
[2.862s] writing msauber_sim.egg-info/PKG-INFO
[2.864s] writing dependency_links to msauber_sim.egg-info/dependency_links.txt
[2.864s] writing requirements to msauber_sim.egg-info/requires.txt
[2.864s] writing top-level names to msauber_sim.egg-info/top_level.txt
[2.866s] writing manifest file 'msauber_sim.egg-info/SOURCES.txt'
[2.975s] reading manifest file 'msauber_sim.egg-info/SOURCES.txt'
[2.977s] writing manifest file 'msauber_sim.egg-info/SOURCES.txt'
[3.044s] running build_ext
[3.044s] Creating /home/andreas/dev_ws/msauber_stack/install/msauber_sim/lib/python3.12/site-packages/msauber-sim.egg-link (link to .)
[3.045s] 
[3.045s] Installed /home/andreas/dev_ws/msauber_stack/build/msauber_sim
[3.046s] running symlink_data
[3.046s] creating /home/andreas/dev_ws/msauber_stack/install/msauber_sim/share/ament_index
[3.046s] creating /home/andreas/dev_ws/msauber_stack/install/msauber_sim/share/ament_index/resource_index
[3.046s] creating /home/andreas/dev_ws/msauber_stack/install/msauber_sim/share/ament_index/resource_index/packages
[3.047s] symbolically linking /home/andreas/dev_ws/msauber_stack/build/msauber_sim/resource/msauber_sim -> /home/andreas/dev_ws/msauber_stack/install/msauber_sim/share/ament_index/resource_index/packages
[3.047s] symbolically linking /home/andreas/dev_ws/msauber_stack/build/msauber_sim/package.xml -> /home/andreas/dev_ws/msauber_stack/install/msauber_sim/share/msauber_sim
[3.047s] creating /home/andreas/dev_ws/msauber_stack/install/msauber_sim/share/msauber_sim/launch
[3.047s] symbolically linking /home/andreas/dev_ws/msauber_stack/build/msauber_sim/launch/sim.launch.py -> /home/andreas/dev_ws/msauber_stack/install/msauber_sim/share/msauber_sim/launch
[3.047s] creating /home/andreas/dev_ws/msauber_stack/install/msauber_sim/share/msauber_sim/meshes
[3.047s] creating /home/andreas/dev_ws/msauber_stack/install/msauber_sim/share/msauber_sim/config
[3.047s] creating /home/andreas/dev_ws/msauber_stack/install/msauber_sim/share/msauber_sim/worlds
[3.047s] symbolically linking /home/andreas/dev_ws/msauber_stack/build/msauber_sim/worlds/pista_map.png -> /home/andreas/dev_ws/msauber_stack/install/msauber_sim/share/msauber_sim/worlds
[3.047s] symbolically linking /home/andreas/dev_ws/msauber_stack/build/msauber_sim/worlds/sonoma.sdf -> /home/andreas/dev_ws/msauber_stack/install/msauber_sim/share/msauber_sim/worlds
[3.048s] symbolically linking /home/andreas/dev_ws/msauber_stack/build/msauber_sim/worlds/my_empty.sdf -> /home/andreas/dev_ws/msauber_stack/install/msauber_sim/share/msauber_sim/worlds
[3.048s] symbolically linking /home/andreas/dev_ws/msauber_stack/build/msauber_sim/worlds/pista.sdf -> /home/andreas/dev_ws/msauber_stack/install/msauber_sim/share/msauber_sim/worlds
[3.048s] symbolically linking /home/andreas/dev_ws/msauber_stack/build/msauber_sim/worlds/cone_empty.sdf -> /home/andreas/dev_ws/msauber_stack/install/msauber_sim/share/msauber_sim/worlds
[3.048s] creating /home/andreas/dev_ws/msauber_stack/install/msauber_sim/share/msauber_sim/models
[3.048s] creating /home/andreas/dev_ws/msauber_stack/install/msauber_sim/share/msauber_sim/models/cone_orange
[3.048s] symbolically linking /home/andreas/dev_ws/msauber_stack/build/msauber_sim/models/cone_orange/model.sdf -> /home/andreas/dev_ws/msauber_stack/install/msauber_sim/share/msauber_sim/models/cone_orange
[3.048s] symbolically linking /home/andreas/dev_ws/msauber_stack/build/msauber_sim/models/cone_orange/model.config -> /home/andreas/dev_ws/msauber_stack/install/msauber_sim/share/msauber_sim/models/cone_orange
[3.048s] creating /home/andreas/dev_ws/msauber_stack/install/msauber_sim/share/msauber_sim/models/cone_orange/meshes
[3.048s] symbolically linking /home/andreas/dev_ws/msauber_stack/build/msauber_sim/models/cone_orange/meshes/cone.stl -> /home/andreas/dev_ws/msauber_stack/install/msauber_sim/share/msauber_sim/models/cone_orange/meshes
[3.048s] creating /home/andreas/dev_ws/msauber_stack/install/msauber_sim/share/msauber_sim/models/cone_orange/thumbnails
[3.048s] symbolically linking /home/andreas/dev_ws/msauber_stack/build/msauber_sim/models/cone_orange/thumbnails/Screenshot from 2025-07-05 15-15-27.png -> /home/andreas/dev_ws/msauber_stack/install/msauber_sim/share/msauber_sim/models/cone_orange/thumbnails
[3.048s] creating /home/andreas/dev_ws/msauber_stack/install/msauber_sim/share/msauber_sim/models/pista_ground
[3.049s] symbolically linking /home/andreas/dev_ws/msauber_stack/build/msauber_sim/models/pista_ground/model.sdf -> /home/andreas/dev_ws/msauber_stack/install/msauber_sim/share/msauber_sim/models/pista_ground
[3.051s] symbolically linking /home/andreas/dev_ws/msauber_stack/build/msauber_sim/models/pista_ground/model.config -> /home/andreas/dev_ws/msauber_stack/install/msauber_sim/share/msauber_sim/models/pista_ground
[3.051s] creating /home/andreas/dev_ws/msauber_stack/install/msauber_sim/share/msauber_sim/models/pista_ground/materials
[3.051s] creating /home/andreas/dev_ws/msauber_stack/install/msauber_sim/share/msauber_sim/models/pista_ground/materials/textures
[3.051s] symbolically linking /home/andreas/dev_ws/msauber_stack/build/msauber_sim/models/pista_ground/materials/textures/pista_map.png -> /home/andreas/dev_ws/msauber_stack/install/msauber_sim/share/msauber_sim/models/pista_ground/materials/textures
[3.100s] Invoked command in '/home/andreas/dev_ws/msauber_stack/build/msauber_sim' returned '0': DEBUGINFOD_URLS=https://debuginfod.ubuntu.com PS1=(my_py_venv) %m%# PYTHONPATH=/home/andreas/dev_ws/msauber_stack/build/msauber_sim/prefix_override:/usr/lib/python3/dist-packages/colcon_core/task/python/colcon_distutils_commands:/home/andreas/dev_ws/msauber_stack/install/msauber_sim/lib/python3.12/site-packages:${PYTHONPATH} VIRTUAL_ENV_PROMPT=(my_py_venv) /usr/bin/python3 -W ignore:setup.py install is deprecated -W ignore:easy_install command is deprecated setup.py develop --editable --build-directory /home/andreas/dev_ws/msauber_stack/build/msauber_sim/build --no-deps symlink_data
