[0.032s] Invoking command in '/home/andreas/dev_ws/msauber_stack/build/yolo_msgs': CMAKE_PREFIX_PATH=${CMAKE_PREFIX_PATH}:/opt/ros/jazzy DEBUGINFOD_URLS=https://debuginfod.ubuntu.com PS1=(my_py_venv) %m%# VIRTUAL_ENV_PROMPT=(my_py_venv) /usr/bin/cmake /home/andreas/dev_ws/msauber_stack/src/yolo_ros/yolo_msgs -DAMENT_CMAKE_SYMLINK_INSTALL=1 -DCMAKE_INSTALL_PREFIX=/home/andreas/dev_ws/msauber_stack/install/yolo_msgs
[1.598s] -- The C compiler identification is GNU 13.3.0
[1.598s] -- The CXX compiler identification is GNU 13.3.0
[1.598s] -- Detecting C compiler ABI info
[1.598s] -- Detecting C compiler ABI info - done
[1.598s] -- Check for working C compiler: /usr/bin/cc - skipped
[1.598s] -- Detecting C compile features
[1.599s] -- Detecting C compile features - done
[1.599s] -- Detecting CXX compiler ABI info
[1.599s] -- Detecting CXX compiler ABI info - done
[1.599s] -- Check for working CXX compiler: /usr/bin/c++ - skipped
[1.599s] -- Detecting CXX compile features
[1.599s] -- Detecting CXX compile features - done
[1.599s] -- Found ament_cmake: 2.5.5 (/opt/ros/jazzy/share/ament_cmake/cmake)
[1.599s] -- Found Python3: /home/andreas/my_py_venv/bin/python3 (found version "3.12.3") found components: Interpreter 
[1.599s] -- Override CMake install command with custom implementation using symlinks instead of copying resources
[1.599s] -- Found rosidl_default_generators: 1.6.0 (/opt/ros/jazzy/share/rosidl_default_generators/cmake)
[1.599s] -- Using all available rosidl_typesupport_c: rosidl_typesupport_fastrtps_c;rosidl_typesupport_introspection_c
[1.600s] -- Using all available rosidl_typesupport_cpp: rosidl_typesupport_fastrtps_cpp;rosidl_typesupport_introspection_cpp
[1.600s] -- Found rosidl_adapter: 4.6.7 (/opt/ros/jazzy/share/rosidl_adapter/cmake)
[1.600s] -- Found std_msgs: 5.3.6 (/opt/ros/jazzy/share/std_msgs/cmake)
[1.600s] -- Found geometry_msgs: 5.3.6 (/opt/ros/jazzy/share/geometry_msgs/cmake)
[2.666s] -- Found ament_cmake_ros: 0.12.0 (/opt/ros/jazzy/share/ament_cmake_ros/cmake)
[4.483s] -- Using all available rosidl_typesupport_c: rosidl_typesupport_fastrtps_c;rosidl_typesupport_introspection_c
[7.541s] -- Using all available rosidl_typesupport_cpp: rosidl_typesupport_fastrtps_cpp;rosidl_typesupport_introspection_cpp
[7.579s] -- Found python_cmake_module: 0.11.1 (/opt/ros/jazzy/share/python_cmake_module/cmake)
[8.434s] -- Found PythonExtra: /home/andreas/my_py_venv/bin/python3  
[10.449s] -- Found Python3: /home/andreas/my_py_venv/bin/python3 (found version "3.12.3") found components: Interpreter Development NumPy Development.Module Development.Embed 
[10.768s] -- Configuring done (10.7s)
[10.994s] -- Generating done (0.2s)
[11.032s] -- Build files have been written to: /home/andreas/dev_ws/msauber_stack/build/yolo_msgs
[11.512s] Invoked command in '/home/andreas/dev_ws/msauber_stack/build/yolo_msgs' returned '0': CMAKE_PREFIX_PATH=${CMAKE_PREFIX_PATH}:/opt/ros/jazzy DEBUGINFOD_URLS=https://debuginfod.ubuntu.com PS1=(my_py_venv) %m%# VIRTUAL_ENV_PROMPT=(my_py_venv) /usr/bin/cmake /home/andreas/dev_ws/msauber_stack/src/yolo_ros/yolo_msgs -DAMENT_CMAKE_SYMLINK_INSTALL=1 -DCMAKE_INSTALL_PREFIX=/home/andreas/dev_ws/msauber_stack/install/yolo_msgs
[11.514s] Invoking command in '/home/andreas/dev_ws/msauber_stack/build/yolo_msgs': CMAKE_PREFIX_PATH=${CMAKE_PREFIX_PATH}:/opt/ros/jazzy DEBUGINFOD_URLS=https://debuginfod.ubuntu.com PS1=(my_py_venv) %m%# VIRTUAL_ENV_PROMPT=(my_py_venv) /usr/bin/cmake --build /home/andreas/dev_ws/msauber_stack/build/yolo_msgs -- -j8 -l8
[11.596s] [  0%] [34m[1mGenerating type hashes for ROS interfaces[0m
[12.772s] [  0%] Built target yolo_msgs__rosidl_generator_type_description
[12.810s] [  0%] Built target ament_cmake_python_symlink_yolo_msgs
[12.825s] [  0%] [34m[1mGenerating C code for ROS interfaces[0m
[17.038s] [  1%] [32mBuilding C object CMakeFiles/yolo_msgs__rosidl_generator_c.dir/rosidl_generator_c/yolo_msgs/msg/detail/point2_d__description.c.o[0m
[17.116s] [  1%] [32mBuilding C object CMakeFiles/yolo_msgs__rosidl_generator_c.dir/rosidl_generator_c/yolo_msgs/msg/detail/vector2__type_support.c.o[0m
[17.169s] [  2%] [32mBuilding C object CMakeFiles/yolo_msgs__rosidl_generator_c.dir/rosidl_generator_c/yolo_msgs/msg/detail/pose2_d__description.c.o[0m
[17.231s] [  3%] [32mBuilding C object CMakeFiles/yolo_msgs__rosidl_generator_c.dir/rosidl_generator_c/yolo_msgs/msg/detail/pose2_d__functions.c.o[0m
[17.314s] [  3%] [32mBuilding C object CMakeFiles/yolo_msgs__rosidl_generator_c.dir/rosidl_generator_c/yolo_msgs/msg/detail/pose2_d__type_support.c.o[0m
[17.368s] [  4%] [32mBuilding C object CMakeFiles/yolo_msgs__rosidl_generator_c.dir/rosidl_generator_c/yolo_msgs/msg/detail/bounding_box2_d__description.c.o[0m
[17.437s] [  5%] [32mBuilding C object CMakeFiles/yolo_msgs__rosidl_generator_c.dir/rosidl_generator_c/yolo_msgs/msg/detail/bounding_box2_d__functions.c.o[0m
[17.523s] [  5%] [32mBuilding C object CMakeFiles/yolo_msgs__rosidl_generator_c.dir/rosidl_generator_c/yolo_msgs/msg/detail/bounding_box2_d__type_support.c.o[0m
[17.573s] [  6%] [32mBuilding C object CMakeFiles/yolo_msgs__rosidl_generator_c.dir/rosidl_generator_c/yolo_msgs/msg/detail/bounding_box3_d__description.c.o[0m
[17.655s] [  7%] [32mBuilding C object CMakeFiles/yolo_msgs__rosidl_generator_c.dir/rosidl_generator_c/yolo_msgs/msg/detail/bounding_box3_d__functions.c.o[0m
[17.742s] [  7%] [32mBuilding C object CMakeFiles/yolo_msgs__rosidl_generator_c.dir/rosidl_generator_c/yolo_msgs/msg/detail/bounding_box3_d__type_support.c.o[0m
[17.797s] [  8%] [32mBuilding C object CMakeFiles/yolo_msgs__rosidl_generator_c.dir/rosidl_generator_c/yolo_msgs/msg/detail/mask__description.c.o[0m
[17.861s] [  8%] [32mBuilding C object CMakeFiles/yolo_msgs__rosidl_generator_c.dir/rosidl_generator_c/yolo_msgs/msg/detail/mask__functions.c.o[0m
[17.946s] [  9%] [32mBuilding C object CMakeFiles/yolo_msgs__rosidl_generator_c.dir/rosidl_generator_c/yolo_msgs/msg/detail/mask__type_support.c.o[0m
[18.000s] [ 10%] [32mBuilding C object CMakeFiles/yolo_msgs__rosidl_generator_c.dir/rosidl_generator_c/yolo_msgs/msg/detail/key_point2_d__description.c.o[0m
[18.058s] [ 10%] [32mBuilding C object CMakeFiles/yolo_msgs__rosidl_generator_c.dir/rosidl_generator_c/yolo_msgs/msg/detail/key_point2_d__functions.c.o[0m
[18.135s] [ 11%] [32mBuilding C object CMakeFiles/yolo_msgs__rosidl_generator_c.dir/rosidl_generator_c/yolo_msgs/msg/detail/key_point2_d__type_support.c.o[0m
[18.182s] [ 12%] [32mBuilding C object CMakeFiles/yolo_msgs__rosidl_generator_c.dir/rosidl_generator_c/yolo_msgs/msg/detail/key_point2_d_array__description.c.o[0m
[18.242s] [ 12%] [32mBuilding C object CMakeFiles/yolo_msgs__rosidl_generator_c.dir/rosidl_generator_c/yolo_msgs/msg/detail/key_point2_d_array__functions.c.o[0m
[18.316s] [ 13%] [32mBuilding C object CMakeFiles/yolo_msgs__rosidl_generator_c.dir/rosidl_generator_c/yolo_msgs/msg/detail/key_point2_d_array__type_support.c.o[0m
[18.361s] [ 14%] [32mBuilding C object CMakeFiles/yolo_msgs__rosidl_generator_c.dir/rosidl_generator_c/yolo_msgs/msg/detail/key_point3_d__description.c.o[0m
[18.421s] [ 14%] [32mBuilding C object CMakeFiles/yolo_msgs__rosidl_generator_c.dir/rosidl_generator_c/yolo_msgs/msg/detail/key_point3_d__functions.c.o[0m
[18.493s] [ 15%] [32mBuilding C object CMakeFiles/yolo_msgs__rosidl_generator_c.dir/rosidl_generator_c/yolo_msgs/msg/detail/key_point3_d__type_support.c.o[0m
[18.546s] [ 16%] [32mBuilding C object CMakeFiles/yolo_msgs__rosidl_generator_c.dir/rosidl_generator_c/yolo_msgs/msg/detail/key_point3_d_array__description.c.o[0m
[18.610s] [ 16%] [32mBuilding C object CMakeFiles/yolo_msgs__rosidl_generator_c.dir/rosidl_generator_c/yolo_msgs/msg/detail/key_point3_d_array__functions.c.o[0m
[18.691s] [ 17%] [32mBuilding C object CMakeFiles/yolo_msgs__rosidl_generator_c.dir/rosidl_generator_c/yolo_msgs/msg/detail/key_point3_d_array__type_support.c.o[0m
[18.743s] [ 18%] [32mBuilding C object CMakeFiles/yolo_msgs__rosidl_generator_c.dir/rosidl_generator_c/yolo_msgs/msg/detail/detection__description.c.o[0m
[18.824s] [ 18%] [32mBuilding C object CMakeFiles/yolo_msgs__rosidl_generator_c.dir/rosidl_generator_c/yolo_msgs/msg/detail/detection__functions.c.o[0m
[18.923s] [ 19%] [32mBuilding C object CMakeFiles/yolo_msgs__rosidl_generator_c.dir/rosidl_generator_c/yolo_msgs/msg/detail/detection__type_support.c.o[0m
[18.977s] [ 20%] [32mBuilding C object CMakeFiles/yolo_msgs__rosidl_generator_c.dir/rosidl_generator_c/yolo_msgs/msg/detail/detection_array__description.c.o[0m
[19.077s] [ 20%] [32mBuilding C object CMakeFiles/yolo_msgs__rosidl_generator_c.dir/rosidl_generator_c/yolo_msgs/msg/detail/detection_array__functions.c.o[0m
[19.167s] [ 21%] [32mBuilding C object CMakeFiles/yolo_msgs__rosidl_generator_c.dir/rosidl_generator_c/yolo_msgs/msg/detail/detection_array__type_support.c.o[0m
[19.168s] [ 22%] [32mBuilding C object CMakeFiles/yolo_msgs__rosidl_generator_c.dir/rosidl_generator_c/yolo_msgs/msg/detail/vector2__functions.c.o[0m
[19.274s] [ 22%] [32mBuilding C object CMakeFiles/yolo_msgs__rosidl_generator_c.dir/rosidl_generator_c/yolo_msgs/srv/detail/set_classes__description.c.o[0m
[19.284s] [ 23%] [32mBuilding C object CMakeFiles/yolo_msgs__rosidl_generator_c.dir/rosidl_generator_c/yolo_msgs/srv/detail/set_classes__functions.c.o[0m
[19.376s] [ 24%] [32mBuilding C object CMakeFiles/yolo_msgs__rosidl_generator_c.dir/rosidl_generator_c/yolo_msgs/srv/detail/set_classes__type_support.c.o[0m
[19.445s] [ 25%] [32mBuilding C object CMakeFiles/yolo_msgs__rosidl_generator_c.dir/rosidl_generator_c/yolo_msgs/msg/detail/vector2__description.c.o[0m
[19.459s] [ 25%] [32mBuilding C object CMakeFiles/yolo_msgs__rosidl_generator_c.dir/rosidl_generator_c/yolo_msgs/msg/detail/point2_d__type_support.c.o[0m
[19.524s] [ 26%] [32mBuilding C object CMakeFiles/yolo_msgs__rosidl_generator_c.dir/rosidl_generator_c/yolo_msgs/msg/detail/point2_d__functions.c.o[0m
[19.618s] [ 26%] [32m[1mLinking C shared library libyolo_msgs__rosidl_generator_c.so[0m
[19.707s] [ 26%] Built target yolo_msgs__rosidl_generator_c
[19.749s] [ 26%] [34m[1mGenerating C++ code for ROS interfaces[0m
[20.223s] running egg_info
[20.225s] creating yolo_msgs.egg-info
[20.268s] writing yolo_msgs.egg-info/PKG-INFO
[20.269s] writing dependency_links to yolo_msgs.egg-info/dependency_links.txt
[20.269s] writing top-level names to yolo_msgs.egg-info/top_level.txt
[20.269s] writing manifest file 'yolo_msgs.egg-info/SOURCES.txt'
[20.392s] reading manifest file 'yolo_msgs.egg-info/SOURCES.txt'
[20.392s] writing manifest file 'yolo_msgs.egg-info/SOURCES.txt'
[20.442s] [ 26%] Built target ament_cmake_python_build_yolo_msgs_egg
[20.463s] [ 27%] [34m[1mGenerating C type support dispatch for ROS interfaces[0m
[22.804s] [ 27%] [32mBuilding CXX object CMakeFiles/yolo_msgs__rosidl_typesupport_c.dir/rosidl_typesupport_c/yolo_msgs/msg/point2_d__type_support.cpp.o[0m
[22.804s] [ 28%] [32mBuilding CXX object CMakeFiles/yolo_msgs__rosidl_typesupport_c.dir/rosidl_typesupport_c/yolo_msgs/msg/vector2__type_support.cpp.o[0m
[22.925s] [ 29%] [32mBuilding CXX object CMakeFiles/yolo_msgs__rosidl_typesupport_c.dir/rosidl_typesupport_c/yolo_msgs/msg/mask__type_support.cpp.o[0m
[22.925s] [ 30%] [32mBuilding CXX object CMakeFiles/yolo_msgs__rosidl_typesupport_c.dir/rosidl_typesupport_c/yolo_msgs/msg/bounding_box3_d__type_support.cpp.o[0m
[23.099s] [ 30%] [32mBuilding CXX object CMakeFiles/yolo_msgs__rosidl_typesupport_c.dir/rosidl_typesupport_c/yolo_msgs/msg/key_point2_d__type_support.cpp.o[0m
[23.108s] [ 31%] [32mBuilding CXX object CMakeFiles/yolo_msgs__rosidl_typesupport_c.dir/rosidl_typesupport_c/yolo_msgs/msg/key_point2_d_array__type_support.cpp.o[0m
[23.234s] [ 32%] [32mBuilding CXX object CMakeFiles/yolo_msgs__rosidl_typesupport_c.dir/rosidl_typesupport_c/yolo_msgs/msg/key_point3_d__type_support.cpp.o[0m
[23.251s] [ 32%] [32mBuilding CXX object CMakeFiles/yolo_msgs__rosidl_typesupport_c.dir/rosidl_typesupport_c/yolo_msgs/msg/key_point3_d_array__type_support.cpp.o[0m
[23.343s] [ 33%] [32mBuilding CXX object CMakeFiles/yolo_msgs__rosidl_typesupport_c.dir/rosidl_typesupport_c/yolo_msgs/msg/detection__type_support.cpp.o[0m
[23.358s] [ 33%] [32mBuilding CXX object CMakeFiles/yolo_msgs__rosidl_typesupport_c.dir/rosidl_typesupport_c/yolo_msgs/msg/bounding_box2_d__type_support.cpp.o[0m
[23.454s] [ 33%] [32mBuilding CXX object CMakeFiles/yolo_msgs__rosidl_typesupport_c.dir/rosidl_typesupport_c/yolo_msgs/srv/set_classes__type_support.cpp.o[0m
[23.467s] [ 34%] [32mBuilding CXX object CMakeFiles/yolo_msgs__rosidl_typesupport_c.dir/rosidl_typesupport_c/yolo_msgs/msg/detection_array__type_support.cpp.o[0m
[23.573s] [ 35%] [32mBuilding CXX object CMakeFiles/yolo_msgs__rosidl_typesupport_c.dir/rosidl_typesupport_c/yolo_msgs/msg/pose2_d__type_support.cpp.o[0m
[23.687s] [ 36%] [32m[1mLinking CXX shared library libyolo_msgs__rosidl_typesupport_c.so[0m
[23.821s] [ 36%] Built target yolo_msgs__rosidl_typesupport_c
[23.853s] [ 37%] [34m[1mGenerating C introspection for ROS interfaces[0m
[23.860s] [ 37%] [34m[1mGenerating C type support for eProsima Fast-RTPS[0m
[24.251s] [ 37%] Built target yolo_msgs__cpp
[24.280s] [ 38%] [34m[1mGenerating C++ type support dispatch for ROS interfaces[0m
[26.849s] [ 38%] [32mBuilding CXX object CMakeFiles/yolo_msgs__rosidl_typesupport_cpp.dir/rosidl_typesupport_cpp/yolo_msgs/msg/point2_d__type_support.cpp.o[0m
[26.851s] [ 39%] [32mBuilding CXX object CMakeFiles/yolo_msgs__rosidl_typesupport_cpp.dir/rosidl_typesupport_cpp/yolo_msgs/msg/vector2__type_support.cpp.o[0m
[26.858s] [ 40%] [32mBuilding CXX object CMakeFiles/yolo_msgs__rosidl_typesupport_cpp.dir/rosidl_typesupport_cpp/yolo_msgs/msg/pose2_d__type_support.cpp.o[0m
[27.894s] [ 40%] [32mBuilding CXX object CMakeFiles/yolo_msgs__rosidl_typesupport_cpp.dir/rosidl_typesupport_cpp/yolo_msgs/msg/bounding_box2_d__type_support.cpp.o[0m
[28.106s] [ 41%] [32mBuilding CXX object CMakeFiles/yolo_msgs__rosidl_typesupport_cpp.dir/rosidl_typesupport_cpp/yolo_msgs/msg/bounding_box3_d__type_support.cpp.o[0m
[28.143s] [ 41%] [32mBuilding CXX object CMakeFiles/yolo_msgs__rosidl_typesupport_cpp.dir/rosidl_typesupport_cpp/yolo_msgs/msg/mask__type_support.cpp.o[0m
[28.151s] [ 41%] [32mBuilding C object CMakeFiles/yolo_msgs__rosidl_typesupport_introspection_c.dir/rosidl_typesupport_introspection_c/yolo_msgs/msg/detail/point2_d__type_support.c.o[0m
[28.179s] [ 42%] [32mBuilding CXX object CMakeFiles/yolo_msgs__rosidl_typesupport_cpp.dir/rosidl_typesupport_cpp/yolo_msgs/msg/key_point2_d__type_support.cpp.o[0m
[28.325s] [ 43%] [32mBuilding C object CMakeFiles/yolo_msgs__rosidl_typesupport_introspection_c.dir/rosidl_typesupport_introspection_c/yolo_msgs/msg/detail/vector2__type_support.c.o[0m
[28.468s] [ 44%] [32mBuilding C object CMakeFiles/yolo_msgs__rosidl_typesupport_introspection_c.dir/rosidl_typesupport_introspection_c/yolo_msgs/msg/detail/pose2_d__type_support.c.o[0m
[28.613s] [ 44%] [32mBuilding C object CMakeFiles/yolo_msgs__rosidl_typesupport_introspection_c.dir/rosidl_typesupport_introspection_c/yolo_msgs/msg/detail/bounding_box2_d__type_support.c.o[0m
[28.755s] [ 45%] [32mBuilding C object CMakeFiles/yolo_msgs__rosidl_typesupport_introspection_c.dir/rosidl_typesupport_introspection_c/yolo_msgs/msg/detail/bounding_box3_d__type_support.c.o[0m
[28.958s] [ 46%] [32mBuilding C object CMakeFiles/yolo_msgs__rosidl_typesupport_introspection_c.dir/rosidl_typesupport_introspection_c/yolo_msgs/msg/detail/mask__type_support.c.o[0m
[29.124s] [ 46%] [32mBuilding C object CMakeFiles/yolo_msgs__rosidl_typesupport_introspection_c.dir/rosidl_typesupport_introspection_c/yolo_msgs/msg/detail/key_point2_d__type_support.c.o[0m
[29.256s] [ 47%] [32mBuilding C object CMakeFiles/yolo_msgs__rosidl_typesupport_introspection_c.dir/rosidl_typesupport_introspection_c/yolo_msgs/msg/detail/key_point2_d_array__type_support.c.o[0m
[29.431s] [ 48%] [32mBuilding C object CMakeFiles/yolo_msgs__rosidl_typesupport_introspection_c.dir/rosidl_typesupport_introspection_c/yolo_msgs/msg/detail/key_point3_d__type_support.c.o[0m
[29.458s] [ 49%] [32mBuilding CXX object CMakeFiles/yolo_msgs__rosidl_typesupport_cpp.dir/rosidl_typesupport_cpp/yolo_msgs/msg/key_point3_d_array__type_support.cpp.o[0m
[29.591s] [ 49%] [32mBuilding C object CMakeFiles/yolo_msgs__rosidl_typesupport_introspection_c.dir/rosidl_typesupport_introspection_c/yolo_msgs/msg/detail/key_point3_d_array__type_support.c.o[0m
[29.757s] [ 50%] [32mBuilding C object CMakeFiles/yolo_msgs__rosidl_typesupport_introspection_c.dir/rosidl_typesupport_introspection_c/yolo_msgs/msg/detail/detection__type_support.c.o[0m
[29.885s] [ 51%] [32mBuilding C object CMakeFiles/yolo_msgs__rosidl_typesupport_introspection_c.dir/rosidl_typesupport_introspection_c/yolo_msgs/msg/detail/detection_array__type_support.c.o[0m
[30.015s] [ 51%] [32mBuilding C object CMakeFiles/yolo_msgs__rosidl_typesupport_introspection_c.dir/rosidl_typesupport_introspection_c/yolo_msgs/srv/detail/set_classes__type_support.c.o[0m
[30.048s] [ 52%] [32mBuilding CXX object CMakeFiles/yolo_msgs__rosidl_typesupport_fastrtps_c.dir/rosidl_typesupport_fastrtps_c/yolo_msgs/msg/detail/point2_d__type_support_c.cpp.o[0m
[30.161s] [ 53%] [32m[1mLinking C shared library libyolo_msgs__rosidl_typesupport_introspection_c.so[0m
[30.265s] [ 53%] Built target yolo_msgs__rosidl_typesupport_introspection_c
[30.469s] [ 54%] [32mBuilding CXX object CMakeFiles/yolo_msgs__rosidl_typesupport_cpp.dir/rosidl_typesupport_cpp/yolo_msgs/msg/detection__type_support.cpp.o[0m
[31.214s] [ 54%] [32mBuilding CXX object CMakeFiles/yolo_msgs__rosidl_typesupport_cpp.dir/rosidl_typesupport_cpp/yolo_msgs/msg/key_point3_d__type_support.cpp.o[0m
[31.253s] [ 55%] [32mBuilding CXX object CMakeFiles/yolo_msgs__rosidl_typesupport_fastrtps_c.dir/rosidl_typesupport_fastrtps_c/yolo_msgs/msg/detail/bounding_box2_d__type_support_c.cpp.o[0m
[31.728s] [ 55%] [32mBuilding CXX object CMakeFiles/yolo_msgs__rosidl_typesupport_cpp.dir/rosidl_typesupport_cpp/yolo_msgs/msg/detection_array__type_support.cpp.o[0m
[31.956s] [ 56%] [32mBuilding CXX object CMakeFiles/yolo_msgs__rosidl_typesupport_fastrtps_c.dir/rosidl_typesupport_fastrtps_c/yolo_msgs/msg/detail/bounding_box3_d__type_support_c.cpp.o[0m
[32.183s] [ 57%] [32mBuilding CXX object CMakeFiles/yolo_msgs__rosidl_typesupport_cpp.dir/rosidl_typesupport_cpp/yolo_msgs/srv/set_classes__type_support.cpp.o[0m
[32.595s] [ 57%] [32mBuilding CXX object CMakeFiles/yolo_msgs__rosidl_typesupport_fastrtps_c.dir/rosidl_typesupport_fastrtps_c/yolo_msgs/msg/detail/mask__type_support_c.cpp.o[0m
[32.755s] [ 58%] [32mBuilding CXX object CMakeFiles/yolo_msgs__rosidl_typesupport_cpp.dir/rosidl_typesupport_cpp/yolo_msgs/msg/key_point2_d_array__type_support.cpp.o[0m
[33.148s] [ 59%] [32m[1mLinking CXX shared library libyolo_msgs__rosidl_typesupport_cpp.so[0m
[33.199s] [ 59%] [32mBuilding CXX object CMakeFiles/yolo_msgs__rosidl_typesupport_fastrtps_c.dir/rosidl_typesupport_fastrtps_c/yolo_msgs/msg/detail/key_point2_d_array__type_support_c.cpp.o[0m
[33.250s] [ 59%] Built target yolo_msgs__rosidl_typesupport_cpp
[33.742s] [ 60%] [32mBuilding CXX object CMakeFiles/yolo_msgs__rosidl_typesupport_fastrtps_c.dir/rosidl_typesupport_fastrtps_c/yolo_msgs/msg/detail/key_point3_d_array__type_support_c.cpp.o[0m
[34.223s] [ 61%] [32mBuilding CXX object CMakeFiles/yolo_msgs__rosidl_typesupport_fastrtps_c.dir/rosidl_typesupport_fastrtps_c/yolo_msgs/msg/detail/detection__type_support_c.cpp.o[0m
[34.224s] [ 61%] [32mBuilding CXX object CMakeFiles/yolo_msgs__rosidl_typesupport_fastrtps_c.dir/rosidl_typesupport_fastrtps_c/yolo_msgs/msg/detail/key_point3_d__type_support_c.cpp.o[0m
[34.768s] [ 62%] [32mBuilding CXX object CMakeFiles/yolo_msgs__rosidl_typesupport_fastrtps_c.dir/rosidl_typesupport_fastrtps_c/yolo_msgs/msg/detail/detection_array__type_support_c.cpp.o[0m
[34.797s] [ 63%] [32mBuilding CXX object CMakeFiles/yolo_msgs__rosidl_typesupport_fastrtps_c.dir/rosidl_typesupport_fastrtps_c/yolo_msgs/srv/detail/set_classes__type_support_c.cpp.o[0m
[35.385s] [ 64%] [32mBuilding CXX object CMakeFiles/yolo_msgs__rosidl_typesupport_fastrtps_c.dir/rosidl_typesupport_fastrtps_c/yolo_msgs/msg/detail/key_point2_d__type_support_c.cpp.o[0m
[35.492s] [ 64%] [32mBuilding CXX object CMakeFiles/yolo_msgs__rosidl_typesupport_fastrtps_c.dir/rosidl_typesupport_fastrtps_c/yolo_msgs/msg/detail/pose2_d__type_support_c.cpp.o[0m
[36.091s] [ 65%] [32mBuilding CXX object CMakeFiles/yolo_msgs__rosidl_typesupport_fastrtps_c.dir/rosidl_typesupport_fastrtps_c/yolo_msgs/msg/detail/vector2__type_support_c.cpp.o[0m
[36.667s] [ 65%] [32m[1mLinking CXX shared library libyolo_msgs__rosidl_typesupport_fastrtps_c.so[0m
[36.760s] [ 65%] Built target yolo_msgs__rosidl_typesupport_fastrtps_c
[36.772s] [ 67%] [34m[1mGenerating C++ introspection for ROS interfaces[0m
[36.772s] [ 67%] [34m[1mGenerating C++ type support for eProsima Fast-RTPS[0m
[38.335s] [ 67%] [32mBuilding CXX object CMakeFiles/yolo_msgs__rosidl_typesupport_introspection_cpp.dir/rosidl_typesupport_introspection_cpp/yolo_msgs/msg/detail/point2_d__type_support.cpp.o[0m
[38.335s] [ 68%] [32mBuilding CXX object CMakeFiles/yolo_msgs__rosidl_typesupport_introspection_cpp.dir/rosidl_typesupport_introspection_cpp/yolo_msgs/msg/detail/vector2__type_support.cpp.o[0m
[38.813s] [ 69%] [32mBuilding CXX object CMakeFiles/yolo_msgs__rosidl_typesupport_introspection_cpp.dir/rosidl_typesupport_introspection_cpp/yolo_msgs/msg/detail/key_point2_d__type_support.cpp.o[0m
[38.818s] [ 69%] [32mBuilding CXX object CMakeFiles/yolo_msgs__rosidl_typesupport_introspection_cpp.dir/rosidl_typesupport_introspection_cpp/yolo_msgs/msg/detail/mask__type_support.cpp.o[0m
[38.826s] [ 70%] [32mBuilding CXX object CMakeFiles/yolo_msgs__rosidl_typesupport_introspection_cpp.dir/rosidl_typesupport_introspection_cpp/yolo_msgs/msg/detail/bounding_box3_d__type_support.cpp.o[0m
[38.936s] [ 71%] [32mBuilding CXX object CMakeFiles/yolo_msgs__rosidl_typesupport_fastrtps_cpp.dir/rosidl_typesupport_fastrtps_cpp/yolo_msgs/msg/detail/dds_fastrtps/point2_d__type_support.cpp.o[0m
[39.427s] [ 71%] [32mBuilding CXX object CMakeFiles/yolo_msgs__rosidl_typesupport_fastrtps_cpp.dir/rosidl_typesupport_fastrtps_cpp/yolo_msgs/msg/detail/dds_fastrtps/vector2__type_support.cpp.o[0m
[39.432s] [ 71%] [32mBuilding CXX object CMakeFiles/yolo_msgs__rosidl_typesupport_introspection_cpp.dir/rosidl_typesupport_introspection_cpp/yolo_msgs/msg/detail/key_point3_d__type_support.cpp.o[0m
[39.432s] [ 72%] [32mBuilding CXX object CMakeFiles/yolo_msgs__rosidl_typesupport_introspection_cpp.dir/rosidl_typesupport_introspection_cpp/yolo_msgs/msg/detail/key_point2_d_array__type_support.cpp.o[0m
[39.474s] [ 73%] [32mBuilding CXX object CMakeFiles/yolo_msgs__rosidl_typesupport_fastrtps_cpp.dir/rosidl_typesupport_fastrtps_cpp/yolo_msgs/msg/detail/dds_fastrtps/pose2_d__type_support.cpp.o[0m
[39.475s] [ 74%] [32mBuilding CXX object CMakeFiles/yolo_msgs__rosidl_typesupport_introspection_cpp.dir/rosidl_typesupport_introspection_cpp/yolo_msgs/msg/detail/bounding_box2_d__type_support.cpp.o[0m
[39.549s] [ 74%] [32mBuilding CXX object CMakeFiles/yolo_msgs__rosidl_typesupport_introspection_cpp.dir/rosidl_typesupport_introspection_cpp/yolo_msgs/msg/detail/pose2_d__type_support.cpp.o[0m
[40.092s] [ 75%] [32mBuilding CXX object CMakeFiles/yolo_msgs__rosidl_typesupport_fastrtps_cpp.dir/rosidl_typesupport_fastrtps_cpp/yolo_msgs/msg/detail/dds_fastrtps/bounding_box2_d__type_support.cpp.o[0m
[40.397s] [ 76%] [32mBuilding CXX object CMakeFiles/yolo_msgs__rosidl_typesupport_introspection_cpp.dir/rosidl_typesupport_introspection_cpp/yolo_msgs/msg/detail/key_point3_d_array__type_support.cpp.o[0m
[40.403s] [ 76%] [32mBuilding CXX object CMakeFiles/yolo_msgs__rosidl_typesupport_fastrtps_cpp.dir/rosidl_typesupport_fastrtps_cpp/yolo_msgs/msg/detail/dds_fastrtps/bounding_box3_d__type_support.cpp.o[0m
[40.469s] [ 77%] [32mBuilding CXX object CMakeFiles/yolo_msgs__rosidl_typesupport_fastrtps_cpp.dir/rosidl_typesupport_fastrtps_cpp/yolo_msgs/msg/detail/dds_fastrtps/mask__type_support.cpp.o[0m
[40.970s] [ 77%] [32mBuilding CXX object CMakeFiles/yolo_msgs__rosidl_typesupport_fastrtps_cpp.dir/rosidl_typesupport_fastrtps_cpp/yolo_msgs/msg/detail/dds_fastrtps/key_point2_d_array__type_support.cpp.o[0m
[40.979s] [ 77%] [32mBuilding CXX object CMakeFiles/yolo_msgs__rosidl_typesupport_introspection_cpp.dir/rosidl_typesupport_introspection_cpp/yolo_msgs/msg/detail/detection_array__type_support.cpp.o[0m
[40.983s] [ 78%] [32mBuilding CXX object CMakeFiles/yolo_msgs__rosidl_typesupport_fastrtps_cpp.dir/rosidl_typesupport_fastrtps_cpp/yolo_msgs/msg/detail/dds_fastrtps/key_point2_d__type_support.cpp.o[0m
[40.989s] [ 79%] [32mBuilding CXX object CMakeFiles/yolo_msgs__rosidl_typesupport_introspection_cpp.dir/rosidl_typesupport_introspection_cpp/yolo_msgs/msg/detail/detection__type_support.cpp.o[0m
[41.447s] [ 80%] [32mBuilding CXX object CMakeFiles/yolo_msgs__rosidl_typesupport_introspection_cpp.dir/rosidl_typesupport_introspection_cpp/yolo_msgs/srv/detail/set_classes__type_support.cpp.o[0m
[41.707s] [ 81%] [32mBuilding CXX object CMakeFiles/yolo_msgs__rosidl_typesupport_fastrtps_cpp.dir/rosidl_typesupport_fastrtps_cpp/yolo_msgs/msg/detail/dds_fastrtps/key_point3_d__type_support.cpp.o[0m
[42.074s] [ 82%] [32mBuilding CXX object CMakeFiles/yolo_msgs__rosidl_typesupport_fastrtps_cpp.dir/rosidl_typesupport_fastrtps_cpp/yolo_msgs/msg/detail/dds_fastrtps/key_point3_d_array__type_support.cpp.o[0m
[42.164s] [ 82%] [32mBuilding CXX object CMakeFiles/yolo_msgs__rosidl_typesupport_fastrtps_cpp.dir/rosidl_typesupport_fastrtps_cpp/yolo_msgs/msg/detail/dds_fastrtps/detection__type_support.cpp.o[0m
[42.466s] [ 83%] [32mBuilding CXX object CMakeFiles/yolo_msgs__rosidl_typesupport_fastrtps_cpp.dir/rosidl_typesupport_fastrtps_cpp/yolo_msgs/msg/detail/dds_fastrtps/detection_array__type_support.cpp.o[0m
[42.774s] [ 83%] [32mBuilding CXX object CMakeFiles/yolo_msgs__rosidl_typesupport_fastrtps_cpp.dir/rosidl_typesupport_fastrtps_cpp/yolo_msgs/srv/detail/dds_fastrtps/set_classes__type_support.cpp.o[0m
[43.127s] [ 84%] [32m[1mLinking CXX shared library libyolo_msgs__rosidl_typesupport_introspection_cpp.so[0m
[43.327s] [ 84%] Built target yolo_msgs__rosidl_typesupport_introspection_cpp
[44.343s] [ 85%] [32m[1mLinking CXX shared library libyolo_msgs__rosidl_typesupport_fastrtps_cpp.so[0m
[44.457s] [ 85%] Built target yolo_msgs__rosidl_typesupport_fastrtps_cpp
[44.482s] [ 85%] Built target yolo_msgs
[44.510s] [ 86%] [34m[1mGenerating Python code for ROS interfaces[0m
[47.048s] [ 86%] Built target yolo_msgs__py
[47.071s] [ 88%] [32mBuilding C object CMakeFiles/yolo_msgs__rosidl_generator_py.dir/rosidl_generator_py/yolo_msgs/msg/_pose2_d_s.c.o[0m
[47.072s] [ 88%] [32mBuilding C object CMakeFiles/yolo_msgs__rosidl_generator_py.dir/rosidl_generator_py/yolo_msgs/msg/_point2_d_s.c.o[0m
[47.072s] [ 88%] [32mBuilding C object CMakeFiles/yolo_msgs__rosidl_generator_py.dir/rosidl_generator_py/yolo_msgs/msg/_vector2_s.c.o[0m
[47.072s] [ 89%] [32mBuilding C object CMakeFiles/yolo_msgs__rosidl_generator_py.dir/rosidl_generator_py/yolo_msgs/msg/_bounding_box2_d_s.c.o[0m
[47.240s] [ 89%] [32mBuilding C object CMakeFiles/yolo_msgs__rosidl_generator_py.dir/rosidl_generator_py/yolo_msgs/msg/_mask_s.c.o[0m
[47.243s] [ 91%] [32mBuilding C object CMakeFiles/yolo_msgs__rosidl_generator_py.dir/rosidl_generator_py/yolo_msgs/msg/_key_point2_d_s.c.o[0m
[47.244s] [ 91%] [32mBuilding C object CMakeFiles/yolo_msgs__rosidl_generator_py.dir/rosidl_generator_py/yolo_msgs/msg/_key_point2_d_array_s.c.o[0m
[47.245s] [ 92%] [32mBuilding C object CMakeFiles/yolo_msgs__rosidl_generator_py.dir/rosidl_generator_py/yolo_msgs/msg/_bounding_box3_d_s.c.o[0m
[47.263s] [ 94%] [32mBuilding C object CMakeFiles/yolo_msgs__rosidl_generator_py.dir/rosidl_generator_py/yolo_msgs/msg/_key_point3_d_array_s.c.o[0m
[47.263s] [ 94%] [32mBuilding C object CMakeFiles/yolo_msgs__rosidl_generator_py.dir/rosidl_generator_py/yolo_msgs/msg/_detection_s.c.o[0m
[47.428s] [ 94%] [32mBuilding C object CMakeFiles/yolo_msgs__rosidl_generator_py.dir/rosidl_generator_py/yolo_msgs/msg/_detection_array_s.c.o[0m
[47.482s] [ 95%] [32mBuilding C object CMakeFiles/yolo_msgs__rosidl_generator_py.dir/rosidl_generator_py/yolo_msgs/srv/_set_classes_s.c.o[0m
[47.543s] [ 95%] [32mBuilding C object CMakeFiles/yolo_msgs__rosidl_generator_py.dir/rosidl_generator_py/yolo_msgs/msg/_key_point3_d_s.c.o[0m
[47.776s] [ 96%] [32m[1mLinking C shared library libyolo_msgs__rosidl_generator_py.so[0m
[47.859s] [ 96%] Built target yolo_msgs__rosidl_generator_py
[47.891s] [ 96%] [32mBuilding C object CMakeFiles/yolo_msgs_s__rosidl_typesupport_c.dir/rosidl_generator_py/yolo_msgs/_yolo_msgs_s.ep.rosidl_typesupport_c.c.o[0m
[47.892s] [ 98%] [32mBuilding C object CMakeFiles/yolo_msgs_s__rosidl_typesupport_fastrtps_c.dir/rosidl_generator_py/yolo_msgs/_yolo_msgs_s.ep.rosidl_typesupport_fastrtps_c.c.o[0m
[47.892s] [ 98%] [32mBuilding C object CMakeFiles/yolo_msgs_s__rosidl_typesupport_introspection_c.dir/rosidl_generator_py/yolo_msgs/_yolo_msgs_s.ep.rosidl_typesupport_introspection_c.c.o[0m
[48.144s] [ 99%] [32m[1mLinking C shared module rosidl_generator_py/yolo_msgs/yolo_msgs_s__rosidl_typesupport_c.so[0m
[48.145s] [100%] [32m[1mLinking C shared module rosidl_generator_py/yolo_msgs/yolo_msgs_s__rosidl_typesupport_introspection_c.so[0m
[48.156s] [100%] [32m[1mLinking C shared module rosidl_generator_py/yolo_msgs/yolo_msgs_s__rosidl_typesupport_fastrtps_c.so[0m
[48.196s] [100%] Built target yolo_msgs_s__rosidl_typesupport_c
[48.198s] [100%] Built target yolo_msgs_s__rosidl_typesupport_introspection_c
[48.211s] [100%] Built target yolo_msgs_s__rosidl_typesupport_fastrtps_c
[48.232s] Invoked command in '/home/andreas/dev_ws/msauber_stack/build/yolo_msgs' returned '0': CMAKE_PREFIX_PATH=${CMAKE_PREFIX_PATH}:/opt/ros/jazzy DEBUGINFOD_URLS=https://debuginfod.ubuntu.com PS1=(my_py_venv) %m%# VIRTUAL_ENV_PROMPT=(my_py_venv) /usr/bin/cmake --build /home/andreas/dev_ws/msauber_stack/build/yolo_msgs -- -j8 -l8
[48.248s] Invoking command in '/home/andreas/dev_ws/msauber_stack/build/yolo_msgs': CMAKE_PREFIX_PATH=${CMAKE_PREFIX_PATH}:/opt/ros/jazzy DEBUGINFOD_URLS=https://debuginfod.ubuntu.com PS1=(my_py_venv) %m%# VIRTUAL_ENV_PROMPT=(my_py_venv) /usr/bin/cmake --install /home/andreas/dev_ws/msauber_stack/build/yolo_msgs
[48.261s] -- Install configuration: ""
[48.263s] -- Execute custom install script
[48.263s] -- Symlinking: /home/andreas/dev_ws/msauber_stack/install/yolo_msgs/share/ament_index/resource_index/rosidl_interfaces/yolo_msgs
[48.278s] -- Symlinking: /home/andreas/dev_ws/msauber_stack/install/yolo_msgs/share/yolo_msgs/msg/Point2D.json
[48.291s] -- Symlinking: /home/andreas/dev_ws/msauber_stack/install/yolo_msgs/share/yolo_msgs/msg/Vector2.json
[48.304s] -- Symlinking: /home/andreas/dev_ws/msauber_stack/install/yolo_msgs/share/yolo_msgs/msg/Pose2D.json
[48.317s] -- Symlinking: /home/andreas/dev_ws/msauber_stack/install/yolo_msgs/share/yolo_msgs/msg/BoundingBox2D.json
[48.330s] -- Symlinking: /home/andreas/dev_ws/msauber_stack/install/yolo_msgs/share/yolo_msgs/msg/BoundingBox3D.json
[48.343s] -- Symlinking: /home/andreas/dev_ws/msauber_stack/install/yolo_msgs/share/yolo_msgs/msg/Mask.json
[48.356s] -- Symlinking: /home/andreas/dev_ws/msauber_stack/install/yolo_msgs/share/yolo_msgs/msg/KeyPoint2D.json
[48.369s] -- Symlinking: /home/andreas/dev_ws/msauber_stack/install/yolo_msgs/share/yolo_msgs/msg/KeyPoint2DArray.json
[48.382s] -- Symlinking: /home/andreas/dev_ws/msauber_stack/install/yolo_msgs/share/yolo_msgs/msg/KeyPoint3D.json
[48.394s] -- Symlinking: /home/andreas/dev_ws/msauber_stack/install/yolo_msgs/share/yolo_msgs/msg/KeyPoint3DArray.json
[48.406s] -- Symlinking: /home/andreas/dev_ws/msauber_stack/install/yolo_msgs/share/yolo_msgs/msg/Detection.json
[48.418s] -- Symlinking: /home/andreas/dev_ws/msauber_stack/install/yolo_msgs/share/yolo_msgs/msg/DetectionArray.json
[48.431s] -- Symlinking: /home/andreas/dev_ws/msauber_stack/install/yolo_msgs/share/yolo_msgs/srv/SetClasses.json
[48.445s] -- Symlinking: /home/andreas/dev_ws/msauber_stack/install/yolo_msgs/include/yolo_msgs/yolo_msgs/msg/bounding_box2_d.h
[48.458s] -- Symlinking: /home/andreas/dev_ws/msauber_stack/install/yolo_msgs/include/yolo_msgs/yolo_msgs/msg/bounding_box3_d.h
[48.470s] -- Symlinking: /home/andreas/dev_ws/msauber_stack/install/yolo_msgs/include/yolo_msgs/yolo_msgs/msg/detail/bounding_box2_d__functions.h
[48.482s] -- Symlinking: /home/andreas/dev_ws/msauber_stack/install/yolo_msgs/include/yolo_msgs/yolo_msgs/msg/detail/bounding_box2_d__struct.h
[48.494s] -- Symlinking: /home/andreas/dev_ws/msauber_stack/install/yolo_msgs/include/yolo_msgs/yolo_msgs/msg/detail/bounding_box2_d__type_support.h
[48.505s] -- Symlinking: /home/andreas/dev_ws/msauber_stack/install/yolo_msgs/include/yolo_msgs/yolo_msgs/msg/detail/bounding_box3_d__functions.h
[48.517s] -- Symlinking: /home/andreas/dev_ws/msauber_stack/install/yolo_msgs/include/yolo_msgs/yolo_msgs/msg/detail/bounding_box3_d__struct.h
[48.529s] -- Symlinking: /home/andreas/dev_ws/msauber_stack/install/yolo_msgs/include/yolo_msgs/yolo_msgs/msg/detail/bounding_box3_d__type_support.h
[48.541s] -- Symlinking: /home/andreas/dev_ws/msauber_stack/install/yolo_msgs/include/yolo_msgs/yolo_msgs/msg/detail/detection__functions.h
[48.552s] -- Symlinking: /home/andreas/dev_ws/msauber_stack/install/yolo_msgs/include/yolo_msgs/yolo_msgs/msg/detail/detection__struct.h
[48.564s] -- Symlinking: /home/andreas/dev_ws/msauber_stack/install/yolo_msgs/include/yolo_msgs/yolo_msgs/msg/detail/detection__type_support.h
[48.576s] -- Symlinking: /home/andreas/dev_ws/msauber_stack/install/yolo_msgs/include/yolo_msgs/yolo_msgs/msg/detail/detection_array__functions.h
[48.588s] -- Symlinking: /home/andreas/dev_ws/msauber_stack/install/yolo_msgs/include/yolo_msgs/yolo_msgs/msg/detail/detection_array__struct.h
[48.599s] -- Symlinking: /home/andreas/dev_ws/msauber_stack/install/yolo_msgs/include/yolo_msgs/yolo_msgs/msg/detail/detection_array__type_support.h
[48.610s] -- Symlinking: /home/andreas/dev_ws/msauber_stack/install/yolo_msgs/include/yolo_msgs/yolo_msgs/msg/detail/key_point2_d__functions.h
[48.622s] -- Symlinking: /home/andreas/dev_ws/msauber_stack/install/yolo_msgs/include/yolo_msgs/yolo_msgs/msg/detail/key_point2_d__struct.h
[48.633s] -- Symlinking: /home/andreas/dev_ws/msauber_stack/install/yolo_msgs/include/yolo_msgs/yolo_msgs/msg/detail/key_point2_d__type_support.h
[48.644s] -- Symlinking: /home/andreas/dev_ws/msauber_stack/install/yolo_msgs/include/yolo_msgs/yolo_msgs/msg/detail/key_point2_d_array__functions.h
[48.656s] -- Symlinking: /home/andreas/dev_ws/msauber_stack/install/yolo_msgs/include/yolo_msgs/yolo_msgs/msg/detail/key_point2_d_array__struct.h
[48.667s] -- Symlinking: /home/andreas/dev_ws/msauber_stack/install/yolo_msgs/include/yolo_msgs/yolo_msgs/msg/detail/key_point2_d_array__type_support.h
[48.678s] -- Symlinking: /home/andreas/dev_ws/msauber_stack/install/yolo_msgs/include/yolo_msgs/yolo_msgs/msg/detail/key_point3_d__functions.h
[48.689s] -- Symlinking: /home/andreas/dev_ws/msauber_stack/install/yolo_msgs/include/yolo_msgs/yolo_msgs/msg/detail/key_point3_d__struct.h
[48.700s] -- Symlinking: /home/andreas/dev_ws/msauber_stack/install/yolo_msgs/include/yolo_msgs/yolo_msgs/msg/detail/key_point3_d__type_support.h
[48.711s] -- Symlinking: /home/andreas/dev_ws/msauber_stack/install/yolo_msgs/include/yolo_msgs/yolo_msgs/msg/detail/key_point3_d_array__functions.h
[48.722s] -- Symlinking: /home/andreas/dev_ws/msauber_stack/install/yolo_msgs/include/yolo_msgs/yolo_msgs/msg/detail/key_point3_d_array__struct.h
[48.733s] -- Symlinking: /home/andreas/dev_ws/msauber_stack/install/yolo_msgs/include/yolo_msgs/yolo_msgs/msg/detail/key_point3_d_array__type_support.h
[48.744s] -- Symlinking: /home/andreas/dev_ws/msauber_stack/install/yolo_msgs/include/yolo_msgs/yolo_msgs/msg/detail/mask__functions.h
[48.755s] -- Symlinking: /home/andreas/dev_ws/msauber_stack/install/yolo_msgs/include/yolo_msgs/yolo_msgs/msg/detail/mask__struct.h
[48.766s] -- Symlinking: /home/andreas/dev_ws/msauber_stack/install/yolo_msgs/include/yolo_msgs/yolo_msgs/msg/detail/mask__type_support.h
[48.777s] -- Symlinking: /home/andreas/dev_ws/msauber_stack/install/yolo_msgs/include/yolo_msgs/yolo_msgs/msg/detail/point2_d__functions.h
[48.788s] -- Symlinking: /home/andreas/dev_ws/msauber_stack/install/yolo_msgs/include/yolo_msgs/yolo_msgs/msg/detail/point2_d__struct.h
[48.799s] -- Symlinking: /home/andreas/dev_ws/msauber_stack/install/yolo_msgs/include/yolo_msgs/yolo_msgs/msg/detail/point2_d__type_support.h
[48.809s] -- Symlinking: /home/andreas/dev_ws/msauber_stack/install/yolo_msgs/include/yolo_msgs/yolo_msgs/msg/detail/pose2_d__functions.h
[48.821s] -- Symlinking: /home/andreas/dev_ws/msauber_stack/install/yolo_msgs/include/yolo_msgs/yolo_msgs/msg/detail/pose2_d__struct.h
[48.831s] -- Symlinking: /home/andreas/dev_ws/msauber_stack/install/yolo_msgs/include/yolo_msgs/yolo_msgs/msg/detail/pose2_d__type_support.h
[48.842s] -- Symlinking: /home/andreas/dev_ws/msauber_stack/install/yolo_msgs/include/yolo_msgs/yolo_msgs/msg/detail/vector2__functions.h
[48.852s] -- Symlinking: /home/andreas/dev_ws/msauber_stack/install/yolo_msgs/include/yolo_msgs/yolo_msgs/msg/detail/vector2__struct.h
[48.863s] -- Symlinking: /home/andreas/dev_ws/msauber_stack/install/yolo_msgs/include/yolo_msgs/yolo_msgs/msg/detail/vector2__type_support.h
[48.874s] -- Symlinking: /home/andreas/dev_ws/msauber_stack/install/yolo_msgs/include/yolo_msgs/yolo_msgs/msg/detection.h
[48.884s] -- Symlinking: /home/andreas/dev_ws/msauber_stack/install/yolo_msgs/include/yolo_msgs/yolo_msgs/msg/detection_array.h
[48.893s] -- Symlinking: /home/andreas/dev_ws/msauber_stack/install/yolo_msgs/include/yolo_msgs/yolo_msgs/msg/key_point2_d.h
[48.904s] -- Symlinking: /home/andreas/dev_ws/msauber_stack/install/yolo_msgs/include/yolo_msgs/yolo_msgs/msg/key_point2_d_array.h
[48.914s] -- Symlinking: /home/andreas/dev_ws/msauber_stack/install/yolo_msgs/include/yolo_msgs/yolo_msgs/msg/key_point3_d.h
[48.925s] -- Symlinking: /home/andreas/dev_ws/msauber_stack/install/yolo_msgs/include/yolo_msgs/yolo_msgs/msg/key_point3_d_array.h
[48.935s] -- Symlinking: /home/andreas/dev_ws/msauber_stack/install/yolo_msgs/include/yolo_msgs/yolo_msgs/msg/mask.h
[48.945s] -- Symlinking: /home/andreas/dev_ws/msauber_stack/install/yolo_msgs/include/yolo_msgs/yolo_msgs/msg/point2_d.h
[48.956s] -- Symlinking: /home/andreas/dev_ws/msauber_stack/install/yolo_msgs/include/yolo_msgs/yolo_msgs/msg/pose2_d.h
[48.966s] -- Symlinking: /home/andreas/dev_ws/msauber_stack/install/yolo_msgs/include/yolo_msgs/yolo_msgs/msg/rosidl_generator_c__visibility_control.h
[48.977s] -- Symlinking: /home/andreas/dev_ws/msauber_stack/install/yolo_msgs/include/yolo_msgs/yolo_msgs/msg/vector2.h
[48.986s] -- Symlinking: /home/andreas/dev_ws/msauber_stack/install/yolo_msgs/include/yolo_msgs/yolo_msgs/srv/detail/set_classes__functions.h
[48.996s] -- Symlinking: /home/andreas/dev_ws/msauber_stack/install/yolo_msgs/include/yolo_msgs/yolo_msgs/srv/detail/set_classes__struct.h
[49.007s] -- Symlinking: /home/andreas/dev_ws/msauber_stack/install/yolo_msgs/include/yolo_msgs/yolo_msgs/srv/detail/set_classes__type_support.h
[49.017s] -- Symlinking: /home/andreas/dev_ws/msauber_stack/install/yolo_msgs/include/yolo_msgs/yolo_msgs/srv/set_classes.h
[49.027s] -- Symlinking: /home/andreas/dev_ws/msauber_stack/install/yolo_msgs/share/yolo_msgs/environment/library_path.sh
[49.038s] -- Symlinking: /home/andreas/dev_ws/msauber_stack/install/yolo_msgs/share/yolo_msgs/environment/library_path.dsv
[49.048s] -- Symlinking: /home/andreas/dev_ws/msauber_stack/install/yolo_msgs/include/yolo_msgs/yolo_msgs/msg/detail/bounding_box2_d__rosidl_typesupport_fastrtps_c.h
[49.059s] -- Symlinking: /home/andreas/dev_ws/msauber_stack/install/yolo_msgs/include/yolo_msgs/yolo_msgs/msg/detail/bounding_box3_d__rosidl_typesupport_fastrtps_c.h
[49.069s] -- Symlinking: /home/andreas/dev_ws/msauber_stack/install/yolo_msgs/include/yolo_msgs/yolo_msgs/msg/detail/detection__rosidl_typesupport_fastrtps_c.h
[49.078s] -- Symlinking: /home/andreas/dev_ws/msauber_stack/install/yolo_msgs/include/yolo_msgs/yolo_msgs/msg/detail/detection_array__rosidl_typesupport_fastrtps_c.h
[49.088s] -- Symlinking: /home/andreas/dev_ws/msauber_stack/install/yolo_msgs/include/yolo_msgs/yolo_msgs/msg/detail/key_point2_d__rosidl_typesupport_fastrtps_c.h
[49.098s] -- Symlinking: /home/andreas/dev_ws/msauber_stack/install/yolo_msgs/include/yolo_msgs/yolo_msgs/msg/detail/key_point2_d_array__rosidl_typesupport_fastrtps_c.h
[49.108s] -- Symlinking: /home/andreas/dev_ws/msauber_stack/install/yolo_msgs/include/yolo_msgs/yolo_msgs/msg/detail/key_point3_d__rosidl_typesupport_fastrtps_c.h
[49.118s] -- Symlinking: /home/andreas/dev_ws/msauber_stack/install/yolo_msgs/include/yolo_msgs/yolo_msgs/msg/detail/key_point3_d_array__rosidl_typesupport_fastrtps_c.h
[49.128s] -- Symlinking: /home/andreas/dev_ws/msauber_stack/install/yolo_msgs/include/yolo_msgs/yolo_msgs/msg/detail/mask__rosidl_typesupport_fastrtps_c.h
[49.138s] -- Symlinking: /home/andreas/dev_ws/msauber_stack/install/yolo_msgs/include/yolo_msgs/yolo_msgs/msg/detail/point2_d__rosidl_typesupport_fastrtps_c.h
[49.148s] -- Symlinking: /home/andreas/dev_ws/msauber_stack/install/yolo_msgs/include/yolo_msgs/yolo_msgs/msg/detail/pose2_d__rosidl_typesupport_fastrtps_c.h
[49.159s] -- Symlinking: /home/andreas/dev_ws/msauber_stack/install/yolo_msgs/include/yolo_msgs/yolo_msgs/msg/detail/vector2__rosidl_typesupport_fastrtps_c.h
[49.169s] -- Symlinking: /home/andreas/dev_ws/msauber_stack/install/yolo_msgs/include/yolo_msgs/yolo_msgs/msg/rosidl_typesupport_fastrtps_c__visibility_control.h
[49.178s] -- Symlinking: /home/andreas/dev_ws/msauber_stack/install/yolo_msgs/include/yolo_msgs/yolo_msgs/srv/detail/set_classes__rosidl_typesupport_fastrtps_c.h
[49.188s] -- Symlinking: /home/andreas/dev_ws/msauber_stack/install/yolo_msgs/include/yolo_msgs/yolo_msgs/msg/detail/bounding_box2_d__rosidl_typesupport_introspection_c.h
[49.198s] -- Symlinking: /home/andreas/dev_ws/msauber_stack/install/yolo_msgs/include/yolo_msgs/yolo_msgs/msg/detail/bounding_box3_d__rosidl_typesupport_introspection_c.h
[49.207s] -- Symlinking: /home/andreas/dev_ws/msauber_stack/install/yolo_msgs/include/yolo_msgs/yolo_msgs/msg/detail/detection__rosidl_typesupport_introspection_c.h
[49.217s] -- Symlinking: /home/andreas/dev_ws/msauber_stack/install/yolo_msgs/include/yolo_msgs/yolo_msgs/msg/detail/detection_array__rosidl_typesupport_introspection_c.h
[49.227s] -- Symlinking: /home/andreas/dev_ws/msauber_stack/install/yolo_msgs/include/yolo_msgs/yolo_msgs/msg/detail/key_point2_d__rosidl_typesupport_introspection_c.h
[49.237s] -- Symlinking: /home/andreas/dev_ws/msauber_stack/install/yolo_msgs/include/yolo_msgs/yolo_msgs/msg/detail/key_point2_d_array__rosidl_typesupport_introspection_c.h
[49.247s] -- Symlinking: /home/andreas/dev_ws/msauber_stack/install/yolo_msgs/include/yolo_msgs/yolo_msgs/msg/detail/key_point3_d__rosidl_typesupport_introspection_c.h
[49.258s] -- Symlinking: /home/andreas/dev_ws/msauber_stack/install/yolo_msgs/include/yolo_msgs/yolo_msgs/msg/detail/key_point3_d_array__rosidl_typesupport_introspection_c.h
[49.268s] -- Symlinking: /home/andreas/dev_ws/msauber_stack/install/yolo_msgs/include/yolo_msgs/yolo_msgs/msg/detail/mask__rosidl_typesupport_introspection_c.h
[49.277s] -- Symlinking: /home/andreas/dev_ws/msauber_stack/install/yolo_msgs/include/yolo_msgs/yolo_msgs/msg/detail/point2_d__rosidl_typesupport_introspection_c.h
[49.287s] -- Symlinking: /home/andreas/dev_ws/msauber_stack/install/yolo_msgs/include/yolo_msgs/yolo_msgs/msg/detail/pose2_d__rosidl_typesupport_introspection_c.h
[49.297s] -- Symlinking: /home/andreas/dev_ws/msauber_stack/install/yolo_msgs/include/yolo_msgs/yolo_msgs/msg/detail/vector2__rosidl_typesupport_introspection_c.h
[49.307s] -- Symlinking: /home/andreas/dev_ws/msauber_stack/install/yolo_msgs/include/yolo_msgs/yolo_msgs/msg/rosidl_typesupport_introspection_c__visibility_control.h
[49.320s] -- Symlinking: /home/andreas/dev_ws/msauber_stack/install/yolo_msgs/include/yolo_msgs/yolo_msgs/srv/detail/set_classes__rosidl_typesupport_introspection_c.h
[49.332s] -- Symlinking: /home/andreas/dev_ws/msauber_stack/install/yolo_msgs/include/yolo_msgs/yolo_msgs/msg/bounding_box2_d.hpp
[49.341s] -- Symlinking: /home/andreas/dev_ws/msauber_stack/install/yolo_msgs/include/yolo_msgs/yolo_msgs/msg/bounding_box3_d.hpp
[49.351s] -- Symlinking: /home/andreas/dev_ws/msauber_stack/install/yolo_msgs/include/yolo_msgs/yolo_msgs/msg/detail/bounding_box2_d__builder.hpp
[49.362s] -- Symlinking: /home/andreas/dev_ws/msauber_stack/install/yolo_msgs/include/yolo_msgs/yolo_msgs/msg/detail/bounding_box2_d__struct.hpp
[49.371s] -- Symlinking: /home/andreas/dev_ws/msauber_stack/install/yolo_msgs/include/yolo_msgs/yolo_msgs/msg/detail/bounding_box2_d__traits.hpp
[49.381s] -- Symlinking: /home/andreas/dev_ws/msauber_stack/install/yolo_msgs/include/yolo_msgs/yolo_msgs/msg/detail/bounding_box2_d__type_support.hpp
[49.391s] -- Symlinking: /home/andreas/dev_ws/msauber_stack/install/yolo_msgs/include/yolo_msgs/yolo_msgs/msg/detail/bounding_box3_d__builder.hpp
[49.400s] -- Symlinking: /home/andreas/dev_ws/msauber_stack/install/yolo_msgs/include/yolo_msgs/yolo_msgs/msg/detail/bounding_box3_d__struct.hpp
[49.409s] -- Symlinking: /home/andreas/dev_ws/msauber_stack/install/yolo_msgs/include/yolo_msgs/yolo_msgs/msg/detail/bounding_box3_d__traits.hpp
[49.419s] -- Symlinking: /home/andreas/dev_ws/msauber_stack/install/yolo_msgs/include/yolo_msgs/yolo_msgs/msg/detail/bounding_box3_d__type_support.hpp
[49.429s] -- Symlinking: /home/andreas/dev_ws/msauber_stack/install/yolo_msgs/include/yolo_msgs/yolo_msgs/msg/detail/detection__builder.hpp
[49.438s] -- Symlinking: /home/andreas/dev_ws/msauber_stack/install/yolo_msgs/include/yolo_msgs/yolo_msgs/msg/detail/detection__struct.hpp
[49.448s] -- Symlinking: /home/andreas/dev_ws/msauber_stack/install/yolo_msgs/include/yolo_msgs/yolo_msgs/msg/detail/detection__traits.hpp
[49.458s] -- Symlinking: /home/andreas/dev_ws/msauber_stack/install/yolo_msgs/include/yolo_msgs/yolo_msgs/msg/detail/detection__type_support.hpp
[49.467s] -- Symlinking: /home/andreas/dev_ws/msauber_stack/install/yolo_msgs/include/yolo_msgs/yolo_msgs/msg/detail/detection_array__builder.hpp
[49.476s] -- Symlinking: /home/andreas/dev_ws/msauber_stack/install/yolo_msgs/include/yolo_msgs/yolo_msgs/msg/detail/detection_array__struct.hpp
[49.486s] -- Symlinking: /home/andreas/dev_ws/msauber_stack/install/yolo_msgs/include/yolo_msgs/yolo_msgs/msg/detail/detection_array__traits.hpp
[49.496s] -- Symlinking: /home/andreas/dev_ws/msauber_stack/install/yolo_msgs/include/yolo_msgs/yolo_msgs/msg/detail/detection_array__type_support.hpp
[49.505s] -- Symlinking: /home/andreas/dev_ws/msauber_stack/install/yolo_msgs/include/yolo_msgs/yolo_msgs/msg/detail/key_point2_d__builder.hpp
[49.515s] -- Symlinking: /home/andreas/dev_ws/msauber_stack/install/yolo_msgs/include/yolo_msgs/yolo_msgs/msg/detail/key_point2_d__struct.hpp
[49.525s] -- Symlinking: /home/andreas/dev_ws/msauber_stack/install/yolo_msgs/include/yolo_msgs/yolo_msgs/msg/detail/key_point2_d__traits.hpp
[49.534s] -- Symlinking: /home/andreas/dev_ws/msauber_stack/install/yolo_msgs/include/yolo_msgs/yolo_msgs/msg/detail/key_point2_d__type_support.hpp
[49.544s] -- Symlinking: /home/andreas/dev_ws/msauber_stack/install/yolo_msgs/include/yolo_msgs/yolo_msgs/msg/detail/key_point2_d_array__builder.hpp
[49.554s] -- Symlinking: /home/andreas/dev_ws/msauber_stack/install/yolo_msgs/include/yolo_msgs/yolo_msgs/msg/detail/key_point2_d_array__struct.hpp
[49.563s] -- Symlinking: /home/andreas/dev_ws/msauber_stack/install/yolo_msgs/include/yolo_msgs/yolo_msgs/msg/detail/key_point2_d_array__traits.hpp
[49.573s] -- Symlinking: /home/andreas/dev_ws/msauber_stack/install/yolo_msgs/include/yolo_msgs/yolo_msgs/msg/detail/key_point2_d_array__type_support.hpp
[49.583s] -- Symlinking: /home/andreas/dev_ws/msauber_stack/install/yolo_msgs/include/yolo_msgs/yolo_msgs/msg/detail/key_point3_d__builder.hpp
[49.592s] -- Symlinking: /home/andreas/dev_ws/msauber_stack/install/yolo_msgs/include/yolo_msgs/yolo_msgs/msg/detail/key_point3_d__struct.hpp
[49.602s] -- Symlinking: /home/andreas/dev_ws/msauber_stack/install/yolo_msgs/include/yolo_msgs/yolo_msgs/msg/detail/key_point3_d__traits.hpp
[49.613s] -- Symlinking: /home/andreas/dev_ws/msauber_stack/install/yolo_msgs/include/yolo_msgs/yolo_msgs/msg/detail/key_point3_d__type_support.hpp
[49.623s] -- Symlinking: /home/andreas/dev_ws/msauber_stack/install/yolo_msgs/include/yolo_msgs/yolo_msgs/msg/detail/key_point3_d_array__builder.hpp
[49.632s] -- Symlinking: /home/andreas/dev_ws/msauber_stack/install/yolo_msgs/include/yolo_msgs/yolo_msgs/msg/detail/key_point3_d_array__struct.hpp
[49.642s] -- Symlinking: /home/andreas/dev_ws/msauber_stack/install/yolo_msgs/include/yolo_msgs/yolo_msgs/msg/detail/key_point3_d_array__traits.hpp
[49.652s] -- Symlinking: /home/andreas/dev_ws/msauber_stack/install/yolo_msgs/include/yolo_msgs/yolo_msgs/msg/detail/key_point3_d_array__type_support.hpp
[49.661s] -- Symlinking: /home/andreas/dev_ws/msauber_stack/install/yolo_msgs/include/yolo_msgs/yolo_msgs/msg/detail/mask__builder.hpp
[49.671s] -- Symlinking: /home/andreas/dev_ws/msauber_stack/install/yolo_msgs/include/yolo_msgs/yolo_msgs/msg/detail/mask__struct.hpp
[49.681s] -- Symlinking: /home/andreas/dev_ws/msauber_stack/install/yolo_msgs/include/yolo_msgs/yolo_msgs/msg/detail/mask__traits.hpp
[49.690s] -- Symlinking: /home/andreas/dev_ws/msauber_stack/install/yolo_msgs/include/yolo_msgs/yolo_msgs/msg/detail/mask__type_support.hpp
[49.699s] -- Symlinking: /home/andreas/dev_ws/msauber_stack/install/yolo_msgs/include/yolo_msgs/yolo_msgs/msg/detail/point2_d__builder.hpp
[49.708s] -- Symlinking: /home/andreas/dev_ws/msauber_stack/install/yolo_msgs/include/yolo_msgs/yolo_msgs/msg/detail/point2_d__struct.hpp
[49.717s] -- Symlinking: /home/andreas/dev_ws/msauber_stack/install/yolo_msgs/include/yolo_msgs/yolo_msgs/msg/detail/point2_d__traits.hpp
[49.727s] -- Symlinking: /home/andreas/dev_ws/msauber_stack/install/yolo_msgs/include/yolo_msgs/yolo_msgs/msg/detail/point2_d__type_support.hpp
[49.737s] -- Symlinking: /home/andreas/dev_ws/msauber_stack/install/yolo_msgs/include/yolo_msgs/yolo_msgs/msg/detail/pose2_d__builder.hpp
[49.747s] -- Symlinking: /home/andreas/dev_ws/msauber_stack/install/yolo_msgs/include/yolo_msgs/yolo_msgs/msg/detail/pose2_d__struct.hpp
[49.757s] -- Symlinking: /home/andreas/dev_ws/msauber_stack/install/yolo_msgs/include/yolo_msgs/yolo_msgs/msg/detail/pose2_d__traits.hpp
[49.766s] -- Symlinking: /home/andreas/dev_ws/msauber_stack/install/yolo_msgs/include/yolo_msgs/yolo_msgs/msg/detail/pose2_d__type_support.hpp
[49.776s] -- Symlinking: /home/andreas/dev_ws/msauber_stack/install/yolo_msgs/include/yolo_msgs/yolo_msgs/msg/detail/vector2__builder.hpp
[49.785s] -- Symlinking: /home/andreas/dev_ws/msauber_stack/install/yolo_msgs/include/yolo_msgs/yolo_msgs/msg/detail/vector2__struct.hpp
[49.794s] -- Symlinking: /home/andreas/dev_ws/msauber_stack/install/yolo_msgs/include/yolo_msgs/yolo_msgs/msg/detail/vector2__traits.hpp
[49.803s] -- Symlinking: /home/andreas/dev_ws/msauber_stack/install/yolo_msgs/include/yolo_msgs/yolo_msgs/msg/detail/vector2__type_support.hpp
[49.812s] -- Symlinking: /home/andreas/dev_ws/msauber_stack/install/yolo_msgs/include/yolo_msgs/yolo_msgs/msg/detection.hpp
[49.821s] -- Symlinking: /home/andreas/dev_ws/msauber_stack/install/yolo_msgs/include/yolo_msgs/yolo_msgs/msg/detection_array.hpp
[49.831s] -- Symlinking: /home/andreas/dev_ws/msauber_stack/install/yolo_msgs/include/yolo_msgs/yolo_msgs/msg/key_point2_d.hpp
[49.841s] -- Symlinking: /home/andreas/dev_ws/msauber_stack/install/yolo_msgs/include/yolo_msgs/yolo_msgs/msg/key_point2_d_array.hpp
[49.850s] -- Symlinking: /home/andreas/dev_ws/msauber_stack/install/yolo_msgs/include/yolo_msgs/yolo_msgs/msg/key_point3_d.hpp
[49.860s] -- Symlinking: /home/andreas/dev_ws/msauber_stack/install/yolo_msgs/include/yolo_msgs/yolo_msgs/msg/key_point3_d_array.hpp
[49.870s] -- Symlinking: /home/andreas/dev_ws/msauber_stack/install/yolo_msgs/include/yolo_msgs/yolo_msgs/msg/mask.hpp
[49.878s] -- Symlinking: /home/andreas/dev_ws/msauber_stack/install/yolo_msgs/include/yolo_msgs/yolo_msgs/msg/point2_d.hpp
[49.887s] -- Symlinking: /home/andreas/dev_ws/msauber_stack/install/yolo_msgs/include/yolo_msgs/yolo_msgs/msg/pose2_d.hpp
[49.897s] -- Symlinking: /home/andreas/dev_ws/msauber_stack/install/yolo_msgs/include/yolo_msgs/yolo_msgs/msg/rosidl_generator_cpp__visibility_control.hpp
[49.906s] -- Symlinking: /home/andreas/dev_ws/msauber_stack/install/yolo_msgs/include/yolo_msgs/yolo_msgs/msg/vector2.hpp
[49.915s] -- Symlinking: /home/andreas/dev_ws/msauber_stack/install/yolo_msgs/include/yolo_msgs/yolo_msgs/srv/detail/set_classes__builder.hpp
[49.924s] -- Symlinking: /home/andreas/dev_ws/msauber_stack/install/yolo_msgs/include/yolo_msgs/yolo_msgs/srv/detail/set_classes__struct.hpp
[49.934s] -- Symlinking: /home/andreas/dev_ws/msauber_stack/install/yolo_msgs/include/yolo_msgs/yolo_msgs/srv/detail/set_classes__traits.hpp
[49.943s] -- Symlinking: /home/andreas/dev_ws/msauber_stack/install/yolo_msgs/include/yolo_msgs/yolo_msgs/srv/detail/set_classes__type_support.hpp
[49.952s] -- Symlinking: /home/andreas/dev_ws/msauber_stack/install/yolo_msgs/include/yolo_msgs/yolo_msgs/srv/set_classes.hpp
[49.963s] -- Symlinking: /home/andreas/dev_ws/msauber_stack/install/yolo_msgs/include/yolo_msgs/yolo_msgs/msg/detail/bounding_box2_d__rosidl_typesupport_fastrtps_cpp.hpp
[49.972s] -- Symlinking: /home/andreas/dev_ws/msauber_stack/install/yolo_msgs/include/yolo_msgs/yolo_msgs/msg/detail/bounding_box3_d__rosidl_typesupport_fastrtps_cpp.hpp
[49.981s] -- Symlinking: /home/andreas/dev_ws/msauber_stack/install/yolo_msgs/include/yolo_msgs/yolo_msgs/msg/detail/detection__rosidl_typesupport_fastrtps_cpp.hpp
[49.991s] -- Symlinking: /home/andreas/dev_ws/msauber_stack/install/yolo_msgs/include/yolo_msgs/yolo_msgs/msg/detail/detection_array__rosidl_typesupport_fastrtps_cpp.hpp
[50.000s] -- Symlinking: /home/andreas/dev_ws/msauber_stack/install/yolo_msgs/include/yolo_msgs/yolo_msgs/msg/detail/key_point2_d__rosidl_typesupport_fastrtps_cpp.hpp
[50.009s] -- Symlinking: /home/andreas/dev_ws/msauber_stack/install/yolo_msgs/include/yolo_msgs/yolo_msgs/msg/detail/key_point2_d_array__rosidl_typesupport_fastrtps_cpp.hpp
[50.017s] -- Symlinking: /home/andreas/dev_ws/msauber_stack/install/yolo_msgs/include/yolo_msgs/yolo_msgs/msg/detail/key_point3_d__rosidl_typesupport_fastrtps_cpp.hpp
[50.028s] -- Symlinking: /home/andreas/dev_ws/msauber_stack/install/yolo_msgs/include/yolo_msgs/yolo_msgs/msg/detail/key_point3_d_array__rosidl_typesupport_fastrtps_cpp.hpp
[50.037s] -- Symlinking: /home/andreas/dev_ws/msauber_stack/install/yolo_msgs/include/yolo_msgs/yolo_msgs/msg/detail/mask__rosidl_typesupport_fastrtps_cpp.hpp
[50.046s] -- Symlinking: /home/andreas/dev_ws/msauber_stack/install/yolo_msgs/include/yolo_msgs/yolo_msgs/msg/detail/point2_d__rosidl_typesupport_fastrtps_cpp.hpp
[50.056s] -- Symlinking: /home/andreas/dev_ws/msauber_stack/install/yolo_msgs/include/yolo_msgs/yolo_msgs/msg/detail/pose2_d__rosidl_typesupport_fastrtps_cpp.hpp
[50.066s] -- Symlinking: /home/andreas/dev_ws/msauber_stack/install/yolo_msgs/include/yolo_msgs/yolo_msgs/msg/detail/vector2__rosidl_typesupport_fastrtps_cpp.hpp
[50.075s] -- Symlinking: /home/andreas/dev_ws/msauber_stack/install/yolo_msgs/include/yolo_msgs/yolo_msgs/msg/rosidl_typesupport_fastrtps_cpp__visibility_control.h
[50.084s] -- Symlinking: /home/andreas/dev_ws/msauber_stack/install/yolo_msgs/include/yolo_msgs/yolo_msgs/srv/detail/set_classes__rosidl_typesupport_fastrtps_cpp.hpp
[50.093s] -- Symlinking: /home/andreas/dev_ws/msauber_stack/install/yolo_msgs/include/yolo_msgs/yolo_msgs/msg/detail/bounding_box2_d__rosidl_typesupport_introspection_cpp.hpp
[50.102s] -- Symlinking: /home/andreas/dev_ws/msauber_stack/install/yolo_msgs/include/yolo_msgs/yolo_msgs/msg/detail/bounding_box3_d__rosidl_typesupport_introspection_cpp.hpp
[50.111s] -- Symlinking: /home/andreas/dev_ws/msauber_stack/install/yolo_msgs/include/yolo_msgs/yolo_msgs/msg/detail/detection__rosidl_typesupport_introspection_cpp.hpp
[50.122s] -- Symlinking: /home/andreas/dev_ws/msauber_stack/install/yolo_msgs/include/yolo_msgs/yolo_msgs/msg/detail/detection_array__rosidl_typesupport_introspection_cpp.hpp
[50.131s] -- Symlinking: /home/andreas/dev_ws/msauber_stack/install/yolo_msgs/include/yolo_msgs/yolo_msgs/msg/detail/key_point2_d__rosidl_typesupport_introspection_cpp.hpp
[50.140s] -- Symlinking: /home/andreas/dev_ws/msauber_stack/install/yolo_msgs/include/yolo_msgs/yolo_msgs/msg/detail/key_point2_d_array__rosidl_typesupport_introspection_cpp.hpp
[50.150s] -- Symlinking: /home/andreas/dev_ws/msauber_stack/install/yolo_msgs/include/yolo_msgs/yolo_msgs/msg/detail/key_point3_d__rosidl_typesupport_introspection_cpp.hpp
[50.160s] -- Symlinking: /home/andreas/dev_ws/msauber_stack/install/yolo_msgs/include/yolo_msgs/yolo_msgs/msg/detail/key_point3_d_array__rosidl_typesupport_introspection_cpp.hpp
[50.169s] -- Symlinking: /home/andreas/dev_ws/msauber_stack/install/yolo_msgs/include/yolo_msgs/yolo_msgs/msg/detail/mask__rosidl_typesupport_introspection_cpp.hpp
[50.178s] -- Symlinking: /home/andreas/dev_ws/msauber_stack/install/yolo_msgs/include/yolo_msgs/yolo_msgs/msg/detail/point2_d__rosidl_typesupport_introspection_cpp.hpp
[50.188s] -- Symlinking: /home/andreas/dev_ws/msauber_stack/install/yolo_msgs/include/yolo_msgs/yolo_msgs/msg/detail/pose2_d__rosidl_typesupport_introspection_cpp.hpp
[50.197s] -- Symlinking: /home/andreas/dev_ws/msauber_stack/install/yolo_msgs/include/yolo_msgs/yolo_msgs/msg/detail/vector2__rosidl_typesupport_introspection_cpp.hpp
[50.206s] -- Symlinking: /home/andreas/dev_ws/msauber_stack/install/yolo_msgs/include/yolo_msgs/yolo_msgs/srv/detail/set_classes__rosidl_typesupport_introspection_cpp.hpp
[50.216s] -- Symlinking: /home/andreas/dev_ws/msauber_stack/install/yolo_msgs/share/yolo_msgs/environment/pythonpath.sh
[50.225s] -- Symlinking: /home/andreas/dev_ws/msauber_stack/install/yolo_msgs/share/yolo_msgs/environment/pythonpath.dsv
[50.234s] -- Symlinking: /home/andreas/dev_ws/msauber_stack/install/yolo_msgs/lib/python3.12/site-packages/yolo_msgs-4.5.1-py3.12.egg-info/PKG-INFO
[50.244s] -- Symlinking: /home/andreas/dev_ws/msauber_stack/install/yolo_msgs/lib/python3.12/site-packages/yolo_msgs-4.5.1-py3.12.egg-info/SOURCES.txt
[50.254s] -- Symlinking: /home/andreas/dev_ws/msauber_stack/install/yolo_msgs/lib/python3.12/site-packages/yolo_msgs-4.5.1-py3.12.egg-info/dependency_links.txt
[50.263s] -- Symlinking: /home/andreas/dev_ws/msauber_stack/install/yolo_msgs/lib/python3.12/site-packages/yolo_msgs-4.5.1-py3.12.egg-info/top_level.txt
[50.272s] -- Symlinking: /home/andreas/dev_ws/msauber_stack/install/yolo_msgs/lib/python3.12/site-packages/yolo_msgs/__init__.py
[50.281s] -- Symlinking: /home/andreas/dev_ws/msauber_stack/install/yolo_msgs/lib/python3.12/site-packages/yolo_msgs/_yolo_msgs_s.ep.rosidl_typesupport_c.c
[50.290s] -- Symlinking: /home/andreas/dev_ws/msauber_stack/install/yolo_msgs/lib/python3.12/site-packages/yolo_msgs/_yolo_msgs_s.ep.rosidl_typesupport_fastrtps_c.c
[50.299s] -- Symlinking: /home/andreas/dev_ws/msauber_stack/install/yolo_msgs/lib/python3.12/site-packages/yolo_msgs/_yolo_msgs_s.ep.rosidl_typesupport_introspection_c.c
[50.308s] -- Symlinking: /home/andreas/dev_ws/msauber_stack/install/yolo_msgs/lib/python3.12/site-packages/yolo_msgs/msg/__init__.py
[50.318s] -- Symlinking: /home/andreas/dev_ws/msauber_stack/install/yolo_msgs/lib/python3.12/site-packages/yolo_msgs/msg/_bounding_box2_d.py
[50.327s] -- Symlinking: /home/andreas/dev_ws/msauber_stack/install/yolo_msgs/lib/python3.12/site-packages/yolo_msgs/msg/_bounding_box2_d_s.c
[50.336s] -- Symlinking: /home/andreas/dev_ws/msauber_stack/install/yolo_msgs/lib/python3.12/site-packages/yolo_msgs/msg/_bounding_box3_d.py
[50.345s] -- Symlinking: /home/andreas/dev_ws/msauber_stack/install/yolo_msgs/lib/python3.12/site-packages/yolo_msgs/msg/_bounding_box3_d_s.c
[50.354s] -- Symlinking: /home/andreas/dev_ws/msauber_stack/install/yolo_msgs/lib/python3.12/site-packages/yolo_msgs/msg/_detection.py
[50.363s] -- Symlinking: /home/andreas/dev_ws/msauber_stack/install/yolo_msgs/lib/python3.12/site-packages/yolo_msgs/msg/_detection_array.py
[50.372s] -- Symlinking: /home/andreas/dev_ws/msauber_stack/install/yolo_msgs/lib/python3.12/site-packages/yolo_msgs/msg/_detection_array_s.c
[50.381s] -- Symlinking: /home/andreas/dev_ws/msauber_stack/install/yolo_msgs/lib/python3.12/site-packages/yolo_msgs/msg/_detection_s.c
[50.390s] -- Symlinking: /home/andreas/dev_ws/msauber_stack/install/yolo_msgs/lib/python3.12/site-packages/yolo_msgs/msg/_key_point2_d.py
[50.398s] -- Symlinking: /home/andreas/dev_ws/msauber_stack/install/yolo_msgs/lib/python3.12/site-packages/yolo_msgs/msg/_key_point2_d_array.py
[50.407s] -- Symlinking: /home/andreas/dev_ws/msauber_stack/install/yolo_msgs/lib/python3.12/site-packages/yolo_msgs/msg/_key_point2_d_array_s.c
[50.416s] -- Symlinking: /home/andreas/dev_ws/msauber_stack/install/yolo_msgs/lib/python3.12/site-packages/yolo_msgs/msg/_key_point2_d_s.c
[50.426s] -- Symlinking: /home/andreas/dev_ws/msauber_stack/install/yolo_msgs/lib/python3.12/site-packages/yolo_msgs/msg/_key_point3_d.py
[50.434s] -- Symlinking: /home/andreas/dev_ws/msauber_stack/install/yolo_msgs/lib/python3.12/site-packages/yolo_msgs/msg/_key_point3_d_array.py
[50.444s] -- Symlinking: /home/andreas/dev_ws/msauber_stack/install/yolo_msgs/lib/python3.12/site-packages/yolo_msgs/msg/_key_point3_d_array_s.c
[50.453s] -- Symlinking: /home/andreas/dev_ws/msauber_stack/install/yolo_msgs/lib/python3.12/site-packages/yolo_msgs/msg/_key_point3_d_s.c
[50.462s] -- Symlinking: /home/andreas/dev_ws/msauber_stack/install/yolo_msgs/lib/python3.12/site-packages/yolo_msgs/msg/_mask.py
[50.471s] -- Symlinking: /home/andreas/dev_ws/msauber_stack/install/yolo_msgs/lib/python3.12/site-packages/yolo_msgs/msg/_mask_s.c
[50.480s] -- Symlinking: /home/andreas/dev_ws/msauber_stack/install/yolo_msgs/lib/python3.12/site-packages/yolo_msgs/msg/_point2_d.py
[50.489s] -- Symlinking: /home/andreas/dev_ws/msauber_stack/install/yolo_msgs/lib/python3.12/site-packages/yolo_msgs/msg/_point2_d_s.c
[50.497s] -- Symlinking: /home/andreas/dev_ws/msauber_stack/install/yolo_msgs/lib/python3.12/site-packages/yolo_msgs/msg/_pose2_d.py
[50.506s] -- Symlinking: /home/andreas/dev_ws/msauber_stack/install/yolo_msgs/lib/python3.12/site-packages/yolo_msgs/msg/_pose2_d_s.c
[50.515s] -- Symlinking: /home/andreas/dev_ws/msauber_stack/install/yolo_msgs/lib/python3.12/site-packages/yolo_msgs/msg/_vector2.py
[50.524s] -- Symlinking: /home/andreas/dev_ws/msauber_stack/install/yolo_msgs/lib/python3.12/site-packages/yolo_msgs/msg/_vector2_s.c
[50.533s] -- Symlinking: /home/andreas/dev_ws/msauber_stack/install/yolo_msgs/lib/python3.12/site-packages/yolo_msgs/srv/__init__.py
[50.542s] -- Symlinking: /home/andreas/dev_ws/msauber_stack/install/yolo_msgs/lib/python3.12/site-packages/yolo_msgs/srv/_set_classes.py
[50.551s] -- Symlinking: /home/andreas/dev_ws/msauber_stack/install/yolo_msgs/lib/python3.12/site-packages/yolo_msgs/srv/_set_classes_s.c
[50.561s] -- Symlinking: /home/andreas/dev_ws/msauber_stack/install/yolo_msgs/lib/python3.12/site-packages/yolo_msgs/yolo_msgs_s__rosidl_typesupport_c.so
[50.570s] -- Symlinking: /home/andreas/dev_ws/msauber_stack/install/yolo_msgs/lib/python3.12/site-packages/yolo_msgs/yolo_msgs_s__rosidl_typesupport_fastrtps_c.so
[50.579s] -- Symlinking: /home/andreas/dev_ws/msauber_stack/install/yolo_msgs/lib/python3.12/site-packages/yolo_msgs/yolo_msgs_s__rosidl_typesupport_introspection_c.so
[50.588s] -- Up-to-date symlink: /home/andreas/dev_ws/msauber_stack/install/yolo_msgs/lib/python3.12/site-packages/yolo_msgs/yolo_msgs_s__rosidl_typesupport_fastrtps_c.so
[50.588s] -- Up-to-date symlink: /home/andreas/dev_ws/msauber_stack/install/yolo_msgs/lib/python3.12/site-packages/yolo_msgs/yolo_msgs_s__rosidl_typesupport_introspection_c.so
[50.588s] -- Up-to-date symlink: /home/andreas/dev_ws/msauber_stack/install/yolo_msgs/lib/python3.12/site-packages/yolo_msgs/yolo_msgs_s__rosidl_typesupport_c.so
[50.588s] -- Symlinking: /home/andreas/dev_ws/msauber_stack/install/yolo_msgs/share/yolo_msgs/msg/Point2D.idl
[50.598s] -- Symlinking: /home/andreas/dev_ws/msauber_stack/install/yolo_msgs/share/yolo_msgs/msg/Vector2.idl
[50.607s] -- Symlinking: /home/andreas/dev_ws/msauber_stack/install/yolo_msgs/share/yolo_msgs/msg/Pose2D.idl
[50.616s] -- Symlinking: /home/andreas/dev_ws/msauber_stack/install/yolo_msgs/share/yolo_msgs/msg/BoundingBox2D.idl
[50.626s] -- Symlinking: /home/andreas/dev_ws/msauber_stack/install/yolo_msgs/share/yolo_msgs/msg/BoundingBox3D.idl
[50.635s] -- Symlinking: /home/andreas/dev_ws/msauber_stack/install/yolo_msgs/share/yolo_msgs/msg/Mask.idl
[50.644s] -- Symlinking: /home/andreas/dev_ws/msauber_stack/install/yolo_msgs/share/yolo_msgs/msg/KeyPoint2D.idl
[50.654s] -- Symlinking: /home/andreas/dev_ws/msauber_stack/install/yolo_msgs/share/yolo_msgs/msg/KeyPoint2DArray.idl
[50.664s] -- Symlinking: /home/andreas/dev_ws/msauber_stack/install/yolo_msgs/share/yolo_msgs/msg/KeyPoint3D.idl
[50.673s] -- Symlinking: /home/andreas/dev_ws/msauber_stack/install/yolo_msgs/share/yolo_msgs/msg/KeyPoint3DArray.idl
[50.682s] -- Symlinking: /home/andreas/dev_ws/msauber_stack/install/yolo_msgs/share/yolo_msgs/msg/Detection.idl
[50.690s] -- Symlinking: /home/andreas/dev_ws/msauber_stack/install/yolo_msgs/share/yolo_msgs/msg/DetectionArray.idl
[50.700s] -- Symlinking: /home/andreas/dev_ws/msauber_stack/install/yolo_msgs/share/yolo_msgs/srv/SetClasses.idl
[50.709s] -- Symlinking: /home/andreas/dev_ws/msauber_stack/install/yolo_msgs/share/yolo_msgs/msg/Point2D.msg
[50.717s] -- Symlinking: /home/andreas/dev_ws/msauber_stack/install/yolo_msgs/share/yolo_msgs/msg/Vector2.msg
[50.727s] -- Symlinking: /home/andreas/dev_ws/msauber_stack/install/yolo_msgs/share/yolo_msgs/msg/Pose2D.msg
[50.737s] -- Symlinking: /home/andreas/dev_ws/msauber_stack/install/yolo_msgs/share/yolo_msgs/msg/BoundingBox2D.msg
[50.747s] -- Symlinking: /home/andreas/dev_ws/msauber_stack/install/yolo_msgs/share/yolo_msgs/msg/BoundingBox3D.msg
[50.756s] -- Symlinking: /home/andreas/dev_ws/msauber_stack/install/yolo_msgs/share/yolo_msgs/msg/Mask.msg
[50.765s] -- Symlinking: /home/andreas/dev_ws/msauber_stack/install/yolo_msgs/share/yolo_msgs/msg/KeyPoint2D.msg
[50.774s] -- Symlinking: /home/andreas/dev_ws/msauber_stack/install/yolo_msgs/share/yolo_msgs/msg/KeyPoint2DArray.msg
[50.782s] -- Symlinking: /home/andreas/dev_ws/msauber_stack/install/yolo_msgs/share/yolo_msgs/msg/KeyPoint3D.msg
[50.791s] -- Symlinking: /home/andreas/dev_ws/msauber_stack/install/yolo_msgs/share/yolo_msgs/msg/KeyPoint3DArray.msg
[50.801s] -- Symlinking: /home/andreas/dev_ws/msauber_stack/install/yolo_msgs/share/yolo_msgs/msg/Detection.msg
[50.809s] -- Symlinking: /home/andreas/dev_ws/msauber_stack/install/yolo_msgs/share/yolo_msgs/msg/DetectionArray.msg
[50.819s] -- Symlinking: /home/andreas/dev_ws/msauber_stack/install/yolo_msgs/share/yolo_msgs/srv/SetClasses.srv
[50.829s] -- Symlinking: /home/andreas/dev_ws/msauber_stack/install/yolo_msgs/share/ament_index/resource_index/package_run_dependencies/yolo_msgs
[50.837s] -- Symlinking: /home/andreas/dev_ws/msauber_stack/install/yolo_msgs/share/ament_index/resource_index/parent_prefix_path/yolo_msgs
[50.846s] -- Symlinking: /home/andreas/dev_ws/msauber_stack/install/yolo_msgs/share/yolo_msgs/environment/ament_prefix_path.sh
[50.856s] -- Symlinking: /home/andreas/dev_ws/msauber_stack/install/yolo_msgs/share/yolo_msgs/environment/ament_prefix_path.dsv
[50.865s] -- Symlinking: /home/andreas/dev_ws/msauber_stack/install/yolo_msgs/share/yolo_msgs/environment/path.sh
[50.874s] -- Symlinking: /home/andreas/dev_ws/msauber_stack/install/yolo_msgs/share/yolo_msgs/environment/path.dsv
[50.882s] -- Symlinking: /home/andreas/dev_ws/msauber_stack/install/yolo_msgs/share/yolo_msgs/local_setup.bash
[50.891s] -- Symlinking: /home/andreas/dev_ws/msauber_stack/install/yolo_msgs/share/yolo_msgs/local_setup.sh
[50.900s] -- Symlinking: /home/andreas/dev_ws/msauber_stack/install/yolo_msgs/share/yolo_msgs/local_setup.zsh
[50.909s] -- Symlinking: /home/andreas/dev_ws/msauber_stack/install/yolo_msgs/share/yolo_msgs/local_setup.dsv
[50.918s] -- Symlinking: /home/andreas/dev_ws/msauber_stack/install/yolo_msgs/share/yolo_msgs/package.dsv
[50.928s] -- Symlinking: /home/andreas/dev_ws/msauber_stack/install/yolo_msgs/share/ament_index/resource_index/packages/yolo_msgs
[50.937s] -- Symlinking: /home/andreas/dev_ws/msauber_stack/install/yolo_msgs/share/yolo_msgs/cmake/rosidl_cmake-extras.cmake
[50.945s] -- Symlinking: /home/andreas/dev_ws/msauber_stack/install/yolo_msgs/share/yolo_msgs/cmake/ament_cmake_export_dependencies-extras.cmake
[50.956s] -- Symlinking: /home/andreas/dev_ws/msauber_stack/install/yolo_msgs/share/yolo_msgs/cmake/ament_cmake_export_include_directories-extras.cmake
[50.964s] -- Symlinking: /home/andreas/dev_ws/msauber_stack/install/yolo_msgs/share/yolo_msgs/cmake/ament_cmake_export_libraries-extras.cmake
[50.973s] -- Symlinking: /home/andreas/dev_ws/msauber_stack/install/yolo_msgs/share/yolo_msgs/cmake/ament_cmake_export_targets-extras.cmake
[50.982s] -- Symlinking: /home/andreas/dev_ws/msauber_stack/install/yolo_msgs/share/yolo_msgs/cmake/rosidl_cmake_export_typesupport_targets-extras.cmake
[50.991s] -- Symlinking: /home/andreas/dev_ws/msauber_stack/install/yolo_msgs/share/yolo_msgs/cmake/rosidl_cmake_export_typesupport_libraries-extras.cmake
[51.000s] -- Symlinking: /home/andreas/dev_ws/msauber_stack/install/yolo_msgs/share/yolo_msgs/cmake/yolo_msgsConfig.cmake
[51.008s] -- Symlinking: /home/andreas/dev_ws/msauber_stack/install/yolo_msgs/share/yolo_msgs/cmake/yolo_msgsConfig-version.cmake
[51.018s] -- Symlinking: /home/andreas/dev_ws/msauber_stack/install/yolo_msgs/share/yolo_msgs/package.xml
[51.027s] -- Installing: /home/andreas/dev_ws/msauber_stack/install/yolo_msgs/lib/libyolo_msgs__rosidl_generator_c.so
[51.028s] -- Set non-toolchain portion of runtime path of "/home/andreas/dev_ws/msauber_stack/install/yolo_msgs/lib/libyolo_msgs__rosidl_generator_c.so" to ""
[51.028s] -- Installing: /home/andreas/dev_ws/msauber_stack/install/yolo_msgs/lib/libyolo_msgs__rosidl_typesupport_fastrtps_c.so
[51.028s] -- Set non-toolchain portion of runtime path of "/home/andreas/dev_ws/msauber_stack/install/yolo_msgs/lib/libyolo_msgs__rosidl_typesupport_fastrtps_c.so" to ""
[51.029s] -- Installing: /home/andreas/dev_ws/msauber_stack/install/yolo_msgs/lib/libyolo_msgs__rosidl_typesupport_introspection_c.so
[51.029s] -- Set non-toolchain portion of runtime path of "/home/andreas/dev_ws/msauber_stack/install/yolo_msgs/lib/libyolo_msgs__rosidl_typesupport_introspection_c.so" to ""
[51.029s] -- Installing: /home/andreas/dev_ws/msauber_stack/install/yolo_msgs/lib/libyolo_msgs__rosidl_typesupport_c.so
[51.029s] -- Set non-toolchain portion of runtime path of "/home/andreas/dev_ws/msauber_stack/install/yolo_msgs/lib/libyolo_msgs__rosidl_typesupport_c.so" to ""
[51.029s] -- Installing: /home/andreas/dev_ws/msauber_stack/install/yolo_msgs/lib/libyolo_msgs__rosidl_typesupport_fastrtps_cpp.so
[51.030s] -- Set non-toolchain portion of runtime path of "/home/andreas/dev_ws/msauber_stack/install/yolo_msgs/lib/libyolo_msgs__rosidl_typesupport_fastrtps_cpp.so" to ""
[51.030s] -- Installing: /home/andreas/dev_ws/msauber_stack/install/yolo_msgs/lib/libyolo_msgs__rosidl_typesupport_introspection_cpp.so
[51.031s] -- Set non-toolchain portion of runtime path of "/home/andreas/dev_ws/msauber_stack/install/yolo_msgs/lib/libyolo_msgs__rosidl_typesupport_introspection_cpp.so" to ""
[51.031s] -- Installing: /home/andreas/dev_ws/msauber_stack/install/yolo_msgs/lib/libyolo_msgs__rosidl_typesupport_cpp.so
[51.031s] -- Set non-toolchain portion of runtime path of "/home/andreas/dev_ws/msauber_stack/install/yolo_msgs/lib/libyolo_msgs__rosidl_typesupport_cpp.so" to ""
[51.101s] Listing '/home/andreas/dev_ws/msauber_stack/install/yolo_msgs/lib/python3.12/site-packages/yolo_msgs'...
[51.101s] Compiling '/home/andreas/dev_ws/msauber_stack/install/yolo_msgs/lib/python3.12/site-packages/yolo_msgs/__init__.py'...
[51.101s] Listing '/home/andreas/dev_ws/msauber_stack/install/yolo_msgs/lib/python3.12/site-packages/yolo_msgs/msg'...
[51.101s] Compiling '/home/andreas/dev_ws/msauber_stack/install/yolo_msgs/lib/python3.12/site-packages/yolo_msgs/msg/__init__.py'...
[51.101s] Compiling '/home/andreas/dev_ws/msauber_stack/install/yolo_msgs/lib/python3.12/site-packages/yolo_msgs/msg/_bounding_box2_d.py'...
[51.101s] Compiling '/home/andreas/dev_ws/msauber_stack/install/yolo_msgs/lib/python3.12/site-packages/yolo_msgs/msg/_bounding_box3_d.py'...
[51.101s] Compiling '/home/andreas/dev_ws/msauber_stack/install/yolo_msgs/lib/python3.12/site-packages/yolo_msgs/msg/_detection.py'...
[51.101s] Compiling '/home/andreas/dev_ws/msauber_stack/install/yolo_msgs/lib/python3.12/site-packages/yolo_msgs/msg/_detection_array.py'...
[51.101s] Compiling '/home/andreas/dev_ws/msauber_stack/install/yolo_msgs/lib/python3.12/site-packages/yolo_msgs/msg/_key_point2_d.py'...
[51.102s] Compiling '/home/andreas/dev_ws/msauber_stack/install/yolo_msgs/lib/python3.12/site-packages/yolo_msgs/msg/_key_point2_d_array.py'...
[51.102s] Compiling '/home/andreas/dev_ws/msauber_stack/install/yolo_msgs/lib/python3.12/site-packages/yolo_msgs/msg/_key_point3_d.py'...
[51.102s] Compiling '/home/andreas/dev_ws/msauber_stack/install/yolo_msgs/lib/python3.12/site-packages/yolo_msgs/msg/_key_point3_d_array.py'...
[51.102s] Compiling '/home/andreas/dev_ws/msauber_stack/install/yolo_msgs/lib/python3.12/site-packages/yolo_msgs/msg/_mask.py'...
[51.102s] Compiling '/home/andreas/dev_ws/msauber_stack/install/yolo_msgs/lib/python3.12/site-packages/yolo_msgs/msg/_point2_d.py'...
[51.102s] Compiling '/home/andreas/dev_ws/msauber_stack/install/yolo_msgs/lib/python3.12/site-packages/yolo_msgs/msg/_pose2_d.py'...
[51.102s] Compiling '/home/andreas/dev_ws/msauber_stack/install/yolo_msgs/lib/python3.12/site-packages/yolo_msgs/msg/_vector2.py'...
[51.102s] Listing '/home/andreas/dev_ws/msauber_stack/install/yolo_msgs/lib/python3.12/site-packages/yolo_msgs/srv'...
[51.102s] Compiling '/home/andreas/dev_ws/msauber_stack/install/yolo_msgs/lib/python3.12/site-packages/yolo_msgs/srv/__init__.py'...
[51.102s] Compiling '/home/andreas/dev_ws/msauber_stack/install/yolo_msgs/lib/python3.12/site-packages/yolo_msgs/srv/_set_classes.py'...
[51.107s] -- Installing: /home/andreas/dev_ws/msauber_stack/install/yolo_msgs/lib/libyolo_msgs__rosidl_generator_py.so
[51.107s] -- Set non-toolchain portion of runtime path of "/home/andreas/dev_ws/msauber_stack/install/yolo_msgs/lib/libyolo_msgs__rosidl_generator_py.so" to ""
[51.107s] -- Installing: /home/andreas/dev_ws/msauber_stack/install/yolo_msgs/share/yolo_msgs/cmake/export_yolo_msgs__rosidl_generator_cExport.cmake
[51.107s] -- Installing: /home/andreas/dev_ws/msauber_stack/install/yolo_msgs/share/yolo_msgs/cmake/export_yolo_msgs__rosidl_generator_cExport-noconfig.cmake
[51.108s] -- Installing: /home/andreas/dev_ws/msauber_stack/install/yolo_msgs/share/yolo_msgs/cmake/export_yolo_msgs__rosidl_typesupport_fastrtps_cExport.cmake
[51.108s] -- Installing: /home/andreas/dev_ws/msauber_stack/install/yolo_msgs/share/yolo_msgs/cmake/export_yolo_msgs__rosidl_typesupport_fastrtps_cExport-noconfig.cmake
[51.108s] -- Installing: /home/andreas/dev_ws/msauber_stack/install/yolo_msgs/share/yolo_msgs/cmake/yolo_msgs__rosidl_typesupport_introspection_cExport.cmake
[51.108s] -- Installing: /home/andreas/dev_ws/msauber_stack/install/yolo_msgs/share/yolo_msgs/cmake/yolo_msgs__rosidl_typesupport_introspection_cExport-noconfig.cmake
[51.108s] -- Installing: /home/andreas/dev_ws/msauber_stack/install/yolo_msgs/share/yolo_msgs/cmake/yolo_msgs__rosidl_typesupport_cExport.cmake
[51.109s] -- Installing: /home/andreas/dev_ws/msauber_stack/install/yolo_msgs/share/yolo_msgs/cmake/yolo_msgs__rosidl_typesupport_cExport-noconfig.cmake
[51.109s] -- Installing: /home/andreas/dev_ws/msauber_stack/install/yolo_msgs/share/yolo_msgs/cmake/export_yolo_msgs__rosidl_generator_cppExport.cmake
[51.109s] -- Installing: /home/andreas/dev_ws/msauber_stack/install/yolo_msgs/share/yolo_msgs/cmake/export_yolo_msgs__rosidl_typesupport_fastrtps_cppExport.cmake
[51.109s] -- Installing: /home/andreas/dev_ws/msauber_stack/install/yolo_msgs/share/yolo_msgs/cmake/export_yolo_msgs__rosidl_typesupport_fastrtps_cppExport-noconfig.cmake
[51.109s] -- Installing: /home/andreas/dev_ws/msauber_stack/install/yolo_msgs/share/yolo_msgs/cmake/yolo_msgs__rosidl_typesupport_introspection_cppExport.cmake
[51.110s] -- Installing: /home/andreas/dev_ws/msauber_stack/install/yolo_msgs/share/yolo_msgs/cmake/yolo_msgs__rosidl_typesupport_introspection_cppExport-noconfig.cmake
[51.110s] -- Installing: /home/andreas/dev_ws/msauber_stack/install/yolo_msgs/share/yolo_msgs/cmake/yolo_msgs__rosidl_typesupport_cppExport.cmake
[51.110s] -- Installing: /home/andreas/dev_ws/msauber_stack/install/yolo_msgs/share/yolo_msgs/cmake/yolo_msgs__rosidl_typesupport_cppExport-noconfig.cmake
[51.110s] -- Installing: /home/andreas/dev_ws/msauber_stack/install/yolo_msgs/share/yolo_msgs/cmake/export_yolo_msgs__rosidl_generator_pyExport.cmake
[51.110s] -- Installing: /home/andreas/dev_ws/msauber_stack/install/yolo_msgs/share/yolo_msgs/cmake/export_yolo_msgs__rosidl_generator_pyExport-noconfig.cmake
[51.113s] Invoked command in '/home/andreas/dev_ws/msauber_stack/build/yolo_msgs' returned '0': CMAKE_PREFIX_PATH=${CMAKE_PREFIX_PATH}:/opt/ros/jazzy DEBUGINFOD_URLS=https://debuginfod.ubuntu.com PS1=(my_py_venv) %m%# VIRTUAL_ENV_PROMPT=(my_py_venv) /usr/bin/cmake --install /home/andreas/dev_ws/msauber_stack/build/yolo_msgs
