[1.174s] Invoking command in '/home/andreas/dev_ws/msauber_stack/build/msauber_bringup': AMENT_PREFIX_PATH=/home/andreas/dev_ws/msauber_stack/install/msauber_sim:/home/andreas/dev_ws/msauber_stack/install/msauber_description:/home/andreas/dev_ws/msauber_stack/install/msauber_control:${AMENT_PREFIX_PATH} DEBUGINFOD_URLS=https://debuginfod.ubuntu.com PS1=(my_py_venv) %m%# PYTHONPATH=/home/andreas/dev_ws/msauber_stack/build/msauber_bringup/prefix_override:/usr/lib/python3/dist-packages/colcon_core/task/python/colcon_distutils_commands:/home/andreas/dev_ws/msauber_stack/install/msauber_bringup/lib/python3.12/site-packages:/home/andreas/dev_ws/msauber_stack/build/msauber_sim:/home/andreas/dev_ws/msauber_stack/install/msauber_sim/lib/python3.12/site-packages:/home/andreas/dev_ws/msauber_stack/build/msauber_description:/home/andreas/dev_ws/msauber_stack/install/msauber_description/lib/python3.12/site-packages:/home/andreas/dev_ws/msauber_stack/build/msauber_control:/home/andreas/dev_ws/msauber_stack/install/msauber_control/lib/python3.12/site-packages:${PYTHONPATH} VIRTUAL_ENV_PROMPT=(my_py_venv) /usr/bin/python3 -W ignore:setup.py install is deprecated -W ignore:easy_install command is deprecated setup.py develop --editable --build-directory /home/andreas/dev_ws/msauber_stack/build/msauber_bringup/build --no-deps symlink_data
[1.557s] running develop
[1.880s] running egg_info
[1.880s] creating msauber_bringup.egg-info
[1.912s] writing msauber_bringup.egg-info/PKG-INFO
[1.913s] writing dependency_links to msauber_bringup.egg-info/dependency_links.txt
[1.913s] writing requirements to msauber_bringup.egg-info/requires.txt
[1.913s] writing top-level names to msauber_bringup.egg-info/top_level.txt
[1.914s] writing manifest file 'msauber_bringup.egg-info/SOURCES.txt'
[1.992s] reading manifest file 'msauber_bringup.egg-info/SOURCES.txt'
[1.993s] writing manifest file 'msauber_bringup.egg-info/SOURCES.txt'
[2.027s] running build_ext
[2.027s] Creating /home/andreas/dev_ws/msauber_stack/install/msauber_bringup/lib/python3.12/site-packages/msauber-bringup.egg-link (link to .)
[2.027s] 
[2.028s] Installed /home/andreas/dev_ws/msauber_stack/build/msauber_bringup
[2.028s] running symlink_data
[2.028s] creating /home/andreas/dev_ws/msauber_stack/install/msauber_bringup/share/ament_index
[2.028s] creating /home/andreas/dev_ws/msauber_stack/install/msauber_bringup/share/ament_index/resource_index
[2.028s] creating /home/andreas/dev_ws/msauber_stack/install/msauber_bringup/share/ament_index/resource_index/packages
[2.028s] symbolically linking /home/andreas/dev_ws/msauber_stack/build/msauber_bringup/resource/msauber_bringup -> /home/andreas/dev_ws/msauber_stack/install/msauber_bringup/share/ament_index/resource_index/packages
[2.028s] symbolically linking /home/andreas/dev_ws/msauber_stack/build/msauber_bringup/package.xml -> /home/andreas/dev_ws/msauber_stack/install/msauber_bringup/share/msauber_bringup
[2.028s] creating /home/andreas/dev_ws/msauber_stack/install/msauber_bringup/share/msauber_bringup/launch
[2.028s] symbolically linking /home/andreas/dev_ws/msauber_stack/build/msauber_bringup/launch/sim_bringup.launch.py -> /home/andreas/dev_ws/msauber_stack/install/msauber_bringup/share/msauber_bringup/launch
[2.082s] Invoked command in '/home/andreas/dev_ws/msauber_stack/build/msauber_bringup' returned '0': AMENT_PREFIX_PATH=/home/andreas/dev_ws/msauber_stack/install/msauber_sim:/home/andreas/dev_ws/msauber_stack/install/msauber_description:/home/andreas/dev_ws/msauber_stack/install/msauber_control:${AMENT_PREFIX_PATH} DEBUGINFOD_URLS=https://debuginfod.ubuntu.com PS1=(my_py_venv) %m%# PYTHONPATH=/home/andreas/dev_ws/msauber_stack/build/msauber_bringup/prefix_override:/usr/lib/python3/dist-packages/colcon_core/task/python/colcon_distutils_commands:/home/andreas/dev_ws/msauber_stack/install/msauber_bringup/lib/python3.12/site-packages:/home/andreas/dev_ws/msauber_stack/build/msauber_sim:/home/andreas/dev_ws/msauber_stack/install/msauber_sim/lib/python3.12/site-packages:/home/andreas/dev_ws/msauber_stack/build/msauber_description:/home/andreas/dev_ws/msauber_stack/install/msauber_description/lib/python3.12/site-packages:/home/andreas/dev_ws/msauber_stack/build/msauber_control:/home/andreas/dev_ws/msauber_stack/install/msauber_control/lib/python3.12/site-packages:${PYTHONPATH} VIRTUAL_ENV_PROMPT=(my_py_venv) /usr/bin/python3 -W ignore:setup.py install is deprecated -W ignore:easy_install command is deprecated setup.py develop --editable --build-directory /home/andreas/dev_ws/msauber_stack/build/msauber_bringup/build --no-deps symlink_data
