[5.959s] Invoking command in '/home/andreas/dev_ws/msauber_stack/build/msauber_navigation': DEBUGINFOD_URLS=https://debuginfod.ubuntu.com PS1=(my_py_venv) %m%# PYTHONPATH=/home/andreas/dev_ws/msauber_stack/build/msauber_navigation/prefix_override:/usr/lib/python3/dist-packages/colcon_core/task/python/colcon_distutils_commands:/home/andreas/dev_ws/msauber_stack/install/msauber_navigation/lib/python3.12/site-packages:${PYTHONPATH} VIRTUAL_ENV_PROMPT=(my_py_venv) /usr/bin/python3 -W ignore:setup.py install is deprecated -W ignore:easy_install command is deprecated setup.py develop --editable --build-directory /home/andreas/dev_ws/msauber_stack/build/msauber_navigation/build --no-deps symlink_data
[8.087s] running develop
[9.539s] running egg_info
[9.539s] creating msauber_navigation.egg-info
[9.647s] writing msauber_navigation.egg-info/PKG-INFO
[9.648s] writing dependency_links to msauber_navigation.egg-info/dependency_links.txt
[9.648s] writing entry points to msauber_navigation.egg-info/entry_points.txt
[9.648s] writing requirements to msauber_navigation.egg-info/requires.txt
[9.648s] writing top-level names to msauber_navigation.egg-info/top_level.txt
[9.651s] writing manifest file 'msauber_navigation.egg-info/SOURCES.txt'
[9.816s] reading manifest file 'msauber_navigation.egg-info/SOURCES.txt'
[9.817s] writing manifest file 'msauber_navigation.egg-info/SOURCES.txt'
[9.918s] running build_ext
[9.918s] Creating /home/andreas/dev_ws/msauber_stack/install/msauber_navigation/lib/python3.12/site-packages/msauber-navigation.egg-link (link to .)
[9.920s] Installing odom_tf_bridge script to /home/andreas/dev_ws/msauber_stack/install/msauber_navigation/lib/msauber_navigation
[9.921s] 
[9.921s] Installed /home/andreas/dev_ws/msauber_stack/build/msauber_navigation
[9.921s] running symlink_data
[9.921s] creating /home/andreas/dev_ws/msauber_stack/install/msauber_navigation/share/ament_index
[9.922s] creating /home/andreas/dev_ws/msauber_stack/install/msauber_navigation/share/ament_index/resource_index
[9.922s] creating /home/andreas/dev_ws/msauber_stack/install/msauber_navigation/share/ament_index/resource_index/packages
[9.923s] symbolically linking /home/andreas/dev_ws/msauber_stack/build/msauber_navigation/resource/msauber_navigation -> /home/andreas/dev_ws/msauber_stack/install/msauber_navigation/share/ament_index/resource_index/packages
[9.923s] symbolically linking /home/andreas/dev_ws/msauber_stack/build/msauber_navigation/package.xml -> /home/andreas/dev_ws/msauber_stack/install/msauber_navigation/share/msauber_navigation
[9.923s] creating /home/andreas/dev_ws/msauber_stack/install/msauber_navigation/share/msauber_navigation/launch
[9.924s] symbolically linking /home/andreas/dev_ws/msauber_stack/build/msauber_navigation/launch/nav.launch.py -> /home/andreas/dev_ws/msauber_stack/install/msauber_navigation/share/msauber_navigation/launch
[9.924s] creating /home/andreas/dev_ws/msauber_stack/install/msauber_navigation/share/msauber_navigation/config
[9.924s] symbolically linking /home/andreas/dev_ws/msauber_stack/build/msauber_navigation/config/nav2_param.yaml -> /home/andreas/dev_ws/msauber_stack/install/msauber_navigation/share/msauber_navigation/config
[9.924s] creating /home/andreas/dev_ws/msauber_stack/install/msauber_navigation/share/msauber_navigation/maps
[9.924s] symbolically linking /home/andreas/dev_ws/msauber_stack/build/msauber_navigation/maps/my_map.yaml -> /home/andreas/dev_ws/msauber_stack/install/msauber_navigation/share/msauber_navigation/maps
[9.925s] symbolically linking /home/andreas/dev_ws/msauber_stack/build/msauber_navigation/maps/my_map.pgm -> /home/andreas/dev_ws/msauber_stack/install/msauber_navigation/share/msauber_navigation/maps
[10.186s] Invoked command in '/home/andreas/dev_ws/msauber_stack/build/msauber_navigation' returned '0': DEBUGINFOD_URLS=https://debuginfod.ubuntu.com PS1=(my_py_venv) %m%# PYTHONPATH=/home/andreas/dev_ws/msauber_stack/build/msauber_navigation/prefix_override:/usr/lib/python3/dist-packages/colcon_core/task/python/colcon_distutils_commands:/home/andreas/dev_ws/msauber_stack/install/msauber_navigation/lib/python3.12/site-packages:${PYTHONPATH} VIRTUAL_ENV_PROMPT=(my_py_venv) /usr/bin/python3 -W ignore:setup.py install is deprecated -W ignore:easy_install command is deprecated setup.py develop --editable --build-directory /home/andreas/dev_ws/msauber_stack/build/msauber_navigation/build --no-deps symlink_data
