running develop
Removing /home/andreas/dev_ws/msauber_stack/install/msauber_perception/lib/python3.12/site-packages/msauber-perception.egg-link (link to .)
running egg_info
writing ../../build/msauber_perception/msauber_perception.egg-info/PKG-INFO
writing dependency_links to ../../build/msauber_perception/msauber_perception.egg-info/dependency_links.txt
writing entry points to ../../build/msauber_perception/msauber_perception.egg-info/entry_points.txt
writing requirements to ../../build/msauber_perception/msauber_perception.egg-info/requires.txt
writing top-level names to ../../build/msauber_perception/msauber_perception.egg-info/top_level.txt
reading manifest file '../../build/msauber_perception/msauber_perception.egg-info/SOURCES.txt'
writing manifest file '../../build/msauber_perception/msauber_perception.egg-info/SOURCES.txt'
running build
running build_py
creating /home/andreas/dev_ws/msauber_stack/build/msauber_perception/build
creating /home/andreas/dev_ws/msauber_stack/build/msauber_perception/build/lib
creating /home/andreas/dev_ws/msauber_stack/build/msauber_perception/build/lib/msauber_perception
copying msauber_perception/cone_detection_node.py -> /home/andreas/dev_ws/msauber_stack/build/msauber_perception/build/lib/msauber_perception
copying msauber_perception/__init__.py -> /home/andreas/dev_ws/msauber_stack/build/msauber_perception/build/lib/msauber_perception
running install
running install_lib
creating /home/andreas/dev_ws/msauber_stack/install/msauber_perception/lib/python3.12/site-packages/msauber_perception
copying /home/andreas/dev_ws/msauber_stack/build/msauber_perception/build/lib/msauber_perception/cone_detection_node.py -> /home/andreas/dev_ws/msauber_stack/install/msauber_perception/lib/python3.12/site-packages/msauber_perception
copying /home/andreas/dev_ws/msauber_stack/build/msauber_perception/build/lib/msauber_perception/__init__.py -> /home/andreas/dev_ws/msauber_stack/install/msauber_perception/lib/python3.12/site-packages/msauber_perception
byte-compiling /home/andreas/dev_ws/msauber_stack/install/msauber_perception/lib/python3.12/site-packages/msauber_perception/cone_detection_node.py to cone_detection_node.cpython-312.pyc
byte-compiling /home/andreas/dev_ws/msauber_stack/install/msauber_perception/lib/python3.12/site-packages/msauber_perception/__init__.py to __init__.cpython-312.pyc
running install_data
copying resource/msauber_perception -> /home/andreas/dev_ws/msauber_stack/install/msauber_perception/share/ament_index/resource_index/packages
copying package.xml -> /home/andreas/dev_ws/msauber_stack/install/msauber_perception/share/msauber_perception
copying launch/perception.launch.py -> /home/andreas/dev_ws/msauber_stack/install/msauber_perception/share/msauber_perception/launch
copying launch/yolo_bringup.launch.py -> /home/andreas/dev_ws/msauber_stack/install/msauber_perception/share/msauber_perception/launch
copying config/perception.yaml -> /home/andreas/dev_ws/msauber_stack/install/msauber_perception/share/msauber_perception/config
copying config/yolo.yaml -> /home/andreas/dev_ws/msauber_stack/install/msauber_perception/share/msauber_perception/config
copying models/cones_v1.pt -> /home/andreas/dev_ws/msauber_stack/install/msauber_perception/share/msauber_perception/models
copying models/yolov8n.pt -> /home/andreas/dev_ws/msauber_stack/install/msauber_perception/share/msauber_perception/models
running install_egg_info
Copying ../../build/msauber_perception/msauber_perception.egg-info to /home/andreas/dev_ws/msauber_stack/install/msauber_perception/lib/python3.12/site-packages/msauber_perception-0.0.0-py3.12.egg-info
running install_scripts
Installing cone_detection_node script to /home/andreas/dev_ws/msauber_stack/install/msauber_perception/lib/msauber_perception
writing list of installed files to '/home/andreas/dev_ws/msauber_stack/build/msauber_perception/install.log'
