[5.568s] Invoking command in '/home/andreas/dev_ws/msauber_stack/build/msauber_perception': DEBUGINFOD_URLS=https://debuginfod.ubuntu.com PS1=(my_py_venv) %m%# PYTHONPATH=/home/andreas/dev_ws/msauber_stack/build/msauber_perception/prefix_override:/usr/lib/python3/dist-packages/colcon_core/task/python/colcon_distutils_commands:/home/andreas/dev_ws/msauber_stack/install/msauber_perception/lib/python3.12/site-packages:${PYTHONPATH} VIRTUAL_ENV_PROMPT=(my_py_venv) /usr/bin/python3 -W ignore:setup.py install is deprecated -W ignore:easy_install command is deprecated setup.py develop --uninstall --editable --build-directory /home/andreas/dev_ws/msauber_stack/build/msauber_perception/build
[7.423s] running develop
[8.363s] Removing /home/andreas/dev_ws/msauber_stack/install/msauber_perception/lib/python3.12/site-packages/msauber-perception.egg-link (link to .)
[8.824s] Invoked command in '/home/andreas/dev_ws/msauber_stack/build/msauber_perception' returned '0': DEBUGINFOD_URLS=https://debuginfod.ubuntu.com PS1=(my_py_venv) %m%# PYTHONPATH=/home/andreas/dev_ws/msauber_stack/build/msauber_perception/prefix_override:/usr/lib/python3/dist-packages/colcon_core/task/python/colcon_distutils_commands:/home/andreas/dev_ws/msauber_stack/install/msauber_perception/lib/python3.12/site-packages:${PYTHONPATH} VIRTUAL_ENV_PROMPT=(my_py_venv) /usr/bin/python3 -W ignore:setup.py install is deprecated -W ignore:easy_install command is deprecated setup.py develop --uninstall --editable --build-directory /home/andreas/dev_ws/msauber_stack/build/msauber_perception/build
[8.847s] Invoking command in '/home/andreas/dev_ws/msauber_stack/src/msauber_perception': DEBUGINFOD_URLS=https://debuginfod.ubuntu.com PS1=(my_py_venv) %m%# PYTHONPATH=/home/andreas/dev_ws/msauber_stack/build/msauber_perception/prefix_override:/usr/lib/python3/dist-packages/colcon_core/task/python/colcon_distutils_commands:/home/andreas/dev_ws/msauber_stack/install/msauber_perception/lib/python3.12/site-packages:${PYTHONPATH} VIRTUAL_ENV_PROMPT=(my_py_venv) /usr/bin/python3 -W ignore:setup.py install is deprecated -W ignore:easy_install command is deprecated setup.py egg_info --egg-base ../../build/msauber_perception build --build-base /home/andreas/dev_ws/msauber_stack/build/msauber_perception/build install --record /home/andreas/dev_ws/msauber_stack/build/msauber_perception/install.log --single-version-externally-managed install_data --force
[11.835s] running egg_info
[12.084s] writing ../../build/msauber_perception/msauber_perception.egg-info/PKG-INFO
[12.089s] writing dependency_links to ../../build/msauber_perception/msauber_perception.egg-info/dependency_links.txt
[12.092s] writing entry points to ../../build/msauber_perception/msauber_perception.egg-info/entry_points.txt
[12.094s] writing requirements to ../../build/msauber_perception/msauber_perception.egg-info/requires.txt
[12.094s] writing top-level names to ../../build/msauber_perception/msauber_perception.egg-info/top_level.txt
[13.043s] reading manifest file '../../build/msauber_perception/msauber_perception.egg-info/SOURCES.txt'
[13.053s] writing manifest file '../../build/msauber_perception/msauber_perception.egg-info/SOURCES.txt'
[13.053s] running build
[13.054s] running build_py
[13.055s] creating /home/andreas/dev_ws/msauber_stack/build/msauber_perception/build
[13.055s] creating /home/andreas/dev_ws/msauber_stack/build/msauber_perception/build/lib
[13.055s] creating /home/andreas/dev_ws/msauber_stack/build/msauber_perception/build/lib/msauber_perception
[13.057s] copying msauber_perception/cone_detection_node.py -> /home/andreas/dev_ws/msauber_stack/build/msauber_perception/build/lib/msauber_perception
[13.058s] copying msauber_perception/__init__.py -> /home/andreas/dev_ws/msauber_stack/build/msauber_perception/build/lib/msauber_perception
[13.058s] running install
[13.092s] running install_lib
[13.231s] creating /home/andreas/dev_ws/msauber_stack/install/msauber_perception/lib/python3.12/site-packages/msauber_perception
[13.239s] copying /home/andreas/dev_ws/msauber_stack/build/msauber_perception/build/lib/msauber_perception/cone_detection_node.py -> /home/andreas/dev_ws/msauber_stack/install/msauber_perception/lib/python3.12/site-packages/msauber_perception
[13.239s] copying /home/andreas/dev_ws/msauber_stack/build/msauber_perception/build/lib/msauber_perception/__init__.py -> /home/andreas/dev_ws/msauber_stack/install/msauber_perception/lib/python3.12/site-packages/msauber_perception
[13.243s] byte-compiling /home/andreas/dev_ws/msauber_stack/install/msauber_perception/lib/python3.12/site-packages/msauber_perception/cone_detection_node.py to cone_detection_node.cpython-312.pyc
[13.248s] byte-compiling /home/andreas/dev_ws/msauber_stack/install/msauber_perception/lib/python3.12/site-packages/msauber_perception/__init__.py to __init__.cpython-312.pyc
[13.248s] running install_data
[13.248s] copying resource/msauber_perception -> /home/andreas/dev_ws/msauber_stack/install/msauber_perception/share/ament_index/resource_index/packages
[13.253s] copying package.xml -> /home/andreas/dev_ws/msauber_stack/install/msauber_perception/share/msauber_perception
[13.253s] copying launch/perception.launch.py -> /home/andreas/dev_ws/msauber_stack/install/msauber_perception/share/msauber_perception/launch
[13.253s] copying launch/yolo_bringup.launch.py -> /home/andreas/dev_ws/msauber_stack/install/msauber_perception/share/msauber_perception/launch
[13.253s] copying config/perception.yaml -> /home/andreas/dev_ws/msauber_stack/install/msauber_perception/share/msauber_perception/config
[13.253s] copying config/yolo.yaml -> /home/andreas/dev_ws/msauber_stack/install/msauber_perception/share/msauber_perception/config
[13.253s] copying models/cones_v1.pt -> /home/andreas/dev_ws/msauber_stack/install/msauber_perception/share/msauber_perception/models
[13.286s] copying models/yolov8n.pt -> /home/andreas/dev_ws/msauber_stack/install/msauber_perception/share/msauber_perception/models
[13.302s] running install_egg_info
[13.591s] Copying ../../build/msauber_perception/msauber_perception.egg-info to /home/andreas/dev_ws/msauber_stack/install/msauber_perception/lib/python3.12/site-packages/msauber_perception-0.0.0-py3.12.egg-info
[13.601s] running install_scripts
[14.284s] Installing cone_detection_node script to /home/andreas/dev_ws/msauber_stack/install/msauber_perception/lib/msauber_perception
[14.285s] writing list of installed files to '/home/andreas/dev_ws/msauber_stack/build/msauber_perception/install.log'
[14.412s] Invoked command in '/home/andreas/dev_ws/msauber_stack/src/msauber_perception' returned '0': DEBUGINFOD_URLS=https://debuginfod.ubuntu.com PS1=(my_py_venv) %m%# PYTHONPATH=/home/andreas/dev_ws/msauber_stack/build/msauber_perception/prefix_override:/usr/lib/python3/dist-packages/colcon_core/task/python/colcon_distutils_commands:/home/andreas/dev_ws/msauber_stack/install/msauber_perception/lib/python3.12/site-packages:${PYTHONPATH} VIRTUAL_ENV_PROMPT=(my_py_venv) /usr/bin/python3 -W ignore:setup.py install is deprecated -W ignore:easy_install command is deprecated setup.py egg_info --egg-base ../../build/msauber_perception build --build-base /home/andreas/dev_ws/msauber_stack/build/msauber_perception/build install --record /home/andreas/dev_ws/msauber_stack/build/msauber_perception/install.log --single-version-externally-managed install_data --force
