/home/andreas/dev_ws/msauber_stack/install/msauber_perception/lib/python3.12/site-packages/msauber_perception/cone_detection_node.py
/home/andreas/dev_ws/msauber_stack/install/msauber_perception/lib/python3.12/site-packages/msauber_perception/__init__.py
/home/andreas/dev_ws/msauber_stack/install/msauber_perception/lib/python3.12/site-packages/msauber_perception/__pycache__/cone_detection_node.cpython-312.pyc
/home/andreas/dev_ws/msauber_stack/install/msauber_perception/lib/python3.12/site-packages/msauber_perception/__pycache__/__init__.cpython-312.pyc
/home/andreas/dev_ws/msauber_stack/install/msauber_perception/share/ament_index/resource_index/packages/msauber_perception
/home/andreas/dev_ws/msauber_stack/install/msauber_perception/share/msauber_perception/package.xml
/home/andreas/dev_ws/msauber_stack/install/msauber_perception/share/msauber_perception/launch/perception.launch.py
/home/andreas/dev_ws/msauber_stack/install/msauber_perception/share/msauber_perception/launch/yolo_bringup.launch.py
/home/andreas/dev_ws/msauber_stack/install/msauber_perception/share/msauber_perception/config/perception.yaml
/home/andreas/dev_ws/msauber_stack/install/msauber_perception/share/msauber_perception/config/yolo.yaml
/home/andreas/dev_ws/msauber_stack/install/msauber_perception/share/msauber_perception/models/cones_v1.pt
/home/andreas/dev_ws/msauber_stack/install/msauber_perception/share/msauber_perception/models/yolov8n.pt
/home/andreas/dev_ws/msauber_stack/install/msauber_perception/lib/python3.12/site-packages/msauber_perception-0.0.0-py3.12.egg-info/zip-safe
/home/andreas/dev_ws/msauber_stack/install/msauber_perception/lib/python3.12/site-packages/msauber_perception-0.0.0-py3.12.egg-info/entry_points.txt
/home/andreas/dev_ws/msauber_stack/install/msauber_perception/lib/python3.12/site-packages/msauber_perception-0.0.0-py3.12.egg-info/dependency_links.txt
/home/andreas/dev_ws/msauber_stack/install/msauber_perception/lib/python3.12/site-packages/msauber_perception-0.0.0-py3.12.egg-info/requires.txt
/home/andreas/dev_ws/msauber_stack/install/msauber_perception/lib/python3.12/site-packages/msauber_perception-0.0.0-py3.12.egg-info/PKG-INFO
/home/andreas/dev_ws/msauber_stack/install/msauber_perception/lib/python3.12/site-packages/msauber_perception-0.0.0-py3.12.egg-info/SOURCES.txt
/home/andreas/dev_ws/msauber_stack/install/msauber_perception/lib/python3.12/site-packages/msauber_perception-0.0.0-py3.12.egg-info/top_level.txt
/home/andreas/dev_ws/msauber_stack/install/msauber_perception/lib/msauber_perception/cone_detection_node
