[3.675s] Invoking command in '/home/andreas/dev_ws/msauber_stack/build/msauber_description': DEBUGINFOD_URLS=https://debuginfod.ubuntu.com PS1=(my_py_venv) %m%# PYTHONPATH=/home/andreas/dev_ws/msauber_stack/build/msauber_description/prefix_override:/usr/lib/python3/dist-packages/colcon_core/task/python/colcon_distutils_commands:/home/andreas/dev_ws/msauber_stack/install/msauber_description/lib/python3.12/site-packages:${PYTHONPATH} VIRTUAL_ENV_PROMPT=(my_py_venv) /usr/bin/python3 -W ignore:setup.py install is deprecated -W ignore:easy_install command is deprecated setup.py develop --editable --build-directory /home/andreas/dev_ws/msauber_stack/build/msauber_description/build --no-deps symlink_data
[5.556s] running develop
[7.203s] running egg_info
[7.203s] creating msauber_description.egg-info
[7.362s] writing msauber_description.egg-info/PKG-INFO
[7.364s] writing dependency_links to msauber_description.egg-info/dependency_links.txt
[7.364s] writing requirements to msauber_description.egg-info/requires.txt
[7.366s] writing top-level names to msauber_description.egg-info/top_level.txt
[7.369s] writing manifest file 'msauber_description.egg-info/SOURCES.txt'
[7.716s] reading manifest file 'msauber_description.egg-info/SOURCES.txt'
[7.719s] writing manifest file 'msauber_description.egg-info/SOURCES.txt'
[7.883s] running build_ext
[7.883s] Creating /home/andreas/dev_ws/msauber_stack/install/msauber_description/lib/python3.12/site-packages/msauber-description.egg-link (link to .)
[7.885s] 
[7.885s] Installed /home/andreas/dev_ws/msauber_stack/build/msauber_description
[7.886s] running symlink_data
[7.886s] creating /home/andreas/dev_ws/msauber_stack/install/msauber_description/share/ament_index
[7.887s] creating /home/andreas/dev_ws/msauber_stack/install/msauber_description/share/ament_index/resource_index
[7.887s] creating /home/andreas/dev_ws/msauber_stack/install/msauber_description/share/ament_index/resource_index/packages
[7.887s] symbolically linking /home/andreas/dev_ws/msauber_stack/build/msauber_description/resource/msauber_description -> /home/andreas/dev_ws/msauber_stack/install/msauber_description/share/ament_index/resource_index/packages
[7.887s] symbolically linking /home/andreas/dev_ws/msauber_stack/build/msauber_description/package.xml -> /home/andreas/dev_ws/msauber_stack/install/msauber_description/share/msauber_description
[7.888s] creating /home/andreas/dev_ws/msauber_stack/install/msauber_description/share/msauber_description/launch
[7.888s] symbolically linking /home/andreas/dev_ws/msauber_stack/build/msauber_description/launch/description.launch.py -> /home/andreas/dev_ws/msauber_stack/install/msauber_description/share/msauber_description/launch
[7.888s] creating /home/andreas/dev_ws/msauber_stack/install/msauber_description/share/msauber_description/urdf
[7.888s] symbolically linking /home/andreas/dev_ws/msauber_stack/build/msauber_description/urdf/msauber.xacro -> /home/andreas/dev_ws/msauber_stack/install/msauber_description/share/msauber_description/urdf/
[7.889s] symbolically linking /home/andreas/dev_ws/msauber_stack/build/msauber_description/urdf/macros.xacro -> /home/andreas/dev_ws/msauber_stack/install/msauber_description/share/msauber_description/urdf/
[7.889s] symbolically linking /home/andreas/dev_ws/msauber_stack/build/msauber_description/urdf/sensors.xacro -> /home/andreas/dev_ws/msauber_stack/install/msauber_description/share/msauber_description/urdf/
[7.889s] symbolically linking /home/andreas/dev_ws/msauber_stack/build/msauber_description/urdf/core.xacro -> /home/andreas/dev_ws/msauber_stack/install/msauber_description/share/msauber_description/urdf/
[7.890s] symbolically linking /home/andreas/dev_ws/msauber_stack/build/msauber_description/urdf/gazebo_plugins_acker.xacro -> /home/andreas/dev_ws/msauber_stack/install/msauber_description/share/msauber_description/urdf/
[7.890s] symbolically linking /home/andreas/dev_ws/msauber_stack/build/msauber_description/urdf/gazebo_plugins.xacro -> /home/andreas/dev_ws/msauber_stack/install/msauber_description/share/msauber_description/urdf/
[7.890s] creating /home/andreas/dev_ws/msauber_stack/install/msauber_description/share/msauber_description/meshes
[7.890s] symbolically linking /home/andreas/dev_ws/msauber_stack/build/msauber_description/meshes/realsense.stl -> /home/andreas/dev_ws/msauber_stack/install/msauber_description/share/msauber_description/meshes/
[7.891s] symbolically linking /home/andreas/dev_ws/msauber_stack/build/msauber_description/meshes/hinge.stl -> /home/andreas/dev_ws/msauber_stack/install/msauber_description/share/msauber_description/meshes/
[7.891s] symbolically linking /home/andreas/dev_ws/msauber_stack/build/msauber_description/meshes/hokuyo.stl -> /home/andreas/dev_ws/msauber_stack/install/msauber_description/share/msauber_description/meshes/
[7.891s] symbolically linking /home/andreas/dev_ws/msauber_stack/build/msauber_description/meshes/left_wheel.stl -> /home/andreas/dev_ws/msauber_stack/install/msauber_description/share/msauber_description/meshes/
[7.891s] symbolically linking /home/andreas/dev_ws/msauber_stack/build/msauber_description/meshes/right_wheel.stl -> /home/andreas/dev_ws/msauber_stack/install/msauber_description/share/msauber_description/meshes/
[7.892s] symbolically linking /home/andreas/dev_ws/msauber_stack/build/msauber_description/meshes/chassis.stl -> /home/andreas/dev_ws/msauber_stack/install/msauber_description/share/msauber_description/meshes/
[7.892s] creating /home/andreas/dev_ws/msauber_stack/install/msauber_description/share/msauber_description/rviz
[7.892s] symbolically linking /home/andreas/dev_ws/msauber_stack/build/msauber_description/rviz/description.rviz -> /home/andreas/dev_ws/msauber_stack/install/msauber_description/share/msauber_description/rviz
[7.892s] creating /home/andreas/dev_ws/msauber_stack/install/msauber_description/share/msauber_description/config
[8.014s] Invoked command in '/home/andreas/dev_ws/msauber_stack/build/msauber_description' returned '0': DEBUGINFOD_URLS=https://debuginfod.ubuntu.com PS1=(my_py_venv) %m%# PYTHONPATH=/home/andreas/dev_ws/msauber_stack/build/msauber_description/prefix_override:/usr/lib/python3/dist-packages/colcon_core/task/python/colcon_distutils_commands:/home/andreas/dev_ws/msauber_stack/install/msauber_description/lib/python3.12/site-packages:${PYTHONPATH} VIRTUAL_ENV_PROMPT=(my_py_venv) /usr/bin/python3 -W ignore:setup.py install is deprecated -W ignore:easy_install command is deprecated setup.py develop --editable --build-directory /home/andreas/dev_ws/msauber_stack/build/msauber_description/build --no-deps symlink_data
