[0.134s] DEBUG:colcon:Command line arguments: ['/usr/bin/colcon', 'build', '--symlink-install']
[0.134s] DEBUG:colcon:Parsed command line arguments: Namespace(log_base=None, log_level=None, verb_name='build', build_base='build', install_base='install', merge_install=False, symlink_install=True, test_result_base=None, continue_on_error=False, executor='parallel', parallel_workers=8, event_handlers=None, ignore_user_meta=False, metas=['./colcon.meta'], base_paths=['.'], packages_ignore=None, packages_ignore_regex=None, paths=None, packages_up_to=None, packages_up_to_regex=None, packages_above=None, packages_above_and_dependencies=None, packages_above_depth=None, packages_select_by_dep=None, packages_skip_by_dep=None, packages_skip_up_to=None, packages_select_build_failed=False, packages_skip_build_finished=False, packages_select_test_failures=False, packages_skip_test_passed=False, packages_select=None, packages_skip=None, packages_select_regex=None, packages_skip_regex=None, packages_start=None, packages_end=None, allow_overriding=[], cmake_args=None, cmake_target=None, cmake_target_skip_unavailable=False, cmake_clean_cache=False, cmake_clean_first=False, cmake_force_configure=False, ament_cmake_args=None, catkin_cmake_args=None, catkin_skip_building_tests=False, mixin_files=None, mixin=None, verb_parser=<colcon_mixin.mixin.mixin_argument.MixinArgumentDecorator object at 0x7df21140e480>, verb_extension=<colcon_core.verb.build.BuildVerb object at 0x7df21140e150>, main=<bound method BuildVerb.main of <colcon_core.verb.build.BuildVerb object at 0x7df21140e150>>, mixin_verb=('build',))
[0.175s] Level 1:colcon.colcon_core.package_discovery:discover_packages(colcon_meta) check parameters
[0.175s] Level 1:colcon.colcon_core.package_discovery:discover_packages(recursive) check parameters
[0.175s] Level 1:colcon.colcon_core.package_discovery:discover_packages(ignore) check parameters
[0.175s] Level 1:colcon.colcon_core.package_discovery:discover_packages(path) check parameters
[0.175s] Level 1:colcon.colcon_core.package_discovery:discover_packages(colcon_meta) discover
[0.175s] Level 1:colcon.colcon_core.package_discovery:discover_packages(recursive) discover
[0.175s] INFO:colcon.colcon_core.package_discovery:Crawling recursively for packages in '/home/andreas/dev_ws/msauber_stack'
[0.175s] Level 1:colcon.colcon_core.package_identification:_identify(.) by extensions ['ignore', 'ignore_ament_install']
[0.176s] Level 1:colcon.colcon_core.package_identification:_identify(.) by extension 'ignore'
[0.176s] Level 1:colcon.colcon_core.package_identification:_identify(.) by extension 'ignore_ament_install'
[0.176s] Level 1:colcon.colcon_core.package_identification:_identify(.) by extensions ['colcon_pkg']
[0.176s] Level 1:colcon.colcon_core.package_identification:_identify(.) by extension 'colcon_pkg'
[0.176s] Level 1:colcon.colcon_core.package_identification:_identify(.) by extensions ['colcon_meta']
[0.176s] Level 1:colcon.colcon_core.package_identification:_identify(.) by extension 'colcon_meta'
[0.176s] Level 1:colcon.colcon_core.package_identification:_identify(.) by extensions ['ros']
[0.176s] Level 1:colcon.colcon_core.package_identification:_identify(.) by extension 'ros'
[0.202s] Level 1:colcon.colcon_core.package_identification:_identify(.) by extensions ['cmake', 'python']
[0.202s] Level 1:colcon.colcon_core.package_identification:_identify(.) by extension 'cmake'
[0.202s] Level 1:colcon.colcon_core.package_identification:_identify(.) by extension 'python'
[0.202s] Level 1:colcon.colcon_core.package_identification:_identify(.) by extensions ['python_setup_py']
[0.202s] Level 1:colcon.colcon_core.package_identification:_identify(.) by extension 'python_setup_py'
[0.203s] Level 1:colcon.colcon_core.package_identification:_identify(build) by extensions ['ignore', 'ignore_ament_install']
[0.203s] Level 1:colcon.colcon_core.package_identification:_identify(build) by extension 'ignore'
[0.203s] Level 1:colcon.colcon_core.package_identification:_identify(build) ignored
[0.203s] Level 1:colcon.colcon_core.package_identification:_identify(install) by extensions ['ignore', 'ignore_ament_install']
[0.203s] Level 1:colcon.colcon_core.package_identification:_identify(install) by extension 'ignore'
[0.203s] Level 1:colcon.colcon_core.package_identification:_identify(install) ignored
[0.203s] Level 1:colcon.colcon_core.package_identification:_identify(log) by extensions ['ignore', 'ignore_ament_install']
[0.203s] Level 1:colcon.colcon_core.package_identification:_identify(log) by extension 'ignore'
[0.203s] Level 1:colcon.colcon_core.package_identification:_identify(log) ignored
[0.203s] Level 1:colcon.colcon_core.package_identification:_identify(src) by extensions ['ignore', 'ignore_ament_install']
[0.203s] Level 1:colcon.colcon_core.package_identification:_identify(src) by extension 'ignore'
[0.203s] Level 1:colcon.colcon_core.package_identification:_identify(src) by extension 'ignore_ament_install'
[0.203s] Level 1:colcon.colcon_core.package_identification:_identify(src) by extensions ['colcon_pkg']
[0.203s] Level 1:colcon.colcon_core.package_identification:_identify(src) by extension 'colcon_pkg'
[0.203s] Level 1:colcon.colcon_core.package_identification:_identify(src) by extensions ['colcon_meta']
[0.203s] Level 1:colcon.colcon_core.package_identification:_identify(src) by extension 'colcon_meta'
[0.203s] Level 1:colcon.colcon_core.package_identification:_identify(src) by extensions ['ros']
[0.204s] Level 1:colcon.colcon_core.package_identification:_identify(src) by extension 'ros'
[0.204s] Level 1:colcon.colcon_core.package_identification:_identify(src) by extensions ['cmake', 'python']
[0.204s] Level 1:colcon.colcon_core.package_identification:_identify(src) by extension 'cmake'
[0.204s] Level 1:colcon.colcon_core.package_identification:_identify(src) by extension 'python'
[0.204s] Level 1:colcon.colcon_core.package_identification:_identify(src) by extensions ['python_setup_py']
[0.204s] Level 1:colcon.colcon_core.package_identification:_identify(src) by extension 'python_setup_py'
[0.204s] Level 1:colcon.colcon_core.package_identification:_identify(src/msauber_bringup) by extensions ['ignore', 'ignore_ament_install']
[0.204s] Level 1:colcon.colcon_core.package_identification:_identify(src/msauber_bringup) by extension 'ignore'
[0.204s] Level 1:colcon.colcon_core.package_identification:_identify(src/msauber_bringup) by extension 'ignore_ament_install'
[0.204s] Level 1:colcon.colcon_core.package_identification:_identify(src/msauber_bringup) by extensions ['colcon_pkg']
[0.204s] Level 1:colcon.colcon_core.package_identification:_identify(src/msauber_bringup) by extension 'colcon_pkg'
[0.204s] Level 1:colcon.colcon_core.package_identification:_identify(src/msauber_bringup) by extensions ['colcon_meta']
[0.204s] Level 1:colcon.colcon_core.package_identification:_identify(src/msauber_bringup) by extension 'colcon_meta'
[0.204s] Level 1:colcon.colcon_core.package_identification:_identify(src/msauber_bringup) by extensions ['ros']
[0.204s] Level 1:colcon.colcon_core.package_identification:_identify(src/msauber_bringup) by extension 'ros'
[0.207s] DEBUG:colcon.colcon_core.package_identification:Package 'src/msauber_bringup' with type 'ros.ament_python' and name 'msauber_bringup'
[0.207s] Level 1:colcon.colcon_core.package_identification:_identify(src/msauber_control) by extensions ['ignore', 'ignore_ament_install']
[0.207s] Level 1:colcon.colcon_core.package_identification:_identify(src/msauber_control) by extension 'ignore'
[0.207s] Level 1:colcon.colcon_core.package_identification:_identify(src/msauber_control) by extension 'ignore_ament_install'
[0.207s] Level 1:colcon.colcon_core.package_identification:_identify(src/msauber_control) by extensions ['colcon_pkg']
[0.207s] Level 1:colcon.colcon_core.package_identification:_identify(src/msauber_control) by extension 'colcon_pkg'
[0.207s] Level 1:colcon.colcon_core.package_identification:_identify(src/msauber_control) by extensions ['colcon_meta']
[0.207s] Level 1:colcon.colcon_core.package_identification:_identify(src/msauber_control) by extension 'colcon_meta'
[0.207s] Level 1:colcon.colcon_core.package_identification:_identify(src/msauber_control) by extensions ['ros']
[0.207s] Level 1:colcon.colcon_core.package_identification:_identify(src/msauber_control) by extension 'ros'
[0.208s] DEBUG:colcon.colcon_core.package_identification:Package 'src/msauber_control' with type 'ros.ament_python' and name 'msauber_control'
[0.208s] Level 1:colcon.colcon_core.package_identification:_identify(src/msauber_description) by extensions ['ignore', 'ignore_ament_install']
[0.208s] Level 1:colcon.colcon_core.package_identification:_identify(src/msauber_description) by extension 'ignore'
[0.208s] Level 1:colcon.colcon_core.package_identification:_identify(src/msauber_description) by extension 'ignore_ament_install'
[0.208s] Level 1:colcon.colcon_core.package_identification:_identify(src/msauber_description) by extensions ['colcon_pkg']
[0.208s] Level 1:colcon.colcon_core.package_identification:_identify(src/msauber_description) by extension 'colcon_pkg'
[0.208s] Level 1:colcon.colcon_core.package_identification:_identify(src/msauber_description) by extensions ['colcon_meta']
[0.208s] Level 1:colcon.colcon_core.package_identification:_identify(src/msauber_description) by extension 'colcon_meta'
[0.208s] Level 1:colcon.colcon_core.package_identification:_identify(src/msauber_description) by extensions ['ros']
[0.208s] Level 1:colcon.colcon_core.package_identification:_identify(src/msauber_description) by extension 'ros'
[0.209s] DEBUG:colcon.colcon_core.package_identification:Package 'src/msauber_description' with type 'ros.ament_python' and name 'msauber_description'
[0.209s] Level 1:colcon.colcon_core.package_identification:_identify(src/msauber_sim) by extensions ['ignore', 'ignore_ament_install']
[0.209s] Level 1:colcon.colcon_core.package_identification:_identify(src/msauber_sim) by extension 'ignore'
[0.209s] Level 1:colcon.colcon_core.package_identification:_identify(src/msauber_sim) by extension 'ignore_ament_install'
[0.209s] Level 1:colcon.colcon_core.package_identification:_identify(src/msauber_sim) by extensions ['colcon_pkg']
[0.209s] Level 1:colcon.colcon_core.package_identification:_identify(src/msauber_sim) by extension 'colcon_pkg'
[0.209s] Level 1:colcon.colcon_core.package_identification:_identify(src/msauber_sim) by extensions ['colcon_meta']
[0.209s] Level 1:colcon.colcon_core.package_identification:_identify(src/msauber_sim) by extension 'colcon_meta'
[0.209s] Level 1:colcon.colcon_core.package_identification:_identify(src/msauber_sim) by extensions ['ros']
[0.209s] Level 1:colcon.colcon_core.package_identification:_identify(src/msauber_sim) by extension 'ros'
[0.210s] DEBUG:colcon.colcon_core.package_identification:Package 'src/msauber_sim' with type 'ros.ament_python' and name 'msauber_sim'
[0.210s] Level 1:colcon.colcon_core.package_discovery:discover_packages(recursive) using defaults
[0.210s] Level 1:colcon.colcon_core.package_discovery:discover_packages(ignore) discover
[0.210s] Level 1:colcon.colcon_core.package_discovery:discover_packages(ignore) using defaults
[0.210s] Level 1:colcon.colcon_core.package_discovery:discover_packages(path) discover
[0.210s] Level 1:colcon.colcon_core.package_discovery:discover_packages(path) using defaults
[0.230s] Level 1:colcon.colcon_core.package_discovery:discover_packages(prefix_path) check parameters
[0.230s] Level 1:colcon.colcon_core.package_discovery:discover_packages(prefix_path) discover
[0.233s] DEBUG:colcon.colcon_installed_package_information.package_discovery:Found 387 installed packages in /opt/ros/jazzy
[0.234s] Level 1:colcon.colcon_core.package_discovery:discover_packages(prefix_path) using defaults
[0.286s] Level 5:colcon.colcon_core.verb:set package 'msauber_control' build argument 'cmake_args' from command line to 'None'
[0.286s] Level 5:colcon.colcon_core.verb:set package 'msauber_control' build argument 'cmake_target' from command line to 'None'
[0.286s] Level 5:colcon.colcon_core.verb:set package 'msauber_control' build argument 'cmake_target_skip_unavailable' from command line to 'False'
[0.286s] Level 5:colcon.colcon_core.verb:set package 'msauber_control' build argument 'cmake_clean_cache' from command line to 'False'
[0.286s] Level 5:colcon.colcon_core.verb:set package 'msauber_control' build argument 'cmake_clean_first' from command line to 'False'
[0.286s] Level 5:colcon.colcon_core.verb:set package 'msauber_control' build argument 'cmake_force_configure' from command line to 'False'
[0.286s] Level 5:colcon.colcon_core.verb:set package 'msauber_control' build argument 'ament_cmake_args' from command line to 'None'
[0.286s] Level 5:colcon.colcon_core.verb:set package 'msauber_control' build argument 'catkin_cmake_args' from command line to 'None'
[0.286s] Level 5:colcon.colcon_core.verb:set package 'msauber_control' build argument 'catkin_skip_building_tests' from command line to 'False'
[0.286s] DEBUG:colcon.colcon_core.verb:Building package 'msauber_control' with the following arguments: {'ament_cmake_args': None, 'build_base': '/home/andreas/dev_ws/msauber_stack/build/msauber_control', 'catkin_cmake_args': None, 'catkin_skip_building_tests': False, 'cmake_args': None, 'cmake_clean_cache': False, 'cmake_clean_first': False, 'cmake_force_configure': False, 'cmake_target': None, 'cmake_target_skip_unavailable': False, 'install_base': '/home/andreas/dev_ws/msauber_stack/install/msauber_control', 'merge_install': False, 'path': '/home/andreas/dev_ws/msauber_stack/src/msauber_control', 'symlink_install': True, 'test_result_base': None}
[0.286s] Level 5:colcon.colcon_core.verb:set package 'msauber_description' build argument 'cmake_args' from command line to 'None'
[0.286s] Level 5:colcon.colcon_core.verb:set package 'msauber_description' build argument 'cmake_target' from command line to 'None'
[0.286s] Level 5:colcon.colcon_core.verb:set package 'msauber_description' build argument 'cmake_target_skip_unavailable' from command line to 'False'
[0.286s] Level 5:colcon.colcon_core.verb:set package 'msauber_description' build argument 'cmake_clean_cache' from command line to 'False'
[0.286s] Level 5:colcon.colcon_core.verb:set package 'msauber_description' build argument 'cmake_clean_first' from command line to 'False'
[0.286s] Level 5:colcon.colcon_core.verb:set package 'msauber_description' build argument 'cmake_force_configure' from command line to 'False'
[0.286s] Level 5:colcon.colcon_core.verb:set package 'msauber_description' build argument 'ament_cmake_args' from command line to 'None'
[0.286s] Level 5:colcon.colcon_core.verb:set package 'msauber_description' build argument 'catkin_cmake_args' from command line to 'None'
[0.286s] Level 5:colcon.colcon_core.verb:set package 'msauber_description' build argument 'catkin_skip_building_tests' from command line to 'False'
[0.286s] DEBUG:colcon.colcon_core.verb:Building package 'msauber_description' with the following arguments: {'ament_cmake_args': None, 'build_base': '/home/andreas/dev_ws/msauber_stack/build/msauber_description', 'catkin_cmake_args': None, 'catkin_skip_building_tests': False, 'cmake_args': None, 'cmake_clean_cache': False, 'cmake_clean_first': False, 'cmake_force_configure': False, 'cmake_target': None, 'cmake_target_skip_unavailable': False, 'install_base': '/home/andreas/dev_ws/msauber_stack/install/msauber_description', 'merge_install': False, 'path': '/home/andreas/dev_ws/msauber_stack/src/msauber_description', 'symlink_install': True, 'test_result_base': None}
[0.287s] Level 5:colcon.colcon_core.verb:set package 'msauber_sim' build argument 'cmake_args' from command line to 'None'
[0.287s] Level 5:colcon.colcon_core.verb:set package 'msauber_sim' build argument 'cmake_target' from command line to 'None'
[0.287s] Level 5:colcon.colcon_core.verb:set package 'msauber_sim' build argument 'cmake_target_skip_unavailable' from command line to 'False'
[0.287s] Level 5:colcon.colcon_core.verb:set package 'msauber_sim' build argument 'cmake_clean_cache' from command line to 'False'
[0.287s] Level 5:colcon.colcon_core.verb:set package 'msauber_sim' build argument 'cmake_clean_first' from command line to 'False'
[0.287s] Level 5:colcon.colcon_core.verb:set package 'msauber_sim' build argument 'cmake_force_configure' from command line to 'False'
[0.287s] Level 5:colcon.colcon_core.verb:set package 'msauber_sim' build argument 'ament_cmake_args' from command line to 'None'
[0.287s] Level 5:colcon.colcon_core.verb:set package 'msauber_sim' build argument 'catkin_cmake_args' from command line to 'None'
[0.287s] Level 5:colcon.colcon_core.verb:set package 'msauber_sim' build argument 'catkin_skip_building_tests' from command line to 'False'
[0.287s] DEBUG:colcon.colcon_core.verb:Building package 'msauber_sim' with the following arguments: {'ament_cmake_args': None, 'build_base': '/home/andreas/dev_ws/msauber_stack/build/msauber_sim', 'catkin_cmake_args': None, 'catkin_skip_building_tests': False, 'cmake_args': None, 'cmake_clean_cache': False, 'cmake_clean_first': False, 'cmake_force_configure': False, 'cmake_target': None, 'cmake_target_skip_unavailable': False, 'install_base': '/home/andreas/dev_ws/msauber_stack/install/msauber_sim', 'merge_install': False, 'path': '/home/andreas/dev_ws/msauber_stack/src/msauber_sim', 'symlink_install': True, 'test_result_base': None}
[0.287s] Level 5:colcon.colcon_core.verb:set package 'msauber_bringup' build argument 'cmake_args' from command line to 'None'
[0.287s] Level 5:colcon.colcon_core.verb:set package 'msauber_bringup' build argument 'cmake_target' from command line to 'None'
[0.287s] Level 5:colcon.colcon_core.verb:set package 'msauber_bringup' build argument 'cmake_target_skip_unavailable' from command line to 'False'
[0.287s] Level 5:colcon.colcon_core.verb:set package 'msauber_bringup' build argument 'cmake_clean_cache' from command line to 'False'
[0.287s] Level 5:colcon.colcon_core.verb:set package 'msauber_bringup' build argument 'cmake_clean_first' from command line to 'False'
[0.287s] Level 5:colcon.colcon_core.verb:set package 'msauber_bringup' build argument 'cmake_force_configure' from command line to 'False'
[0.287s] Level 5:colcon.colcon_core.verb:set package 'msauber_bringup' build argument 'ament_cmake_args' from command line to 'None'
[0.287s] Level 5:colcon.colcon_core.verb:set package 'msauber_bringup' build argument 'catkin_cmake_args' from command line to 'None'
[0.287s] Level 5:colcon.colcon_core.verb:set package 'msauber_bringup' build argument 'catkin_skip_building_tests' from command line to 'False'
[0.287s] DEBUG:colcon.colcon_core.verb:Building package 'msauber_bringup' with the following arguments: {'ament_cmake_args': None, 'build_base': '/home/andreas/dev_ws/msauber_stack/build/msauber_bringup', 'catkin_cmake_args': None, 'catkin_skip_building_tests': False, 'cmake_args': None, 'cmake_clean_cache': False, 'cmake_clean_first': False, 'cmake_force_configure': False, 'cmake_target': None, 'cmake_target_skip_unavailable': False, 'install_base': '/home/andreas/dev_ws/msauber_stack/install/msauber_bringup', 'merge_install': False, 'path': '/home/andreas/dev_ws/msauber_stack/src/msauber_bringup', 'symlink_install': True, 'test_result_base': None}
[0.287s] INFO:colcon.colcon_core.executor:Executing jobs using 'parallel' executor
[0.288s] DEBUG:colcon.colcon_parallel_executor.executor.parallel:run_until_complete
[0.289s] INFO:colcon.colcon_ros.task.ament_python.build:Building ROS package in '/home/andreas/dev_ws/msauber_stack/src/msauber_control' with build type 'ament_python'
[0.289s] Level 1:colcon.colcon_core.shell:create_environment_hook('msauber_control', 'ament_prefix_path')
[0.290s] INFO:colcon.colcon_core.plugin_system:Skipping extension 'colcon_core.shell.bat': Not used on non-Windows systems
[0.291s] INFO:colcon.colcon_core.shell:Creating environment hook '/home/andreas/dev_ws/msauber_stack/install/msauber_control/share/msauber_control/hook/ament_prefix_path.ps1'
[0.291s] INFO:colcon.colcon_core.shell:Creating environment descriptor '/home/andreas/dev_ws/msauber_stack/install/msauber_control/share/msauber_control/hook/ament_prefix_path.dsv'
[0.292s] INFO:colcon.colcon_core.shell:Creating environment hook '/home/andreas/dev_ws/msauber_stack/install/msauber_control/share/msauber_control/hook/ament_prefix_path.sh'
[0.292s] INFO:colcon.colcon_core.shell:Skip shell extension 'powershell' for command environment: Not usable outside of PowerShell
[0.292s] DEBUG:colcon.colcon_core.shell:Skip shell extension 'dsv' for command environment
[0.295s] INFO:colcon.colcon_ros.task.ament_python.build:Building ROS package in '/home/andreas/dev_ws/msauber_stack/src/msauber_description' with build type 'ament_python'
[0.295s] Level 1:colcon.colcon_core.shell:create_environment_hook('msauber_description', 'ament_prefix_path')
[0.295s] INFO:colcon.colcon_core.shell:Creating environment hook '/home/andreas/dev_ws/msauber_stack/install/msauber_description/share/msauber_description/hook/ament_prefix_path.ps1'
[0.296s] INFO:colcon.colcon_core.shell:Creating environment descriptor '/home/andreas/dev_ws/msauber_stack/install/msauber_description/share/msauber_description/hook/ament_prefix_path.dsv'
[0.296s] INFO:colcon.colcon_core.shell:Creating environment hook '/home/andreas/dev_ws/msauber_stack/install/msauber_description/share/msauber_description/hook/ament_prefix_path.sh'
[0.297s] INFO:colcon.colcon_core.shell:Skip shell extension 'powershell' for command environment: Not usable outside of PowerShell
[0.297s] DEBUG:colcon.colcon_core.shell:Skip shell extension 'dsv' for command environment
[0.299s] INFO:colcon.colcon_ros.task.ament_python.build:Building ROS package in '/home/andreas/dev_ws/msauber_stack/src/msauber_sim' with build type 'ament_python'
[0.299s] Level 1:colcon.colcon_core.shell:create_environment_hook('msauber_sim', 'ament_prefix_path')
[0.300s] INFO:colcon.colcon_core.shell:Creating environment hook '/home/andreas/dev_ws/msauber_stack/install/msauber_sim/share/msauber_sim/hook/ament_prefix_path.ps1'
[0.300s] INFO:colcon.colcon_core.shell:Creating environment descriptor '/home/andreas/dev_ws/msauber_stack/install/msauber_sim/share/msauber_sim/hook/ament_prefix_path.dsv'
[0.301s] INFO:colcon.colcon_core.shell:Creating environment hook '/home/andreas/dev_ws/msauber_stack/install/msauber_sim/share/msauber_sim/hook/ament_prefix_path.sh'
[0.301s] INFO:colcon.colcon_core.shell:Skip shell extension 'powershell' for command environment: Not usable outside of PowerShell
[0.301s] DEBUG:colcon.colcon_core.shell:Skip shell extension 'dsv' for command environment
[0.595s] INFO:colcon.colcon_core.task.python.build:Building Python package in '/home/andreas/dev_ws/msauber_stack/src/msauber_control'
[0.595s] INFO:colcon.colcon_core.shell:Skip shell extension 'powershell' for command environment: Not usable outside of PowerShell
[0.595s] DEBUG:colcon.colcon_core.shell:Skip shell extension 'dsv' for command environment
[0.894s] INFO:colcon.colcon_core.task.python.build:Building Python package in '/home/andreas/dev_ws/msauber_stack/src/msauber_description'
[0.895s] INFO:colcon.colcon_core.shell:Skip shell extension 'powershell' for command environment: Not usable outside of PowerShell
[0.895s] DEBUG:colcon.colcon_core.shell:Skip shell extension 'dsv' for command environment
[1.191s] INFO:colcon.colcon_core.task.python.build:Building Python package in '/home/andreas/dev_ws/msauber_stack/src/msauber_sim'
[1.192s] INFO:colcon.colcon_core.shell:Skip shell extension 'powershell' for command environment: Not usable outside of PowerShell
[1.192s] DEBUG:colcon.colcon_core.shell:Skip shell extension 'dsv' for command environment
[2.548s] DEBUG:colcon.colcon_core.event_handler.log_command:Invoking command in '/home/andreas/dev_ws/msauber_stack/build/msauber_sim': DEBUGINFOD_URLS=https://debuginfod.ubuntu.com PS1=(my_py_venv) %m%# PYTHONPATH=/home/andreas/dev_ws/msauber_stack/build/msauber_sim/prefix_override:/usr/lib/python3/dist-packages/colcon_core/task/python/colcon_distutils_commands:/home/andreas/dev_ws/msauber_stack/install/msauber_sim/lib/python3.12/site-packages:${PYTHONPATH} VIRTUAL_ENV_PROMPT=(my_py_venv) /usr/bin/python3 -W ignore:setup.py install is deprecated -W ignore:easy_install command is deprecated setup.py develop --editable --build-directory /home/andreas/dev_ws/msauber_stack/build/msauber_sim/build --no-deps symlink_data
[2.561s] DEBUG:colcon.colcon_core.event_handler.log_command:Invoking command in '/home/andreas/dev_ws/msauber_stack/build/msauber_control': DEBUGINFOD_URLS=https://debuginfod.ubuntu.com PS1=(my_py_venv) %m%# PYTHONPATH=/home/andreas/dev_ws/msauber_stack/build/msauber_control/prefix_override:/usr/lib/python3/dist-packages/colcon_core/task/python/colcon_distutils_commands:/home/andreas/dev_ws/msauber_stack/install/msauber_control/lib/python3.12/site-packages:${PYTHONPATH} VIRTUAL_ENV_PROMPT=(my_py_venv) /usr/bin/python3 -W ignore:setup.py install is deprecated -W ignore:easy_install command is deprecated setup.py develop --editable --build-directory /home/andreas/dev_ws/msauber_stack/build/msauber_control/build --no-deps symlink_data
[2.577s] DEBUG:colcon.colcon_core.event_handler.log_command:Invoking command in '/home/andreas/dev_ws/msauber_stack/build/msauber_description': DEBUGINFOD_URLS=https://debuginfod.ubuntu.com PS1=(my_py_venv) %m%# PYTHONPATH=/home/andreas/dev_ws/msauber_stack/build/msauber_description/prefix_override:/usr/lib/python3/dist-packages/colcon_core/task/python/colcon_distutils_commands:/home/andreas/dev_ws/msauber_stack/install/msauber_description/lib/python3.12/site-packages:${PYTHONPATH} VIRTUAL_ENV_PROMPT=(my_py_venv) /usr/bin/python3 -W ignore:setup.py install is deprecated -W ignore:easy_install command is deprecated setup.py develop --editable --build-directory /home/andreas/dev_ws/msauber_stack/build/msauber_description/build --no-deps symlink_data
[4.832s] Level 1:colcon.colcon_core.shell:create_environment_hook('msauber_sim', 'pythonpath_develop')
[4.833s] INFO:colcon.colcon_core.shell:Creating environment hook '/home/andreas/dev_ws/msauber_stack/build/msauber_sim/share/msauber_sim/hook/pythonpath_develop.ps1'
[4.834s] DEBUG:colcon.colcon_core.event_handler.log_command:Invoked command in '/home/andreas/dev_ws/msauber_stack/build/msauber_sim' returned '0': DEBUGINFOD_URLS=https://debuginfod.ubuntu.com PS1=(my_py_venv) %m%# PYTHONPATH=/home/andreas/dev_ws/msauber_stack/build/msauber_sim/prefix_override:/usr/lib/python3/dist-packages/colcon_core/task/python/colcon_distutils_commands:/home/andreas/dev_ws/msauber_stack/install/msauber_sim/lib/python3.12/site-packages:${PYTHONPATH} VIRTUAL_ENV_PROMPT=(my_py_venv) /usr/bin/python3 -W ignore:setup.py install is deprecated -W ignore:easy_install command is deprecated setup.py develop --editable --build-directory /home/andreas/dev_ws/msauber_stack/build/msauber_sim/build --no-deps symlink_data
[4.835s] INFO:colcon.colcon_core.shell:Creating environment descriptor '/home/andreas/dev_ws/msauber_stack/build/msauber_sim/share/msauber_sim/hook/pythonpath_develop.dsv'
[4.835s] INFO:colcon.colcon_core.shell:Creating environment hook '/home/andreas/dev_ws/msauber_stack/build/msauber_sim/share/msauber_sim/hook/pythonpath_develop.sh'
[4.840s] Level 1:colcon.colcon_core.environment:checking '/home/andreas/dev_ws/msauber_stack/install/msauber_sim' for CMake module files
[4.841s] Level 1:colcon.colcon_core.environment:checking '/home/andreas/dev_ws/msauber_stack/install/msauber_sim' for CMake config files
[4.842s] Level 1:colcon.colcon_core.environment:checking '/home/andreas/dev_ws/msauber_stack/install/msauber_sim/lib'
[4.843s] Level 1:colcon.colcon_core.environment:checking '/home/andreas/dev_ws/msauber_stack/install/msauber_sim/bin'
[4.843s] Level 1:colcon.colcon_core.environment:checking '/home/andreas/dev_ws/msauber_stack/install/msauber_sim/lib/pkgconfig/msauber_sim.pc'
[4.843s] Level 1:colcon.colcon_core.environment:checking '/home/andreas/dev_ws/msauber_stack/install/msauber_sim/lib/python3.12/site-packages'
[4.844s] Level 1:colcon.colcon_core.shell:create_environment_hook('msauber_sim', 'pythonpath')
[4.844s] INFO:colcon.colcon_core.shell:Creating environment hook '/home/andreas/dev_ws/msauber_stack/install/msauber_sim/share/msauber_sim/hook/pythonpath.ps1'
[4.845s] INFO:colcon.colcon_core.shell:Creating environment descriptor '/home/andreas/dev_ws/msauber_stack/install/msauber_sim/share/msauber_sim/hook/pythonpath.dsv'
[4.846s] INFO:colcon.colcon_core.shell:Creating environment hook '/home/andreas/dev_ws/msauber_stack/install/msauber_sim/share/msauber_sim/hook/pythonpath.sh'
[4.847s] Level 1:colcon.colcon_core.environment:checking '/home/andreas/dev_ws/msauber_stack/install/msauber_sim/bin'
[4.847s] Level 1:colcon.colcon_core.environment:create_environment_scripts_only(msauber_sim)
[4.848s] INFO:colcon.colcon_core.shell:Creating package script '/home/andreas/dev_ws/msauber_stack/install/msauber_sim/share/msauber_sim/package.ps1'
[4.849s] INFO:colcon.colcon_core.shell:Creating package descriptor '/home/andreas/dev_ws/msauber_stack/install/msauber_sim/share/msauber_sim/package.dsv'
[4.850s] INFO:colcon.colcon_core.shell:Creating package script '/home/andreas/dev_ws/msauber_stack/install/msauber_sim/share/msauber_sim/package.sh'
[4.852s] INFO:colcon.colcon_core.shell:Creating package script '/home/andreas/dev_ws/msauber_stack/install/msauber_sim/share/msauber_sim/package.bash'
[4.853s] INFO:colcon.colcon_core.shell:Creating package script '/home/andreas/dev_ws/msauber_stack/install/msauber_sim/share/msauber_sim/package.zsh'
[4.854s] Level 1:colcon.colcon_core.environment:create_file_with_runtime_dependencies(/home/andreas/dev_ws/msauber_stack/install/msauber_sim/share/colcon-core/packages/msauber_sim)
[4.855s] Level 1:colcon.colcon_core.shell:create_environment_hook('msauber_description', 'pythonpath_develop')
[4.856s] INFO:colcon.colcon_core.shell:Creating environment hook '/home/andreas/dev_ws/msauber_stack/build/msauber_description/share/msauber_description/hook/pythonpath_develop.ps1'
[4.858s] DEBUG:colcon.colcon_core.event_handler.log_command:Invoked command in '/home/andreas/dev_ws/msauber_stack/build/msauber_description' returned '0': DEBUGINFOD_URLS=https://debuginfod.ubuntu.com PS1=(my_py_venv) %m%# PYTHONPATH=/home/andreas/dev_ws/msauber_stack/build/msauber_description/prefix_override:/usr/lib/python3/dist-packages/colcon_core/task/python/colcon_distutils_commands:/home/andreas/dev_ws/msauber_stack/install/msauber_description/lib/python3.12/site-packages:${PYTHONPATH} VIRTUAL_ENV_PROMPT=(my_py_venv) /usr/bin/python3 -W ignore:setup.py install is deprecated -W ignore:easy_install command is deprecated setup.py develop --editable --build-directory /home/andreas/dev_ws/msauber_stack/build/msauber_description/build --no-deps symlink_data
[4.859s] INFO:colcon.colcon_core.shell:Creating environment descriptor '/home/andreas/dev_ws/msauber_stack/build/msauber_description/share/msauber_description/hook/pythonpath_develop.dsv'
[4.860s] INFO:colcon.colcon_core.shell:Creating environment hook '/home/andreas/dev_ws/msauber_stack/build/msauber_description/share/msauber_description/hook/pythonpath_develop.sh'
[4.861s] Level 1:colcon.colcon_core.environment:checking '/home/andreas/dev_ws/msauber_stack/install/msauber_description' for CMake module files
[4.863s] Level 1:colcon.colcon_core.environment:checking '/home/andreas/dev_ws/msauber_stack/install/msauber_description' for CMake config files
[4.864s] Level 1:colcon.colcon_core.environment:checking '/home/andreas/dev_ws/msauber_stack/install/msauber_description/lib'
[4.865s] Level 1:colcon.colcon_core.environment:checking '/home/andreas/dev_ws/msauber_stack/install/msauber_description/bin'
[4.865s] Level 1:colcon.colcon_core.environment:checking '/home/andreas/dev_ws/msauber_stack/install/msauber_description/lib/pkgconfig/msauber_description.pc'
[4.865s] Level 1:colcon.colcon_core.environment:checking '/home/andreas/dev_ws/msauber_stack/install/msauber_description/lib/python3.12/site-packages'
[4.866s] Level 1:colcon.colcon_core.shell:create_environment_hook('msauber_description', 'pythonpath')
[4.866s] INFO:colcon.colcon_core.shell:Creating environment hook '/home/andreas/dev_ws/msauber_stack/install/msauber_description/share/msauber_description/hook/pythonpath.ps1'
[4.868s] INFO:colcon.colcon_core.shell:Creating environment descriptor '/home/andreas/dev_ws/msauber_stack/install/msauber_description/share/msauber_description/hook/pythonpath.dsv'
[4.869s] INFO:colcon.colcon_core.shell:Creating environment hook '/home/andreas/dev_ws/msauber_stack/install/msauber_description/share/msauber_description/hook/pythonpath.sh'
[4.870s] Level 1:colcon.colcon_core.environment:checking '/home/andreas/dev_ws/msauber_stack/install/msauber_description/bin'
[4.871s] Level 1:colcon.colcon_core.environment:create_environment_scripts_only(msauber_description)
[4.872s] INFO:colcon.colcon_core.shell:Creating package script '/home/andreas/dev_ws/msauber_stack/install/msauber_description/share/msauber_description/package.ps1'
[4.873s] INFO:colcon.colcon_core.shell:Creating package descriptor '/home/andreas/dev_ws/msauber_stack/install/msauber_description/share/msauber_description/package.dsv'
[4.874s] INFO:colcon.colcon_core.shell:Creating package script '/home/andreas/dev_ws/msauber_stack/install/msauber_description/share/msauber_description/package.sh'
[4.875s] INFO:colcon.colcon_core.shell:Creating package script '/home/andreas/dev_ws/msauber_stack/install/msauber_description/share/msauber_description/package.bash'
[4.875s] INFO:colcon.colcon_core.shell:Creating package script '/home/andreas/dev_ws/msauber_stack/install/msauber_description/share/msauber_description/package.zsh'
[4.876s] Level 1:colcon.colcon_core.environment:create_file_with_runtime_dependencies(/home/andreas/dev_ws/msauber_stack/install/msauber_description/share/colcon-core/packages/msauber_description)
[4.913s] Level 1:colcon.colcon_core.shell:create_environment_hook('msauber_control', 'pythonpath_develop')
[4.914s] INFO:colcon.colcon_core.shell:Creating environment hook '/home/andreas/dev_ws/msauber_stack/build/msauber_control/share/msauber_control/hook/pythonpath_develop.ps1'
[4.915s] DEBUG:colcon.colcon_core.event_handler.log_command:Invoked command in '/home/andreas/dev_ws/msauber_stack/build/msauber_control' returned '0': DEBUGINFOD_URLS=https://debuginfod.ubuntu.com PS1=(my_py_venv) %m%# PYTHONPATH=/home/andreas/dev_ws/msauber_stack/build/msauber_control/prefix_override:/usr/lib/python3/dist-packages/colcon_core/task/python/colcon_distutils_commands:/home/andreas/dev_ws/msauber_stack/install/msauber_control/lib/python3.12/site-packages:${PYTHONPATH} VIRTUAL_ENV_PROMPT=(my_py_venv) /usr/bin/python3 -W ignore:setup.py install is deprecated -W ignore:easy_install command is deprecated setup.py develop --editable --build-directory /home/andreas/dev_ws/msauber_stack/build/msauber_control/build --no-deps symlink_data
[4.916s] INFO:colcon.colcon_core.shell:Creating environment descriptor '/home/andreas/dev_ws/msauber_stack/build/msauber_control/share/msauber_control/hook/pythonpath_develop.dsv'
[4.917s] INFO:colcon.colcon_core.shell:Creating environment hook '/home/andreas/dev_ws/msauber_stack/build/msauber_control/share/msauber_control/hook/pythonpath_develop.sh'
[4.919s] Level 1:colcon.colcon_core.environment:checking '/home/andreas/dev_ws/msauber_stack/install/msauber_control' for CMake module files
[4.920s] Level 1:colcon.colcon_core.environment:checking '/home/andreas/dev_ws/msauber_stack/install/msauber_control' for CMake config files
[4.922s] Level 1:colcon.colcon_core.environment:checking '/home/andreas/dev_ws/msauber_stack/install/msauber_control/lib'
[4.923s] Level 1:colcon.colcon_core.environment:checking '/home/andreas/dev_ws/msauber_stack/install/msauber_control/bin'
[4.923s] Level 1:colcon.colcon_core.environment:checking '/home/andreas/dev_ws/msauber_stack/install/msauber_control/lib/pkgconfig/msauber_control.pc'
[4.924s] Level 1:colcon.colcon_core.environment:checking '/home/andreas/dev_ws/msauber_stack/install/msauber_control/lib/python3.12/site-packages'
[4.924s] Level 1:colcon.colcon_core.shell:create_environment_hook('msauber_control', 'pythonpath')
[4.924s] INFO:colcon.colcon_core.shell:Creating environment hook '/home/andreas/dev_ws/msauber_stack/install/msauber_control/share/msauber_control/hook/pythonpath.ps1'
[4.926s] INFO:colcon.colcon_core.shell:Creating environment descriptor '/home/andreas/dev_ws/msauber_stack/install/msauber_control/share/msauber_control/hook/pythonpath.dsv'
[4.927s] INFO:colcon.colcon_core.shell:Creating environment hook '/home/andreas/dev_ws/msauber_stack/install/msauber_control/share/msauber_control/hook/pythonpath.sh'
[4.929s] Level 1:colcon.colcon_core.environment:checking '/home/andreas/dev_ws/msauber_stack/install/msauber_control/bin'
[4.929s] Level 1:colcon.colcon_core.environment:create_environment_scripts_only(msauber_control)
[4.930s] INFO:colcon.colcon_core.shell:Creating package script '/home/andreas/dev_ws/msauber_stack/install/msauber_control/share/msauber_control/package.ps1'
[4.931s] INFO:colcon.colcon_core.shell:Creating package descriptor '/home/andreas/dev_ws/msauber_stack/install/msauber_control/share/msauber_control/package.dsv'
[4.933s] INFO:colcon.colcon_core.shell:Creating package script '/home/andreas/dev_ws/msauber_stack/install/msauber_control/share/msauber_control/package.sh'
[4.934s] INFO:colcon.colcon_core.shell:Creating package script '/home/andreas/dev_ws/msauber_stack/install/msauber_control/share/msauber_control/package.bash'
[4.935s] INFO:colcon.colcon_core.shell:Creating package script '/home/andreas/dev_ws/msauber_stack/install/msauber_control/share/msauber_control/package.zsh'
[4.936s] Level 1:colcon.colcon_core.environment:create_file_with_runtime_dependencies(/home/andreas/dev_ws/msauber_stack/install/msauber_control/share/colcon-core/packages/msauber_control)
[4.936s] INFO:colcon.colcon_ros.task.ament_python.build:Building ROS package in '/home/andreas/dev_ws/msauber_stack/src/msauber_bringup' with build type 'ament_python'
[4.937s] Level 1:colcon.colcon_core.shell:create_environment_hook('msauber_bringup', 'ament_prefix_path')
[4.937s] INFO:colcon.colcon_core.shell:Creating environment hook '/home/andreas/dev_ws/msauber_stack/install/msauber_bringup/share/msauber_bringup/hook/ament_prefix_path.ps1'
[4.939s] INFO:colcon.colcon_core.shell:Creating environment descriptor '/home/andreas/dev_ws/msauber_stack/install/msauber_bringup/share/msauber_bringup/hook/ament_prefix_path.dsv'
[4.940s] INFO:colcon.colcon_core.shell:Creating environment hook '/home/andreas/dev_ws/msauber_stack/install/msauber_bringup/share/msauber_bringup/hook/ament_prefix_path.sh'
[4.942s] INFO:colcon.colcon_core.shell:Skip shell extension 'powershell' for command environment: Not usable outside of PowerShell
[4.942s] DEBUG:colcon.colcon_core.shell:Skip shell extension 'dsv' for command environment
[5.549s] INFO:colcon.colcon_core.task.python.build:Building Python package in '/home/andreas/dev_ws/msauber_stack/src/msauber_bringup'
[5.549s] INFO:colcon.colcon_core.shell:Skip shell extension 'powershell' for command environment: Not usable outside of PowerShell
[5.549s] DEBUG:colcon.colcon_core.shell:Skip shell extension 'dsv' for command environment
[6.788s] DEBUG:colcon.colcon_core.event_handler.log_command:Invoking command in '/home/andreas/dev_ws/msauber_stack/build/msauber_bringup': AMENT_PREFIX_PATH=/home/andreas/dev_ws/msauber_stack/install/msauber_sim:/home/andreas/dev_ws/msauber_stack/install/msauber_description:/home/andreas/dev_ws/msauber_stack/install/msauber_control:${AMENT_PREFIX_PATH} DEBUGINFOD_URLS=https://debuginfod.ubuntu.com PS1=(my_py_venv) %m%# PYTHONPATH=/home/andreas/dev_ws/msauber_stack/build/msauber_bringup/prefix_override:/usr/lib/python3/dist-packages/colcon_core/task/python/colcon_distutils_commands:/home/andreas/dev_ws/msauber_stack/install/msauber_bringup/lib/python3.12/site-packages:/home/andreas/dev_ws/msauber_stack/build/msauber_sim:/home/andreas/dev_ws/msauber_stack/install/msauber_sim/lib/python3.12/site-packages:/home/andreas/dev_ws/msauber_stack/build/msauber_description:/home/andreas/dev_ws/msauber_stack/install/msauber_description/lib/python3.12/site-packages:/home/andreas/dev_ws/msauber_stack/build/msauber_control:/home/andreas/dev_ws/msauber_stack/install/msauber_control/lib/python3.12/site-packages:${PYTHONPATH} VIRTUAL_ENV_PROMPT=(my_py_venv) /usr/bin/python3 -W ignore:setup.py install is deprecated -W ignore:easy_install command is deprecated setup.py develop --editable --build-directory /home/andreas/dev_ws/msauber_stack/build/msauber_bringup/build --no-deps symlink_data
[8.368s] Level 1:colcon.colcon_core.shell:create_environment_hook('msauber_bringup', 'pythonpath_develop')
[8.368s] INFO:colcon.colcon_core.shell:Creating environment hook '/home/andreas/dev_ws/msauber_stack/build/msauber_bringup/share/msauber_bringup/hook/pythonpath_develop.ps1'
[8.369s] DEBUG:colcon.colcon_core.event_handler.log_command:Invoked command in '/home/andreas/dev_ws/msauber_stack/build/msauber_bringup' returned '0': AMENT_PREFIX_PATH=/home/andreas/dev_ws/msauber_stack/install/msauber_sim:/home/andreas/dev_ws/msauber_stack/install/msauber_description:/home/andreas/dev_ws/msauber_stack/install/msauber_control:${AMENT_PREFIX_PATH} DEBUGINFOD_URLS=https://debuginfod.ubuntu.com PS1=(my_py_venv) %m%# PYTHONPATH=/home/andreas/dev_ws/msauber_stack/build/msauber_bringup/prefix_override:/usr/lib/python3/dist-packages/colcon_core/task/python/colcon_distutils_commands:/home/andreas/dev_ws/msauber_stack/install/msauber_bringup/lib/python3.12/site-packages:/home/andreas/dev_ws/msauber_stack/build/msauber_sim:/home/andreas/dev_ws/msauber_stack/install/msauber_sim/lib/python3.12/site-packages:/home/andreas/dev_ws/msauber_stack/build/msauber_description:/home/andreas/dev_ws/msauber_stack/install/msauber_description/lib/python3.12/site-packages:/home/andreas/dev_ws/msauber_stack/build/msauber_control:/home/andreas/dev_ws/msauber_stack/install/msauber_control/lib/python3.12/site-packages:${PYTHONPATH} VIRTUAL_ENV_PROMPT=(my_py_venv) /usr/bin/python3 -W ignore:setup.py install is deprecated -W ignore:easy_install command is deprecated setup.py develop --editable --build-directory /home/andreas/dev_ws/msauber_stack/build/msauber_bringup/build --no-deps symlink_data
[8.370s] INFO:colcon.colcon_core.shell:Creating environment descriptor '/home/andreas/dev_ws/msauber_stack/build/msauber_bringup/share/msauber_bringup/hook/pythonpath_develop.dsv'
[8.370s] INFO:colcon.colcon_core.shell:Creating environment hook '/home/andreas/dev_ws/msauber_stack/build/msauber_bringup/share/msauber_bringup/hook/pythonpath_develop.sh'
[8.371s] Level 1:colcon.colcon_core.environment:checking '/home/andreas/dev_ws/msauber_stack/install/msauber_bringup' for CMake module files
[8.371s] Level 1:colcon.colcon_core.environment:checking '/home/andreas/dev_ws/msauber_stack/install/msauber_bringup' for CMake config files
[8.372s] Level 1:colcon.colcon_core.environment:checking '/home/andreas/dev_ws/msauber_stack/install/msauber_bringup/lib'
[8.372s] Level 1:colcon.colcon_core.environment:checking '/home/andreas/dev_ws/msauber_stack/install/msauber_bringup/bin'
[8.372s] Level 1:colcon.colcon_core.environment:checking '/home/andreas/dev_ws/msauber_stack/install/msauber_bringup/lib/pkgconfig/msauber_bringup.pc'
[8.373s] Level 1:colcon.colcon_core.environment:checking '/home/andreas/dev_ws/msauber_stack/install/msauber_bringup/lib/python3.12/site-packages'
[8.373s] Level 1:colcon.colcon_core.shell:create_environment_hook('msauber_bringup', 'pythonpath')
[8.373s] INFO:colcon.colcon_core.shell:Creating environment hook '/home/andreas/dev_ws/msauber_stack/install/msauber_bringup/share/msauber_bringup/hook/pythonpath.ps1'
[8.374s] INFO:colcon.colcon_core.shell:Creating environment descriptor '/home/andreas/dev_ws/msauber_stack/install/msauber_bringup/share/msauber_bringup/hook/pythonpath.dsv'
[8.374s] INFO:colcon.colcon_core.shell:Creating environment hook '/home/andreas/dev_ws/msauber_stack/install/msauber_bringup/share/msauber_bringup/hook/pythonpath.sh'
[8.375s] Level 1:colcon.colcon_core.environment:checking '/home/andreas/dev_ws/msauber_stack/install/msauber_bringup/bin'
[8.375s] Level 1:colcon.colcon_core.environment:create_environment_scripts_only(msauber_bringup)
[8.375s] INFO:colcon.colcon_core.shell:Creating package script '/home/andreas/dev_ws/msauber_stack/install/msauber_bringup/share/msauber_bringup/package.ps1'
[8.376s] INFO:colcon.colcon_core.shell:Creating package descriptor '/home/andreas/dev_ws/msauber_stack/install/msauber_bringup/share/msauber_bringup/package.dsv'
[8.377s] INFO:colcon.colcon_core.shell:Creating package script '/home/andreas/dev_ws/msauber_stack/install/msauber_bringup/share/msauber_bringup/package.sh'
[8.377s] INFO:colcon.colcon_core.shell:Creating package script '/home/andreas/dev_ws/msauber_stack/install/msauber_bringup/share/msauber_bringup/package.bash'
[8.378s] INFO:colcon.colcon_core.shell:Creating package script '/home/andreas/dev_ws/msauber_stack/install/msauber_bringup/share/msauber_bringup/package.zsh'
[8.378s] Level 1:colcon.colcon_core.environment:create_file_with_runtime_dependencies(/home/andreas/dev_ws/msauber_stack/install/msauber_bringup/share/colcon-core/packages/msauber_bringup)
[8.379s] DEBUG:colcon.colcon_parallel_executor.executor.parallel:closing loop
[8.379s] DEBUG:colcon.colcon_parallel_executor.executor.parallel:loop closed
[8.379s] DEBUG:colcon.colcon_parallel_executor.executor.parallel:run_until_complete finished with '0'
[8.379s] DEBUG:colcon.colcon_core.event_reactor:joining thread
[8.392s] INFO:colcon.colcon_core.plugin_system:Skipping extension 'colcon_notification.desktop_notification.terminal_notifier': Not used on non-Darwin systems
[8.392s] INFO:colcon.colcon_core.plugin_system:Skipping extension 'colcon_notification.desktop_notification.win32': Not used on non-Windows systems
[8.392s] INFO:colcon.colcon_notification.desktop_notification:Sending desktop notification using 'notify2'
[8.414s] DEBUG:colcon.colcon_core.event_reactor:joined thread
[8.414s] INFO:colcon.colcon_core.shell:Creating prefix script '/home/andreas/dev_ws/msauber_stack/install/local_setup.ps1'
[8.415s] INFO:colcon.colcon_core.shell:Creating prefix util module '/home/andreas/dev_ws/msauber_stack/install/_local_setup_util_ps1.py'
[8.417s] INFO:colcon.colcon_core.shell:Creating prefix chain script '/home/andreas/dev_ws/msauber_stack/install/setup.ps1'
[8.418s] INFO:colcon.colcon_core.shell:Creating prefix script '/home/andreas/dev_ws/msauber_stack/install/local_setup.sh'
[8.419s] INFO:colcon.colcon_core.shell:Creating prefix util module '/home/andreas/dev_ws/msauber_stack/install/_local_setup_util_sh.py'
[8.420s] INFO:colcon.colcon_core.shell:Creating prefix chain script '/home/andreas/dev_ws/msauber_stack/install/setup.sh'
[8.421s] INFO:colcon.colcon_core.shell:Creating prefix script '/home/andreas/dev_ws/msauber_stack/install/local_setup.bash'
[8.422s] INFO:colcon.colcon_core.shell:Creating prefix chain script '/home/andreas/dev_ws/msauber_stack/install/setup.bash'
[8.423s] INFO:colcon.colcon_core.shell:Creating prefix script '/home/andreas/dev_ws/msauber_stack/install/local_setup.zsh'
[8.423s] INFO:colcon.colcon_core.shell:Creating prefix chain script '/home/andreas/dev_ws/msauber_stack/install/setup.zsh'
