[1.849s] Invoking command in '/home/andreas/dev_ws/msauber_stack/build/msauber_bringup': AMENT_PREFIX_PATH=/home/andreas/dev_ws/msauber_stack/install/msauber_sim:/home/andreas/dev_ws/msauber_stack/install/msauber_description:/home/andreas/dev_ws/msauber_stack/install/msauber_control:${AMENT_PREFIX_PATH} DEBUGINFOD_URLS=https://debuginfod.ubuntu.com PS1=(my_py_venv) %m%# PYTHONPATH=/home/andreas/dev_ws/msauber_stack/build/msauber_bringup/prefix_override:/usr/lib/python3/dist-packages/colcon_core/task/python/colcon_distutils_commands:/home/andreas/dev_ws/msauber_stack/install/msauber_bringup/lib/python3.12/site-packages:/home/andreas/dev_ws/msauber_stack/build/msauber_sim:/home/andreas/dev_ws/msauber_stack/install/msauber_sim/lib/python3.12/site-packages:/home/andreas/dev_ws/msauber_stack/build/msauber_description:/home/andreas/dev_ws/msauber_stack/install/msauber_description/lib/python3.12/site-packages:/home/andreas/dev_ws/msauber_stack/build/msauber_control:/home/andreas/dev_ws/msauber_stack/install/msauber_control/lib/python3.12/site-packages:${PYTHONPATH} VIRTUAL_ENV_PROMPT=(my_py_venv) /usr/bin/python3 -W ignore:setup.py install is deprecated -W ignore:easy_install command is deprecated setup.py develop --editable --build-directory /home/andreas/dev_ws/msauber_stack/build/msauber_bringup/build --no-deps symlink_data
[2.584s] running develop
[3.111s] running egg_info
[3.111s] creating msauber_bringup.egg-info
[3.162s] writing msauber_bringup.egg-info/PKG-INFO
[3.162s] writing dependency_links to msauber_bringup.egg-info/dependency_links.txt
[3.162s] writing requirements to msauber_bringup.egg-info/requires.txt
[3.162s] writing top-level names to msauber_bringup.egg-info/top_level.txt
[3.164s] writing manifest file 'msauber_bringup.egg-info/SOURCES.txt'
[3.296s] reading manifest file 'msauber_bringup.egg-info/SOURCES.txt'
[3.297s] writing manifest file 'msauber_bringup.egg-info/SOURCES.txt'
[3.369s] running build_ext
[3.370s] Creating /home/andreas/dev_ws/msauber_stack/install/msauber_bringup/lib/python3.12/site-packages/msauber-bringup.egg-link (link to .)
[3.370s] 
[3.370s] Installed /home/andreas/dev_ws/msauber_stack/build/msauber_bringup
[3.371s] running symlink_data
[3.371s] creating /home/andreas/dev_ws/msauber_stack/install/msauber_bringup/share/ament_index
[3.371s] creating /home/andreas/dev_ws/msauber_stack/install/msauber_bringup/share/ament_index/resource_index
[3.371s] creating /home/andreas/dev_ws/msauber_stack/install/msauber_bringup/share/ament_index/resource_index/packages
[3.372s] symbolically linking /home/andreas/dev_ws/msauber_stack/build/msauber_bringup/resource/msauber_bringup -> /home/andreas/dev_ws/msauber_stack/install/msauber_bringup/share/ament_index/resource_index/packages
[3.372s] symbolically linking /home/andreas/dev_ws/msauber_stack/build/msauber_bringup/package.xml -> /home/andreas/dev_ws/msauber_stack/install/msauber_bringup/share/msauber_bringup
[3.372s] creating /home/andreas/dev_ws/msauber_stack/install/msauber_bringup/share/msauber_bringup/launch
[3.372s] symbolically linking /home/andreas/dev_ws/msauber_stack/build/msauber_bringup/launch/sim_bringup.launch.py -> /home/andreas/dev_ws/msauber_stack/install/msauber_bringup/share/msauber_bringup/launch
[3.430s] Invoked command in '/home/andreas/dev_ws/msauber_stack/build/msauber_bringup' returned '0': AMENT_PREFIX_PATH=/home/andreas/dev_ws/msauber_stack/install/msauber_sim:/home/andreas/dev_ws/msauber_stack/install/msauber_description:/home/andreas/dev_ws/msauber_stack/install/msauber_control:${AMENT_PREFIX_PATH} DEBUGINFOD_URLS=https://debuginfod.ubuntu.com PS1=(my_py_venv) %m%# PYTHONPATH=/home/andreas/dev_ws/msauber_stack/build/msauber_bringup/prefix_override:/usr/lib/python3/dist-packages/colcon_core/task/python/colcon_distutils_commands:/home/andreas/dev_ws/msauber_stack/install/msauber_bringup/lib/python3.12/site-packages:/home/andreas/dev_ws/msauber_stack/build/msauber_sim:/home/andreas/dev_ws/msauber_stack/install/msauber_sim/lib/python3.12/site-packages:/home/andreas/dev_ws/msauber_stack/build/msauber_description:/home/andreas/dev_ws/msauber_stack/install/msauber_description/lib/python3.12/site-packages:/home/andreas/dev_ws/msauber_stack/build/msauber_control:/home/andreas/dev_ws/msauber_stack/install/msauber_control/lib/python3.12/site-packages:${PYTHONPATH} VIRTUAL_ENV_PROMPT=(my_py_venv) /usr/bin/python3 -W ignore:setup.py install is deprecated -W ignore:easy_install command is deprecated setup.py develop --editable --build-directory /home/andreas/dev_ws/msauber_stack/build/msauber_bringup/build --no-deps symlink_data
