running develop
running egg_info
creating msauber_perception.egg-info
writing msauber_perception.egg-info/PKG-INFO
writing dependency_links to msauber_perception.egg-info/dependency_links.txt
writing requirements to msauber_perception.egg-info/requires.txt
writing top-level names to msauber_perception.egg-info/top_level.txt
writing manifest file 'msauber_perception.egg-info/SOURCES.txt'
reading manifest file 'msauber_perception.egg-info/SOURCES.txt'
writing manifest file 'msauber_perception.egg-info/SOURCES.txt'
running build_ext
Creating /home/andreas/dev_ws/msauber_stack/install/msauber_perception/lib/python3.12/site-packages/msauber-perception.egg-link (link to .)

Installed /home/andreas/dev_ws/msauber_stack/build/msauber_perception
running symlink_data
creating /home/andreas/dev_ws/msauber_stack/install/msauber_perception/share/ament_index
creating /home/andreas/dev_ws/msauber_stack/install/msauber_perception/share/ament_index/resource_index
creating /home/andreas/dev_ws/msauber_stack/install/msauber_perception/share/ament_index/resource_index/packages
symbolically linking /home/andreas/dev_ws/msauber_stack/build/msauber_perception/resource/msauber_perception -> /home/andreas/dev_ws/msauber_stack/install/msauber_perception/share/ament_index/resource_index/packages
symbolically linking /home/andreas/dev_ws/msauber_stack/build/msauber_perception/package.xml -> /home/andreas/dev_ws/msauber_stack/install/msauber_perception/share/msauber_perception
creating /home/andreas/dev_ws/msauber_stack/install/msauber_perception/share/msauber_perception/launch
symbolically linking /home/andreas/dev_ws/msauber_stack/build/msauber_perception/launch/perception.launch.py -> /home/andreas/dev_ws/msauber_stack/install/msauber_perception/share/msauber_perception/launch
symbolically linking /home/andreas/dev_ws/msauber_stack/build/msauber_perception/launch/yolo_bringup.launch.py -> /home/andreas/dev_ws/msauber_stack/install/msauber_perception/share/msauber_perception/launch
creating /home/andreas/dev_ws/msauber_stack/install/msauber_perception/share/msauber_perception/config
symbolically linking /home/andreas/dev_ws/msauber_stack/build/msauber_perception/config/perception.yaml -> /home/andreas/dev_ws/msauber_stack/install/msauber_perception/share/msauber_perception/config
symbolically linking /home/andreas/dev_ws/msauber_stack/build/msauber_perception/config/yolo.yaml -> /home/andreas/dev_ws/msauber_stack/install/msauber_perception/share/msauber_perception/config
