[1.840s] Invoking command in '/home/andreas/dev_ws/msauber_stack/build/msauber_perception': DEBUGINFOD_URLS=https://debuginfod.ubuntu.com PS1=(my_py_venv) %m%# PYTHONPATH=/home/andreas/dev_ws/msauber_stack/build/msauber_perception/prefix_override:/usr/lib/python3/dist-packages/colcon_core/task/python/colcon_distutils_commands:/home/andreas/dev_ws/msauber_stack/install/msauber_perception/lib/python3.12/site-packages:${PYTHONPATH} VIRTUAL_ENV_PROMPT=(my_py_venv) /usr/bin/python3 -W ignore:setup.py install is deprecated -W ignore:easy_install command is deprecated setup.py develop --editable --build-directory /home/andreas/dev_ws/msauber_stack/build/msauber_perception/build --no-deps symlink_data
[2.244s] running develop
[2.672s] running egg_info
[2.672s] creating msauber_perception.egg-info
[2.769s] writing msauber_perception.egg-info/PKG-INFO
[2.773s] writing dependency_links to msauber_perception.egg-info/dependency_links.txt
[2.774s] writing requirements to msauber_perception.egg-info/requires.txt
[2.774s] writing top-level names to msauber_perception.egg-info/top_level.txt
[2.774s] writing manifest file 'msauber_perception.egg-info/SOURCES.txt'
[3.021s] reading manifest file 'msauber_perception.egg-info/SOURCES.txt'
[3.023s] writing manifest file 'msauber_perception.egg-info/SOURCES.txt'
[3.138s] running build_ext
[3.138s] Creating /home/andreas/dev_ws/msauber_stack/install/msauber_perception/lib/python3.12/site-packages/msauber-perception.egg-link (link to .)
[3.140s] 
[3.140s] Installed /home/andreas/dev_ws/msauber_stack/build/msauber_perception
[3.141s] running symlink_data
[3.141s] creating /home/andreas/dev_ws/msauber_stack/install/msauber_perception/share/ament_index
[3.142s] creating /home/andreas/dev_ws/msauber_stack/install/msauber_perception/share/ament_index/resource_index
[3.142s] creating /home/andreas/dev_ws/msauber_stack/install/msauber_perception/share/ament_index/resource_index/packages
[3.143s] symbolically linking /home/andreas/dev_ws/msauber_stack/build/msauber_perception/resource/msauber_perception -> /home/andreas/dev_ws/msauber_stack/install/msauber_perception/share/ament_index/resource_index/packages
[3.143s] symbolically linking /home/andreas/dev_ws/msauber_stack/build/msauber_perception/package.xml -> /home/andreas/dev_ws/msauber_stack/install/msauber_perception/share/msauber_perception
[3.143s] creating /home/andreas/dev_ws/msauber_stack/install/msauber_perception/share/msauber_perception/launch
[3.144s] symbolically linking /home/andreas/dev_ws/msauber_stack/build/msauber_perception/launch/perception.launch.py -> /home/andreas/dev_ws/msauber_stack/install/msauber_perception/share/msauber_perception/launch
[3.144s] symbolically linking /home/andreas/dev_ws/msauber_stack/build/msauber_perception/launch/yolo_bringup.launch.py -> /home/andreas/dev_ws/msauber_stack/install/msauber_perception/share/msauber_perception/launch
[3.145s] creating /home/andreas/dev_ws/msauber_stack/install/msauber_perception/share/msauber_perception/config
[3.145s] symbolically linking /home/andreas/dev_ws/msauber_stack/build/msauber_perception/config/perception.yaml -> /home/andreas/dev_ws/msauber_stack/install/msauber_perception/share/msauber_perception/config
[3.145s] symbolically linking /home/andreas/dev_ws/msauber_stack/build/msauber_perception/config/yolo.yaml -> /home/andreas/dev_ws/msauber_stack/install/msauber_perception/share/msauber_perception/config
[3.230s] Invoked command in '/home/andreas/dev_ws/msauber_stack/build/msauber_perception' returned '0': DEBUGINFOD_URLS=https://debuginfod.ubuntu.com PS1=(my_py_venv) %m%# PYTHONPATH=/home/andreas/dev_ws/msauber_stack/build/msauber_perception/prefix_override:/usr/lib/python3/dist-packages/colcon_core/task/python/colcon_distutils_commands:/home/andreas/dev_ws/msauber_stack/install/msauber_perception/lib/python3.12/site-packages:${PYTHONPATH} VIRTUAL_ENV_PROMPT=(my_py_venv) /usr/bin/python3 -W ignore:setup.py install is deprecated -W ignore:easy_install command is deprecated setup.py develop --editable --build-directory /home/andreas/dev_ws/msauber_stack/build/msauber_perception/build --no-deps symlink_data
