[0.031s] Invoking command in '/home/andreas/dev_ws/msauber_stack/build/yolo_msgs': CMAKE_PREFIX_PATH=${CMAKE_PREFIX_PATH}:/home/andreas/dev_ws/msauber_stack/install/yolo_ros:/home/andreas/dev_ws/msauber_stack/install/msauber_bringup:/home/andreas/dev_ws/msauber_stack/install/msauber_sim:/home/andreas/dev_ws/msauber_stack/install/msauber_perception:/home/andreas/dev_ws/msauber_stack/install/msauber_navigation:/home/andreas/dev_ws/msauber_stack/install/msauber_description:/home/andreas/dev_ws/msauber_stack/install/msauber_control:/opt/ros/jazzy DEBUGINFOD_URLS=https://debuginfod.ubuntu.com PS1=(my_py_venv) %m%# VIRTUAL_ENV_PROMPT=(my_py_venv) /usr/bin/cmake /home/andreas/dev_ws/msauber_stack/src/yolo_ros/yolo_msgs -DAMENT_CMAKE_SYMLINK_INSTALL=1 -DCMAKE_INSTALL_PREFIX=/home/andreas/dev_ws/msauber_stack/install/yolo_msgs
[1.049s] -- The C compiler identification is GNU 13.3.0
[1.049s] -- The CXX compiler identification is GNU 13.3.0
[1.049s] -- Detecting C compiler ABI info
[1.049s] -- Detecting C compiler ABI info - done
[1.050s] -- Check for working C compiler: /usr/bin/cc - skipped
[1.050s] -- Detecting C compile features
[1.050s] -- Detecting C compile features - done
[1.050s] -- Detecting CXX compiler ABI info
[1.050s] -- Detecting CXX compiler ABI info - done
[1.050s] -- Check for working CXX compiler: /usr/bin/c++ - skipped
[1.050s] -- Detecting CXX compile features
[1.051s] -- Detecting CXX compile features - done
[1.051s] -- Found ament_cmake: 2.5.5 (/opt/ros/jazzy/share/ament_cmake/cmake)
[1.051s] -- Found Python3: /home/andreas/my_py_venv/bin/python3 (found version "3.12.3") found components: Interpreter 
[1.051s] -- Override CMake install command with custom implementation using symlinks instead of copying resources
[1.052s] -- Found rosidl_default_generators: 1.6.0 (/opt/ros/jazzy/share/rosidl_default_generators/cmake)
[1.052s] -- Using all available rosidl_typesupport_c: rosidl_typesupport_fastrtps_c;rosidl_typesupport_introspection_c
[1.052s] -- Using all available rosidl_typesupport_cpp: rosidl_typesupport_fastrtps_cpp;rosidl_typesupport_introspection_cpp
[1.052s] -- Found rosidl_adapter: 4.6.7 (/opt/ros/jazzy/share/rosidl_adapter/cmake)
[1.052s] -- Found std_msgs: 5.3.6 (/opt/ros/jazzy/share/std_msgs/cmake)
[1.052s] -- Found geometry_msgs: 5.3.6 (/opt/ros/jazzy/share/geometry_msgs/cmake)
[1.963s] -- Found ament_cmake_ros: 0.12.0 (/opt/ros/jazzy/share/ament_cmake_ros/cmake)
[4.065s] -- Using all available rosidl_typesupport_c: rosidl_typesupport_fastrtps_c;rosidl_typesupport_introspection_c
[7.679s] -- Using all available rosidl_typesupport_cpp: rosidl_typesupport_fastrtps_cpp;rosidl_typesupport_introspection_cpp
[7.698s] -- Found python_cmake_module: 0.11.1 (/opt/ros/jazzy/share/python_cmake_module/cmake)
[8.408s] -- Found PythonExtra: /home/andreas/my_py_venv/bin/python3  
[10.283s] -- Found Python3: /home/andreas/my_py_venv/bin/python3 (found version "3.12.3") found components: Interpreter Development NumPy Development.Module Development.Embed 
[10.473s] -- Configuring done (10.4s)
[10.587s] -- Generating done (0.1s)
[10.610s] -- Build files have been written to: /home/andreas/dev_ws/msauber_stack/build/yolo_msgs
[10.627s] Invoked command in '/home/andreas/dev_ws/msauber_stack/build/yolo_msgs' returned '0': CMAKE_PREFIX_PATH=${CMAKE_PREFIX_PATH}:/home/andreas/dev_ws/msauber_stack/install/yolo_ros:/home/andreas/dev_ws/msauber_stack/install/msauber_bringup:/home/andreas/dev_ws/msauber_stack/install/msauber_sim:/home/andreas/dev_ws/msauber_stack/install/msauber_perception:/home/andreas/dev_ws/msauber_stack/install/msauber_navigation:/home/andreas/dev_ws/msauber_stack/install/msauber_description:/home/andreas/dev_ws/msauber_stack/install/msauber_control:/opt/ros/jazzy DEBUGINFOD_URLS=https://debuginfod.ubuntu.com PS1=(my_py_venv) %m%# VIRTUAL_ENV_PROMPT=(my_py_venv) /usr/bin/cmake /home/andreas/dev_ws/msauber_stack/src/yolo_ros/yolo_msgs -DAMENT_CMAKE_SYMLINK_INSTALL=1 -DCMAKE_INSTALL_PREFIX=/home/andreas/dev_ws/msauber_stack/install/yolo_msgs
[10.630s] Invoking command in '/home/andreas/dev_ws/msauber_stack/build/yolo_msgs': CMAKE_PREFIX_PATH=${CMAKE_PREFIX_PATH}:/home/andreas/dev_ws/msauber_stack/install/yolo_ros:/home/andreas/dev_ws/msauber_stack/install/msauber_bringup:/home/andreas/dev_ws/msauber_stack/install/msauber_sim:/home/andreas/dev_ws/msauber_stack/install/msauber_perception:/home/andreas/dev_ws/msauber_stack/install/msauber_navigation:/home/andreas/dev_ws/msauber_stack/install/msauber_description:/home/andreas/dev_ws/msauber_stack/install/msauber_control:/opt/ros/jazzy DEBUGINFOD_URLS=https://debuginfod.ubuntu.com PS1=(my_py_venv) %m%# VIRTUAL_ENV_PROMPT=(my_py_venv) /usr/bin/cmake --build /home/andreas/dev_ws/msauber_stack/build/yolo_msgs -- -j8 -l8
[10.715s] [  0%] [34m[1mGenerating type hashes for ROS interfaces[0m
[11.739s] [  0%] Built target yolo_msgs__rosidl_generator_type_description
[11.772s] [  0%] Built target ament_cmake_python_symlink_yolo_msgs
[11.786s] [  0%] [34m[1mGenerating C code for ROS interfaces[0m
[15.236s] [  1%] [32mBuilding C object CMakeFiles/yolo_msgs__rosidl_generator_c.dir/rosidl_generator_c/yolo_msgs/msg/detail/point2_d__description.c.o[0m
[15.274s] [  1%] [32mBuilding C object CMakeFiles/yolo_msgs__rosidl_generator_c.dir/rosidl_generator_c/yolo_msgs/msg/detail/vector2__type_support.c.o[0m
[15.304s] [  2%] [32mBuilding C object CMakeFiles/yolo_msgs__rosidl_generator_c.dir/rosidl_generator_c/yolo_msgs/msg/detail/pose2_d__description.c.o[0m
[15.342s] [  3%] [32mBuilding C object CMakeFiles/yolo_msgs__rosidl_generator_c.dir/rosidl_generator_c/yolo_msgs/msg/detail/pose2_d__functions.c.o[0m
[15.390s] [  3%] [32mBuilding C object CMakeFiles/yolo_msgs__rosidl_generator_c.dir/rosidl_generator_c/yolo_msgs/msg/detail/pose2_d__type_support.c.o[0m
[15.419s] [  4%] [32mBuilding C object CMakeFiles/yolo_msgs__rosidl_generator_c.dir/rosidl_generator_c/yolo_msgs/msg/detail/bounding_box2_d__description.c.o[0m
[15.459s] [  5%] [32mBuilding C object CMakeFiles/yolo_msgs__rosidl_generator_c.dir/rosidl_generator_c/yolo_msgs/msg/detail/bounding_box2_d__functions.c.o[0m
[15.507s] [  5%] [32mBuilding C object CMakeFiles/yolo_msgs__rosidl_generator_c.dir/rosidl_generator_c/yolo_msgs/msg/detail/bounding_box2_d__type_support.c.o[0m
[15.536s] [  6%] [32mBuilding C object CMakeFiles/yolo_msgs__rosidl_generator_c.dir/rosidl_generator_c/yolo_msgs/msg/detail/bounding_box3_d__description.c.o[0m
[15.576s] [  7%] [32mBuilding C object CMakeFiles/yolo_msgs__rosidl_generator_c.dir/rosidl_generator_c/yolo_msgs/msg/detail/bounding_box3_d__functions.c.o[0m
[15.624s] [  7%] [32mBuilding C object CMakeFiles/yolo_msgs__rosidl_generator_c.dir/rosidl_generator_c/yolo_msgs/msg/detail/bounding_box3_d__type_support.c.o[0m
[15.653s] [  8%] [32mBuilding C object CMakeFiles/yolo_msgs__rosidl_generator_c.dir/rosidl_generator_c/yolo_msgs/msg/detail/mask__description.c.o[0m
[15.689s] [  8%] [32mBuilding C object CMakeFiles/yolo_msgs__rosidl_generator_c.dir/rosidl_generator_c/yolo_msgs/msg/detail/mask__functions.c.o[0m
[15.735s] [  9%] [32mBuilding C object CMakeFiles/yolo_msgs__rosidl_generator_c.dir/rosidl_generator_c/yolo_msgs/msg/detail/mask__type_support.c.o[0m
[15.764s] [ 10%] [32mBuilding C object CMakeFiles/yolo_msgs__rosidl_generator_c.dir/rosidl_generator_c/yolo_msgs/msg/detail/key_point2_d__description.c.o[0m
[15.800s] [ 10%] [32mBuilding C object CMakeFiles/yolo_msgs__rosidl_generator_c.dir/rosidl_generator_c/yolo_msgs/msg/detail/key_point2_d__functions.c.o[0m
[15.846s] [ 11%] [32mBuilding C object CMakeFiles/yolo_msgs__rosidl_generator_c.dir/rosidl_generator_c/yolo_msgs/msg/detail/key_point2_d__type_support.c.o[0m
[15.874s] [ 12%] [32mBuilding C object CMakeFiles/yolo_msgs__rosidl_generator_c.dir/rosidl_generator_c/yolo_msgs/msg/detail/key_point2_d_array__description.c.o[0m
[15.909s] [ 12%] [32mBuilding C object CMakeFiles/yolo_msgs__rosidl_generator_c.dir/rosidl_generator_c/yolo_msgs/msg/detail/key_point2_d_array__functions.c.o[0m
[15.954s] [ 13%] [32mBuilding C object CMakeFiles/yolo_msgs__rosidl_generator_c.dir/rosidl_generator_c/yolo_msgs/msg/detail/key_point2_d_array__type_support.c.o[0m
[15.981s] [ 14%] [32mBuilding C object CMakeFiles/yolo_msgs__rosidl_generator_c.dir/rosidl_generator_c/yolo_msgs/msg/detail/key_point3_d__description.c.o[0m
[16.016s] [ 14%] [32mBuilding C object CMakeFiles/yolo_msgs__rosidl_generator_c.dir/rosidl_generator_c/yolo_msgs/msg/detail/key_point3_d__functions.c.o[0m
[16.062s] [ 15%] [32mBuilding C object CMakeFiles/yolo_msgs__rosidl_generator_c.dir/rosidl_generator_c/yolo_msgs/msg/detail/key_point3_d__type_support.c.o[0m
[16.088s] [ 16%] [32mBuilding C object CMakeFiles/yolo_msgs__rosidl_generator_c.dir/rosidl_generator_c/yolo_msgs/msg/detail/key_point3_d_array__description.c.o[0m
[16.124s] [ 16%] [32mBuilding C object CMakeFiles/yolo_msgs__rosidl_generator_c.dir/rosidl_generator_c/yolo_msgs/msg/detail/key_point3_d_array__functions.c.o[0m
[16.169s] [ 17%] [32mBuilding C object CMakeFiles/yolo_msgs__rosidl_generator_c.dir/rosidl_generator_c/yolo_msgs/msg/detail/key_point3_d_array__type_support.c.o[0m
[16.196s] [ 18%] [32mBuilding C object CMakeFiles/yolo_msgs__rosidl_generator_c.dir/rosidl_generator_c/yolo_msgs/msg/detail/detection__description.c.o[0m
[16.242s] [ 18%] [32mBuilding C object CMakeFiles/yolo_msgs__rosidl_generator_c.dir/rosidl_generator_c/yolo_msgs/msg/detail/detection__functions.c.o[0m
[16.292s] [ 19%] [32mBuilding C object CMakeFiles/yolo_msgs__rosidl_generator_c.dir/rosidl_generator_c/yolo_msgs/msg/detail/detection__type_support.c.o[0m
[16.320s] [ 20%] [32mBuilding C object CMakeFiles/yolo_msgs__rosidl_generator_c.dir/rosidl_generator_c/yolo_msgs/msg/detail/detection_array__description.c.o[0m
[16.369s] [ 20%] [32mBuilding C object CMakeFiles/yolo_msgs__rosidl_generator_c.dir/rosidl_generator_c/yolo_msgs/msg/detail/detection_array__functions.c.o[0m
[16.415s] [ 21%] [32mBuilding C object CMakeFiles/yolo_msgs__rosidl_generator_c.dir/rosidl_generator_c/yolo_msgs/msg/detail/detection_array__type_support.c.o[0m
[16.444s] [ 21%] [32mBuilding C object CMakeFiles/yolo_msgs__rosidl_generator_c.dir/rosidl_generator_c/yolo_msgs/srv/detail/set_classes__description.c.o[0m
[16.487s] [ 22%] [32mBuilding C object CMakeFiles/yolo_msgs__rosidl_generator_c.dir/rosidl_generator_c/yolo_msgs/srv/detail/set_classes__functions.c.o[0m
[16.553s] [ 23%] [32mBuilding C object CMakeFiles/yolo_msgs__rosidl_generator_c.dir/rosidl_generator_c/yolo_msgs/srv/detail/set_classes__type_support.c.o[0m
[16.587s] [ 24%] [32mBuilding C object CMakeFiles/yolo_msgs__rosidl_generator_c.dir/rosidl_generator_c/yolo_msgs/msg/detail/vector2__functions.c.o[0m
[16.629s] [ 25%] [32mBuilding C object CMakeFiles/yolo_msgs__rosidl_generator_c.dir/rosidl_generator_c/yolo_msgs/msg/detail/vector2__description.c.o[0m
[16.662s] [ 25%] [32mBuilding C object CMakeFiles/yolo_msgs__rosidl_generator_c.dir/rosidl_generator_c/yolo_msgs/msg/detail/point2_d__type_support.c.o[0m
[16.688s] [ 26%] [32mBuilding C object CMakeFiles/yolo_msgs__rosidl_generator_c.dir/rosidl_generator_c/yolo_msgs/msg/detail/point2_d__functions.c.o[0m
[16.730s] [ 26%] [32m[1mLinking C shared library libyolo_msgs__rosidl_generator_c.so[0m
[16.771s] [ 26%] Built target yolo_msgs__rosidl_generator_c
[16.978s] running egg_info
[16.979s] creating yolo_msgs.egg-info
[16.996s] writing yolo_msgs.egg-info/PKG-INFO
[16.996s] writing dependency_links to yolo_msgs.egg-info/dependency_links.txt
[16.997s] writing top-level names to yolo_msgs.egg-info/top_level.txt
[16.997s] writing manifest file 'yolo_msgs.egg-info/SOURCES.txt'
[17.047s] reading manifest file 'yolo_msgs.egg-info/SOURCES.txt'
[17.047s] writing manifest file 'yolo_msgs.egg-info/SOURCES.txt'
[17.071s] [ 26%] Built target ament_cmake_python_build_yolo_msgs_egg
[17.081s] [ 27%] [34m[1mGenerating C type support dispatch for ROS interfaces[0m
[17.908s] [ 27%] [32mBuilding CXX object CMakeFiles/yolo_msgs__rosidl_typesupport_c.dir/rosidl_typesupport_c/yolo_msgs/msg/point2_d__type_support.cpp.o[0m
[17.946s] [ 28%] [32mBuilding CXX object CMakeFiles/yolo_msgs__rosidl_typesupport_c.dir/rosidl_typesupport_c/yolo_msgs/msg/bounding_box3_d__type_support.cpp.o[0m
[17.983s] [ 29%] [32mBuilding CXX object CMakeFiles/yolo_msgs__rosidl_typesupport_c.dir/rosidl_typesupport_c/yolo_msgs/msg/mask__type_support.cpp.o[0m
[18.021s] [ 29%] [32mBuilding CXX object CMakeFiles/yolo_msgs__rosidl_typesupport_c.dir/rosidl_typesupport_c/yolo_msgs/msg/key_point2_d__type_support.cpp.o[0m
[18.058s] [ 30%] [32mBuilding CXX object CMakeFiles/yolo_msgs__rosidl_typesupport_c.dir/rosidl_typesupport_c/yolo_msgs/msg/key_point2_d_array__type_support.cpp.o[0m
[18.095s] [ 31%] [32mBuilding CXX object CMakeFiles/yolo_msgs__rosidl_typesupport_c.dir/rosidl_typesupport_c/yolo_msgs/msg/key_point3_d__type_support.cpp.o[0m
[18.132s] [ 31%] [32mBuilding CXX object CMakeFiles/yolo_msgs__rosidl_typesupport_c.dir/rosidl_typesupport_c/yolo_msgs/msg/key_point3_d_array__type_support.cpp.o[0m
[18.170s] [ 32%] [32mBuilding CXX object CMakeFiles/yolo_msgs__rosidl_typesupport_c.dir/rosidl_typesupport_c/yolo_msgs/msg/detection__type_support.cpp.o[0m
[18.209s] [ 33%] [32mBuilding CXX object CMakeFiles/yolo_msgs__rosidl_typesupport_c.dir/rosidl_typesupport_c/yolo_msgs/msg/detection_array__type_support.cpp.o[0m
[18.248s] [ 33%] [32mBuilding CXX object CMakeFiles/yolo_msgs__rosidl_typesupport_c.dir/rosidl_typesupport_c/yolo_msgs/srv/set_classes__type_support.cpp.o[0m
[18.288s] [ 33%] [32mBuilding CXX object CMakeFiles/yolo_msgs__rosidl_typesupport_c.dir/rosidl_typesupport_c/yolo_msgs/msg/bounding_box2_d__type_support.cpp.o[0m
[18.326s] [ 34%] [32mBuilding CXX object CMakeFiles/yolo_msgs__rosidl_typesupport_c.dir/rosidl_typesupport_c/yolo_msgs/msg/pose2_d__type_support.cpp.o[0m
[18.363s] [ 35%] [32mBuilding CXX object CMakeFiles/yolo_msgs__rosidl_typesupport_c.dir/rosidl_typesupport_c/yolo_msgs/msg/vector2__type_support.cpp.o[0m
[18.400s] [ 36%] [32m[1mLinking CXX shared library libyolo_msgs__rosidl_typesupport_c.so[0m
[18.439s] [ 36%] Built target yolo_msgs__rosidl_typesupport_c
[18.449s] [ 37%] [34m[1mGenerating C introspection for ROS interfaces[0m
[19.556s] [ 37%] [32mBuilding C object CMakeFiles/yolo_msgs__rosidl_typesupport_introspection_c.dir/rosidl_typesupport_introspection_c/yolo_msgs/msg/detail/point2_d__type_support.c.o[0m
[19.589s] [ 38%] [32mBuilding C object CMakeFiles/yolo_msgs__rosidl_typesupport_introspection_c.dir/rosidl_typesupport_introspection_c/yolo_msgs/msg/detail/mask__type_support.c.o[0m
[19.624s] [ 38%] [32mBuilding C object CMakeFiles/yolo_msgs__rosidl_typesupport_introspection_c.dir/rosidl_typesupport_introspection_c/yolo_msgs/msg/detail/key_point2_d__type_support.c.o[0m
[19.656s] [ 39%] [32mBuilding C object CMakeFiles/yolo_msgs__rosidl_typesupport_introspection_c.dir/rosidl_typesupport_introspection_c/yolo_msgs/msg/detail/key_point2_d_array__type_support.c.o[0m
[19.692s] [ 40%] [32mBuilding C object CMakeFiles/yolo_msgs__rosidl_typesupport_introspection_c.dir/rosidl_typesupport_introspection_c/yolo_msgs/msg/detail/key_point3_d__type_support.c.o[0m
[19.724s] [ 40%] [32mBuilding C object CMakeFiles/yolo_msgs__rosidl_typesupport_introspection_c.dir/rosidl_typesupport_introspection_c/yolo_msgs/msg/detail/key_point3_d_array__type_support.c.o[0m
[19.760s] [ 41%] [32mBuilding C object CMakeFiles/yolo_msgs__rosidl_typesupport_introspection_c.dir/rosidl_typesupport_introspection_c/yolo_msgs/msg/detail/detection__type_support.c.o[0m
[19.795s] [ 42%] [32mBuilding C object CMakeFiles/yolo_msgs__rosidl_typesupport_introspection_c.dir/rosidl_typesupport_introspection_c/yolo_msgs/msg/detail/detection_array__type_support.c.o[0m
[19.834s] [ 42%] [32mBuilding C object CMakeFiles/yolo_msgs__rosidl_typesupport_introspection_c.dir/rosidl_typesupport_introspection_c/yolo_msgs/srv/detail/set_classes__type_support.c.o[0m
[19.882s] [ 43%] [32mBuilding C object CMakeFiles/yolo_msgs__rosidl_typesupport_introspection_c.dir/rosidl_typesupport_introspection_c/yolo_msgs/msg/detail/bounding_box3_d__type_support.c.o[0m
[19.919s] [ 43%] [32mBuilding C object CMakeFiles/yolo_msgs__rosidl_typesupport_introspection_c.dir/rosidl_typesupport_introspection_c/yolo_msgs/msg/detail/bounding_box2_d__type_support.c.o[0m
[19.956s] [ 44%] [32mBuilding C object CMakeFiles/yolo_msgs__rosidl_typesupport_introspection_c.dir/rosidl_typesupport_introspection_c/yolo_msgs/msg/detail/pose2_d__type_support.c.o[0m
[19.991s] [ 45%] [32mBuilding C object CMakeFiles/yolo_msgs__rosidl_typesupport_introspection_c.dir/rosidl_typesupport_introspection_c/yolo_msgs/msg/detail/vector2__type_support.c.o[0m
[20.026s] [ 46%] [32m[1mLinking C shared library libyolo_msgs__rosidl_typesupport_introspection_c.so[0m
[20.060s] [ 46%] Built target yolo_msgs__rosidl_typesupport_introspection_c
[20.070s] [ 46%] [34m[1mGenerating C type support for eProsima Fast-RTPS[0m
[21.532s] [ 48%] [32mBuilding CXX object CMakeFiles/yolo_msgs__rosidl_typesupport_fastrtps_c.dir/rosidl_typesupport_fastrtps_c/yolo_msgs/msg/detail/vector2__type_support_c.cpp.o[0m
[21.532s] [ 48%] [32mBuilding CXX object CMakeFiles/yolo_msgs__rosidl_typesupport_fastrtps_c.dir/rosidl_typesupport_fastrtps_c/yolo_msgs/msg/detail/point2_d__type_support_c.cpp.o[0m
[21.964s] [ 49%] [32mBuilding CXX object CMakeFiles/yolo_msgs__rosidl_typesupport_fastrtps_c.dir/rosidl_typesupport_fastrtps_c/yolo_msgs/msg/detail/key_point2_d_array__type_support_c.cpp.o[0m
[21.964s] [ 49%] [32mBuilding CXX object CMakeFiles/yolo_msgs__rosidl_typesupport_fastrtps_c.dir/rosidl_typesupport_fastrtps_c/yolo_msgs/msg/detail/key_point2_d__type_support_c.cpp.o[0m
[22.440s] [ 50%] [32mBuilding CXX object CMakeFiles/yolo_msgs__rosidl_typesupport_fastrtps_c.dir/rosidl_typesupport_fastrtps_c/yolo_msgs/msg/detail/key_point3_d__type_support_c.cpp.o[0m
[22.441s] [ 51%] [32mBuilding CXX object CMakeFiles/yolo_msgs__rosidl_typesupport_fastrtps_c.dir/rosidl_typesupport_fastrtps_c/yolo_msgs/msg/detail/key_point3_d_array__type_support_c.cpp.o[0m
[22.942s] [ 51%] [32mBuilding CXX object CMakeFiles/yolo_msgs__rosidl_typesupport_fastrtps_c.dir/rosidl_typesupport_fastrtps_c/yolo_msgs/msg/detail/detection__type_support_c.cpp.o[0m
[22.947s] [ 52%] [32mBuilding CXX object CMakeFiles/yolo_msgs__rosidl_typesupport_fastrtps_c.dir/rosidl_typesupport_fastrtps_c/yolo_msgs/msg/detail/detection_array__type_support_c.cpp.o[0m
[23.450s] [ 53%] [32mBuilding CXX object CMakeFiles/yolo_msgs__rosidl_typesupport_fastrtps_c.dir/rosidl_typesupport_fastrtps_c/yolo_msgs/srv/detail/set_classes__type_support_c.cpp.o[0m
[23.469s] [ 53%] [32mBuilding CXX object CMakeFiles/yolo_msgs__rosidl_typesupport_fastrtps_c.dir/rosidl_typesupport_fastrtps_c/yolo_msgs/msg/detail/mask__type_support_c.cpp.o[0m
[23.971s] [ 54%] [32mBuilding CXX object CMakeFiles/yolo_msgs__rosidl_typesupport_fastrtps_c.dir/rosidl_typesupport_fastrtps_c/yolo_msgs/msg/detail/bounding_box3_d__type_support_c.cpp.o[0m
[24.004s] [ 55%] [32mBuilding CXX object CMakeFiles/yolo_msgs__rosidl_typesupport_fastrtps_c.dir/rosidl_typesupport_fastrtps_c/yolo_msgs/msg/detail/bounding_box2_d__type_support_c.cpp.o[0m
[24.472s] [ 55%] [32mBuilding CXX object CMakeFiles/yolo_msgs__rosidl_typesupport_fastrtps_c.dir/rosidl_typesupport_fastrtps_c/yolo_msgs/msg/detail/pose2_d__type_support_c.cpp.o[0m
[24.925s] [ 55%] [32m[1mLinking CXX shared library libyolo_msgs__rosidl_typesupport_fastrtps_c.so[0m
[25.007s] [ 55%] Built target yolo_msgs__rosidl_typesupport_fastrtps_c
[25.029s] [ 55%] [34m[1mGenerating C++ code for ROS interfaces[0m
[26.372s] [ 55%] Built target yolo_msgs__cpp
[26.383s] [ 56%] [34m[1mGenerating C++ type support dispatch for ROS interfaces[0m
[26.384s] [ 57%] [34m[1mGenerating C++ type support for eProsima Fast-RTPS[0m
[26.384s] [ 58%] [34m[1mGenerating C++ introspection for ROS interfaces[0m
[27.588s] [ 60%] [32mBuilding CXX object CMakeFiles/yolo_msgs__rosidl_typesupport_cpp.dir/rosidl_typesupport_cpp/yolo_msgs/msg/pose2_d__type_support.cpp.o[0m
[27.588s] [ 60%] [32mBuilding CXX object CMakeFiles/yolo_msgs__rosidl_typesupport_cpp.dir/rosidl_typesupport_cpp/yolo_msgs/msg/point2_d__type_support.cpp.o[0m
[27.588s] [ 60%] [32mBuilding CXX object CMakeFiles/yolo_msgs__rosidl_typesupport_cpp.dir/rosidl_typesupport_cpp/yolo_msgs/msg/vector2__type_support.cpp.o[0m
[27.589s] [ 60%] [32mBuilding CXX object CMakeFiles/yolo_msgs__rosidl_typesupport_cpp.dir/rosidl_typesupport_cpp/yolo_msgs/msg/bounding_box2_d__type_support.cpp.o[0m
[28.176s] [ 60%] [32mBuilding CXX object CMakeFiles/yolo_msgs__rosidl_typesupport_introspection_cpp.dir/rosidl_typesupport_introspection_cpp/yolo_msgs/msg/detail/point2_d__type_support.cpp.o[0m
[28.410s] [ 61%] [32mBuilding CXX object CMakeFiles/yolo_msgs__rosidl_typesupport_introspection_cpp.dir/rosidl_typesupport_introspection_cpp/yolo_msgs/msg/detail/vector2__type_support.cpp.o[0m
[28.411s] [ 61%] [32mBuilding CXX object CMakeFiles/yolo_msgs__rosidl_typesupport_cpp.dir/rosidl_typesupport_cpp/yolo_msgs/msg/mask__type_support.cpp.o[0m
[28.411s] [ 62%] [32mBuilding CXX object CMakeFiles/yolo_msgs__rosidl_typesupport_cpp.dir/rosidl_typesupport_cpp/yolo_msgs/msg/bounding_box3_d__type_support.cpp.o[0m
[28.411s] [ 63%] [32mBuilding CXX object CMakeFiles/yolo_msgs__rosidl_typesupport_cpp.dir/rosidl_typesupport_cpp/yolo_msgs/msg/key_point2_d__type_support.cpp.o[0m
[28.435s] [ 64%] [32mBuilding CXX object CMakeFiles/yolo_msgs__rosidl_typesupport_cpp.dir/rosidl_typesupport_cpp/yolo_msgs/msg/key_point2_d_array__type_support.cpp.o[0m
[28.436s] [ 64%] [32mBuilding CXX object CMakeFiles/yolo_msgs__rosidl_typesupport_cpp.dir/rosidl_typesupport_cpp/yolo_msgs/msg/key_point3_d__type_support.cpp.o[0m
[28.961s] [ 64%] [32mBuilding CXX object CMakeFiles/yolo_msgs__rosidl_typesupport_introspection_cpp.dir/rosidl_typesupport_introspection_cpp/yolo_msgs/msg/detail/pose2_d__type_support.cpp.o[0m
[29.095s] [ 65%] [32mBuilding CXX object CMakeFiles/yolo_msgs__rosidl_typesupport_fastrtps_cpp.dir/rosidl_typesupport_fastrtps_cpp/yolo_msgs/msg/detail/dds_fastrtps/point2_d__type_support.cpp.o[0m
[29.328s] [ 65%] [32mBuilding CXX object CMakeFiles/yolo_msgs__rosidl_typesupport_fastrtps_cpp.dir/rosidl_typesupport_fastrtps_cpp/yolo_msgs/msg/detail/dds_fastrtps/vector2__type_support.cpp.o[0m
[29.383s] [ 66%] [32mBuilding CXX object CMakeFiles/yolo_msgs__rosidl_typesupport_fastrtps_cpp.dir/rosidl_typesupport_fastrtps_cpp/yolo_msgs/msg/detail/dds_fastrtps/pose2_d__type_support.cpp.o[0m
[29.389s] [ 67%] [32mBuilding CXX object CMakeFiles/yolo_msgs__rosidl_typesupport_introspection_cpp.dir/rosidl_typesupport_introspection_cpp/yolo_msgs/msg/detail/bounding_box2_d__type_support.cpp.o[0m
[29.415s] [ 69%] [32mBuilding CXX object CMakeFiles/yolo_msgs__rosidl_typesupport_fastrtps_cpp.dir/rosidl_typesupport_fastrtps_cpp/yolo_msgs/msg/detail/dds_fastrtps/bounding_box2_d__type_support.cpp.o[0m
[29.415s] [ 69%] [32mBuilding CXX object CMakeFiles/yolo_msgs__rosidl_typesupport_introspection_cpp.dir/rosidl_typesupport_introspection_cpp/yolo_msgs/msg/detail/bounding_box3_d__type_support.cpp.o[0m
[29.417s] [ 70%] [32mBuilding CXX object CMakeFiles/yolo_msgs__rosidl_typesupport_cpp.dir/rosidl_typesupport_cpp/yolo_msgs/msg/key_point3_d_array__type_support.cpp.o[0m
[29.987s] [ 71%] [32mBuilding CXX object CMakeFiles/yolo_msgs__rosidl_typesupport_cpp.dir/rosidl_typesupport_cpp/yolo_msgs/msg/detection__type_support.cpp.o[0m
[30.414s] [ 71%] [32mBuilding CXX object CMakeFiles/yolo_msgs__rosidl_typesupport_fastrtps_cpp.dir/rosidl_typesupport_fastrtps_cpp/yolo_msgs/msg/detail/dds_fastrtps/bounding_box3_d__type_support.cpp.o[0m
[30.536s] [ 71%] [32mBuilding CXX object CMakeFiles/yolo_msgs__rosidl_typesupport_cpp.dir/rosidl_typesupport_cpp/yolo_msgs/msg/detection_array__type_support.cpp.o[0m
[30.573s] [ 72%] [32mBuilding CXX object CMakeFiles/yolo_msgs__rosidl_typesupport_cpp.dir/rosidl_typesupport_cpp/yolo_msgs/srv/set_classes__type_support.cpp.o[0m
[30.641s] [ 72%] [32mBuilding CXX object CMakeFiles/yolo_msgs__rosidl_typesupport_introspection_cpp.dir/rosidl_typesupport_introspection_cpp/yolo_msgs/msg/detail/mask__type_support.cpp.o[0m
[30.796s] [ 73%] [32mBuilding CXX object CMakeFiles/yolo_msgs__rosidl_typesupport_introspection_cpp.dir/rosidl_typesupport_introspection_cpp/yolo_msgs/msg/detail/key_point2_d__type_support.cpp.o[0m
[30.901s] [ 74%] [32mBuilding CXX object CMakeFiles/yolo_msgs__rosidl_typesupport_introspection_cpp.dir/rosidl_typesupport_introspection_cpp/yolo_msgs/msg/detail/key_point2_d_array__type_support.cpp.o[0m
[31.462s] [ 75%] [32mBuilding CXX object CMakeFiles/yolo_msgs__rosidl_typesupport_fastrtps_cpp.dir/rosidl_typesupport_fastrtps_cpp/yolo_msgs/msg/detail/dds_fastrtps/mask__type_support.cpp.o[0m
[31.555s] [ 76%] [32m[1mLinking CXX shared library libyolo_msgs__rosidl_typesupport_cpp.so[0m
[31.653s] [ 77%] [32mBuilding CXX object CMakeFiles/yolo_msgs__rosidl_typesupport_introspection_cpp.dir/rosidl_typesupport_introspection_cpp/yolo_msgs/msg/detail/key_point3_d_array__type_support.cpp.o[0m
[31.654s] [ 77%] [32mBuilding CXX object CMakeFiles/yolo_msgs__rosidl_typesupport_introspection_cpp.dir/rosidl_typesupport_introspection_cpp/yolo_msgs/msg/detail/key_point3_d__type_support.cpp.o[0m
[31.654s] [ 78%] [32mBuilding CXX object CMakeFiles/yolo_msgs__rosidl_typesupport_fastrtps_cpp.dir/rosidl_typesupport_fastrtps_cpp/yolo_msgs/msg/detail/dds_fastrtps/key_point2_d__type_support.cpp.o[0m
[31.727s] [ 79%] [32mBuilding CXX object CMakeFiles/yolo_msgs__rosidl_typesupport_introspection_cpp.dir/rosidl_typesupport_introspection_cpp/yolo_msgs/msg/detail/detection__type_support.cpp.o[0m
[31.755s] [ 79%] Built target yolo_msgs__rosidl_typesupport_cpp
[31.772s] [ 79%] [32mBuilding CXX object CMakeFiles/yolo_msgs__rosidl_typesupport_introspection_cpp.dir/rosidl_typesupport_introspection_cpp/yolo_msgs/msg/detail/detection_array__type_support.cpp.o[0m
[31.853s] [ 79%] [32mBuilding CXX object CMakeFiles/yolo_msgs__rosidl_typesupport_fastrtps_cpp.dir/rosidl_typesupport_fastrtps_cpp/yolo_msgs/msg/detail/dds_fastrtps/key_point2_d_array__type_support.cpp.o[0m
[32.560s] [ 81%] [32mBuilding CXX object CMakeFiles/yolo_msgs__rosidl_typesupport_introspection_cpp.dir/rosidl_typesupport_introspection_cpp/yolo_msgs/srv/detail/set_classes__type_support.cpp.o[0m
[32.560s] [ 81%] [32mBuilding CXX object CMakeFiles/yolo_msgs__rosidl_typesupport_fastrtps_cpp.dir/rosidl_typesupport_fastrtps_cpp/yolo_msgs/msg/detail/dds_fastrtps/key_point3_d__type_support.cpp.o[0m
[32.603s] [ 82%] [32mBuilding CXX object CMakeFiles/yolo_msgs__rosidl_typesupport_fastrtps_cpp.dir/rosidl_typesupport_fastrtps_cpp/yolo_msgs/msg/detail/dds_fastrtps/key_point3_d_array__type_support.cpp.o[0m
[32.609s] [ 82%] [32mBuilding CXX object CMakeFiles/yolo_msgs__rosidl_typesupport_fastrtps_cpp.dir/rosidl_typesupport_fastrtps_cpp/yolo_msgs/msg/detail/dds_fastrtps/detection__type_support.cpp.o[0m
[33.023s] [ 83%] [32mBuilding CXX object CMakeFiles/yolo_msgs__rosidl_typesupport_fastrtps_cpp.dir/rosidl_typesupport_fastrtps_cpp/yolo_msgs/msg/detail/dds_fastrtps/detection_array__type_support.cpp.o[0m
[33.239s] [ 83%] [32mBuilding CXX object CMakeFiles/yolo_msgs__rosidl_typesupport_fastrtps_cpp.dir/rosidl_typesupport_fastrtps_cpp/yolo_msgs/srv/detail/dds_fastrtps/set_classes__type_support.cpp.o[0m
[34.006s] [ 84%] [32m[1mLinking CXX shared library libyolo_msgs__rosidl_typesupport_introspection_cpp.so[0m
[34.148s] [ 84%] Built target yolo_msgs__rosidl_typesupport_introspection_cpp
[34.533s] [ 85%] [32m[1mLinking CXX shared library libyolo_msgs__rosidl_typesupport_fastrtps_cpp.so[0m
[34.628s] [ 85%] Built target yolo_msgs__rosidl_typesupport_fastrtps_cpp
[34.651s] [ 85%] Built target yolo_msgs
[34.673s] [ 86%] [34m[1mGenerating Python code for ROS interfaces[0m
[36.841s] [ 86%] Built target yolo_msgs__py
[36.861s] [ 87%] [32mBuilding C object CMakeFiles/yolo_msgs__rosidl_generator_py.dir/rosidl_generator_py/yolo_msgs/msg/_vector2_s.c.o[0m
[36.861s] [ 88%] [32mBuilding C object CMakeFiles/yolo_msgs__rosidl_generator_py.dir/rosidl_generator_py/yolo_msgs/msg/_bounding_box2_d_s.c.o[0m
[36.861s] [ 89%] [32mBuilding C object CMakeFiles/yolo_msgs__rosidl_generator_py.dir/rosidl_generator_py/yolo_msgs/msg/_bounding_box3_d_s.c.o[0m
[36.863s] [ 90%] [32mBuilding C object CMakeFiles/yolo_msgs__rosidl_generator_py.dir/rosidl_generator_py/yolo_msgs/msg/_point2_d_s.c.o[0m
[36.864s] [ 90%] [32mBuilding C object CMakeFiles/yolo_msgs__rosidl_generator_py.dir/rosidl_generator_py/yolo_msgs/msg/_pose2_d_s.c.o[0m
[37.019s] [ 91%] [32mBuilding C object CMakeFiles/yolo_msgs__rosidl_generator_py.dir/rosidl_generator_py/yolo_msgs/msg/_key_point2_d_array_s.c.o[0m
[37.031s] [ 92%] [32mBuilding C object CMakeFiles/yolo_msgs__rosidl_generator_py.dir/rosidl_generator_py/yolo_msgs/msg/_key_point2_d_s.c.o[0m
[37.033s] [ 92%] [32mBuilding C object CMakeFiles/yolo_msgs__rosidl_generator_py.dir/rosidl_generator_py/yolo_msgs/msg/_key_point3_d_s.c.o[0m
[37.095s] [ 93%] [32mBuilding C object CMakeFiles/yolo_msgs__rosidl_generator_py.dir/rosidl_generator_py/yolo_msgs/msg/_detection_s.c.o[0m
[37.097s] [ 93%] [32mBuilding C object CMakeFiles/yolo_msgs__rosidl_generator_py.dir/rosidl_generator_py/yolo_msgs/msg/_detection_array_s.c.o[0m
[37.287s] [ 94%] [32mBuilding C object CMakeFiles/yolo_msgs__rosidl_generator_py.dir/rosidl_generator_py/yolo_msgs/msg/_mask_s.c.o[0m
[37.287s] [ 95%] [32mBuilding C object CMakeFiles/yolo_msgs__rosidl_generator_py.dir/rosidl_generator_py/yolo_msgs/msg/_key_point3_d_array_s.c.o[0m
[37.288s] [ 95%] [32mBuilding C object CMakeFiles/yolo_msgs__rosidl_generator_py.dir/rosidl_generator_py/yolo_msgs/srv/_set_classes_s.c.o[0m
[37.537s] [ 96%] [32m[1mLinking C shared library libyolo_msgs__rosidl_generator_py.so[0m
[37.608s] [ 96%] Built target yolo_msgs__rosidl_generator_py
[37.637s] [ 98%] [32mBuilding C object CMakeFiles/yolo_msgs_s__rosidl_typesupport_fastrtps_c.dir/rosidl_generator_py/yolo_msgs/_yolo_msgs_s.ep.rosidl_typesupport_fastrtps_c.c.o[0m
[37.638s] [ 98%] [32mBuilding C object CMakeFiles/yolo_msgs_s__rosidl_typesupport_introspection_c.dir/rosidl_generator_py/yolo_msgs/_yolo_msgs_s.ep.rosidl_typesupport_introspection_c.c.o[0m
[37.638s] [ 98%] [32mBuilding C object CMakeFiles/yolo_msgs_s__rosidl_typesupport_c.dir/rosidl_generator_py/yolo_msgs/_yolo_msgs_s.ep.rosidl_typesupport_c.c.o[0m
[37.849s] [ 99%] [32m[1mLinking C shared module rosidl_generator_py/yolo_msgs/yolo_msgs_s__rosidl_typesupport_c.so[0m
[37.852s] [100%] [32m[1mLinking C shared module rosidl_generator_py/yolo_msgs/yolo_msgs_s__rosidl_typesupport_introspection_c.so[0m
[37.855s] [100%] [32m[1mLinking C shared module rosidl_generator_py/yolo_msgs/yolo_msgs_s__rosidl_typesupport_fastrtps_c.so[0m
[37.893s] [100%] Built target yolo_msgs_s__rosidl_typesupport_c
[37.897s] [100%] Built target yolo_msgs_s__rosidl_typesupport_introspection_c
[37.900s] [100%] Built target yolo_msgs_s__rosidl_typesupport_fastrtps_c
[37.917s] Invoked command in '/home/andreas/dev_ws/msauber_stack/build/yolo_msgs' returned '0': CMAKE_PREFIX_PATH=${CMAKE_PREFIX_PATH}:/home/andreas/dev_ws/msauber_stack/install/yolo_ros:/home/andreas/dev_ws/msauber_stack/install/msauber_bringup:/home/andreas/dev_ws/msauber_stack/install/msauber_sim:/home/andreas/dev_ws/msauber_stack/install/msauber_perception:/home/andreas/dev_ws/msauber_stack/install/msauber_navigation:/home/andreas/dev_ws/msauber_stack/install/msauber_description:/home/andreas/dev_ws/msauber_stack/install/msauber_control:/opt/ros/jazzy DEBUGINFOD_URLS=https://debuginfod.ubuntu.com PS1=(my_py_venv) %m%# VIRTUAL_ENV_PROMPT=(my_py_venv) /usr/bin/cmake --build /home/andreas/dev_ws/msauber_stack/build/yolo_msgs -- -j8 -l8
[37.930s] Invoking command in '/home/andreas/dev_ws/msauber_stack/build/yolo_msgs': CMAKE_PREFIX_PATH=${CMAKE_PREFIX_PATH}:/home/andreas/dev_ws/msauber_stack/install/yolo_ros:/home/andreas/dev_ws/msauber_stack/install/msauber_bringup:/home/andreas/dev_ws/msauber_stack/install/msauber_sim:/home/andreas/dev_ws/msauber_stack/install/msauber_perception:/home/andreas/dev_ws/msauber_stack/install/msauber_navigation:/home/andreas/dev_ws/msauber_stack/install/msauber_description:/home/andreas/dev_ws/msauber_stack/install/msauber_control:/opt/ros/jazzy DEBUGINFOD_URLS=https://debuginfod.ubuntu.com PS1=(my_py_venv) %m%# VIRTUAL_ENV_PROMPT=(my_py_venv) /usr/bin/cmake --install /home/andreas/dev_ws/msauber_stack/build/yolo_msgs
[37.942s] -- Install configuration: ""
[37.943s] -- Execute custom install script
[37.943s] -- Symlinking: /home/andreas/dev_ws/msauber_stack/install/yolo_msgs/share/ament_index/resource_index/rosidl_interfaces/yolo_msgs
[37.955s] -- Symlinking: /home/andreas/dev_ws/msauber_stack/install/yolo_msgs/share/yolo_msgs/msg/Point2D.json
[37.967s] -- Symlinking: /home/andreas/dev_ws/msauber_stack/install/yolo_msgs/share/yolo_msgs/msg/Vector2.json
[37.978s] -- Symlinking: /home/andreas/dev_ws/msauber_stack/install/yolo_msgs/share/yolo_msgs/msg/Pose2D.json
[37.989s] -- Symlinking: /home/andreas/dev_ws/msauber_stack/install/yolo_msgs/share/yolo_msgs/msg/BoundingBox2D.json
[38.000s] -- Symlinking: /home/andreas/dev_ws/msauber_stack/install/yolo_msgs/share/yolo_msgs/msg/BoundingBox3D.json
[38.011s] -- Symlinking: /home/andreas/dev_ws/msauber_stack/install/yolo_msgs/share/yolo_msgs/msg/Mask.json
[38.025s] -- Symlinking: /home/andreas/dev_ws/msauber_stack/install/yolo_msgs/share/yolo_msgs/msg/KeyPoint2D.json
[38.037s] -- Symlinking: /home/andreas/dev_ws/msauber_stack/install/yolo_msgs/share/yolo_msgs/msg/KeyPoint2DArray.json
[38.048s] -- Symlinking: /home/andreas/dev_ws/msauber_stack/install/yolo_msgs/share/yolo_msgs/msg/KeyPoint3D.json
[38.058s] -- Symlinking: /home/andreas/dev_ws/msauber_stack/install/yolo_msgs/share/yolo_msgs/msg/KeyPoint3DArray.json
[38.069s] -- Symlinking: /home/andreas/dev_ws/msauber_stack/install/yolo_msgs/share/yolo_msgs/msg/Detection.json
[38.080s] -- Symlinking: /home/andreas/dev_ws/msauber_stack/install/yolo_msgs/share/yolo_msgs/msg/DetectionArray.json
[38.090s] -- Symlinking: /home/andreas/dev_ws/msauber_stack/install/yolo_msgs/share/yolo_msgs/srv/SetClasses.json
[38.102s] -- Symlinking: /home/andreas/dev_ws/msauber_stack/install/yolo_msgs/include/yolo_msgs/yolo_msgs/msg/bounding_box2_d.h
[38.112s] -- Symlinking: /home/andreas/dev_ws/msauber_stack/install/yolo_msgs/include/yolo_msgs/yolo_msgs/msg/bounding_box3_d.h
[38.122s] -- Symlinking: /home/andreas/dev_ws/msauber_stack/install/yolo_msgs/include/yolo_msgs/yolo_msgs/msg/detail/bounding_box2_d__functions.h
[38.132s] -- Symlinking: /home/andreas/dev_ws/msauber_stack/install/yolo_msgs/include/yolo_msgs/yolo_msgs/msg/detail/bounding_box2_d__struct.h
[38.142s] -- Symlinking: /home/andreas/dev_ws/msauber_stack/install/yolo_msgs/include/yolo_msgs/yolo_msgs/msg/detail/bounding_box2_d__type_support.h
[38.152s] -- Symlinking: /home/andreas/dev_ws/msauber_stack/install/yolo_msgs/include/yolo_msgs/yolo_msgs/msg/detail/bounding_box3_d__functions.h
[38.166s] -- Symlinking: /home/andreas/dev_ws/msauber_stack/install/yolo_msgs/include/yolo_msgs/yolo_msgs/msg/detail/bounding_box3_d__struct.h
[38.177s] -- Symlinking: /home/andreas/dev_ws/msauber_stack/install/yolo_msgs/include/yolo_msgs/yolo_msgs/msg/detail/bounding_box3_d__type_support.h
[38.186s] -- Symlinking: /home/andreas/dev_ws/msauber_stack/install/yolo_msgs/include/yolo_msgs/yolo_msgs/msg/detail/detection__functions.h
[38.196s] -- Symlinking: /home/andreas/dev_ws/msauber_stack/install/yolo_msgs/include/yolo_msgs/yolo_msgs/msg/detail/detection__struct.h
[38.206s] -- Symlinking: /home/andreas/dev_ws/msauber_stack/install/yolo_msgs/include/yolo_msgs/yolo_msgs/msg/detail/detection__type_support.h
[38.215s] -- Symlinking: /home/andreas/dev_ws/msauber_stack/install/yolo_msgs/include/yolo_msgs/yolo_msgs/msg/detail/detection_array__functions.h
[38.225s] -- Symlinking: /home/andreas/dev_ws/msauber_stack/install/yolo_msgs/include/yolo_msgs/yolo_msgs/msg/detail/detection_array__struct.h
[38.235s] -- Symlinking: /home/andreas/dev_ws/msauber_stack/install/yolo_msgs/include/yolo_msgs/yolo_msgs/msg/detail/detection_array__type_support.h
[38.246s] -- Symlinking: /home/andreas/dev_ws/msauber_stack/install/yolo_msgs/include/yolo_msgs/yolo_msgs/msg/detail/key_point2_d__functions.h
[38.255s] -- Symlinking: /home/andreas/dev_ws/msauber_stack/install/yolo_msgs/include/yolo_msgs/yolo_msgs/msg/detail/key_point2_d__struct.h
[38.264s] -- Symlinking: /home/andreas/dev_ws/msauber_stack/install/yolo_msgs/include/yolo_msgs/yolo_msgs/msg/detail/key_point2_d__type_support.h
[38.274s] -- Symlinking: /home/andreas/dev_ws/msauber_stack/install/yolo_msgs/include/yolo_msgs/yolo_msgs/msg/detail/key_point2_d_array__functions.h
[38.283s] -- Symlinking: /home/andreas/dev_ws/msauber_stack/install/yolo_msgs/include/yolo_msgs/yolo_msgs/msg/detail/key_point2_d_array__struct.h
[38.293s] -- Symlinking: /home/andreas/dev_ws/msauber_stack/install/yolo_msgs/include/yolo_msgs/yolo_msgs/msg/detail/key_point2_d_array__type_support.h
[38.302s] -- Symlinking: /home/andreas/dev_ws/msauber_stack/install/yolo_msgs/include/yolo_msgs/yolo_msgs/msg/detail/key_point3_d__functions.h
[38.311s] -- Symlinking: /home/andreas/dev_ws/msauber_stack/install/yolo_msgs/include/yolo_msgs/yolo_msgs/msg/detail/key_point3_d__struct.h
[38.321s] -- Symlinking: /home/andreas/dev_ws/msauber_stack/install/yolo_msgs/include/yolo_msgs/yolo_msgs/msg/detail/key_point3_d__type_support.h
[38.330s] -- Symlinking: /home/andreas/dev_ws/msauber_stack/install/yolo_msgs/include/yolo_msgs/yolo_msgs/msg/detail/key_point3_d_array__functions.h
[38.340s] -- Symlinking: /home/andreas/dev_ws/msauber_stack/install/yolo_msgs/include/yolo_msgs/yolo_msgs/msg/detail/key_point3_d_array__struct.h
[38.349s] -- Symlinking: /home/andreas/dev_ws/msauber_stack/install/yolo_msgs/include/yolo_msgs/yolo_msgs/msg/detail/key_point3_d_array__type_support.h
[38.358s] -- Symlinking: /home/andreas/dev_ws/msauber_stack/install/yolo_msgs/include/yolo_msgs/yolo_msgs/msg/detail/mask__functions.h
[38.367s] -- Symlinking: /home/andreas/dev_ws/msauber_stack/install/yolo_msgs/include/yolo_msgs/yolo_msgs/msg/detail/mask__struct.h
[38.376s] -- Symlinking: /home/andreas/dev_ws/msauber_stack/install/yolo_msgs/include/yolo_msgs/yolo_msgs/msg/detail/mask__type_support.h
[38.384s] -- Symlinking: /home/andreas/dev_ws/msauber_stack/install/yolo_msgs/include/yolo_msgs/yolo_msgs/msg/detail/point2_d__functions.h
[38.393s] -- Symlinking: /home/andreas/dev_ws/msauber_stack/install/yolo_msgs/include/yolo_msgs/yolo_msgs/msg/detail/point2_d__struct.h
[38.402s] -- Symlinking: /home/andreas/dev_ws/msauber_stack/install/yolo_msgs/include/yolo_msgs/yolo_msgs/msg/detail/point2_d__type_support.h
[38.411s] -- Symlinking: /home/andreas/dev_ws/msauber_stack/install/yolo_msgs/include/yolo_msgs/yolo_msgs/msg/detail/pose2_d__functions.h
[38.420s] -- Symlinking: /home/andreas/dev_ws/msauber_stack/install/yolo_msgs/include/yolo_msgs/yolo_msgs/msg/detail/pose2_d__struct.h
[38.429s] -- Symlinking: /home/andreas/dev_ws/msauber_stack/install/yolo_msgs/include/yolo_msgs/yolo_msgs/msg/detail/pose2_d__type_support.h
[38.438s] -- Symlinking: /home/andreas/dev_ws/msauber_stack/install/yolo_msgs/include/yolo_msgs/yolo_msgs/msg/detail/vector2__functions.h
[38.447s] -- Symlinking: /home/andreas/dev_ws/msauber_stack/install/yolo_msgs/include/yolo_msgs/yolo_msgs/msg/detail/vector2__struct.h
[38.455s] -- Symlinking: /home/andreas/dev_ws/msauber_stack/install/yolo_msgs/include/yolo_msgs/yolo_msgs/msg/detail/vector2__type_support.h
[38.464s] -- Symlinking: /home/andreas/dev_ws/msauber_stack/install/yolo_msgs/include/yolo_msgs/yolo_msgs/msg/detection.h
[38.472s] -- Symlinking: /home/andreas/dev_ws/msauber_stack/install/yolo_msgs/include/yolo_msgs/yolo_msgs/msg/detection_array.h
[38.481s] -- Symlinking: /home/andreas/dev_ws/msauber_stack/install/yolo_msgs/include/yolo_msgs/yolo_msgs/msg/key_point2_d.h
[38.490s] -- Symlinking: /home/andreas/dev_ws/msauber_stack/install/yolo_msgs/include/yolo_msgs/yolo_msgs/msg/key_point2_d_array.h
[38.498s] -- Symlinking: /home/andreas/dev_ws/msauber_stack/install/yolo_msgs/include/yolo_msgs/yolo_msgs/msg/key_point3_d.h
[38.507s] -- Symlinking: /home/andreas/dev_ws/msauber_stack/install/yolo_msgs/include/yolo_msgs/yolo_msgs/msg/key_point3_d_array.h
[38.516s] -- Symlinking: /home/andreas/dev_ws/msauber_stack/install/yolo_msgs/include/yolo_msgs/yolo_msgs/msg/mask.h
[38.525s] -- Symlinking: /home/andreas/dev_ws/msauber_stack/install/yolo_msgs/include/yolo_msgs/yolo_msgs/msg/point2_d.h
[38.533s] -- Symlinking: /home/andreas/dev_ws/msauber_stack/install/yolo_msgs/include/yolo_msgs/yolo_msgs/msg/pose2_d.h
[38.543s] -- Symlinking: /home/andreas/dev_ws/msauber_stack/install/yolo_msgs/include/yolo_msgs/yolo_msgs/msg/rosidl_generator_c__visibility_control.h
[38.551s] -- Symlinking: /home/andreas/dev_ws/msauber_stack/install/yolo_msgs/include/yolo_msgs/yolo_msgs/msg/vector2.h
[38.559s] -- Symlinking: /home/andreas/dev_ws/msauber_stack/install/yolo_msgs/include/yolo_msgs/yolo_msgs/srv/detail/set_classes__functions.h
[38.568s] -- Symlinking: /home/andreas/dev_ws/msauber_stack/install/yolo_msgs/include/yolo_msgs/yolo_msgs/srv/detail/set_classes__struct.h
[38.576s] -- Symlinking: /home/andreas/dev_ws/msauber_stack/install/yolo_msgs/include/yolo_msgs/yolo_msgs/srv/detail/set_classes__type_support.h
[38.584s] -- Symlinking: /home/andreas/dev_ws/msauber_stack/install/yolo_msgs/include/yolo_msgs/yolo_msgs/srv/set_classes.h
[38.592s] -- Symlinking: /home/andreas/dev_ws/msauber_stack/install/yolo_msgs/share/yolo_msgs/environment/library_path.sh
[38.601s] -- Symlinking: /home/andreas/dev_ws/msauber_stack/install/yolo_msgs/share/yolo_msgs/environment/library_path.dsv
[38.610s] -- Symlinking: /home/andreas/dev_ws/msauber_stack/install/yolo_msgs/include/yolo_msgs/yolo_msgs/msg/detail/bounding_box2_d__rosidl_typesupport_fastrtps_c.h
[38.618s] -- Symlinking: /home/andreas/dev_ws/msauber_stack/install/yolo_msgs/include/yolo_msgs/yolo_msgs/msg/detail/bounding_box3_d__rosidl_typesupport_fastrtps_c.h
[38.626s] -- Symlinking: /home/andreas/dev_ws/msauber_stack/install/yolo_msgs/include/yolo_msgs/yolo_msgs/msg/detail/detection__rosidl_typesupport_fastrtps_c.h
[38.635s] -- Symlinking: /home/andreas/dev_ws/msauber_stack/install/yolo_msgs/include/yolo_msgs/yolo_msgs/msg/detail/detection_array__rosidl_typesupport_fastrtps_c.h
[38.644s] -- Symlinking: /home/andreas/dev_ws/msauber_stack/install/yolo_msgs/include/yolo_msgs/yolo_msgs/msg/detail/key_point2_d__rosidl_typesupport_fastrtps_c.h
[38.652s] -- Symlinking: /home/andreas/dev_ws/msauber_stack/install/yolo_msgs/include/yolo_msgs/yolo_msgs/msg/detail/key_point2_d_array__rosidl_typesupport_fastrtps_c.h
[38.660s] -- Symlinking: /home/andreas/dev_ws/msauber_stack/install/yolo_msgs/include/yolo_msgs/yolo_msgs/msg/detail/key_point3_d__rosidl_typesupport_fastrtps_c.h
[38.668s] -- Symlinking: /home/andreas/dev_ws/msauber_stack/install/yolo_msgs/include/yolo_msgs/yolo_msgs/msg/detail/key_point3_d_array__rosidl_typesupport_fastrtps_c.h
[38.677s] -- Symlinking: /home/andreas/dev_ws/msauber_stack/install/yolo_msgs/include/yolo_msgs/yolo_msgs/msg/detail/mask__rosidl_typesupport_fastrtps_c.h
[38.685s] -- Symlinking: /home/andreas/dev_ws/msauber_stack/install/yolo_msgs/include/yolo_msgs/yolo_msgs/msg/detail/point2_d__rosidl_typesupport_fastrtps_c.h
[38.693s] -- Symlinking: /home/andreas/dev_ws/msauber_stack/install/yolo_msgs/include/yolo_msgs/yolo_msgs/msg/detail/pose2_d__rosidl_typesupport_fastrtps_c.h
[38.701s] -- Symlinking: /home/andreas/dev_ws/msauber_stack/install/yolo_msgs/include/yolo_msgs/yolo_msgs/msg/detail/vector2__rosidl_typesupport_fastrtps_c.h
[38.709s] -- Symlinking: /home/andreas/dev_ws/msauber_stack/install/yolo_msgs/include/yolo_msgs/yolo_msgs/msg/rosidl_typesupport_fastrtps_c__visibility_control.h
[38.717s] -- Symlinking: /home/andreas/dev_ws/msauber_stack/install/yolo_msgs/include/yolo_msgs/yolo_msgs/srv/detail/set_classes__rosidl_typesupport_fastrtps_c.h
[38.725s] -- Symlinking: /home/andreas/dev_ws/msauber_stack/install/yolo_msgs/include/yolo_msgs/yolo_msgs/msg/detail/bounding_box2_d__rosidl_typesupport_introspection_c.h
[38.734s] -- Symlinking: /home/andreas/dev_ws/msauber_stack/install/yolo_msgs/include/yolo_msgs/yolo_msgs/msg/detail/bounding_box3_d__rosidl_typesupport_introspection_c.h
[38.742s] -- Symlinking: /home/andreas/dev_ws/msauber_stack/install/yolo_msgs/include/yolo_msgs/yolo_msgs/msg/detail/detection__rosidl_typesupport_introspection_c.h
[38.750s] -- Symlinking: /home/andreas/dev_ws/msauber_stack/install/yolo_msgs/include/yolo_msgs/yolo_msgs/msg/detail/detection_array__rosidl_typesupport_introspection_c.h
[38.758s] -- Symlinking: /home/andreas/dev_ws/msauber_stack/install/yolo_msgs/include/yolo_msgs/yolo_msgs/msg/detail/key_point2_d__rosidl_typesupport_introspection_c.h
[38.766s] -- Symlinking: /home/andreas/dev_ws/msauber_stack/install/yolo_msgs/include/yolo_msgs/yolo_msgs/msg/detail/key_point2_d_array__rosidl_typesupport_introspection_c.h
[38.774s] -- Symlinking: /home/andreas/dev_ws/msauber_stack/install/yolo_msgs/include/yolo_msgs/yolo_msgs/msg/detail/key_point3_d__rosidl_typesupport_introspection_c.h
[38.784s] -- Symlinking: /home/andreas/dev_ws/msauber_stack/install/yolo_msgs/include/yolo_msgs/yolo_msgs/msg/detail/key_point3_d_array__rosidl_typesupport_introspection_c.h
[38.792s] -- Symlinking: /home/andreas/dev_ws/msauber_stack/install/yolo_msgs/include/yolo_msgs/yolo_msgs/msg/detail/mask__rosidl_typesupport_introspection_c.h
[38.810s] -- Symlinking: /home/andreas/dev_ws/msauber_stack/install/yolo_msgs/include/yolo_msgs/yolo_msgs/msg/detail/point2_d__rosidl_typesupport_introspection_c.h
[38.840s] -- Symlinking: /home/andreas/dev_ws/msauber_stack/install/yolo_msgs/include/yolo_msgs/yolo_msgs/msg/detail/pose2_d__rosidl_typesupport_introspection_c.h
[38.854s] -- Symlinking: /home/andreas/dev_ws/msauber_stack/install/yolo_msgs/include/yolo_msgs/yolo_msgs/msg/detail/vector2__rosidl_typesupport_introspection_c.h
[38.869s] -- Symlinking: /home/andreas/dev_ws/msauber_stack/install/yolo_msgs/include/yolo_msgs/yolo_msgs/msg/rosidl_typesupport_introspection_c__visibility_control.h
[38.882s] -- Symlinking: /home/andreas/dev_ws/msauber_stack/install/yolo_msgs/include/yolo_msgs/yolo_msgs/srv/detail/set_classes__rosidl_typesupport_introspection_c.h
[38.894s] -- Symlinking: /home/andreas/dev_ws/msauber_stack/install/yolo_msgs/include/yolo_msgs/yolo_msgs/msg/bounding_box2_d.hpp
[38.905s] -- Symlinking: /home/andreas/dev_ws/msauber_stack/install/yolo_msgs/include/yolo_msgs/yolo_msgs/msg/bounding_box3_d.hpp
[38.915s] -- Symlinking: /home/andreas/dev_ws/msauber_stack/install/yolo_msgs/include/yolo_msgs/yolo_msgs/msg/detail/bounding_box2_d__builder.hpp
[38.927s] -- Symlinking: /home/andreas/dev_ws/msauber_stack/install/yolo_msgs/include/yolo_msgs/yolo_msgs/msg/detail/bounding_box2_d__struct.hpp
[38.937s] -- Symlinking: /home/andreas/dev_ws/msauber_stack/install/yolo_msgs/include/yolo_msgs/yolo_msgs/msg/detail/bounding_box2_d__traits.hpp
[38.947s] -- Symlinking: /home/andreas/dev_ws/msauber_stack/install/yolo_msgs/include/yolo_msgs/yolo_msgs/msg/detail/bounding_box2_d__type_support.hpp
[38.956s] -- Symlinking: /home/andreas/dev_ws/msauber_stack/install/yolo_msgs/include/yolo_msgs/yolo_msgs/msg/detail/bounding_box3_d__builder.hpp
[38.965s] -- Symlinking: /home/andreas/dev_ws/msauber_stack/install/yolo_msgs/include/yolo_msgs/yolo_msgs/msg/detail/bounding_box3_d__struct.hpp
[38.974s] -- Symlinking: /home/andreas/dev_ws/msauber_stack/install/yolo_msgs/include/yolo_msgs/yolo_msgs/msg/detail/bounding_box3_d__traits.hpp
[38.983s] -- Symlinking: /home/andreas/dev_ws/msauber_stack/install/yolo_msgs/include/yolo_msgs/yolo_msgs/msg/detail/bounding_box3_d__type_support.hpp
[38.991s] -- Symlinking: /home/andreas/dev_ws/msauber_stack/install/yolo_msgs/include/yolo_msgs/yolo_msgs/msg/detail/detection__builder.hpp
[39.000s] -- Symlinking: /home/andreas/dev_ws/msauber_stack/install/yolo_msgs/include/yolo_msgs/yolo_msgs/msg/detail/detection__struct.hpp
[39.009s] -- Symlinking: /home/andreas/dev_ws/msauber_stack/install/yolo_msgs/include/yolo_msgs/yolo_msgs/msg/detail/detection__traits.hpp
[39.018s] -- Symlinking: /home/andreas/dev_ws/msauber_stack/install/yolo_msgs/include/yolo_msgs/yolo_msgs/msg/detail/detection__type_support.hpp
[39.026s] -- Symlinking: /home/andreas/dev_ws/msauber_stack/install/yolo_msgs/include/yolo_msgs/yolo_msgs/msg/detail/detection_array__builder.hpp
[39.036s] -- Symlinking: /home/andreas/dev_ws/msauber_stack/install/yolo_msgs/include/yolo_msgs/yolo_msgs/msg/detail/detection_array__struct.hpp
[39.045s] -- Symlinking: /home/andreas/dev_ws/msauber_stack/install/yolo_msgs/include/yolo_msgs/yolo_msgs/msg/detail/detection_array__traits.hpp
[39.054s] -- Symlinking: /home/andreas/dev_ws/msauber_stack/install/yolo_msgs/include/yolo_msgs/yolo_msgs/msg/detail/detection_array__type_support.hpp
[39.063s] -- Symlinking: /home/andreas/dev_ws/msauber_stack/install/yolo_msgs/include/yolo_msgs/yolo_msgs/msg/detail/key_point2_d__builder.hpp
[39.071s] -- Symlinking: /home/andreas/dev_ws/msauber_stack/install/yolo_msgs/include/yolo_msgs/yolo_msgs/msg/detail/key_point2_d__struct.hpp
[39.080s] -- Symlinking: /home/andreas/dev_ws/msauber_stack/install/yolo_msgs/include/yolo_msgs/yolo_msgs/msg/detail/key_point2_d__traits.hpp
[39.089s] -- Symlinking: /home/andreas/dev_ws/msauber_stack/install/yolo_msgs/include/yolo_msgs/yolo_msgs/msg/detail/key_point2_d__type_support.hpp
[39.097s] -- Symlinking: /home/andreas/dev_ws/msauber_stack/install/yolo_msgs/include/yolo_msgs/yolo_msgs/msg/detail/key_point2_d_array__builder.hpp
[39.106s] -- Symlinking: /home/andreas/dev_ws/msauber_stack/install/yolo_msgs/include/yolo_msgs/yolo_msgs/msg/detail/key_point2_d_array__struct.hpp
[39.114s] -- Symlinking: /home/andreas/dev_ws/msauber_stack/install/yolo_msgs/include/yolo_msgs/yolo_msgs/msg/detail/key_point2_d_array__traits.hpp
[39.123s] -- Symlinking: /home/andreas/dev_ws/msauber_stack/install/yolo_msgs/include/yolo_msgs/yolo_msgs/msg/detail/key_point2_d_array__type_support.hpp
[39.131s] -- Symlinking: /home/andreas/dev_ws/msauber_stack/install/yolo_msgs/include/yolo_msgs/yolo_msgs/msg/detail/key_point3_d__builder.hpp
[39.141s] -- Symlinking: /home/andreas/dev_ws/msauber_stack/install/yolo_msgs/include/yolo_msgs/yolo_msgs/msg/detail/key_point3_d__struct.hpp
[39.150s] -- Symlinking: /home/andreas/dev_ws/msauber_stack/install/yolo_msgs/include/yolo_msgs/yolo_msgs/msg/detail/key_point3_d__traits.hpp
[39.158s] -- Symlinking: /home/andreas/dev_ws/msauber_stack/install/yolo_msgs/include/yolo_msgs/yolo_msgs/msg/detail/key_point3_d__type_support.hpp
[39.166s] -- Symlinking: /home/andreas/dev_ws/msauber_stack/install/yolo_msgs/include/yolo_msgs/yolo_msgs/msg/detail/key_point3_d_array__builder.hpp
[39.175s] -- Symlinking: /home/andreas/dev_ws/msauber_stack/install/yolo_msgs/include/yolo_msgs/yolo_msgs/msg/detail/key_point3_d_array__struct.hpp
[39.183s] -- Symlinking: /home/andreas/dev_ws/msauber_stack/install/yolo_msgs/include/yolo_msgs/yolo_msgs/msg/detail/key_point3_d_array__traits.hpp
[39.191s] -- Symlinking: /home/andreas/dev_ws/msauber_stack/install/yolo_msgs/include/yolo_msgs/yolo_msgs/msg/detail/key_point3_d_array__type_support.hpp
[39.200s] -- Symlinking: /home/andreas/dev_ws/msauber_stack/install/yolo_msgs/include/yolo_msgs/yolo_msgs/msg/detail/mask__builder.hpp
[39.208s] -- Symlinking: /home/andreas/dev_ws/msauber_stack/install/yolo_msgs/include/yolo_msgs/yolo_msgs/msg/detail/mask__struct.hpp
[39.216s] -- Symlinking: /home/andreas/dev_ws/msauber_stack/install/yolo_msgs/include/yolo_msgs/yolo_msgs/msg/detail/mask__traits.hpp
[39.225s] -- Symlinking: /home/andreas/dev_ws/msauber_stack/install/yolo_msgs/include/yolo_msgs/yolo_msgs/msg/detail/mask__type_support.hpp
[39.233s] -- Symlinking: /home/andreas/dev_ws/msauber_stack/install/yolo_msgs/include/yolo_msgs/yolo_msgs/msg/detail/point2_d__builder.hpp
[39.242s] -- Symlinking: /home/andreas/dev_ws/msauber_stack/install/yolo_msgs/include/yolo_msgs/yolo_msgs/msg/detail/point2_d__struct.hpp
[39.250s] -- Symlinking: /home/andreas/dev_ws/msauber_stack/install/yolo_msgs/include/yolo_msgs/yolo_msgs/msg/detail/point2_d__traits.hpp
[39.258s] -- Symlinking: /home/andreas/dev_ws/msauber_stack/install/yolo_msgs/include/yolo_msgs/yolo_msgs/msg/detail/point2_d__type_support.hpp
[39.266s] -- Symlinking: /home/andreas/dev_ws/msauber_stack/install/yolo_msgs/include/yolo_msgs/yolo_msgs/msg/detail/pose2_d__builder.hpp
[39.274s] -- Symlinking: /home/andreas/dev_ws/msauber_stack/install/yolo_msgs/include/yolo_msgs/yolo_msgs/msg/detail/pose2_d__struct.hpp
[39.282s] -- Symlinking: /home/andreas/dev_ws/msauber_stack/install/yolo_msgs/include/yolo_msgs/yolo_msgs/msg/detail/pose2_d__traits.hpp
[39.291s] -- Symlinking: /home/andreas/dev_ws/msauber_stack/install/yolo_msgs/include/yolo_msgs/yolo_msgs/msg/detail/pose2_d__type_support.hpp
[39.299s] -- Symlinking: /home/andreas/dev_ws/msauber_stack/install/yolo_msgs/include/yolo_msgs/yolo_msgs/msg/detail/vector2__builder.hpp
[39.307s] -- Symlinking: /home/andreas/dev_ws/msauber_stack/install/yolo_msgs/include/yolo_msgs/yolo_msgs/msg/detail/vector2__struct.hpp
[39.315s] -- Symlinking: /home/andreas/dev_ws/msauber_stack/install/yolo_msgs/include/yolo_msgs/yolo_msgs/msg/detail/vector2__traits.hpp
[39.323s] -- Symlinking: /home/andreas/dev_ws/msauber_stack/install/yolo_msgs/include/yolo_msgs/yolo_msgs/msg/detail/vector2__type_support.hpp
[39.331s] -- Symlinking: /home/andreas/dev_ws/msauber_stack/install/yolo_msgs/include/yolo_msgs/yolo_msgs/msg/detection.hpp
[39.340s] -- Symlinking: /home/andreas/dev_ws/msauber_stack/install/yolo_msgs/include/yolo_msgs/yolo_msgs/msg/detection_array.hpp
[39.348s] -- Symlinking: /home/andreas/dev_ws/msauber_stack/install/yolo_msgs/include/yolo_msgs/yolo_msgs/msg/key_point2_d.hpp
[39.356s] -- Symlinking: /home/andreas/dev_ws/msauber_stack/install/yolo_msgs/include/yolo_msgs/yolo_msgs/msg/key_point2_d_array.hpp
[39.364s] -- Symlinking: /home/andreas/dev_ws/msauber_stack/install/yolo_msgs/include/yolo_msgs/yolo_msgs/msg/key_point3_d.hpp
[39.372s] -- Symlinking: /home/andreas/dev_ws/msauber_stack/install/yolo_msgs/include/yolo_msgs/yolo_msgs/msg/key_point3_d_array.hpp
[39.380s] -- Symlinking: /home/andreas/dev_ws/msauber_stack/install/yolo_msgs/include/yolo_msgs/yolo_msgs/msg/mask.hpp
[39.388s] -- Symlinking: /home/andreas/dev_ws/msauber_stack/install/yolo_msgs/include/yolo_msgs/yolo_msgs/msg/point2_d.hpp
[39.396s] -- Symlinking: /home/andreas/dev_ws/msauber_stack/install/yolo_msgs/include/yolo_msgs/yolo_msgs/msg/pose2_d.hpp
[39.404s] -- Symlinking: /home/andreas/dev_ws/msauber_stack/install/yolo_msgs/include/yolo_msgs/yolo_msgs/msg/rosidl_generator_cpp__visibility_control.hpp
[39.412s] -- Symlinking: /home/andreas/dev_ws/msauber_stack/install/yolo_msgs/include/yolo_msgs/yolo_msgs/msg/vector2.hpp
[39.420s] -- Symlinking: /home/andreas/dev_ws/msauber_stack/install/yolo_msgs/include/yolo_msgs/yolo_msgs/srv/detail/set_classes__builder.hpp
[39.428s] -- Symlinking: /home/andreas/dev_ws/msauber_stack/install/yolo_msgs/include/yolo_msgs/yolo_msgs/srv/detail/set_classes__struct.hpp
[39.436s] -- Symlinking: /home/andreas/dev_ws/msauber_stack/install/yolo_msgs/include/yolo_msgs/yolo_msgs/srv/detail/set_classes__traits.hpp
[39.444s] -- Symlinking: /home/andreas/dev_ws/msauber_stack/install/yolo_msgs/include/yolo_msgs/yolo_msgs/srv/detail/set_classes__type_support.hpp
[39.452s] -- Symlinking: /home/andreas/dev_ws/msauber_stack/install/yolo_msgs/include/yolo_msgs/yolo_msgs/srv/set_classes.hpp
[39.460s] -- Symlinking: /home/andreas/dev_ws/msauber_stack/install/yolo_msgs/include/yolo_msgs/yolo_msgs/msg/detail/bounding_box2_d__rosidl_typesupport_fastrtps_cpp.hpp
[39.468s] -- Symlinking: /home/andreas/dev_ws/msauber_stack/install/yolo_msgs/include/yolo_msgs/yolo_msgs/msg/detail/bounding_box3_d__rosidl_typesupport_fastrtps_cpp.hpp
[39.476s] -- Symlinking: /home/andreas/dev_ws/msauber_stack/install/yolo_msgs/include/yolo_msgs/yolo_msgs/msg/detail/detection__rosidl_typesupport_fastrtps_cpp.hpp
[39.484s] -- Symlinking: /home/andreas/dev_ws/msauber_stack/install/yolo_msgs/include/yolo_msgs/yolo_msgs/msg/detail/detection_array__rosidl_typesupport_fastrtps_cpp.hpp
[39.492s] -- Symlinking: /home/andreas/dev_ws/msauber_stack/install/yolo_msgs/include/yolo_msgs/yolo_msgs/msg/detail/key_point2_d__rosidl_typesupport_fastrtps_cpp.hpp
[39.500s] -- Symlinking: /home/andreas/dev_ws/msauber_stack/install/yolo_msgs/include/yolo_msgs/yolo_msgs/msg/detail/key_point2_d_array__rosidl_typesupport_fastrtps_cpp.hpp
[39.507s] -- Symlinking: /home/andreas/dev_ws/msauber_stack/install/yolo_msgs/include/yolo_msgs/yolo_msgs/msg/detail/key_point3_d__rosidl_typesupport_fastrtps_cpp.hpp
[39.515s] -- Symlinking: /home/andreas/dev_ws/msauber_stack/install/yolo_msgs/include/yolo_msgs/yolo_msgs/msg/detail/key_point3_d_array__rosidl_typesupport_fastrtps_cpp.hpp
[39.523s] -- Symlinking: /home/andreas/dev_ws/msauber_stack/install/yolo_msgs/include/yolo_msgs/yolo_msgs/msg/detail/mask__rosidl_typesupport_fastrtps_cpp.hpp
[39.530s] -- Symlinking: /home/andreas/dev_ws/msauber_stack/install/yolo_msgs/include/yolo_msgs/yolo_msgs/msg/detail/point2_d__rosidl_typesupport_fastrtps_cpp.hpp
[39.539s] -- Symlinking: /home/andreas/dev_ws/msauber_stack/install/yolo_msgs/include/yolo_msgs/yolo_msgs/msg/detail/pose2_d__rosidl_typesupport_fastrtps_cpp.hpp
[39.547s] -- Symlinking: /home/andreas/dev_ws/msauber_stack/install/yolo_msgs/include/yolo_msgs/yolo_msgs/msg/detail/vector2__rosidl_typesupport_fastrtps_cpp.hpp
[39.555s] -- Symlinking: /home/andreas/dev_ws/msauber_stack/install/yolo_msgs/include/yolo_msgs/yolo_msgs/msg/rosidl_typesupport_fastrtps_cpp__visibility_control.h
[39.563s] -- Symlinking: /home/andreas/dev_ws/msauber_stack/install/yolo_msgs/include/yolo_msgs/yolo_msgs/srv/detail/set_classes__rosidl_typesupport_fastrtps_cpp.hpp
[39.571s] -- Symlinking: /home/andreas/dev_ws/msauber_stack/install/yolo_msgs/include/yolo_msgs/yolo_msgs/msg/detail/bounding_box2_d__rosidl_typesupport_introspection_cpp.hpp
[39.579s] -- Symlinking: /home/andreas/dev_ws/msauber_stack/install/yolo_msgs/include/yolo_msgs/yolo_msgs/msg/detail/bounding_box3_d__rosidl_typesupport_introspection_cpp.hpp
[39.587s] -- Symlinking: /home/andreas/dev_ws/msauber_stack/install/yolo_msgs/include/yolo_msgs/yolo_msgs/msg/detail/detection__rosidl_typesupport_introspection_cpp.hpp
[39.595s] -- Symlinking: /home/andreas/dev_ws/msauber_stack/install/yolo_msgs/include/yolo_msgs/yolo_msgs/msg/detail/detection_array__rosidl_typesupport_introspection_cpp.hpp
[39.603s] -- Symlinking: /home/andreas/dev_ws/msauber_stack/install/yolo_msgs/include/yolo_msgs/yolo_msgs/msg/detail/key_point2_d__rosidl_typesupport_introspection_cpp.hpp
[39.610s] -- Symlinking: /home/andreas/dev_ws/msauber_stack/install/yolo_msgs/include/yolo_msgs/yolo_msgs/msg/detail/key_point2_d_array__rosidl_typesupport_introspection_cpp.hpp
[39.618s] -- Symlinking: /home/andreas/dev_ws/msauber_stack/install/yolo_msgs/include/yolo_msgs/yolo_msgs/msg/detail/key_point3_d__rosidl_typesupport_introspection_cpp.hpp
[39.626s] -- Symlinking: /home/andreas/dev_ws/msauber_stack/install/yolo_msgs/include/yolo_msgs/yolo_msgs/msg/detail/key_point3_d_array__rosidl_typesupport_introspection_cpp.hpp
[39.635s] -- Symlinking: /home/andreas/dev_ws/msauber_stack/install/yolo_msgs/include/yolo_msgs/yolo_msgs/msg/detail/mask__rosidl_typesupport_introspection_cpp.hpp
[39.642s] -- Symlinking: /home/andreas/dev_ws/msauber_stack/install/yolo_msgs/include/yolo_msgs/yolo_msgs/msg/detail/point2_d__rosidl_typesupport_introspection_cpp.hpp
[39.650s] -- Symlinking: /home/andreas/dev_ws/msauber_stack/install/yolo_msgs/include/yolo_msgs/yolo_msgs/msg/detail/pose2_d__rosidl_typesupport_introspection_cpp.hpp
[39.658s] -- Symlinking: /home/andreas/dev_ws/msauber_stack/install/yolo_msgs/include/yolo_msgs/yolo_msgs/msg/detail/vector2__rosidl_typesupport_introspection_cpp.hpp
[39.666s] -- Symlinking: /home/andreas/dev_ws/msauber_stack/install/yolo_msgs/include/yolo_msgs/yolo_msgs/srv/detail/set_classes__rosidl_typesupport_introspection_cpp.hpp
[39.674s] -- Symlinking: /home/andreas/dev_ws/msauber_stack/install/yolo_msgs/share/yolo_msgs/environment/pythonpath.sh
[39.682s] -- Symlinking: /home/andreas/dev_ws/msauber_stack/install/yolo_msgs/share/yolo_msgs/environment/pythonpath.dsv
[39.691s] -- Symlinking: /home/andreas/dev_ws/msauber_stack/install/yolo_msgs/lib/python3.12/site-packages/yolo_msgs-4.5.1-py3.12.egg-info/PKG-INFO
[39.699s] -- Symlinking: /home/andreas/dev_ws/msauber_stack/install/yolo_msgs/lib/python3.12/site-packages/yolo_msgs-4.5.1-py3.12.egg-info/SOURCES.txt
[39.708s] -- Symlinking: /home/andreas/dev_ws/msauber_stack/install/yolo_msgs/lib/python3.12/site-packages/yolo_msgs-4.5.1-py3.12.egg-info/dependency_links.txt
[39.716s] -- Symlinking: /home/andreas/dev_ws/msauber_stack/install/yolo_msgs/lib/python3.12/site-packages/yolo_msgs-4.5.1-py3.12.egg-info/top_level.txt
[39.725s] -- Symlinking: /home/andreas/dev_ws/msauber_stack/install/yolo_msgs/lib/python3.12/site-packages/yolo_msgs/__init__.py
[39.733s] -- Symlinking: /home/andreas/dev_ws/msauber_stack/install/yolo_msgs/lib/python3.12/site-packages/yolo_msgs/_yolo_msgs_s.ep.rosidl_typesupport_c.c
[39.741s] -- Symlinking: /home/andreas/dev_ws/msauber_stack/install/yolo_msgs/lib/python3.12/site-packages/yolo_msgs/_yolo_msgs_s.ep.rosidl_typesupport_fastrtps_c.c
[39.749s] -- Symlinking: /home/andreas/dev_ws/msauber_stack/install/yolo_msgs/lib/python3.12/site-packages/yolo_msgs/_yolo_msgs_s.ep.rosidl_typesupport_introspection_c.c
[39.757s] -- Symlinking: /home/andreas/dev_ws/msauber_stack/install/yolo_msgs/lib/python3.12/site-packages/yolo_msgs/msg/__init__.py
[39.765s] -- Symlinking: /home/andreas/dev_ws/msauber_stack/install/yolo_msgs/lib/python3.12/site-packages/yolo_msgs/msg/_bounding_box2_d.py
[39.773s] -- Symlinking: /home/andreas/dev_ws/msauber_stack/install/yolo_msgs/lib/python3.12/site-packages/yolo_msgs/msg/_bounding_box2_d_s.c
[39.780s] -- Symlinking: /home/andreas/dev_ws/msauber_stack/install/yolo_msgs/lib/python3.12/site-packages/yolo_msgs/msg/_bounding_box3_d.py
[39.788s] -- Symlinking: /home/andreas/dev_ws/msauber_stack/install/yolo_msgs/lib/python3.12/site-packages/yolo_msgs/msg/_bounding_box3_d_s.c
[39.796s] -- Symlinking: /home/andreas/dev_ws/msauber_stack/install/yolo_msgs/lib/python3.12/site-packages/yolo_msgs/msg/_detection.py
[39.805s] -- Symlinking: /home/andreas/dev_ws/msauber_stack/install/yolo_msgs/lib/python3.12/site-packages/yolo_msgs/msg/_detection_array.py
[39.813s] -- Symlinking: /home/andreas/dev_ws/msauber_stack/install/yolo_msgs/lib/python3.12/site-packages/yolo_msgs/msg/_detection_array_s.c
[39.820s] -- Symlinking: /home/andreas/dev_ws/msauber_stack/install/yolo_msgs/lib/python3.12/site-packages/yolo_msgs/msg/_detection_s.c
[39.828s] -- Symlinking: /home/andreas/dev_ws/msauber_stack/install/yolo_msgs/lib/python3.12/site-packages/yolo_msgs/msg/_key_point2_d.py
[39.837s] -- Symlinking: /home/andreas/dev_ws/msauber_stack/install/yolo_msgs/lib/python3.12/site-packages/yolo_msgs/msg/_key_point2_d_array.py
[39.844s] -- Symlinking: /home/andreas/dev_ws/msauber_stack/install/yolo_msgs/lib/python3.12/site-packages/yolo_msgs/msg/_key_point2_d_array_s.c
[39.852s] -- Symlinking: /home/andreas/dev_ws/msauber_stack/install/yolo_msgs/lib/python3.12/site-packages/yolo_msgs/msg/_key_point2_d_s.c
[39.860s] -- Symlinking: /home/andreas/dev_ws/msauber_stack/install/yolo_msgs/lib/python3.12/site-packages/yolo_msgs/msg/_key_point3_d.py
[39.868s] -- Symlinking: /home/andreas/dev_ws/msauber_stack/install/yolo_msgs/lib/python3.12/site-packages/yolo_msgs/msg/_key_point3_d_array.py
[39.875s] -- Symlinking: /home/andreas/dev_ws/msauber_stack/install/yolo_msgs/lib/python3.12/site-packages/yolo_msgs/msg/_key_point3_d_array_s.c
[39.883s] -- Symlinking: /home/andreas/dev_ws/msauber_stack/install/yolo_msgs/lib/python3.12/site-packages/yolo_msgs/msg/_key_point3_d_s.c
[39.890s] -- Symlinking: /home/andreas/dev_ws/msauber_stack/install/yolo_msgs/lib/python3.12/site-packages/yolo_msgs/msg/_mask.py
[39.898s] -- Symlinking: /home/andreas/dev_ws/msauber_stack/install/yolo_msgs/lib/python3.12/site-packages/yolo_msgs/msg/_mask_s.c
[39.906s] -- Symlinking: /home/andreas/dev_ws/msauber_stack/install/yolo_msgs/lib/python3.12/site-packages/yolo_msgs/msg/_point2_d.py
[39.914s] -- Symlinking: /home/andreas/dev_ws/msauber_stack/install/yolo_msgs/lib/python3.12/site-packages/yolo_msgs/msg/_point2_d_s.c
[39.921s] -- Symlinking: /home/andreas/dev_ws/msauber_stack/install/yolo_msgs/lib/python3.12/site-packages/yolo_msgs/msg/_pose2_d.py
[39.929s] -- Symlinking: /home/andreas/dev_ws/msauber_stack/install/yolo_msgs/lib/python3.12/site-packages/yolo_msgs/msg/_pose2_d_s.c
[39.937s] -- Symlinking: /home/andreas/dev_ws/msauber_stack/install/yolo_msgs/lib/python3.12/site-packages/yolo_msgs/msg/_vector2.py
[39.945s] -- Symlinking: /home/andreas/dev_ws/msauber_stack/install/yolo_msgs/lib/python3.12/site-packages/yolo_msgs/msg/_vector2_s.c
[39.953s] -- Symlinking: /home/andreas/dev_ws/msauber_stack/install/yolo_msgs/lib/python3.12/site-packages/yolo_msgs/srv/__init__.py
[39.961s] -- Symlinking: /home/andreas/dev_ws/msauber_stack/install/yolo_msgs/lib/python3.12/site-packages/yolo_msgs/srv/_set_classes.py
[39.968s] -- Symlinking: /home/andreas/dev_ws/msauber_stack/install/yolo_msgs/lib/python3.12/site-packages/yolo_msgs/srv/_set_classes_s.c
[39.976s] -- Symlinking: /home/andreas/dev_ws/msauber_stack/install/yolo_msgs/lib/python3.12/site-packages/yolo_msgs/yolo_msgs_s__rosidl_typesupport_c.so
[39.983s] -- Symlinking: /home/andreas/dev_ws/msauber_stack/install/yolo_msgs/lib/python3.12/site-packages/yolo_msgs/yolo_msgs_s__rosidl_typesupport_fastrtps_c.so
[39.991s] -- Symlinking: /home/andreas/dev_ws/msauber_stack/install/yolo_msgs/lib/python3.12/site-packages/yolo_msgs/yolo_msgs_s__rosidl_typesupport_introspection_c.so
[39.999s] -- Up-to-date symlink: /home/andreas/dev_ws/msauber_stack/install/yolo_msgs/lib/python3.12/site-packages/yolo_msgs/yolo_msgs_s__rosidl_typesupport_fastrtps_c.so
[39.999s] -- Up-to-date symlink: /home/andreas/dev_ws/msauber_stack/install/yolo_msgs/lib/python3.12/site-packages/yolo_msgs/yolo_msgs_s__rosidl_typesupport_introspection_c.so
[39.999s] -- Up-to-date symlink: /home/andreas/dev_ws/msauber_stack/install/yolo_msgs/lib/python3.12/site-packages/yolo_msgs/yolo_msgs_s__rosidl_typesupport_c.so
[39.999s] -- Symlinking: /home/andreas/dev_ws/msauber_stack/install/yolo_msgs/share/yolo_msgs/msg/Point2D.idl
[40.007s] -- Symlinking: /home/andreas/dev_ws/msauber_stack/install/yolo_msgs/share/yolo_msgs/msg/Vector2.idl
[40.014s] -- Symlinking: /home/andreas/dev_ws/msauber_stack/install/yolo_msgs/share/yolo_msgs/msg/Pose2D.idl
[40.022s] -- Symlinking: /home/andreas/dev_ws/msauber_stack/install/yolo_msgs/share/yolo_msgs/msg/BoundingBox2D.idl
[40.030s] -- Symlinking: /home/andreas/dev_ws/msauber_stack/install/yolo_msgs/share/yolo_msgs/msg/BoundingBox3D.idl
[40.039s] -- Symlinking: /home/andreas/dev_ws/msauber_stack/install/yolo_msgs/share/yolo_msgs/msg/Mask.idl
[40.047s] -- Symlinking: /home/andreas/dev_ws/msauber_stack/install/yolo_msgs/share/yolo_msgs/msg/KeyPoint2D.idl
[40.055s] -- Symlinking: /home/andreas/dev_ws/msauber_stack/install/yolo_msgs/share/yolo_msgs/msg/KeyPoint2DArray.idl
[40.062s] -- Symlinking: /home/andreas/dev_ws/msauber_stack/install/yolo_msgs/share/yolo_msgs/msg/KeyPoint3D.idl
[40.070s] -- Symlinking: /home/andreas/dev_ws/msauber_stack/install/yolo_msgs/share/yolo_msgs/msg/KeyPoint3DArray.idl
[40.078s] -- Symlinking: /home/andreas/dev_ws/msauber_stack/install/yolo_msgs/share/yolo_msgs/msg/Detection.idl
[40.086s] -- Symlinking: /home/andreas/dev_ws/msauber_stack/install/yolo_msgs/share/yolo_msgs/msg/DetectionArray.idl
[40.093s] -- Symlinking: /home/andreas/dev_ws/msauber_stack/install/yolo_msgs/share/yolo_msgs/srv/SetClasses.idl
[40.101s] -- Symlinking: /home/andreas/dev_ws/msauber_stack/install/yolo_msgs/share/yolo_msgs/msg/Point2D.msg
[40.109s] -- Symlinking: /home/andreas/dev_ws/msauber_stack/install/yolo_msgs/share/yolo_msgs/msg/Vector2.msg
[40.117s] -- Symlinking: /home/andreas/dev_ws/msauber_stack/install/yolo_msgs/share/yolo_msgs/msg/Pose2D.msg
[40.125s] -- Symlinking: /home/andreas/dev_ws/msauber_stack/install/yolo_msgs/share/yolo_msgs/msg/BoundingBox2D.msg
[40.132s] -- Symlinking: /home/andreas/dev_ws/msauber_stack/install/yolo_msgs/share/yolo_msgs/msg/BoundingBox3D.msg
[40.141s] -- Symlinking: /home/andreas/dev_ws/msauber_stack/install/yolo_msgs/share/yolo_msgs/msg/Mask.msg
[40.148s] -- Symlinking: /home/andreas/dev_ws/msauber_stack/install/yolo_msgs/share/yolo_msgs/msg/KeyPoint2D.msg
[40.156s] -- Symlinking: /home/andreas/dev_ws/msauber_stack/install/yolo_msgs/share/yolo_msgs/msg/KeyPoint2DArray.msg
[40.164s] -- Symlinking: /home/andreas/dev_ws/msauber_stack/install/yolo_msgs/share/yolo_msgs/msg/KeyPoint3D.msg
[40.172s] -- Symlinking: /home/andreas/dev_ws/msauber_stack/install/yolo_msgs/share/yolo_msgs/msg/KeyPoint3DArray.msg
[40.179s] -- Symlinking: /home/andreas/dev_ws/msauber_stack/install/yolo_msgs/share/yolo_msgs/msg/Detection.msg
[40.187s] -- Symlinking: /home/andreas/dev_ws/msauber_stack/install/yolo_msgs/share/yolo_msgs/msg/DetectionArray.msg
[40.195s] -- Symlinking: /home/andreas/dev_ws/msauber_stack/install/yolo_msgs/share/yolo_msgs/srv/SetClasses.srv
[40.202s] -- Symlinking: /home/andreas/dev_ws/msauber_stack/install/yolo_msgs/share/ament_index/resource_index/package_run_dependencies/yolo_msgs
[40.210s] -- Symlinking: /home/andreas/dev_ws/msauber_stack/install/yolo_msgs/share/ament_index/resource_index/parent_prefix_path/yolo_msgs
[40.218s] -- Symlinking: /home/andreas/dev_ws/msauber_stack/install/yolo_msgs/share/yolo_msgs/environment/ament_prefix_path.sh
[40.226s] -- Symlinking: /home/andreas/dev_ws/msauber_stack/install/yolo_msgs/share/yolo_msgs/environment/ament_prefix_path.dsv
[40.234s] -- Symlinking: /home/andreas/dev_ws/msauber_stack/install/yolo_msgs/share/yolo_msgs/environment/path.sh
[40.242s] -- Symlinking: /home/andreas/dev_ws/msauber_stack/install/yolo_msgs/share/yolo_msgs/environment/path.dsv
[40.250s] -- Symlinking: /home/andreas/dev_ws/msauber_stack/install/yolo_msgs/share/yolo_msgs/local_setup.bash
[40.257s] -- Symlinking: /home/andreas/dev_ws/msauber_stack/install/yolo_msgs/share/yolo_msgs/local_setup.sh
[40.265s] -- Symlinking: /home/andreas/dev_ws/msauber_stack/install/yolo_msgs/share/yolo_msgs/local_setup.zsh
[40.272s] -- Symlinking: /home/andreas/dev_ws/msauber_stack/install/yolo_msgs/share/yolo_msgs/local_setup.dsv
[40.280s] -- Symlinking: /home/andreas/dev_ws/msauber_stack/install/yolo_msgs/share/yolo_msgs/package.dsv
[40.287s] -- Symlinking: /home/andreas/dev_ws/msauber_stack/install/yolo_msgs/share/ament_index/resource_index/packages/yolo_msgs
[40.295s] -- Symlinking: /home/andreas/dev_ws/msauber_stack/install/yolo_msgs/share/yolo_msgs/cmake/rosidl_cmake-extras.cmake
[40.302s] -- Symlinking: /home/andreas/dev_ws/msauber_stack/install/yolo_msgs/share/yolo_msgs/cmake/ament_cmake_export_dependencies-extras.cmake
[40.310s] -- Symlinking: /home/andreas/dev_ws/msauber_stack/install/yolo_msgs/share/yolo_msgs/cmake/ament_cmake_export_include_directories-extras.cmake
[40.317s] -- Symlinking: /home/andreas/dev_ws/msauber_stack/install/yolo_msgs/share/yolo_msgs/cmake/ament_cmake_export_libraries-extras.cmake
[40.325s] -- Symlinking: /home/andreas/dev_ws/msauber_stack/install/yolo_msgs/share/yolo_msgs/cmake/ament_cmake_export_targets-extras.cmake
[40.333s] -- Symlinking: /home/andreas/dev_ws/msauber_stack/install/yolo_msgs/share/yolo_msgs/cmake/rosidl_cmake_export_typesupport_targets-extras.cmake
[40.341s] -- Symlinking: /home/andreas/dev_ws/msauber_stack/install/yolo_msgs/share/yolo_msgs/cmake/rosidl_cmake_export_typesupport_libraries-extras.cmake
[40.348s] -- Symlinking: /home/andreas/dev_ws/msauber_stack/install/yolo_msgs/share/yolo_msgs/cmake/yolo_msgsConfig.cmake
[40.356s] -- Symlinking: /home/andreas/dev_ws/msauber_stack/install/yolo_msgs/share/yolo_msgs/cmake/yolo_msgsConfig-version.cmake
[40.363s] -- Symlinking: /home/andreas/dev_ws/msauber_stack/install/yolo_msgs/share/yolo_msgs/package.xml
[40.371s] -- Installing: /home/andreas/dev_ws/msauber_stack/install/yolo_msgs/lib/libyolo_msgs__rosidl_generator_c.so
[40.371s] -- Set non-toolchain portion of runtime path of "/home/andreas/dev_ws/msauber_stack/install/yolo_msgs/lib/libyolo_msgs__rosidl_generator_c.so" to ""
[40.371s] -- Installing: /home/andreas/dev_ws/msauber_stack/install/yolo_msgs/lib/libyolo_msgs__rosidl_typesupport_fastrtps_c.so
[40.372s] -- Set non-toolchain portion of runtime path of "/home/andreas/dev_ws/msauber_stack/install/yolo_msgs/lib/libyolo_msgs__rosidl_typesupport_fastrtps_c.so" to ""
[40.372s] -- Installing: /home/andreas/dev_ws/msauber_stack/install/yolo_msgs/lib/libyolo_msgs__rosidl_typesupport_introspection_c.so
[40.372s] -- Set non-toolchain portion of runtime path of "/home/andreas/dev_ws/msauber_stack/install/yolo_msgs/lib/libyolo_msgs__rosidl_typesupport_introspection_c.so" to ""
[40.372s] -- Installing: /home/andreas/dev_ws/msauber_stack/install/yolo_msgs/lib/libyolo_msgs__rosidl_typesupport_c.so
[40.372s] -- Set non-toolchain portion of runtime path of "/home/andreas/dev_ws/msauber_stack/install/yolo_msgs/lib/libyolo_msgs__rosidl_typesupport_c.so" to ""
[40.372s] -- Installing: /home/andreas/dev_ws/msauber_stack/install/yolo_msgs/lib/libyolo_msgs__rosidl_typesupport_fastrtps_cpp.so
[40.373s] -- Set non-toolchain portion of runtime path of "/home/andreas/dev_ws/msauber_stack/install/yolo_msgs/lib/libyolo_msgs__rosidl_typesupport_fastrtps_cpp.so" to ""
[40.373s] -- Installing: /home/andreas/dev_ws/msauber_stack/install/yolo_msgs/lib/libyolo_msgs__rosidl_typesupport_introspection_cpp.so
[40.373s] -- Set non-toolchain portion of runtime path of "/home/andreas/dev_ws/msauber_stack/install/yolo_msgs/lib/libyolo_msgs__rosidl_typesupport_introspection_cpp.so" to ""
[40.373s] -- Installing: /home/andreas/dev_ws/msauber_stack/install/yolo_msgs/lib/libyolo_msgs__rosidl_typesupport_cpp.so
[40.373s] -- Set non-toolchain portion of runtime path of "/home/andreas/dev_ws/msauber_stack/install/yolo_msgs/lib/libyolo_msgs__rosidl_typesupport_cpp.so" to ""
[40.431s] Listing '/home/andreas/dev_ws/msauber_stack/install/yolo_msgs/lib/python3.12/site-packages/yolo_msgs'...
[40.431s] Compiling '/home/andreas/dev_ws/msauber_stack/install/yolo_msgs/lib/python3.12/site-packages/yolo_msgs/__init__.py'...
[40.431s] Listing '/home/andreas/dev_ws/msauber_stack/install/yolo_msgs/lib/python3.12/site-packages/yolo_msgs/msg'...
[40.431s] Compiling '/home/andreas/dev_ws/msauber_stack/install/yolo_msgs/lib/python3.12/site-packages/yolo_msgs/msg/__init__.py'...
[40.431s] Compiling '/home/andreas/dev_ws/msauber_stack/install/yolo_msgs/lib/python3.12/site-packages/yolo_msgs/msg/_bounding_box2_d.py'...
[40.431s] Compiling '/home/andreas/dev_ws/msauber_stack/install/yolo_msgs/lib/python3.12/site-packages/yolo_msgs/msg/_bounding_box3_d.py'...
[40.431s] Compiling '/home/andreas/dev_ws/msauber_stack/install/yolo_msgs/lib/python3.12/site-packages/yolo_msgs/msg/_detection.py'...
[40.431s] Compiling '/home/andreas/dev_ws/msauber_stack/install/yolo_msgs/lib/python3.12/site-packages/yolo_msgs/msg/_detection_array.py'...
[40.431s] Compiling '/home/andreas/dev_ws/msauber_stack/install/yolo_msgs/lib/python3.12/site-packages/yolo_msgs/msg/_key_point2_d.py'...
[40.431s] Compiling '/home/andreas/dev_ws/msauber_stack/install/yolo_msgs/lib/python3.12/site-packages/yolo_msgs/msg/_key_point2_d_array.py'...
[40.431s] Compiling '/home/andreas/dev_ws/msauber_stack/install/yolo_msgs/lib/python3.12/site-packages/yolo_msgs/msg/_key_point3_d.py'...
[40.431s] Compiling '/home/andreas/dev_ws/msauber_stack/install/yolo_msgs/lib/python3.12/site-packages/yolo_msgs/msg/_key_point3_d_array.py'...
[40.431s] Compiling '/home/andreas/dev_ws/msauber_stack/install/yolo_msgs/lib/python3.12/site-packages/yolo_msgs/msg/_mask.py'...
[40.431s] Compiling '/home/andreas/dev_ws/msauber_stack/install/yolo_msgs/lib/python3.12/site-packages/yolo_msgs/msg/_point2_d.py'...
[40.432s] Compiling '/home/andreas/dev_ws/msauber_stack/install/yolo_msgs/lib/python3.12/site-packages/yolo_msgs/msg/_pose2_d.py'...
[40.432s] Compiling '/home/andreas/dev_ws/msauber_stack/install/yolo_msgs/lib/python3.12/site-packages/yolo_msgs/msg/_vector2.py'...
[40.432s] Listing '/home/andreas/dev_ws/msauber_stack/install/yolo_msgs/lib/python3.12/site-packages/yolo_msgs/srv'...
[40.432s] Compiling '/home/andreas/dev_ws/msauber_stack/install/yolo_msgs/lib/python3.12/site-packages/yolo_msgs/srv/__init__.py'...
[40.432s] Compiling '/home/andreas/dev_ws/msauber_stack/install/yolo_msgs/lib/python3.12/site-packages/yolo_msgs/srv/_set_classes.py'...
[40.436s] -- Installing: /home/andreas/dev_ws/msauber_stack/install/yolo_msgs/lib/libyolo_msgs__rosidl_generator_py.so
[40.437s] -- Set non-toolchain portion of runtime path of "/home/andreas/dev_ws/msauber_stack/install/yolo_msgs/lib/libyolo_msgs__rosidl_generator_py.so" to ""
[40.437s] -- Installing: /home/andreas/dev_ws/msauber_stack/install/yolo_msgs/share/yolo_msgs/cmake/export_yolo_msgs__rosidl_generator_cExport.cmake
[40.437s] -- Installing: /home/andreas/dev_ws/msauber_stack/install/yolo_msgs/share/yolo_msgs/cmake/export_yolo_msgs__rosidl_generator_cExport-noconfig.cmake
[40.437s] -- Installing: /home/andreas/dev_ws/msauber_stack/install/yolo_msgs/share/yolo_msgs/cmake/export_yolo_msgs__rosidl_typesupport_fastrtps_cExport.cmake
[40.437s] -- Installing: /home/andreas/dev_ws/msauber_stack/install/yolo_msgs/share/yolo_msgs/cmake/export_yolo_msgs__rosidl_typesupport_fastrtps_cExport-noconfig.cmake
[40.437s] -- Installing: /home/andreas/dev_ws/msauber_stack/install/yolo_msgs/share/yolo_msgs/cmake/yolo_msgs__rosidl_typesupport_introspection_cExport.cmake
[40.437s] -- Installing: /home/andreas/dev_ws/msauber_stack/install/yolo_msgs/share/yolo_msgs/cmake/yolo_msgs__rosidl_typesupport_introspection_cExport-noconfig.cmake
[40.437s] -- Installing: /home/andreas/dev_ws/msauber_stack/install/yolo_msgs/share/yolo_msgs/cmake/yolo_msgs__rosidl_typesupport_cExport.cmake
[40.437s] -- Installing: /home/andreas/dev_ws/msauber_stack/install/yolo_msgs/share/yolo_msgs/cmake/yolo_msgs__rosidl_typesupport_cExport-noconfig.cmake
[40.437s] -- Installing: /home/andreas/dev_ws/msauber_stack/install/yolo_msgs/share/yolo_msgs/cmake/export_yolo_msgs__rosidl_generator_cppExport.cmake
[40.438s] -- Installing: /home/andreas/dev_ws/msauber_stack/install/yolo_msgs/share/yolo_msgs/cmake/export_yolo_msgs__rosidl_typesupport_fastrtps_cppExport.cmake
[40.438s] -- Installing: /home/andreas/dev_ws/msauber_stack/install/yolo_msgs/share/yolo_msgs/cmake/export_yolo_msgs__rosidl_typesupport_fastrtps_cppExport-noconfig.cmake
[40.438s] -- Installing: /home/andreas/dev_ws/msauber_stack/install/yolo_msgs/share/yolo_msgs/cmake/yolo_msgs__rosidl_typesupport_introspection_cppExport.cmake
[40.438s] -- Installing: /home/andreas/dev_ws/msauber_stack/install/yolo_msgs/share/yolo_msgs/cmake/yolo_msgs__rosidl_typesupport_introspection_cppExport-noconfig.cmake
[40.438s] -- Installing: /home/andreas/dev_ws/msauber_stack/install/yolo_msgs/share/yolo_msgs/cmake/yolo_msgs__rosidl_typesupport_cppExport.cmake
[40.438s] -- Installing: /home/andreas/dev_ws/msauber_stack/install/yolo_msgs/share/yolo_msgs/cmake/yolo_msgs__rosidl_typesupport_cppExport-noconfig.cmake
[40.438s] -- Installing: /home/andreas/dev_ws/msauber_stack/install/yolo_msgs/share/yolo_msgs/cmake/export_yolo_msgs__rosidl_generator_pyExport.cmake
[40.438s] -- Installing: /home/andreas/dev_ws/msauber_stack/install/yolo_msgs/share/yolo_msgs/cmake/export_yolo_msgs__rosidl_generator_pyExport-noconfig.cmake
[40.440s] Invoked command in '/home/andreas/dev_ws/msauber_stack/build/yolo_msgs' returned '0': CMAKE_PREFIX_PATH=${CMAKE_PREFIX_PATH}:/home/andreas/dev_ws/msauber_stack/install/yolo_ros:/home/andreas/dev_ws/msauber_stack/install/msauber_bringup:/home/andreas/dev_ws/msauber_stack/install/msauber_sim:/home/andreas/dev_ws/msauber_stack/install/msauber_perception:/home/andreas/dev_ws/msauber_stack/install/msauber_navigation:/home/andreas/dev_ws/msauber_stack/install/msauber_description:/home/andreas/dev_ws/msauber_stack/install/msauber_control:/opt/ros/jazzy DEBUGINFOD_URLS=https://debuginfod.ubuntu.com PS1=(my_py_venv) %m%# VIRTUAL_ENV_PROMPT=(my_py_venv) /usr/bin/cmake --install /home/andreas/dev_ws/msauber_stack/build/yolo_msgs
