[0.077s] DEBUG:colcon:Command line arguments: ['/usr/bin/colcon', 'build', '--symlink-install']
[0.077s] DEBUG:colcon:Parsed command line arguments: Namespace(log_base=None, log_level=None, verb_name='build', build_base='build', install_base='install', merge_install=False, symlink_install=True, test_result_base=None, continue_on_error=False, executor='parallel', parallel_workers=8, event_handlers=None, ignore_user_meta=False, metas=['./colcon.meta'], base_paths=['.'], packages_ignore=None, packages_ignore_regex=None, paths=None, packages_up_to=None, packages_up_to_regex=None, packages_above=None, packages_above_and_dependencies=None, packages_above_depth=None, packages_select_by_dep=None, packages_skip_by_dep=None, packages_skip_up_to=None, packages_select_build_failed=False, packages_skip_build_finished=False, packages_select_test_failures=False, packages_skip_test_passed=False, packages_select=None, packages_skip=None, packages_select_regex=None, packages_skip_regex=None, packages_start=None, packages_end=None, allow_overriding=[], cmake_args=None, cmake_target=None, cmake_target_skip_unavailable=False, cmake_clean_cache=False, cmake_clean_first=False, cmake_force_configure=False, ament_cmake_args=None, catkin_cmake_args=None, catkin_skip_building_tests=False, mixin_files=None, mixin=None, verb_parser=<colcon_mixin.mixin.mixin_argument.MixinArgumentDecorator object at 0x790cd5f0a3c0>, verb_extension=<colcon_core.verb.build.BuildVerb object at 0x790cd5f0a120>, main=<bound method BuildVerb.main of <colcon_core.verb.build.BuildVerb object at 0x790cd5f0a120>>, mixin_verb=('build',))
[0.102s] Level 1:colcon.colcon_core.package_discovery:discover_packages(colcon_meta) check parameters
[0.102s] Level 1:colcon.colcon_core.package_discovery:discover_packages(recursive) check parameters
[0.102s] Level 1:colcon.colcon_core.package_discovery:discover_packages(ignore) check parameters
[0.102s] Level 1:colcon.colcon_core.package_discovery:discover_packages(path) check parameters
[0.102s] Level 1:colcon.colcon_core.package_discovery:discover_packages(colcon_meta) discover
[0.102s] Level 1:colcon.colcon_core.package_discovery:discover_packages(recursive) discover
[0.102s] INFO:colcon.colcon_core.package_discovery:Crawling recursively for packages in '/home/andreas/dev_ws/msauber_ws'
[0.102s] Level 1:colcon.colcon_core.package_identification:_identify(.) by extensions ['ignore', 'ignore_ament_install']
[0.102s] Level 1:colcon.colcon_core.package_identification:_identify(.) by extension 'ignore'
[0.102s] Level 1:colcon.colcon_core.package_identification:_identify(.) by extension 'ignore_ament_install'
[0.102s] Level 1:colcon.colcon_core.package_identification:_identify(.) by extensions ['colcon_pkg']
[0.102s] Level 1:colcon.colcon_core.package_identification:_identify(.) by extension 'colcon_pkg'
[0.102s] Level 1:colcon.colcon_core.package_identification:_identify(.) by extensions ['colcon_meta']
[0.102s] Level 1:colcon.colcon_core.package_identification:_identify(.) by extension 'colcon_meta'
[0.102s] Level 1:colcon.colcon_core.package_identification:_identify(.) by extensions ['ros']
[0.102s] Level 1:colcon.colcon_core.package_identification:_identify(.) by extension 'ros'
[0.118s] Level 1:colcon.colcon_core.package_identification:_identify(.) by extensions ['cmake', 'python']
[0.118s] Level 1:colcon.colcon_core.package_identification:_identify(.) by extension 'cmake'
[0.118s] Level 1:colcon.colcon_core.package_identification:_identify(.) by extension 'python'
[0.118s] Level 1:colcon.colcon_core.package_identification:_identify(.) by extensions ['python_setup_py']
[0.118s] Level 1:colcon.colcon_core.package_identification:_identify(.) by extension 'python_setup_py'
[0.118s] Level 1:colcon.colcon_core.package_identification:_identify(build) by extensions ['ignore', 'ignore_ament_install']
[0.118s] Level 1:colcon.colcon_core.package_identification:_identify(build) by extension 'ignore'
[0.118s] Level 1:colcon.colcon_core.package_identification:_identify(build) ignored
[0.118s] Level 1:colcon.colcon_core.package_identification:_identify(install) by extensions ['ignore', 'ignore_ament_install']
[0.118s] Level 1:colcon.colcon_core.package_identification:_identify(install) by extension 'ignore'
[0.118s] Level 1:colcon.colcon_core.package_identification:_identify(install) ignored
[0.119s] Level 1:colcon.colcon_core.package_identification:_identify(log) by extensions ['ignore', 'ignore_ament_install']
[0.119s] Level 1:colcon.colcon_core.package_identification:_identify(log) by extension 'ignore'
[0.119s] Level 1:colcon.colcon_core.package_identification:_identify(log) ignored
[0.119s] Level 1:colcon.colcon_core.package_identification:_identify(src) by extensions ['ignore', 'ignore_ament_install']
[0.119s] Level 1:colcon.colcon_core.package_identification:_identify(src) by extension 'ignore'
[0.119s] Level 1:colcon.colcon_core.package_identification:_identify(src) by extension 'ignore_ament_install'
[0.119s] Level 1:colcon.colcon_core.package_identification:_identify(src) by extensions ['colcon_pkg']
[0.119s] Level 1:colcon.colcon_core.package_identification:_identify(src) by extension 'colcon_pkg'
[0.119s] Level 1:colcon.colcon_core.package_identification:_identify(src) by extensions ['colcon_meta']
[0.119s] Level 1:colcon.colcon_core.package_identification:_identify(src) by extension 'colcon_meta'
[0.119s] Level 1:colcon.colcon_core.package_identification:_identify(src) by extensions ['ros']
[0.119s] Level 1:colcon.colcon_core.package_identification:_identify(src) by extension 'ros'
[0.119s] Level 1:colcon.colcon_core.package_identification:_identify(src) by extensions ['cmake', 'python']
[0.119s] Level 1:colcon.colcon_core.package_identification:_identify(src) by extension 'cmake'
[0.119s] Level 1:colcon.colcon_core.package_identification:_identify(src) by extension 'python'
[0.119s] Level 1:colcon.colcon_core.package_identification:_identify(src) by extensions ['python_setup_py']
[0.119s] Level 1:colcon.colcon_core.package_identification:_identify(src) by extension 'python_setup_py'
[0.119s] Level 1:colcon.colcon_core.package_identification:_identify(src/msauber_control) by extensions ['ignore', 'ignore_ament_install']
[0.119s] Level 1:colcon.colcon_core.package_identification:_identify(src/msauber_control) by extension 'ignore'
[0.119s] Level 1:colcon.colcon_core.package_identification:_identify(src/msauber_control) by extension 'ignore_ament_install'
[0.119s] Level 1:colcon.colcon_core.package_identification:_identify(src/msauber_control) by extensions ['colcon_pkg']
[0.119s] Level 1:colcon.colcon_core.package_identification:_identify(src/msauber_control) by extension 'colcon_pkg'
[0.119s] Level 1:colcon.colcon_core.package_identification:_identify(src/msauber_control) by extensions ['colcon_meta']
[0.119s] Level 1:colcon.colcon_core.package_identification:_identify(src/msauber_control) by extension 'colcon_meta'
[0.119s] Level 1:colcon.colcon_core.package_identification:_identify(src/msauber_control) by extensions ['ros']
[0.119s] Level 1:colcon.colcon_core.package_identification:_identify(src/msauber_control) by extension 'ros'
[0.121s] DEBUG:colcon.colcon_core.package_identification:Package 'src/msauber_control' with type 'ros.ament_python' and name 'msauber_control'
[0.121s] Level 1:colcon.colcon_core.package_identification:_identify(src/msauber_description) by extensions ['ignore', 'ignore_ament_install']
[0.121s] Level 1:colcon.colcon_core.package_identification:_identify(src/msauber_description) by extension 'ignore'
[0.121s] Level 1:colcon.colcon_core.package_identification:_identify(src/msauber_description) by extension 'ignore_ament_install'
[0.121s] Level 1:colcon.colcon_core.package_identification:_identify(src/msauber_description) by extensions ['colcon_pkg']
[0.121s] Level 1:colcon.colcon_core.package_identification:_identify(src/msauber_description) by extension 'colcon_pkg'
[0.121s] Level 1:colcon.colcon_core.package_identification:_identify(src/msauber_description) by extensions ['colcon_meta']
[0.121s] Level 1:colcon.colcon_core.package_identification:_identify(src/msauber_description) by extension 'colcon_meta'
[0.121s] Level 1:colcon.colcon_core.package_identification:_identify(src/msauber_description) by extensions ['ros']
[0.121s] Level 1:colcon.colcon_core.package_identification:_identify(src/msauber_description) by extension 'ros'
[0.121s] DEBUG:colcon.colcon_core.package_identification:Package 'src/msauber_description' with type 'ros.ament_python' and name 'msauber_description'
[0.121s] Level 1:colcon.colcon_core.package_identification:_identify(src/msauber_sim) by extensions ['ignore', 'ignore_ament_install']
[0.121s] Level 1:colcon.colcon_core.package_identification:_identify(src/msauber_sim) by extension 'ignore'
[0.121s] Level 1:colcon.colcon_core.package_identification:_identify(src/msauber_sim) by extension 'ignore_ament_install'
[0.121s] Level 1:colcon.colcon_core.package_identification:_identify(src/msauber_sim) by extensions ['colcon_pkg']
[0.121s] Level 1:colcon.colcon_core.package_identification:_identify(src/msauber_sim) by extension 'colcon_pkg'
[0.121s] Level 1:colcon.colcon_core.package_identification:_identify(src/msauber_sim) by extensions ['colcon_meta']
[0.121s] Level 1:colcon.colcon_core.package_identification:_identify(src/msauber_sim) by extension 'colcon_meta'
[0.122s] Level 1:colcon.colcon_core.package_identification:_identify(src/msauber_sim) by extensions ['ros']
[0.122s] Level 1:colcon.colcon_core.package_identification:_identify(src/msauber_sim) by extension 'ros'
[0.122s] DEBUG:colcon.colcon_core.package_identification:Package 'src/msauber_sim' with type 'ros.ament_python' and name 'msauber_sim'
[0.122s] Level 1:colcon.colcon_core.package_discovery:discover_packages(recursive) using defaults
[0.122s] Level 1:colcon.colcon_core.package_discovery:discover_packages(ignore) discover
[0.122s] Level 1:colcon.colcon_core.package_discovery:discover_packages(ignore) using defaults
[0.122s] Level 1:colcon.colcon_core.package_discovery:discover_packages(path) discover
[0.122s] Level 1:colcon.colcon_core.package_discovery:discover_packages(path) using defaults
[0.134s] Level 1:colcon.colcon_core.package_discovery:discover_packages(prefix_path) check parameters
[0.134s] Level 1:colcon.colcon_core.package_discovery:discover_packages(prefix_path) discover
[0.136s] DEBUG:colcon.colcon_installed_package_information.package_discovery:Found 387 installed packages in /opt/ros/jazzy
[0.136s] Level 1:colcon.colcon_core.package_discovery:discover_packages(prefix_path) using defaults
[0.169s] Level 5:colcon.colcon_core.verb:set package 'msauber_control' build argument 'cmake_args' from command line to 'None'
[0.169s] Level 5:colcon.colcon_core.verb:set package 'msauber_control' build argument 'cmake_target' from command line to 'None'
[0.169s] Level 5:colcon.colcon_core.verb:set package 'msauber_control' build argument 'cmake_target_skip_unavailable' from command line to 'False'
[0.169s] Level 5:colcon.colcon_core.verb:set package 'msauber_control' build argument 'cmake_clean_cache' from command line to 'False'
[0.169s] Level 5:colcon.colcon_core.verb:set package 'msauber_control' build argument 'cmake_clean_first' from command line to 'False'
[0.169s] Level 5:colcon.colcon_core.verb:set package 'msauber_control' build argument 'cmake_force_configure' from command line to 'False'
[0.169s] Level 5:colcon.colcon_core.verb:set package 'msauber_control' build argument 'ament_cmake_args' from command line to 'None'
[0.169s] Level 5:colcon.colcon_core.verb:set package 'msauber_control' build argument 'catkin_cmake_args' from command line to 'None'
[0.169s] Level 5:colcon.colcon_core.verb:set package 'msauber_control' build argument 'catkin_skip_building_tests' from command line to 'False'
[0.169s] DEBUG:colcon.colcon_core.verb:Building package 'msauber_control' with the following arguments: {'ament_cmake_args': None, 'build_base': '/home/andreas/dev_ws/msauber_ws/build/msauber_control', 'catkin_cmake_args': None, 'catkin_skip_building_tests': False, 'cmake_args': None, 'cmake_clean_cache': False, 'cmake_clean_first': False, 'cmake_force_configure': False, 'cmake_target': None, 'cmake_target_skip_unavailable': False, 'install_base': '/home/andreas/dev_ws/msauber_ws/install/msauber_control', 'merge_install': False, 'path': '/home/andreas/dev_ws/msauber_ws/src/msauber_control', 'symlink_install': True, 'test_result_base': None}
[0.169s] Level 5:colcon.colcon_core.verb:set package 'msauber_description' build argument 'cmake_args' from command line to 'None'
[0.169s] Level 5:colcon.colcon_core.verb:set package 'msauber_description' build argument 'cmake_target' from command line to 'None'
[0.169s] Level 5:colcon.colcon_core.verb:set package 'msauber_description' build argument 'cmake_target_skip_unavailable' from command line to 'False'
[0.169s] Level 5:colcon.colcon_core.verb:set package 'msauber_description' build argument 'cmake_clean_cache' from command line to 'False'
[0.169s] Level 5:colcon.colcon_core.verb:set package 'msauber_description' build argument 'cmake_clean_first' from command line to 'False'
[0.169s] Level 5:colcon.colcon_core.verb:set package 'msauber_description' build argument 'cmake_force_configure' from command line to 'False'
[0.170s] Level 5:colcon.colcon_core.verb:set package 'msauber_description' build argument 'ament_cmake_args' from command line to 'None'
[0.170s] Level 5:colcon.colcon_core.verb:set package 'msauber_description' build argument 'catkin_cmake_args' from command line to 'None'
[0.170s] Level 5:colcon.colcon_core.verb:set package 'msauber_description' build argument 'catkin_skip_building_tests' from command line to 'False'
[0.170s] DEBUG:colcon.colcon_core.verb:Building package 'msauber_description' with the following arguments: {'ament_cmake_args': None, 'build_base': '/home/andreas/dev_ws/msauber_ws/build/msauber_description', 'catkin_cmake_args': None, 'catkin_skip_building_tests': False, 'cmake_args': None, 'cmake_clean_cache': False, 'cmake_clean_first': False, 'cmake_force_configure': False, 'cmake_target': None, 'cmake_target_skip_unavailable': False, 'install_base': '/home/andreas/dev_ws/msauber_ws/install/msauber_description', 'merge_install': False, 'path': '/home/andreas/dev_ws/msauber_ws/src/msauber_description', 'symlink_install': True, 'test_result_base': None}
[0.170s] Level 5:colcon.colcon_core.verb:set package 'msauber_sim' build argument 'cmake_args' from command line to 'None'
[0.170s] Level 5:colcon.colcon_core.verb:set package 'msauber_sim' build argument 'cmake_target' from command line to 'None'
[0.170s] Level 5:colcon.colcon_core.verb:set package 'msauber_sim' build argument 'cmake_target_skip_unavailable' from command line to 'False'
[0.170s] Level 5:colcon.colcon_core.verb:set package 'msauber_sim' build argument 'cmake_clean_cache' from command line to 'False'
[0.170s] Level 5:colcon.colcon_core.verb:set package 'msauber_sim' build argument 'cmake_clean_first' from command line to 'False'
[0.170s] Level 5:colcon.colcon_core.verb:set package 'msauber_sim' build argument 'cmake_force_configure' from command line to 'False'
[0.170s] Level 5:colcon.colcon_core.verb:set package 'msauber_sim' build argument 'ament_cmake_args' from command line to 'None'
[0.170s] Level 5:colcon.colcon_core.verb:set package 'msauber_sim' build argument 'catkin_cmake_args' from command line to 'None'
[0.170s] Level 5:colcon.colcon_core.verb:set package 'msauber_sim' build argument 'catkin_skip_building_tests' from command line to 'False'
[0.170s] DEBUG:colcon.colcon_core.verb:Building package 'msauber_sim' with the following arguments: {'ament_cmake_args': None, 'build_base': '/home/andreas/dev_ws/msauber_ws/build/msauber_sim', 'catkin_cmake_args': None, 'catkin_skip_building_tests': False, 'cmake_args': None, 'cmake_clean_cache': False, 'cmake_clean_first': False, 'cmake_force_configure': False, 'cmake_target': None, 'cmake_target_skip_unavailable': False, 'install_base': '/home/andreas/dev_ws/msauber_ws/install/msauber_sim', 'merge_install': False, 'path': '/home/andreas/dev_ws/msauber_ws/src/msauber_sim', 'symlink_install': True, 'test_result_base': None}
[0.170s] INFO:colcon.colcon_core.executor:Executing jobs using 'parallel' executor
[0.171s] DEBUG:colcon.colcon_parallel_executor.executor.parallel:run_until_complete
[0.171s] INFO:colcon.colcon_ros.task.ament_python.build:Building ROS package in '/home/andreas/dev_ws/msauber_ws/src/msauber_control' with build type 'ament_python'
[0.171s] Level 1:colcon.colcon_core.shell:create_environment_hook('msauber_control', 'ament_prefix_path')
[0.172s] INFO:colcon.colcon_core.plugin_system:Skipping extension 'colcon_core.shell.bat': Not used on non-Windows systems
[0.172s] INFO:colcon.colcon_core.shell:Creating environment hook '/home/andreas/dev_ws/msauber_ws/install/msauber_control/share/msauber_control/hook/ament_prefix_path.ps1'
[0.173s] INFO:colcon.colcon_core.shell:Creating environment descriptor '/home/andreas/dev_ws/msauber_ws/install/msauber_control/share/msauber_control/hook/ament_prefix_path.dsv'
[0.173s] INFO:colcon.colcon_core.shell:Creating environment hook '/home/andreas/dev_ws/msauber_ws/install/msauber_control/share/msauber_control/hook/ament_prefix_path.sh'
[0.173s] INFO:colcon.colcon_core.shell:Skip shell extension 'powershell' for command environment: Not usable outside of PowerShell
[0.173s] DEBUG:colcon.colcon_core.shell:Skip shell extension 'dsv' for command environment
[0.176s] INFO:colcon.colcon_ros.task.ament_python.build:Building ROS package in '/home/andreas/dev_ws/msauber_ws/src/msauber_description' with build type 'ament_python'
[0.176s] Level 1:colcon.colcon_core.shell:create_environment_hook('msauber_description', 'ament_prefix_path')
[0.176s] INFO:colcon.colcon_core.shell:Creating environment hook '/home/andreas/dev_ws/msauber_ws/install/msauber_description/share/msauber_description/hook/ament_prefix_path.ps1'
[0.176s] INFO:colcon.colcon_core.shell:Creating environment descriptor '/home/andreas/dev_ws/msauber_ws/install/msauber_description/share/msauber_description/hook/ament_prefix_path.dsv'
[0.177s] INFO:colcon.colcon_core.shell:Creating environment hook '/home/andreas/dev_ws/msauber_ws/install/msauber_description/share/msauber_description/hook/ament_prefix_path.sh'
[0.177s] INFO:colcon.colcon_core.shell:Skip shell extension 'powershell' for command environment: Not usable outside of PowerShell
[0.177s] DEBUG:colcon.colcon_core.shell:Skip shell extension 'dsv' for command environment
[0.179s] INFO:colcon.colcon_ros.task.ament_python.build:Building ROS package in '/home/andreas/dev_ws/msauber_ws/src/msauber_sim' with build type 'ament_python'
[0.179s] Level 1:colcon.colcon_core.shell:create_environment_hook('msauber_sim', 'ament_prefix_path')
[0.179s] INFO:colcon.colcon_core.shell:Creating environment hook '/home/andreas/dev_ws/msauber_ws/install/msauber_sim/share/msauber_sim/hook/ament_prefix_path.ps1'
[0.180s] INFO:colcon.colcon_core.shell:Creating environment descriptor '/home/andreas/dev_ws/msauber_ws/install/msauber_sim/share/msauber_sim/hook/ament_prefix_path.dsv'
[0.180s] INFO:colcon.colcon_core.shell:Creating environment hook '/home/andreas/dev_ws/msauber_ws/install/msauber_sim/share/msauber_sim/hook/ament_prefix_path.sh'
[0.180s] INFO:colcon.colcon_core.shell:Skip shell extension 'powershell' for command environment: Not usable outside of PowerShell
[0.180s] DEBUG:colcon.colcon_core.shell:Skip shell extension 'dsv' for command environment
[0.373s] INFO:colcon.colcon_core.task.python.build:Building Python package in '/home/andreas/dev_ws/msauber_ws/src/msauber_control'
[0.373s] INFO:colcon.colcon_core.shell:Skip shell extension 'powershell' for command environment: Not usable outside of PowerShell
[0.373s] DEBUG:colcon.colcon_core.shell:Skip shell extension 'dsv' for command environment
[0.559s] INFO:colcon.colcon_core.task.python.build:Building Python package in '/home/andreas/dev_ws/msauber_ws/src/msauber_description'
[0.559s] INFO:colcon.colcon_core.shell:Skip shell extension 'powershell' for command environment: Not usable outside of PowerShell
[0.559s] DEBUG:colcon.colcon_core.shell:Skip shell extension 'dsv' for command environment
[0.778s] INFO:colcon.colcon_core.task.python.build:Building Python package in '/home/andreas/dev_ws/msauber_ws/src/msauber_sim'
[0.779s] INFO:colcon.colcon_core.shell:Skip shell extension 'powershell' for command environment: Not usable outside of PowerShell
[0.779s] DEBUG:colcon.colcon_core.shell:Skip shell extension 'dsv' for command environment
[1.562s] DEBUG:colcon.colcon_core.event_handler.log_command:Invoking command in '/home/andreas/dev_ws/msauber_ws/build/msauber_control': DEBUGINFOD_URLS=https://debuginfod.ubuntu.com PS1=(my_py_venv) %m%# PYTHONPATH=/home/andreas/dev_ws/msauber_ws/build/msauber_control/prefix_override:/usr/lib/python3/dist-packages/colcon_core/task/python/colcon_distutils_commands:/home/andreas/dev_ws/msauber_ws/install/msauber_control/lib/python3.12/site-packages:${PYTHONPATH} VIRTUAL_ENV_PROMPT=(my_py_venv) /usr/bin/python3 -W ignore:setup.py install is deprecated -W ignore:easy_install command is deprecated setup.py develop --editable --build-directory /home/andreas/dev_ws/msauber_ws/build/msauber_control/build --no-deps symlink_data
[1.565s] DEBUG:colcon.colcon_core.event_handler.log_command:Invoking command in '/home/andreas/dev_ws/msauber_ws/build/msauber_sim': DEBUGINFOD_URLS=https://debuginfod.ubuntu.com PS1=(my_py_venv) %m%# PYTHONPATH=/home/andreas/dev_ws/msauber_ws/build/msauber_sim/prefix_override:/usr/lib/python3/dist-packages/colcon_core/task/python/colcon_distutils_commands:/home/andreas/dev_ws/msauber_ws/install/msauber_sim/lib/python3.12/site-packages:${PYTHONPATH} VIRTUAL_ENV_PROMPT=(my_py_venv) /usr/bin/python3 -W ignore:setup.py install is deprecated -W ignore:easy_install command is deprecated setup.py develop --editable --build-directory /home/andreas/dev_ws/msauber_ws/build/msauber_sim/build --no-deps symlink_data
[1.578s] DEBUG:colcon.colcon_core.event_handler.log_command:Invoking command in '/home/andreas/dev_ws/msauber_ws/build/msauber_description': DEBUGINFOD_URLS=https://debuginfod.ubuntu.com PS1=(my_py_venv) %m%# PYTHONPATH=/home/andreas/dev_ws/msauber_ws/build/msauber_description/prefix_override:/usr/lib/python3/dist-packages/colcon_core/task/python/colcon_distutils_commands:/home/andreas/dev_ws/msauber_ws/install/msauber_description/lib/python3.12/site-packages:${PYTHONPATH} VIRTUAL_ENV_PROMPT=(my_py_venv) /usr/bin/python3 -W ignore:setup.py install is deprecated -W ignore:easy_install command is deprecated setup.py develop --editable --build-directory /home/andreas/dev_ws/msauber_ws/build/msauber_description/build --no-deps symlink_data
[2.539s] Level 1:colcon.colcon_core.shell:create_environment_hook('msauber_description', 'pythonpath_develop')
[2.540s] INFO:colcon.colcon_core.shell:Creating environment hook '/home/andreas/dev_ws/msauber_ws/build/msauber_description/share/msauber_description/hook/pythonpath_develop.ps1'
[2.541s] DEBUG:colcon.colcon_core.event_handler.log_command:Invoked command in '/home/andreas/dev_ws/msauber_ws/build/msauber_description' returned '0': DEBUGINFOD_URLS=https://debuginfod.ubuntu.com PS1=(my_py_venv) %m%# PYTHONPATH=/home/andreas/dev_ws/msauber_ws/build/msauber_description/prefix_override:/usr/lib/python3/dist-packages/colcon_core/task/python/colcon_distutils_commands:/home/andreas/dev_ws/msauber_ws/install/msauber_description/lib/python3.12/site-packages:${PYTHONPATH} VIRTUAL_ENV_PROMPT=(my_py_venv) /usr/bin/python3 -W ignore:setup.py install is deprecated -W ignore:easy_install command is deprecated setup.py develop --editable --build-directory /home/andreas/dev_ws/msauber_ws/build/msauber_description/build --no-deps symlink_data
[2.541s] INFO:colcon.colcon_core.shell:Creating environment descriptor '/home/andreas/dev_ws/msauber_ws/build/msauber_description/share/msauber_description/hook/pythonpath_develop.dsv'
[2.541s] INFO:colcon.colcon_core.shell:Creating environment hook '/home/andreas/dev_ws/msauber_ws/build/msauber_description/share/msauber_description/hook/pythonpath_develop.sh'
[2.544s] Level 1:colcon.colcon_core.environment:checking '/home/andreas/dev_ws/msauber_ws/install/msauber_description' for CMake module files
[2.544s] Level 1:colcon.colcon_core.environment:checking '/home/andreas/dev_ws/msauber_ws/install/msauber_description' for CMake config files
[2.545s] Level 1:colcon.colcon_core.environment:checking '/home/andreas/dev_ws/msauber_ws/install/msauber_description/lib'
[2.545s] Level 1:colcon.colcon_core.environment:checking '/home/andreas/dev_ws/msauber_ws/install/msauber_description/bin'
[2.545s] Level 1:colcon.colcon_core.environment:checking '/home/andreas/dev_ws/msauber_ws/install/msauber_description/lib/pkgconfig/msauber_description.pc'
[2.545s] Level 1:colcon.colcon_core.environment:checking '/home/andreas/dev_ws/msauber_ws/install/msauber_description/lib/python3.12/site-packages'
[2.545s] Level 1:colcon.colcon_core.shell:create_environment_hook('msauber_description', 'pythonpath')
[2.546s] INFO:colcon.colcon_core.shell:Creating environment hook '/home/andreas/dev_ws/msauber_ws/install/msauber_description/share/msauber_description/hook/pythonpath.ps1'
[2.546s] INFO:colcon.colcon_core.shell:Creating environment descriptor '/home/andreas/dev_ws/msauber_ws/install/msauber_description/share/msauber_description/hook/pythonpath.dsv'
[2.546s] INFO:colcon.colcon_core.shell:Creating environment hook '/home/andreas/dev_ws/msauber_ws/install/msauber_description/share/msauber_description/hook/pythonpath.sh'
[2.547s] Level 1:colcon.colcon_core.environment:checking '/home/andreas/dev_ws/msauber_ws/install/msauber_description/bin'
[2.547s] Level 1:colcon.colcon_core.environment:create_environment_scripts_only(msauber_description)
[2.548s] INFO:colcon.colcon_core.shell:Creating package script '/home/andreas/dev_ws/msauber_ws/install/msauber_description/share/msauber_description/package.ps1'
[2.548s] INFO:colcon.colcon_core.shell:Creating package descriptor '/home/andreas/dev_ws/msauber_ws/install/msauber_description/share/msauber_description/package.dsv'
[2.549s] INFO:colcon.colcon_core.shell:Creating package script '/home/andreas/dev_ws/msauber_ws/install/msauber_description/share/msauber_description/package.sh'
[2.549s] INFO:colcon.colcon_core.shell:Creating package script '/home/andreas/dev_ws/msauber_ws/install/msauber_description/share/msauber_description/package.bash'
[2.550s] INFO:colcon.colcon_core.shell:Creating package script '/home/andreas/dev_ws/msauber_ws/install/msauber_description/share/msauber_description/package.zsh'
[2.550s] Level 1:colcon.colcon_core.environment:create_file_with_runtime_dependencies(/home/andreas/dev_ws/msauber_ws/install/msauber_description/share/colcon-core/packages/msauber_description)
[2.587s] Level 1:colcon.colcon_core.shell:create_environment_hook('msauber_control', 'pythonpath_develop')
[2.587s] INFO:colcon.colcon_core.shell:Creating environment hook '/home/andreas/dev_ws/msauber_ws/build/msauber_control/share/msauber_control/hook/pythonpath_develop.ps1'
[2.588s] DEBUG:colcon.colcon_core.event_handler.log_command:Invoked command in '/home/andreas/dev_ws/msauber_ws/build/msauber_control' returned '0': DEBUGINFOD_URLS=https://debuginfod.ubuntu.com PS1=(my_py_venv) %m%# PYTHONPATH=/home/andreas/dev_ws/msauber_ws/build/msauber_control/prefix_override:/usr/lib/python3/dist-packages/colcon_core/task/python/colcon_distutils_commands:/home/andreas/dev_ws/msauber_ws/install/msauber_control/lib/python3.12/site-packages:${PYTHONPATH} VIRTUAL_ENV_PROMPT=(my_py_venv) /usr/bin/python3 -W ignore:setup.py install is deprecated -W ignore:easy_install command is deprecated setup.py develop --editable --build-directory /home/andreas/dev_ws/msauber_ws/build/msauber_control/build --no-deps symlink_data
[2.588s] INFO:colcon.colcon_core.shell:Creating environment descriptor '/home/andreas/dev_ws/msauber_ws/build/msauber_control/share/msauber_control/hook/pythonpath_develop.dsv'
[2.589s] INFO:colcon.colcon_core.shell:Creating environment hook '/home/andreas/dev_ws/msauber_ws/build/msauber_control/share/msauber_control/hook/pythonpath_develop.sh'
[2.589s] Level 1:colcon.colcon_core.environment:checking '/home/andreas/dev_ws/msauber_ws/install/msauber_control' for CMake module files
[2.590s] Level 1:colcon.colcon_core.environment:checking '/home/andreas/dev_ws/msauber_ws/install/msauber_control' for CMake config files
[2.590s] Level 1:colcon.colcon_core.environment:checking '/home/andreas/dev_ws/msauber_ws/install/msauber_control/lib'
[2.590s] Level 1:colcon.colcon_core.environment:checking '/home/andreas/dev_ws/msauber_ws/install/msauber_control/bin'
[2.590s] Level 1:colcon.colcon_core.environment:checking '/home/andreas/dev_ws/msauber_ws/install/msauber_control/lib/pkgconfig/msauber_control.pc'
[2.591s] Level 1:colcon.colcon_core.environment:checking '/home/andreas/dev_ws/msauber_ws/install/msauber_control/lib/python3.12/site-packages'
[2.591s] Level 1:colcon.colcon_core.shell:create_environment_hook('msauber_control', 'pythonpath')
[2.591s] INFO:colcon.colcon_core.shell:Creating environment hook '/home/andreas/dev_ws/msauber_ws/install/msauber_control/share/msauber_control/hook/pythonpath.ps1'
[2.591s] INFO:colcon.colcon_core.shell:Creating environment descriptor '/home/andreas/dev_ws/msauber_ws/install/msauber_control/share/msauber_control/hook/pythonpath.dsv'
[2.592s] INFO:colcon.colcon_core.shell:Creating environment hook '/home/andreas/dev_ws/msauber_ws/install/msauber_control/share/msauber_control/hook/pythonpath.sh'
[2.592s] Level 1:colcon.colcon_core.environment:checking '/home/andreas/dev_ws/msauber_ws/install/msauber_control/bin'
[2.592s] Level 1:colcon.colcon_core.environment:create_environment_scripts_only(msauber_control)
[2.593s] INFO:colcon.colcon_core.shell:Creating package script '/home/andreas/dev_ws/msauber_ws/install/msauber_control/share/msauber_control/package.ps1'
[2.593s] INFO:colcon.colcon_core.shell:Creating package descriptor '/home/andreas/dev_ws/msauber_ws/install/msauber_control/share/msauber_control/package.dsv'
[2.594s] INFO:colcon.colcon_core.shell:Creating package script '/home/andreas/dev_ws/msauber_ws/install/msauber_control/share/msauber_control/package.sh'
[2.594s] INFO:colcon.colcon_core.shell:Creating package script '/home/andreas/dev_ws/msauber_ws/install/msauber_control/share/msauber_control/package.bash'
[2.594s] INFO:colcon.colcon_core.shell:Creating package script '/home/andreas/dev_ws/msauber_ws/install/msauber_control/share/msauber_control/package.zsh'
[2.595s] Level 1:colcon.colcon_core.environment:create_file_with_runtime_dependencies(/home/andreas/dev_ws/msauber_ws/install/msauber_control/share/colcon-core/packages/msauber_control)
[2.595s] Level 1:colcon.colcon_core.shell:create_environment_hook('msauber_sim', 'pythonpath_develop')
[2.596s] INFO:colcon.colcon_core.shell:Creating environment hook '/home/andreas/dev_ws/msauber_ws/build/msauber_sim/share/msauber_sim/hook/pythonpath_develop.ps1'
[2.596s] DEBUG:colcon.colcon_core.event_handler.log_command:Invoked command in '/home/andreas/dev_ws/msauber_ws/build/msauber_sim' returned '0': DEBUGINFOD_URLS=https://debuginfod.ubuntu.com PS1=(my_py_venv) %m%# PYTHONPATH=/home/andreas/dev_ws/msauber_ws/build/msauber_sim/prefix_override:/usr/lib/python3/dist-packages/colcon_core/task/python/colcon_distutils_commands:/home/andreas/dev_ws/msauber_ws/install/msauber_sim/lib/python3.12/site-packages:${PYTHONPATH} VIRTUAL_ENV_PROMPT=(my_py_venv) /usr/bin/python3 -W ignore:setup.py install is deprecated -W ignore:easy_install command is deprecated setup.py develop --editable --build-directory /home/andreas/dev_ws/msauber_ws/build/msauber_sim/build --no-deps symlink_data
[2.596s] INFO:colcon.colcon_core.shell:Creating environment descriptor '/home/andreas/dev_ws/msauber_ws/build/msauber_sim/share/msauber_sim/hook/pythonpath_develop.dsv'
[2.596s] INFO:colcon.colcon_core.shell:Creating environment hook '/home/andreas/dev_ws/msauber_ws/build/msauber_sim/share/msauber_sim/hook/pythonpath_develop.sh'
[2.597s] Level 1:colcon.colcon_core.environment:checking '/home/andreas/dev_ws/msauber_ws/install/msauber_sim' for CMake module files
[2.597s] Level 1:colcon.colcon_core.environment:checking '/home/andreas/dev_ws/msauber_ws/install/msauber_sim' for CMake config files
[2.597s] Level 1:colcon.colcon_core.environment:checking '/home/andreas/dev_ws/msauber_ws/install/msauber_sim/lib'
[2.598s] Level 1:colcon.colcon_core.environment:checking '/home/andreas/dev_ws/msauber_ws/install/msauber_sim/bin'
[2.598s] Level 1:colcon.colcon_core.environment:checking '/home/andreas/dev_ws/msauber_ws/install/msauber_sim/lib/pkgconfig/msauber_sim.pc'
[2.598s] Level 1:colcon.colcon_core.environment:checking '/home/andreas/dev_ws/msauber_ws/install/msauber_sim/lib/python3.12/site-packages'
[2.598s] Level 1:colcon.colcon_core.shell:create_environment_hook('msauber_sim', 'pythonpath')
[2.598s] INFO:colcon.colcon_core.shell:Creating environment hook '/home/andreas/dev_ws/msauber_ws/install/msauber_sim/share/msauber_sim/hook/pythonpath.ps1'
[2.599s] INFO:colcon.colcon_core.shell:Creating environment descriptor '/home/andreas/dev_ws/msauber_ws/install/msauber_sim/share/msauber_sim/hook/pythonpath.dsv'
[2.599s] INFO:colcon.colcon_core.shell:Creating environment hook '/home/andreas/dev_ws/msauber_ws/install/msauber_sim/share/msauber_sim/hook/pythonpath.sh'
[2.600s] Level 1:colcon.colcon_core.environment:checking '/home/andreas/dev_ws/msauber_ws/install/msauber_sim/bin'
[2.600s] Level 1:colcon.colcon_core.environment:create_environment_scripts_only(msauber_sim)
[2.600s] INFO:colcon.colcon_core.shell:Creating package script '/home/andreas/dev_ws/msauber_ws/install/msauber_sim/share/msauber_sim/package.ps1'
[2.601s] INFO:colcon.colcon_core.shell:Creating package descriptor '/home/andreas/dev_ws/msauber_ws/install/msauber_sim/share/msauber_sim/package.dsv'
[2.601s] INFO:colcon.colcon_core.shell:Creating package script '/home/andreas/dev_ws/msauber_ws/install/msauber_sim/share/msauber_sim/package.sh'
[2.601s] INFO:colcon.colcon_core.shell:Creating package script '/home/andreas/dev_ws/msauber_ws/install/msauber_sim/share/msauber_sim/package.bash'
[2.602s] INFO:colcon.colcon_core.shell:Creating package script '/home/andreas/dev_ws/msauber_ws/install/msauber_sim/share/msauber_sim/package.zsh'
[2.602s] Level 1:colcon.colcon_core.environment:create_file_with_runtime_dependencies(/home/andreas/dev_ws/msauber_ws/install/msauber_sim/share/colcon-core/packages/msauber_sim)
[2.603s] DEBUG:colcon.colcon_parallel_executor.executor.parallel:closing loop
[2.604s] DEBUG:colcon.colcon_parallel_executor.executor.parallel:loop closed
[2.604s] DEBUG:colcon.colcon_parallel_executor.executor.parallel:run_until_complete finished with '0'
[2.604s] DEBUG:colcon.colcon_core.event_reactor:joining thread
[2.609s] INFO:colcon.colcon_core.plugin_system:Skipping extension 'colcon_notification.desktop_notification.terminal_notifier': Not used on non-Darwin systems
[2.609s] INFO:colcon.colcon_core.plugin_system:Skipping extension 'colcon_notification.desktop_notification.win32': Not used on non-Windows systems
[2.609s] INFO:colcon.colcon_notification.desktop_notification:Sending desktop notification using 'notify2'
[2.622s] DEBUG:colcon.colcon_core.event_reactor:joined thread
[2.622s] INFO:colcon.colcon_core.shell:Creating prefix script '/home/andreas/dev_ws/msauber_ws/install/local_setup.ps1'
[2.623s] INFO:colcon.colcon_core.shell:Creating prefix util module '/home/andreas/dev_ws/msauber_ws/install/_local_setup_util_ps1.py'
[2.625s] INFO:colcon.colcon_core.shell:Creating prefix chain script '/home/andreas/dev_ws/msauber_ws/install/setup.ps1'
[2.628s] INFO:colcon.colcon_core.shell:Creating prefix script '/home/andreas/dev_ws/msauber_ws/install/local_setup.sh'
[2.628s] INFO:colcon.colcon_core.shell:Creating prefix util module '/home/andreas/dev_ws/msauber_ws/install/_local_setup_util_sh.py'
[2.629s] INFO:colcon.colcon_core.shell:Creating prefix chain script '/home/andreas/dev_ws/msauber_ws/install/setup.sh'
[2.629s] INFO:colcon.colcon_core.shell:Creating prefix script '/home/andreas/dev_ws/msauber_ws/install/local_setup.bash'
[2.630s] INFO:colcon.colcon_core.shell:Creating prefix chain script '/home/andreas/dev_ws/msauber_ws/install/setup.bash'
[2.631s] INFO:colcon.colcon_core.shell:Creating prefix script '/home/andreas/dev_ws/msauber_ws/install/local_setup.zsh'
[2.631s] INFO:colcon.colcon_core.shell:Creating prefix chain script '/home/andreas/dev_ws/msauber_ws/install/setup.zsh'
