[5.706s] Invoking command in '/home/andreas/dev_ws/msauber_stack/build/msauber_perception': DEBUGINFOD_URLS=https://debuginfod.ubuntu.com PS1=(my_py_venv) %m%# PYTHONPATH=/home/andreas/dev_ws/msauber_stack/build/msauber_perception/prefix_override:/usr/lib/python3/dist-packages/colcon_core/task/python/colcon_distutils_commands:/home/andreas/dev_ws/msauber_stack/install/msauber_perception/lib/python3.12/site-packages:${PYTHONPATH} VIRTUAL_ENV_PROMPT=(my_py_venv) /usr/bin/python3 -W ignore:setup.py install is deprecated -W ignore:easy_install command is deprecated setup.py develop --editable --build-directory /home/andreas/dev_ws/msauber_stack/build/msauber_perception/build --no-deps symlink_data
[8.112s] running develop
[9.930s] running egg_info
[9.931s] creating msauber_perception.egg-info
[10.099s] writing msauber_perception.egg-info/PKG-INFO
[10.100s] writing dependency_links to msauber_perception.egg-info/dependency_links.txt
[10.100s] writing entry points to msauber_perception.egg-info/entry_points.txt
[10.101s] writing requirements to msauber_perception.egg-info/requires.txt
[10.101s] writing top-level names to msauber_perception.egg-info/top_level.txt
[10.106s] writing manifest file 'msauber_perception.egg-info/SOURCES.txt'
[10.427s] reading manifest file 'msauber_perception.egg-info/SOURCES.txt'
[10.429s] writing manifest file 'msauber_perception.egg-info/SOURCES.txt'
[10.605s] running build_ext
[10.605s] Creating /home/andreas/dev_ws/msauber_stack/install/msauber_perception/lib/python3.12/site-packages/msauber-perception.egg-link (link to .)
[10.607s] Installing cone_detection_node script to /home/andreas/dev_ws/msauber_stack/install/msauber_perception/lib/msauber_perception
[10.608s] 
[10.608s] Installed /home/andreas/dev_ws/msauber_stack/build/msauber_perception
[10.609s] running symlink_data
[10.609s] creating /home/andreas/dev_ws/msauber_stack/install/msauber_perception/share/ament_index
[10.609s] creating /home/andreas/dev_ws/msauber_stack/install/msauber_perception/share/ament_index/resource_index
[10.610s] creating /home/andreas/dev_ws/msauber_stack/install/msauber_perception/share/ament_index/resource_index/packages
[10.610s] symbolically linking /home/andreas/dev_ws/msauber_stack/build/msauber_perception/resource/msauber_perception -> /home/andreas/dev_ws/msauber_stack/install/msauber_perception/share/ament_index/resource_index/packages
[10.611s] symbolically linking /home/andreas/dev_ws/msauber_stack/build/msauber_perception/package.xml -> /home/andreas/dev_ws/msauber_stack/install/msauber_perception/share/msauber_perception
[10.611s] creating /home/andreas/dev_ws/msauber_stack/install/msauber_perception/share/msauber_perception/launch
[10.612s] symbolically linking /home/andreas/dev_ws/msauber_stack/build/msauber_perception/launch/perception.launch.py -> /home/andreas/dev_ws/msauber_stack/install/msauber_perception/share/msauber_perception/launch
[10.612s] symbolically linking /home/andreas/dev_ws/msauber_stack/build/msauber_perception/launch/yolo_bringup.launch.py -> /home/andreas/dev_ws/msauber_stack/install/msauber_perception/share/msauber_perception/launch
[10.612s] creating /home/andreas/dev_ws/msauber_stack/install/msauber_perception/share/msauber_perception/config
[10.612s] symbolically linking /home/andreas/dev_ws/msauber_stack/build/msauber_perception/config/perception.yaml -> /home/andreas/dev_ws/msauber_stack/install/msauber_perception/share/msauber_perception/config
[10.613s] symbolically linking /home/andreas/dev_ws/msauber_stack/build/msauber_perception/config/yolo.yaml -> /home/andreas/dev_ws/msauber_stack/install/msauber_perception/share/msauber_perception/config
[10.613s] creating /home/andreas/dev_ws/msauber_stack/install/msauber_perception/share/msauber_perception/models
[10.613s] symbolically linking /home/andreas/dev_ws/msauber_stack/build/msauber_perception/models/cones_v1.pt -> /home/andreas/dev_ws/msauber_stack/install/msauber_perception/share/msauber_perception/models
[10.614s] symbolically linking /home/andreas/dev_ws/msauber_stack/build/msauber_perception/models/yolov8n.pt -> /home/andreas/dev_ws/msauber_stack/install/msauber_perception/share/msauber_perception/models
[10.734s] Invoked command in '/home/andreas/dev_ws/msauber_stack/build/msauber_perception' returned '0': DEBUGINFOD_URLS=https://debuginfod.ubuntu.com PS1=(my_py_venv) %m%# PYTHONPATH=/home/andreas/dev_ws/msauber_stack/build/msauber_perception/prefix_override:/usr/lib/python3/dist-packages/colcon_core/task/python/colcon_distutils_commands:/home/andreas/dev_ws/msauber_stack/install/msauber_perception/lib/python3.12/site-packages:${PYTHONPATH} VIRTUAL_ENV_PROMPT=(my_py_venv) /usr/bin/python3 -W ignore:setup.py install is deprecated -W ignore:easy_install command is deprecated setup.py develop --editable --build-directory /home/andreas/dev_ws/msauber_stack/build/msauber_perception/build --no-deps symlink_data
