[1.867s] Invoking command in '/home/andreas/dev_ws/msauber_stack/build/msauber_sim': DEBUGINFOD_URLS=https://debuginfod.ubuntu.com PS1=(my_py_venv) %m%# PYTHONPATH=/home/andreas/dev_ws/msauber_stack/build/msauber_sim/prefix_override:/usr/lib/python3/dist-packages/colcon_core/task/python/colcon_distutils_commands:/home/andreas/dev_ws/msauber_stack/install/msauber_sim/lib/python3.12/site-packages:${PYTHONPATH} VIRTUAL_ENV_PROMPT=(my_py_venv) /usr/bin/python3 -W ignore:setup.py install is deprecated -W ignore:easy_install command is deprecated setup.py develop --editable --build-directory /home/andreas/dev_ws/msauber_stack/build/msauber_sim/build --no-deps symlink_data
[2.337s] running develop
[2.667s] running egg_info
[2.667s] creating msauber_sim.egg-info
[2.719s] writing msauber_sim.egg-info/PKG-INFO
[2.720s] writing dependency_links to msauber_sim.egg-info/dependency_links.txt
[2.720s] writing requirements to msauber_sim.egg-info/requires.txt
[2.720s] writing top-level names to msauber_sim.egg-info/top_level.txt
[2.721s] writing manifest file 'msauber_sim.egg-info/SOURCES.txt'
[2.833s] reading manifest file 'msauber_sim.egg-info/SOURCES.txt'
[2.834s] writing manifest file 'msauber_sim.egg-info/SOURCES.txt'
[2.875s] running build_ext
[2.875s] Creating /home/andreas/dev_ws/msauber_stack/install/msauber_sim/lib/python3.12/site-packages/msauber-sim.egg-link (link to .)
[2.875s] 
[2.875s] Installed /home/andreas/dev_ws/msauber_stack/build/msauber_sim
[2.875s] running symlink_data
[2.875s] creating /home/andreas/dev_ws/msauber_stack/install/msauber_sim/share/ament_index
[2.876s] creating /home/andreas/dev_ws/msauber_stack/install/msauber_sim/share/ament_index/resource_index
[2.876s] creating /home/andreas/dev_ws/msauber_stack/install/msauber_sim/share/ament_index/resource_index/packages
[2.876s] symbolically linking /home/andreas/dev_ws/msauber_stack/build/msauber_sim/resource/msauber_sim -> /home/andreas/dev_ws/msauber_stack/install/msauber_sim/share/ament_index/resource_index/packages
[2.876s] symbolically linking /home/andreas/dev_ws/msauber_stack/build/msauber_sim/package.xml -> /home/andreas/dev_ws/msauber_stack/install/msauber_sim/share/msauber_sim
[2.876s] creating /home/andreas/dev_ws/msauber_stack/install/msauber_sim/share/msauber_sim/launch
[2.876s] symbolically linking /home/andreas/dev_ws/msauber_stack/build/msauber_sim/launch/sim.launch.py -> /home/andreas/dev_ws/msauber_stack/install/msauber_sim/share/msauber_sim/launch
[2.876s] creating /home/andreas/dev_ws/msauber_stack/install/msauber_sim/share/msauber_sim/meshes
[2.876s] creating /home/andreas/dev_ws/msauber_stack/install/msauber_sim/share/msauber_sim/config
[2.876s] creating /home/andreas/dev_ws/msauber_stack/install/msauber_sim/share/msauber_sim/worlds
[2.876s] symbolically linking /home/andreas/dev_ws/msauber_stack/build/msauber_sim/worlds/sonoma.sdf -> /home/andreas/dev_ws/msauber_stack/install/msauber_sim/share/msauber_sim/worlds
[2.877s] symbolically linking /home/andreas/dev_ws/msauber_stack/build/msauber_sim/worlds/my_empty.sdf -> /home/andreas/dev_ws/msauber_stack/install/msauber_sim/share/msauber_sim/worlds
[2.877s] symbolically linking /home/andreas/dev_ws/msauber_stack/build/msauber_sim/worlds/cone_empty.sdf -> /home/andreas/dev_ws/msauber_stack/install/msauber_sim/share/msauber_sim/worlds
[2.877s] creating /home/andreas/dev_ws/msauber_stack/install/msauber_sim/share/msauber_sim/models
[2.877s] creating /home/andreas/dev_ws/msauber_stack/install/msauber_sim/share/msauber_sim/models/cone_orange
[2.877s] symbolically linking /home/andreas/dev_ws/msauber_stack/build/msauber_sim/models/cone_orange/model.sdf -> /home/andreas/dev_ws/msauber_stack/install/msauber_sim/share/msauber_sim/models/cone_orange
[2.877s] symbolically linking /home/andreas/dev_ws/msauber_stack/build/msauber_sim/models/cone_orange/model.config -> /home/andreas/dev_ws/msauber_stack/install/msauber_sim/share/msauber_sim/models/cone_orange
[2.877s] creating /home/andreas/dev_ws/msauber_stack/install/msauber_sim/share/msauber_sim/models/cone_orange/meshes
[2.877s] symbolically linking /home/andreas/dev_ws/msauber_stack/build/msauber_sim/models/cone_orange/meshes/cone.stl -> /home/andreas/dev_ws/msauber_stack/install/msauber_sim/share/msauber_sim/models/cone_orange/meshes
[2.877s] creating /home/andreas/dev_ws/msauber_stack/install/msauber_sim/share/msauber_sim/models/cone_orange/thumbnails
[2.877s] symbolically linking /home/andreas/dev_ws/msauber_stack/build/msauber_sim/models/cone_orange/thumbnails/Screenshot from 2025-07-05 15-15-27.png -> /home/andreas/dev_ws/msauber_stack/install/msauber_sim/share/msauber_sim/models/cone_orange/thumbnails
[2.945s] Invoked command in '/home/andreas/dev_ws/msauber_stack/build/msauber_sim' returned '0': DEBUGINFOD_URLS=https://debuginfod.ubuntu.com PS1=(my_py_venv) %m%# PYTHONPATH=/home/andreas/dev_ws/msauber_stack/build/msauber_sim/prefix_override:/usr/lib/python3/dist-packages/colcon_core/task/python/colcon_distutils_commands:/home/andreas/dev_ws/msauber_stack/install/msauber_sim/lib/python3.12/site-packages:${PYTHONPATH} VIRTUAL_ENV_PROMPT=(my_py_venv) /usr/bin/python3 -W ignore:setup.py install is deprecated -W ignore:easy_install command is deprecated setup.py develop --editable --build-directory /home/andreas/dev_ws/msauber_stack/build/msauber_sim/build --no-deps symlink_data
