[1.940s] Invoking command in '/home/andreas/dev_ws/msauber_stack/build/msauber_control': DEBUGINFOD_URLS=https://debuginfod.ubuntu.com PS1=(my_py_venv) %m%# PYTHONPATH=/home/andreas/dev_ws/msauber_stack/build/msauber_control/prefix_override:/usr/lib/python3/dist-packages/colcon_core/task/python/colcon_distutils_commands:/home/andreas/dev_ws/msauber_stack/install/msauber_control/lib/python3.12/site-packages:${PYTHONPATH} VIRTUAL_ENV_PROMPT=(my_py_venv) /usr/bin/python3 -W ignore:setup.py install is deprecated -W ignore:easy_install command is deprecated setup.py develop --editable --build-directory /home/andreas/dev_ws/msauber_stack/build/msauber_control/build --no-deps symlink_data
[2.368s] running develop
[2.762s] running egg_info
[2.762s] creating msauber_control.egg-info
[2.814s] writing msauber_control.egg-info/PKG-INFO
[2.815s] writing dependency_links to msauber_control.egg-info/dependency_links.txt
[2.815s] writing entry points to msauber_control.egg-info/entry_points.txt
[2.815s] writing requirements to msauber_control.egg-info/requires.txt
[2.816s] writing top-level names to msauber_control.egg-info/top_level.txt
[2.817s] writing manifest file 'msauber_control.egg-info/SOURCES.txt'
[2.939s] reading manifest file 'msauber_control.egg-info/SOURCES.txt'
[2.939s] writing manifest file 'msauber_control.egg-info/SOURCES.txt'
[2.993s] running build_ext
[2.994s] Creating /home/andreas/dev_ws/msauber_stack/install/msauber_control/lib/python3.12/site-packages/msauber-control.egg-link (link to .)
[2.994s] Installing teleop_bridge script to /home/andreas/dev_ws/msauber_stack/install/msauber_control/lib/msauber_control
[2.995s] 
[2.995s] Installed /home/andreas/dev_ws/msauber_stack/build/msauber_control
[2.995s] running symlink_data
[2.995s] creating /home/andreas/dev_ws/msauber_stack/install/msauber_control/share/ament_index
[2.996s] creating /home/andreas/dev_ws/msauber_stack/install/msauber_control/share/ament_index/resource_index
[2.996s] creating /home/andreas/dev_ws/msauber_stack/install/msauber_control/share/ament_index/resource_index/packages
[2.996s] symbolically linking /home/andreas/dev_ws/msauber_stack/build/msauber_control/resource/msauber_control -> /home/andreas/dev_ws/msauber_stack/install/msauber_control/share/ament_index/resource_index/packages
[2.996s] symbolically linking /home/andreas/dev_ws/msauber_stack/build/msauber_control/package.xml -> /home/andreas/dev_ws/msauber_stack/install/msauber_control/share/msauber_control
[2.996s] creating /home/andreas/dev_ws/msauber_stack/install/msauber_control/share/msauber_control/launch
[2.996s] symbolically linking /home/andreas/dev_ws/msauber_stack/build/msauber_control/launch/control.launch.py -> /home/andreas/dev_ws/msauber_stack/install/msauber_control/share/msauber_control/launch
[2.996s] creating /home/andreas/dev_ws/msauber_stack/install/msauber_control/share/msauber_control/config
[2.996s] symbolically linking /home/andreas/dev_ws/msauber_stack/build/msauber_control/config/ackerman_config.yaml -> /home/andreas/dev_ws/msauber_stack/install/msauber_control/share/msauber_control/config
[2.996s] symbolically linking /home/andreas/dev_ws/msauber_stack/build/msauber_control/config/effort_control_config.yaml -> /home/andreas/dev_ws/msauber_stack/install/msauber_control/share/msauber_control/config
[3.062s] Invoked command in '/home/andreas/dev_ws/msauber_stack/build/msauber_control' returned '0': DEBUGINFOD_URLS=https://debuginfod.ubuntu.com PS1=(my_py_venv) %m%# PYTHONPATH=/home/andreas/dev_ws/msauber_stack/build/msauber_control/prefix_override:/usr/lib/python3/dist-packages/colcon_core/task/python/colcon_distutils_commands:/home/andreas/dev_ws/msauber_stack/install/msauber_control/lib/python3.12/site-packages:${PYTHONPATH} VIRTUAL_ENV_PROMPT=(my_py_venv) /usr/bin/python3 -W ignore:setup.py install is deprecated -W ignore:easy_install command is deprecated setup.py develop --editable --build-directory /home/andreas/dev_ws/msauber_stack/build/msauber_control/build --no-deps symlink_data
