running develop
running egg_info
creating msauber_control.egg-info
writing msauber_control.egg-info/PKG-INFO
writing dependency_links to msauber_control.egg-info/dependency_links.txt
writing requirements to msauber_control.egg-info/requires.txt
writing top-level names to msauber_control.egg-info/top_level.txt
writing manifest file 'msauber_control.egg-info/SOURCES.txt'
reading manifest file 'msauber_control.egg-info/SOURCES.txt'
writing manifest file 'msauber_control.egg-info/SOURCES.txt'
running build_ext
Creating /home/andreas/dev_ws/msauber_stack/install/msauber_control/lib/python3.12/site-packages/msauber-control.egg-link (link to .)

Installed /home/andreas/dev_ws/msauber_stack/build/msauber_control
running symlink_data
creating /home/andreas/dev_ws/msauber_stack/install/msauber_control/share/ament_index
creating /home/andreas/dev_ws/msauber_stack/install/msauber_control/share/ament_index/resource_index
creating /home/andreas/dev_ws/msauber_stack/install/msauber_control/share/ament_index/resource_index/packages
symbolically linking /home/andreas/dev_ws/msauber_stack/build/msauber_control/resource/msauber_control -> /home/andreas/dev_ws/msauber_stack/install/msauber_control/share/ament_index/resource_index/packages
symbolically linking /home/andreas/dev_ws/msauber_stack/build/msauber_control/package.xml -> /home/andreas/dev_ws/msauber_stack/install/msauber_control/share/msauber_control
creating /home/andreas/dev_ws/msauber_stack/install/msauber_control/share/msauber_control/launch
symbolically linking /home/andreas/dev_ws/msauber_stack/build/msauber_control/launch/control.launch.py -> /home/andreas/dev_ws/msauber_stack/install/msauber_control/share/msauber_control/launch
creating /home/andreas/dev_ws/msauber_stack/install/msauber_control/share/msauber_control/config
symbolically linking /home/andreas/dev_ws/msauber_stack/build/msauber_control/config/ackerman_config.yaml -> /home/andreas/dev_ws/msauber_stack/install/msauber_control/share/msauber_control/config
symbolically linking /home/andreas/dev_ws/msauber_stack/build/msauber_control/config/effort_control_config.yaml -> /home/andreas/dev_ws/msauber_stack/install/msauber_control/share/msauber_control/config
