[2.419s] Invoking command in '/home/andreas/dev_ws/msauber_stack/build/msauber_perception': DEBUGINFOD_URLS=https://debuginfod.ubuntu.com PS1=(my_py_venv) %m%# PYTHONPATH=/home/andreas/dev_ws/msauber_stack/build/msauber_perception/prefix_override:/usr/lib/python3/dist-packages/colcon_core/task/python/colcon_distutils_commands:/home/andreas/dev_ws/msauber_stack/install/msauber_perception/lib/python3.12/site-packages:${PYTHONPATH} VIRTUAL_ENV_PROMPT=(my_py_venv) /usr/bin/python3 -W ignore:setup.py install is deprecated -W ignore:easy_install command is deprecated setup.py develop --editable --build-directory /home/andreas/dev_ws/msauber_stack/build/msauber_perception/build --no-deps symlink_data
[3.031s] running develop
[3.528s] running egg_info
[3.528s] creating msauber_perception.egg-info
[3.565s] writing msauber_perception.egg-info/PKG-INFO
[3.566s] writing dependency_links to msauber_perception.egg-info/dependency_links.txt
[3.566s] writing entry points to msauber_perception.egg-info/entry_points.txt
[3.566s] writing requirements to msauber_perception.egg-info/requires.txt
[3.566s] writing top-level names to msauber_perception.egg-info/top_level.txt
[3.567s] writing manifest file 'msauber_perception.egg-info/SOURCES.txt'
[3.657s] reading manifest file 'msauber_perception.egg-info/SOURCES.txt'
[3.657s] writing manifest file 'msauber_perception.egg-info/SOURCES.txt'
[3.696s] running build_ext
[3.696s] Creating /home/andreas/dev_ws/msauber_stack/install/msauber_perception/lib/python3.12/site-packages/msauber-perception.egg-link (link to .)
[3.697s] Installing cone_detection_node script to /home/andreas/dev_ws/msauber_stack/install/msauber_perception/lib/msauber_perception
[3.697s] 
[3.697s] Installed /home/andreas/dev_ws/msauber_stack/build/msauber_perception
[3.697s] running symlink_data
[3.697s] creating /home/andreas/dev_ws/msauber_stack/install/msauber_perception/share/ament_index
[3.698s] creating /home/andreas/dev_ws/msauber_stack/install/msauber_perception/share/ament_index/resource_index
[3.698s] creating /home/andreas/dev_ws/msauber_stack/install/msauber_perception/share/ament_index/resource_index/packages
[3.698s] symbolically linking /home/andreas/dev_ws/msauber_stack/build/msauber_perception/resource/msauber_perception -> /home/andreas/dev_ws/msauber_stack/install/msauber_perception/share/ament_index/resource_index/packages
[3.698s] symbolically linking /home/andreas/dev_ws/msauber_stack/build/msauber_perception/package.xml -> /home/andreas/dev_ws/msauber_stack/install/msauber_perception/share/msauber_perception
[3.698s] creating /home/andreas/dev_ws/msauber_stack/install/msauber_perception/share/msauber_perception/launch
[3.698s] symbolically linking /home/andreas/dev_ws/msauber_stack/build/msauber_perception/launch/perception.launch.py -> /home/andreas/dev_ws/msauber_stack/install/msauber_perception/share/msauber_perception/launch
[3.698s] symbolically linking /home/andreas/dev_ws/msauber_stack/build/msauber_perception/launch/yolo_bringup.launch.py -> /home/andreas/dev_ws/msauber_stack/install/msauber_perception/share/msauber_perception/launch
[3.698s] creating /home/andreas/dev_ws/msauber_stack/install/msauber_perception/share/msauber_perception/config
[3.698s] symbolically linking /home/andreas/dev_ws/msauber_stack/build/msauber_perception/config/perception.yaml -> /home/andreas/dev_ws/msauber_stack/install/msauber_perception/share/msauber_perception/config
[3.699s] symbolically linking /home/andreas/dev_ws/msauber_stack/build/msauber_perception/config/yolo.yaml -> /home/andreas/dev_ws/msauber_stack/install/msauber_perception/share/msauber_perception/config
[3.699s] creating /home/andreas/dev_ws/msauber_stack/install/msauber_perception/share/msauber_perception/models
[3.699s] symbolically linking /home/andreas/dev_ws/msauber_stack/build/msauber_perception/models/cones_v1.pt -> /home/andreas/dev_ws/msauber_stack/install/msauber_perception/share/msauber_perception/models
[3.699s] symbolically linking /home/andreas/dev_ws/msauber_stack/build/msauber_perception/models/yolov8n.pt -> /home/andreas/dev_ws/msauber_stack/install/msauber_perception/share/msauber_perception/models
[3.732s] Invoked command in '/home/andreas/dev_ws/msauber_stack/build/msauber_perception' returned '0': DEBUGINFOD_URLS=https://debuginfod.ubuntu.com PS1=(my_py_venv) %m%# PYTHONPATH=/home/andreas/dev_ws/msauber_stack/build/msauber_perception/prefix_override:/usr/lib/python3/dist-packages/colcon_core/task/python/colcon_distutils_commands:/home/andreas/dev_ws/msauber_stack/install/msauber_perception/lib/python3.12/site-packages:${PYTHONPATH} VIRTUAL_ENV_PROMPT=(my_py_venv) /usr/bin/python3 -W ignore:setup.py install is deprecated -W ignore:easy_install command is deprecated setup.py develop --editable --build-directory /home/andreas/dev_ws/msauber_stack/build/msauber_perception/build --no-deps symlink_data
