[2.436s] Invoking command in '/home/andreas/dev_ws/msauber_stack/build/msauber_control': DEBUGINFOD_URLS=https://debuginfod.ubuntu.com PS1=(my_py_venv) %m%# PYTHONPATH=/home/andreas/dev_ws/msauber_stack/build/msauber_control/prefix_override:/usr/lib/python3/dist-packages/colcon_core/task/python/colcon_distutils_commands:/home/andreas/dev_ws/msauber_stack/install/msauber_control/lib/python3.12/site-packages:${PYTHONPATH} VIRTUAL_ENV_PROMPT=(my_py_venv) /usr/bin/python3 -W ignore:setup.py install is deprecated -W ignore:easy_install command is deprecated setup.py develop --editable --build-directory /home/andreas/dev_ws/msauber_stack/build/msauber_control/build --no-deps symlink_data
[3.090s] running develop
[3.595s] running egg_info
[3.596s] creating msauber_control.egg-info
[3.662s] writing msauber_control.egg-info/PKG-INFO
[3.662s] writing dependency_links to msauber_control.egg-info/dependency_links.txt
[3.662s] writing entry points to msauber_control.egg-info/entry_points.txt
[3.662s] writing requirements to msauber_control.egg-info/requires.txt
[3.662s] writing top-level names to msauber_control.egg-info/top_level.txt
[3.662s] writing manifest file 'msauber_control.egg-info/SOURCES.txt'
[3.760s] reading manifest file 'msauber_control.egg-info/SOURCES.txt'
[3.760s] writing manifest file 'msauber_control.egg-info/SOURCES.txt'
[3.812s] running build_ext
[3.812s] Creating /home/andreas/dev_ws/msauber_stack/install/msauber_control/lib/python3.12/site-packages/msauber-control.egg-link (link to .)
[3.813s] Installing teleop_bridge script to /home/andreas/dev_ws/msauber_stack/install/msauber_control/lib/msauber_control
[3.813s] 
[3.813s] Installed /home/andreas/dev_ws/msauber_stack/build/msauber_control
[3.813s] running symlink_data
[3.814s] creating /home/andreas/dev_ws/msauber_stack/install/msauber_control/share/ament_index
[3.814s] creating /home/andreas/dev_ws/msauber_stack/install/msauber_control/share/ament_index/resource_index
[3.814s] creating /home/andreas/dev_ws/msauber_stack/install/msauber_control/share/ament_index/resource_index/packages
[3.814s] symbolically linking /home/andreas/dev_ws/msauber_stack/build/msauber_control/resource/msauber_control -> /home/andreas/dev_ws/msauber_stack/install/msauber_control/share/ament_index/resource_index/packages
[3.814s] symbolically linking /home/andreas/dev_ws/msauber_stack/build/msauber_control/package.xml -> /home/andreas/dev_ws/msauber_stack/install/msauber_control/share/msauber_control
[3.814s] creating /home/andreas/dev_ws/msauber_stack/install/msauber_control/share/msauber_control/launch
[3.814s] symbolically linking /home/andreas/dev_ws/msauber_stack/build/msauber_control/launch/control.launch.py -> /home/andreas/dev_ws/msauber_stack/install/msauber_control/share/msauber_control/launch
[3.814s] creating /home/andreas/dev_ws/msauber_stack/install/msauber_control/share/msauber_control/config
[3.814s] symbolically linking /home/andreas/dev_ws/msauber_stack/build/msauber_control/config/ackerman_config.yaml -> /home/andreas/dev_ws/msauber_stack/install/msauber_control/share/msauber_control/config
[3.818s] symbolically linking /home/andreas/dev_ws/msauber_stack/build/msauber_control/config/effort_control_config.yaml -> /home/andreas/dev_ws/msauber_stack/install/msauber_control/share/msauber_control/config
[3.857s] Invoked command in '/home/andreas/dev_ws/msauber_stack/build/msauber_control' returned '0': DEBUGINFOD_URLS=https://debuginfod.ubuntu.com PS1=(my_py_venv) %m%# PYTHONPATH=/home/andreas/dev_ws/msauber_stack/build/msauber_control/prefix_override:/usr/lib/python3/dist-packages/colcon_core/task/python/colcon_distutils_commands:/home/andreas/dev_ws/msauber_stack/install/msauber_control/lib/python3.12/site-packages:${PYTHONPATH} VIRTUAL_ENV_PROMPT=(my_py_venv) /usr/bin/python3 -W ignore:setup.py install is deprecated -W ignore:easy_install command is deprecated setup.py develop --editable --build-directory /home/andreas/dev_ws/msauber_stack/build/msauber_control/build --no-deps symlink_data
