[1.858s] Invoking command in '/home/andreas/dev_ws/msauber_stack/build/msauber_sim': DEBUGINFOD_URLS=https://debuginfod.ubuntu.com PS1=(my_py_venv) %m%# PYTHONPATH=/home/andreas/dev_ws/msauber_stack/build/msauber_sim/prefix_override:/usr/lib/python3/dist-packages/colcon_core/task/python/colcon_distutils_commands:/home/andreas/dev_ws/msauber_stack/install/msauber_sim/lib/python3.12/site-packages:${PYTHONPATH} VIRTUAL_ENV_PROMPT=(my_py_venv) /usr/bin/python3 -W ignore:setup.py install is deprecated -W ignore:easy_install command is deprecated setup.py develop --editable --build-directory /home/andreas/dev_ws/msauber_stack/build/msauber_sim/build --no-deps symlink_data
[2.311s] running develop
[2.861s] running egg_info
[2.861s] creating msauber_sim.egg-info
[2.964s] writing msauber_sim.egg-info/PKG-INFO
[2.965s] writing dependency_links to msauber_sim.egg-info/dependency_links.txt
[2.966s] writing requirements to msauber_sim.egg-info/requires.txt
[2.966s] writing top-level names to msauber_sim.egg-info/top_level.txt
[2.968s] writing manifest file 'msauber_sim.egg-info/SOURCES.txt'
[3.274s] reading manifest file 'msauber_sim.egg-info/SOURCES.txt'
[3.276s] writing manifest file 'msauber_sim.egg-info/SOURCES.txt'
[3.427s] running build_ext
[3.427s] Creating /home/andreas/dev_ws/msauber_stack/install/msauber_sim/lib/python3.12/site-packages/msauber-sim.egg-link (link to .)
[3.429s] 
[3.429s] Installed /home/andreas/dev_ws/msauber_stack/build/msauber_sim
[3.430s] running symlink_data
[3.430s] creating /home/andreas/dev_ws/msauber_stack/install/msauber_sim/share/ament_index
[3.431s] creating /home/andreas/dev_ws/msauber_stack/install/msauber_sim/share/ament_index/resource_index
[3.431s] creating /home/andreas/dev_ws/msauber_stack/install/msauber_sim/share/ament_index/resource_index/packages
[3.432s] symbolically linking /home/andreas/dev_ws/msauber_stack/build/msauber_sim/resource/msauber_sim -> /home/andreas/dev_ws/msauber_stack/install/msauber_sim/share/ament_index/resource_index/packages
[3.433s] symbolically linking /home/andreas/dev_ws/msauber_stack/build/msauber_sim/package.xml -> /home/andreas/dev_ws/msauber_stack/install/msauber_sim/share/msauber_sim
[3.433s] creating /home/andreas/dev_ws/msauber_stack/install/msauber_sim/share/msauber_sim/launch
[3.433s] symbolically linking /home/andreas/dev_ws/msauber_stack/build/msauber_sim/launch/sim.launch.py -> /home/andreas/dev_ws/msauber_stack/install/msauber_sim/share/msauber_sim/launch
[3.433s] creating /home/andreas/dev_ws/msauber_stack/install/msauber_sim/share/msauber_sim/meshes
[3.434s] creating /home/andreas/dev_ws/msauber_stack/install/msauber_sim/share/msauber_sim/models
[3.434s] creating /home/andreas/dev_ws/msauber_stack/install/msauber_sim/share/msauber_sim/config
[3.434s] creating /home/andreas/dev_ws/msauber_stack/install/msauber_sim/share/msauber_sim/worlds
[3.435s] symbolically linking /home/andreas/dev_ws/msauber_stack/build/msauber_sim/worlds/sonoma.sdf -> /home/andreas/dev_ws/msauber_stack/install/msauber_sim/share/msauber_sim/worlds
[3.435s] symbolically linking /home/andreas/dev_ws/msauber_stack/build/msauber_sim/worlds/my_empty.sdf -> /home/andreas/dev_ws/msauber_stack/install/msauber_sim/share/msauber_sim/worlds
[3.545s] Invoked command in '/home/andreas/dev_ws/msauber_stack/build/msauber_sim' returned '0': DEBUGINFOD_URLS=https://debuginfod.ubuntu.com PS1=(my_py_venv) %m%# PYTHONPATH=/home/andreas/dev_ws/msauber_stack/build/msauber_sim/prefix_override:/usr/lib/python3/dist-packages/colcon_core/task/python/colcon_distutils_commands:/home/andreas/dev_ws/msauber_stack/install/msauber_sim/lib/python3.12/site-packages:${PYTHONPATH} VIRTUAL_ENV_PROMPT=(my_py_venv) /usr/bin/python3 -W ignore:setup.py install is deprecated -W ignore:easy_install command is deprecated setup.py develop --editable --build-directory /home/andreas/dev_ws/msauber_stack/build/msauber_sim/build --no-deps symlink_data
