[0.167s] DEBUG:colcon:Command line arguments: ['/usr/bin/colcon', 'build', '--symlink-install']
[0.167s] DEBUG:colcon:Parsed command line arguments: Namespace(log_base=None, log_level=None, verb_name='build', build_base='build', install_base='install', merge_install=False, symlink_install=True, test_result_base=None, continue_on_error=False, executor='parallel', parallel_workers=8, event_handlers=None, ignore_user_meta=False, metas=['./colcon.meta'], base_paths=['.'], packages_ignore=None, packages_ignore_regex=None, paths=None, packages_up_to=None, packages_up_to_regex=None, packages_above=None, packages_above_and_dependencies=None, packages_above_depth=None, packages_select_by_dep=None, packages_skip_by_dep=None, packages_skip_up_to=None, packages_select_build_failed=False, packages_skip_build_finished=False, packages_select_test_failures=False, packages_skip_test_passed=False, packages_select=None, packages_skip=None, packages_select_regex=None, packages_skip_regex=None, packages_start=None, packages_end=None, allow_overriding=[], cmake_args=None, cmake_target=None, cmake_target_skip_unavailable=False, cmake_clean_cache=False, cmake_clean_first=False, cmake_force_configure=False, ament_cmake_args=None, catkin_cmake_args=None, catkin_skip_building_tests=False, mixin_files=None, mixin=None, verb_parser=<colcon_mixin.mixin.mixin_argument.MixinArgumentDecorator object at 0x733a52d0f3e0>, verb_extension=<colcon_core.verb.build.BuildVerb object at 0x733a52d0f1a0>, main=<bound method BuildVerb.main of <colcon_core.verb.build.BuildVerb object at 0x733a52d0f1a0>>, mixin_verb=('build',))
[0.221s] Level 1:colcon.colcon_core.package_discovery:discover_packages(colcon_meta) check parameters
[0.221s] Level 1:colcon.colcon_core.package_discovery:discover_packages(recursive) check parameters
[0.221s] Level 1:colcon.colcon_core.package_discovery:discover_packages(ignore) check parameters
[0.221s] Level 1:colcon.colcon_core.package_discovery:discover_packages(path) check parameters
[0.221s] Level 1:colcon.colcon_core.package_discovery:discover_packages(colcon_meta) discover
[0.221s] Level 1:colcon.colcon_core.package_discovery:discover_packages(recursive) discover
[0.221s] INFO:colcon.colcon_core.package_discovery:Crawling recursively for packages in '/home/andreas/dev_ws/msauber_stack'
[0.221s] Level 1:colcon.colcon_core.package_identification:_identify(.) by extensions ['ignore', 'ignore_ament_install']
[0.221s] Level 1:colcon.colcon_core.package_identification:_identify(.) by extension 'ignore'
[0.222s] Level 1:colcon.colcon_core.package_identification:_identify(.) by extension 'ignore_ament_install'
[0.222s] Level 1:colcon.colcon_core.package_identification:_identify(.) by extensions ['colcon_pkg']
[0.222s] Level 1:colcon.colcon_core.package_identification:_identify(.) by extension 'colcon_pkg'
[0.222s] Level 1:colcon.colcon_core.package_identification:_identify(.) by extensions ['colcon_meta']
[0.222s] Level 1:colcon.colcon_core.package_identification:_identify(.) by extension 'colcon_meta'
[0.222s] Level 1:colcon.colcon_core.package_identification:_identify(.) by extensions ['ros']
[0.222s] Level 1:colcon.colcon_core.package_identification:_identify(.) by extension 'ros'
[0.258s] Level 1:colcon.colcon_core.package_identification:_identify(.) by extensions ['cmake', 'python']
[0.258s] Level 1:colcon.colcon_core.package_identification:_identify(.) by extension 'cmake'
[0.258s] Level 1:colcon.colcon_core.package_identification:_identify(.) by extension 'python'
[0.258s] Level 1:colcon.colcon_core.package_identification:_identify(.) by extensions ['python_setup_py']
[0.258s] Level 1:colcon.colcon_core.package_identification:_identify(.) by extension 'python_setup_py'
[0.258s] Level 1:colcon.colcon_core.package_identification:_identify(build) by extensions ['ignore', 'ignore_ament_install']
[0.258s] Level 1:colcon.colcon_core.package_identification:_identify(build) by extension 'ignore'
[0.258s] Level 1:colcon.colcon_core.package_identification:_identify(build) ignored
[0.259s] Level 1:colcon.colcon_core.package_identification:_identify(install) by extensions ['ignore', 'ignore_ament_install']
[0.259s] Level 1:colcon.colcon_core.package_identification:_identify(install) by extension 'ignore'
[0.259s] Level 1:colcon.colcon_core.package_identification:_identify(install) ignored
[0.259s] Level 1:colcon.colcon_core.package_identification:_identify(log) by extensions ['ignore', 'ignore_ament_install']
[0.259s] Level 1:colcon.colcon_core.package_identification:_identify(log) by extension 'ignore'
[0.259s] Level 1:colcon.colcon_core.package_identification:_identify(log) ignored
[0.259s] Level 1:colcon.colcon_core.package_identification:_identify(scripts) by extensions ['ignore', 'ignore_ament_install']
[0.259s] Level 1:colcon.colcon_core.package_identification:_identify(scripts) by extension 'ignore'
[0.260s] Level 1:colcon.colcon_core.package_identification:_identify(scripts) by extension 'ignore_ament_install'
[0.260s] Level 1:colcon.colcon_core.package_identification:_identify(scripts) by extensions ['colcon_pkg']
[0.260s] Level 1:colcon.colcon_core.package_identification:_identify(scripts) by extension 'colcon_pkg'
[0.260s] Level 1:colcon.colcon_core.package_identification:_identify(scripts) by extensions ['colcon_meta']
[0.260s] Level 1:colcon.colcon_core.package_identification:_identify(scripts) by extension 'colcon_meta'
[0.260s] Level 1:colcon.colcon_core.package_identification:_identify(scripts) by extensions ['ros']
[0.260s] Level 1:colcon.colcon_core.package_identification:_identify(scripts) by extension 'ros'
[0.260s] Level 1:colcon.colcon_core.package_identification:_identify(scripts) by extensions ['cmake', 'python']
[0.260s] Level 1:colcon.colcon_core.package_identification:_identify(scripts) by extension 'cmake'
[0.260s] Level 1:colcon.colcon_core.package_identification:_identify(scripts) by extension 'python'
[0.260s] Level 1:colcon.colcon_core.package_identification:_identify(scripts) by extensions ['python_setup_py']
[0.260s] Level 1:colcon.colcon_core.package_identification:_identify(scripts) by extension 'python_setup_py'
[0.260s] Level 1:colcon.colcon_core.package_identification:_identify(src) by extensions ['ignore', 'ignore_ament_install']
[0.261s] Level 1:colcon.colcon_core.package_identification:_identify(src) by extension 'ignore'
[0.261s] Level 1:colcon.colcon_core.package_identification:_identify(src) by extension 'ignore_ament_install'
[0.261s] Level 1:colcon.colcon_core.package_identification:_identify(src) by extensions ['colcon_pkg']
[0.261s] Level 1:colcon.colcon_core.package_identification:_identify(src) by extension 'colcon_pkg'
[0.261s] Level 1:colcon.colcon_core.package_identification:_identify(src) by extensions ['colcon_meta']
[0.261s] Level 1:colcon.colcon_core.package_identification:_identify(src) by extension 'colcon_meta'
[0.261s] Level 1:colcon.colcon_core.package_identification:_identify(src) by extensions ['ros']
[0.261s] Level 1:colcon.colcon_core.package_identification:_identify(src) by extension 'ros'
[0.261s] Level 1:colcon.colcon_core.package_identification:_identify(src) by extensions ['cmake', 'python']
[0.261s] Level 1:colcon.colcon_core.package_identification:_identify(src) by extension 'cmake'
[0.261s] Level 1:colcon.colcon_core.package_identification:_identify(src) by extension 'python'
[0.261s] Level 1:colcon.colcon_core.package_identification:_identify(src) by extensions ['python_setup_py']
[0.261s] Level 1:colcon.colcon_core.package_identification:_identify(src) by extension 'python_setup_py'
[0.261s] Level 1:colcon.colcon_core.package_identification:_identify(src/msauber_bringup) by extensions ['ignore', 'ignore_ament_install']
[0.261s] Level 1:colcon.colcon_core.package_identification:_identify(src/msauber_bringup) by extension 'ignore'
[0.261s] Level 1:colcon.colcon_core.package_identification:_identify(src/msauber_bringup) by extension 'ignore_ament_install'
[0.261s] Level 1:colcon.colcon_core.package_identification:_identify(src/msauber_bringup) by extensions ['colcon_pkg']
[0.261s] Level 1:colcon.colcon_core.package_identification:_identify(src/msauber_bringup) by extension 'colcon_pkg'
[0.262s] Level 1:colcon.colcon_core.package_identification:_identify(src/msauber_bringup) by extensions ['colcon_meta']
[0.262s] Level 1:colcon.colcon_core.package_identification:_identify(src/msauber_bringup) by extension 'colcon_meta'
[0.262s] Level 1:colcon.colcon_core.package_identification:_identify(src/msauber_bringup) by extensions ['ros']
[0.262s] Level 1:colcon.colcon_core.package_identification:_identify(src/msauber_bringup) by extension 'ros'
[0.265s] DEBUG:colcon.colcon_core.package_identification:Package 'src/msauber_bringup' with type 'ros.ament_python' and name 'msauber_bringup'
[0.265s] Level 1:colcon.colcon_core.package_identification:_identify(src/msauber_control) by extensions ['ignore', 'ignore_ament_install']
[0.265s] Level 1:colcon.colcon_core.package_identification:_identify(src/msauber_control) by extension 'ignore'
[0.265s] Level 1:colcon.colcon_core.package_identification:_identify(src/msauber_control) by extension 'ignore_ament_install'
[0.265s] Level 1:colcon.colcon_core.package_identification:_identify(src/msauber_control) by extensions ['colcon_pkg']
[0.265s] Level 1:colcon.colcon_core.package_identification:_identify(src/msauber_control) by extension 'colcon_pkg'
[0.265s] Level 1:colcon.colcon_core.package_identification:_identify(src/msauber_control) by extensions ['colcon_meta']
[0.265s] Level 1:colcon.colcon_core.package_identification:_identify(src/msauber_control) by extension 'colcon_meta'
[0.265s] Level 1:colcon.colcon_core.package_identification:_identify(src/msauber_control) by extensions ['ros']
[0.265s] Level 1:colcon.colcon_core.package_identification:_identify(src/msauber_control) by extension 'ros'
[0.266s] DEBUG:colcon.colcon_core.package_identification:Package 'src/msauber_control' with type 'ros.ament_python' and name 'msauber_control'
[0.266s] Level 1:colcon.colcon_core.package_identification:_identify(src/msauber_description) by extensions ['ignore', 'ignore_ament_install']
[0.266s] Level 1:colcon.colcon_core.package_identification:_identify(src/msauber_description) by extension 'ignore'
[0.266s] Level 1:colcon.colcon_core.package_identification:_identify(src/msauber_description) by extension 'ignore_ament_install'
[0.266s] Level 1:colcon.colcon_core.package_identification:_identify(src/msauber_description) by extensions ['colcon_pkg']
[0.266s] Level 1:colcon.colcon_core.package_identification:_identify(src/msauber_description) by extension 'colcon_pkg'
[0.266s] Level 1:colcon.colcon_core.package_identification:_identify(src/msauber_description) by extensions ['colcon_meta']
[0.266s] Level 1:colcon.colcon_core.package_identification:_identify(src/msauber_description) by extension 'colcon_meta'
[0.266s] Level 1:colcon.colcon_core.package_identification:_identify(src/msauber_description) by extensions ['ros']
[0.266s] Level 1:colcon.colcon_core.package_identification:_identify(src/msauber_description) by extension 'ros'
[0.267s] DEBUG:colcon.colcon_core.package_identification:Package 'src/msauber_description' with type 'ros.ament_python' and name 'msauber_description'
[0.267s] Level 1:colcon.colcon_core.package_identification:_identify(src/msauber_sim) by extensions ['ignore', 'ignore_ament_install']
[0.267s] Level 1:colcon.colcon_core.package_identification:_identify(src/msauber_sim) by extension 'ignore'
[0.267s] Level 1:colcon.colcon_core.package_identification:_identify(src/msauber_sim) by extension 'ignore_ament_install'
[0.267s] Level 1:colcon.colcon_core.package_identification:_identify(src/msauber_sim) by extensions ['colcon_pkg']
[0.267s] Level 1:colcon.colcon_core.package_identification:_identify(src/msauber_sim) by extension 'colcon_pkg'
[0.267s] Level 1:colcon.colcon_core.package_identification:_identify(src/msauber_sim) by extensions ['colcon_meta']
[0.267s] Level 1:colcon.colcon_core.package_identification:_identify(src/msauber_sim) by extension 'colcon_meta'
[0.267s] Level 1:colcon.colcon_core.package_identification:_identify(src/msauber_sim) by extensions ['ros']
[0.267s] Level 1:colcon.colcon_core.package_identification:_identify(src/msauber_sim) by extension 'ros'
[0.268s] DEBUG:colcon.colcon_core.package_identification:Package 'src/msauber_sim' with type 'ros.ament_python' and name 'msauber_sim'
[0.268s] Level 1:colcon.colcon_core.package_discovery:discover_packages(recursive) using defaults
[0.268s] Level 1:colcon.colcon_core.package_discovery:discover_packages(ignore) discover
[0.268s] Level 1:colcon.colcon_core.package_discovery:discover_packages(ignore) using defaults
[0.268s] Level 1:colcon.colcon_core.package_discovery:discover_packages(path) discover
[0.268s] Level 1:colcon.colcon_core.package_discovery:discover_packages(path) using defaults
[0.295s] Level 1:colcon.colcon_core.package_discovery:discover_packages(prefix_path) check parameters
[0.295s] Level 1:colcon.colcon_core.package_discovery:discover_packages(prefix_path) discover
[0.296s] WARNING:colcon.colcon_ros.prefix_path.ament:The path '/home/andreas/dev_ws/msauber_stack/install/msauber_bringup' in the environment variable AMENT_PREFIX_PATH doesn't exist
[0.296s] WARNING:colcon.colcon_ros.prefix_path.ament:The path '/home/andreas/dev_ws/msauber_stack/install/msauber_sim' in the environment variable AMENT_PREFIX_PATH doesn't exist
[0.297s] WARNING:colcon.colcon_ros.prefix_path.ament:The path '/home/andreas/dev_ws/msauber_stack/install/msauber_description' in the environment variable AMENT_PREFIX_PATH doesn't exist
[0.297s] WARNING:colcon.colcon_ros.prefix_path.ament:The path '/home/andreas/dev_ws/msauber_stack/install/msauber_control' in the environment variable AMENT_PREFIX_PATH doesn't exist
[0.297s] DEBUG:colcon.colcon_installed_package_information.package_discovery:Found 0 installed packages in /home/andreas/dev_ws/msauber_stack/install
[0.300s] DEBUG:colcon.colcon_installed_package_information.package_discovery:Found 387 installed packages in /opt/ros/jazzy
[0.301s] Level 1:colcon.colcon_core.package_discovery:discover_packages(prefix_path) using defaults
[0.371s] Level 5:colcon.colcon_core.verb:set package 'msauber_control' build argument 'cmake_args' from command line to 'None'
[0.371s] Level 5:colcon.colcon_core.verb:set package 'msauber_control' build argument 'cmake_target' from command line to 'None'
[0.371s] Level 5:colcon.colcon_core.verb:set package 'msauber_control' build argument 'cmake_target_skip_unavailable' from command line to 'False'
[0.371s] Level 5:colcon.colcon_core.verb:set package 'msauber_control' build argument 'cmake_clean_cache' from command line to 'False'
[0.371s] Level 5:colcon.colcon_core.verb:set package 'msauber_control' build argument 'cmake_clean_first' from command line to 'False'
[0.371s] Level 5:colcon.colcon_core.verb:set package 'msauber_control' build argument 'cmake_force_configure' from command line to 'False'
[0.371s] Level 5:colcon.colcon_core.verb:set package 'msauber_control' build argument 'ament_cmake_args' from command line to 'None'
[0.371s] Level 5:colcon.colcon_core.verb:set package 'msauber_control' build argument 'catkin_cmake_args' from command line to 'None'
[0.371s] Level 5:colcon.colcon_core.verb:set package 'msauber_control' build argument 'catkin_skip_building_tests' from command line to 'False'
[0.371s] DEBUG:colcon.colcon_core.verb:Building package 'msauber_control' with the following arguments: {'ament_cmake_args': None, 'build_base': '/home/andreas/dev_ws/msauber_stack/build/msauber_control', 'catkin_cmake_args': None, 'catkin_skip_building_tests': False, 'cmake_args': None, 'cmake_clean_cache': False, 'cmake_clean_first': False, 'cmake_force_configure': False, 'cmake_target': None, 'cmake_target_skip_unavailable': False, 'install_base': '/home/andreas/dev_ws/msauber_stack/install/msauber_control', 'merge_install': False, 'path': '/home/andreas/dev_ws/msauber_stack/src/msauber_control', 'symlink_install': True, 'test_result_base': None}
[0.372s] Level 5:colcon.colcon_core.verb:set package 'msauber_description' build argument 'cmake_args' from command line to 'None'
[0.372s] Level 5:colcon.colcon_core.verb:set package 'msauber_description' build argument 'cmake_target' from command line to 'None'
[0.372s] Level 5:colcon.colcon_core.verb:set package 'msauber_description' build argument 'cmake_target_skip_unavailable' from command line to 'False'
[0.372s] Level 5:colcon.colcon_core.verb:set package 'msauber_description' build argument 'cmake_clean_cache' from command line to 'False'
[0.372s] Level 5:colcon.colcon_core.verb:set package 'msauber_description' build argument 'cmake_clean_first' from command line to 'False'
[0.372s] Level 5:colcon.colcon_core.verb:set package 'msauber_description' build argument 'cmake_force_configure' from command line to 'False'
[0.372s] Level 5:colcon.colcon_core.verb:set package 'msauber_description' build argument 'ament_cmake_args' from command line to 'None'
[0.372s] Level 5:colcon.colcon_core.verb:set package 'msauber_description' build argument 'catkin_cmake_args' from command line to 'None'
[0.372s] Level 5:colcon.colcon_core.verb:set package 'msauber_description' build argument 'catkin_skip_building_tests' from command line to 'False'
[0.372s] DEBUG:colcon.colcon_core.verb:Building package 'msauber_description' with the following arguments: {'ament_cmake_args': None, 'build_base': '/home/andreas/dev_ws/msauber_stack/build/msauber_description', 'catkin_cmake_args': None, 'catkin_skip_building_tests': False, 'cmake_args': None, 'cmake_clean_cache': False, 'cmake_clean_first': False, 'cmake_force_configure': False, 'cmake_target': None, 'cmake_target_skip_unavailable': False, 'install_base': '/home/andreas/dev_ws/msauber_stack/install/msauber_description', 'merge_install': False, 'path': '/home/andreas/dev_ws/msauber_stack/src/msauber_description', 'symlink_install': True, 'test_result_base': None}
[0.373s] Level 5:colcon.colcon_core.verb:set package 'msauber_sim' build argument 'cmake_args' from command line to 'None'
[0.373s] Level 5:colcon.colcon_core.verb:set package 'msauber_sim' build argument 'cmake_target' from command line to 'None'
[0.373s] Level 5:colcon.colcon_core.verb:set package 'msauber_sim' build argument 'cmake_target_skip_unavailable' from command line to 'False'
[0.373s] Level 5:colcon.colcon_core.verb:set package 'msauber_sim' build argument 'cmake_clean_cache' from command line to 'False'
[0.373s] Level 5:colcon.colcon_core.verb:set package 'msauber_sim' build argument 'cmake_clean_first' from command line to 'False'
[0.373s] Level 5:colcon.colcon_core.verb:set package 'msauber_sim' build argument 'cmake_force_configure' from command line to 'False'
[0.373s] Level 5:colcon.colcon_core.verb:set package 'msauber_sim' build argument 'ament_cmake_args' from command line to 'None'
[0.373s] Level 5:colcon.colcon_core.verb:set package 'msauber_sim' build argument 'catkin_cmake_args' from command line to 'None'
[0.373s] Level 5:colcon.colcon_core.verb:set package 'msauber_sim' build argument 'catkin_skip_building_tests' from command line to 'False'
[0.373s] DEBUG:colcon.colcon_core.verb:Building package 'msauber_sim' with the following arguments: {'ament_cmake_args': None, 'build_base': '/home/andreas/dev_ws/msauber_stack/build/msauber_sim', 'catkin_cmake_args': None, 'catkin_skip_building_tests': False, 'cmake_args': None, 'cmake_clean_cache': False, 'cmake_clean_first': False, 'cmake_force_configure': False, 'cmake_target': None, 'cmake_target_skip_unavailable': False, 'install_base': '/home/andreas/dev_ws/msauber_stack/install/msauber_sim', 'merge_install': False, 'path': '/home/andreas/dev_ws/msauber_stack/src/msauber_sim', 'symlink_install': True, 'test_result_base': None}
[0.373s] Level 5:colcon.colcon_core.verb:set package 'msauber_bringup' build argument 'cmake_args' from command line to 'None'
[0.374s] Level 5:colcon.colcon_core.verb:set package 'msauber_bringup' build argument 'cmake_target' from command line to 'None'
[0.374s] Level 5:colcon.colcon_core.verb:set package 'msauber_bringup' build argument 'cmake_target_skip_unavailable' from command line to 'False'
[0.374s] Level 5:colcon.colcon_core.verb:set package 'msauber_bringup' build argument 'cmake_clean_cache' from command line to 'False'
[0.374s] Level 5:colcon.colcon_core.verb:set package 'msauber_bringup' build argument 'cmake_clean_first' from command line to 'False'
[0.374s] Level 5:colcon.colcon_core.verb:set package 'msauber_bringup' build argument 'cmake_force_configure' from command line to 'False'
[0.374s] Level 5:colcon.colcon_core.verb:set package 'msauber_bringup' build argument 'ament_cmake_args' from command line to 'None'
[0.374s] Level 5:colcon.colcon_core.verb:set package 'msauber_bringup' build argument 'catkin_cmake_args' from command line to 'None'
[0.374s] Level 5:colcon.colcon_core.verb:set package 'msauber_bringup' build argument 'catkin_skip_building_tests' from command line to 'False'
[0.374s] DEBUG:colcon.colcon_core.verb:Building package 'msauber_bringup' with the following arguments: {'ament_cmake_args': None, 'build_base': '/home/andreas/dev_ws/msauber_stack/build/msauber_bringup', 'catkin_cmake_args': None, 'catkin_skip_building_tests': False, 'cmake_args': None, 'cmake_clean_cache': False, 'cmake_clean_first': False, 'cmake_force_configure': False, 'cmake_target': None, 'cmake_target_skip_unavailable': False, 'install_base': '/home/andreas/dev_ws/msauber_stack/install/msauber_bringup', 'merge_install': False, 'path': '/home/andreas/dev_ws/msauber_stack/src/msauber_bringup', 'symlink_install': True, 'test_result_base': None}
[0.374s] INFO:colcon.colcon_core.executor:Executing jobs using 'parallel' executor
[0.375s] DEBUG:colcon.colcon_parallel_executor.executor.parallel:run_until_complete
[0.375s] INFO:colcon.colcon_ros.task.ament_python.build:Building ROS package in '/home/andreas/dev_ws/msauber_stack/src/msauber_control' with build type 'ament_python'
[0.376s] Level 1:colcon.colcon_core.shell:create_environment_hook('msauber_control', 'ament_prefix_path')
[0.378s] INFO:colcon.colcon_core.plugin_system:Skipping extension 'colcon_core.shell.bat': Not used on non-Windows systems
[0.378s] INFO:colcon.colcon_core.shell:Creating environment hook '/home/andreas/dev_ws/msauber_stack/install/msauber_control/share/msauber_control/hook/ament_prefix_path.ps1'
[0.379s] INFO:colcon.colcon_core.shell:Creating environment descriptor '/home/andreas/dev_ws/msauber_stack/install/msauber_control/share/msauber_control/hook/ament_prefix_path.dsv'
[0.380s] INFO:colcon.colcon_core.shell:Creating environment hook '/home/andreas/dev_ws/msauber_stack/install/msauber_control/share/msauber_control/hook/ament_prefix_path.sh'
[0.380s] INFO:colcon.colcon_core.shell:Skip shell extension 'powershell' for command environment: Not usable outside of PowerShell
[0.380s] DEBUG:colcon.colcon_core.shell:Skip shell extension 'dsv' for command environment
[0.385s] INFO:colcon.colcon_ros.task.ament_python.build:Building ROS package in '/home/andreas/dev_ws/msauber_stack/src/msauber_description' with build type 'ament_python'
[0.385s] Level 1:colcon.colcon_core.shell:create_environment_hook('msauber_description', 'ament_prefix_path')
[0.385s] INFO:colcon.colcon_core.shell:Creating environment hook '/home/andreas/dev_ws/msauber_stack/install/msauber_description/share/msauber_description/hook/ament_prefix_path.ps1'
[0.386s] INFO:colcon.colcon_core.shell:Creating environment descriptor '/home/andreas/dev_ws/msauber_stack/install/msauber_description/share/msauber_description/hook/ament_prefix_path.dsv'
[0.386s] INFO:colcon.colcon_core.shell:Creating environment hook '/home/andreas/dev_ws/msauber_stack/install/msauber_description/share/msauber_description/hook/ament_prefix_path.sh'
[0.387s] INFO:colcon.colcon_core.shell:Skip shell extension 'powershell' for command environment: Not usable outside of PowerShell
[0.387s] DEBUG:colcon.colcon_core.shell:Skip shell extension 'dsv' for command environment
[0.392s] INFO:colcon.colcon_ros.task.ament_python.build:Building ROS package in '/home/andreas/dev_ws/msauber_stack/src/msauber_sim' with build type 'ament_python'
[0.392s] Level 1:colcon.colcon_core.shell:create_environment_hook('msauber_sim', 'ament_prefix_path')
[0.393s] INFO:colcon.colcon_core.shell:Creating environment hook '/home/andreas/dev_ws/msauber_stack/install/msauber_sim/share/msauber_sim/hook/ament_prefix_path.ps1'
[0.395s] INFO:colcon.colcon_core.shell:Creating environment descriptor '/home/andreas/dev_ws/msauber_stack/install/msauber_sim/share/msauber_sim/hook/ament_prefix_path.dsv'
[0.395s] INFO:colcon.colcon_core.shell:Creating environment hook '/home/andreas/dev_ws/msauber_stack/install/msauber_sim/share/msauber_sim/hook/ament_prefix_path.sh'
[0.396s] INFO:colcon.colcon_core.shell:Skip shell extension 'powershell' for command environment: Not usable outside of PowerShell
[0.396s] DEBUG:colcon.colcon_core.shell:Skip shell extension 'dsv' for command environment
[0.823s] INFO:colcon.colcon_core.task.python.build:Building Python package in '/home/andreas/dev_ws/msauber_stack/src/msauber_control'
[0.826s] INFO:colcon.colcon_core.shell:Skip shell extension 'powershell' for command environment: Not usable outside of PowerShell
[0.826s] DEBUG:colcon.colcon_core.shell:Skip shell extension 'dsv' for command environment
[1.353s] INFO:colcon.colcon_core.task.python.build:Building Python package in '/home/andreas/dev_ws/msauber_stack/src/msauber_description'
[1.353s] INFO:colcon.colcon_core.shell:Skip shell extension 'powershell' for command environment: Not usable outside of PowerShell
[1.353s] DEBUG:colcon.colcon_core.shell:Skip shell extension 'dsv' for command environment
[1.847s] INFO:colcon.colcon_core.task.python.build:Building Python package in '/home/andreas/dev_ws/msauber_stack/src/msauber_sim'
[1.847s] INFO:colcon.colcon_core.shell:Skip shell extension 'powershell' for command environment: Not usable outside of PowerShell
[1.848s] DEBUG:colcon.colcon_core.shell:Skip shell extension 'dsv' for command environment
[4.026s] DEBUG:colcon.colcon_core.event_handler.log_command:Invoking command in '/home/andreas/dev_ws/msauber_stack/build/msauber_sim': DEBUGINFOD_URLS=https://debuginfod.ubuntu.com PS1=(my_py_venv) %m%# PYTHONPATH=/home/andreas/dev_ws/msauber_stack/build/msauber_sim/prefix_override:/usr/lib/python3/dist-packages/colcon_core/task/python/colcon_distutils_commands:/home/andreas/dev_ws/msauber_stack/install/msauber_sim/lib/python3.12/site-packages:${PYTHONPATH} VIRTUAL_ENV_PROMPT=(my_py_venv) /usr/bin/python3 -W ignore:setup.py install is deprecated -W ignore:easy_install command is deprecated setup.py develop --editable --build-directory /home/andreas/dev_ws/msauber_stack/build/msauber_sim/build --no-deps symlink_data
[4.061s] DEBUG:colcon.colcon_core.event_handler.log_command:Invoking command in '/home/andreas/dev_ws/msauber_stack/build/msauber_description': DEBUGINFOD_URLS=https://debuginfod.ubuntu.com PS1=(my_py_venv) %m%# PYTHONPATH=/home/andreas/dev_ws/msauber_stack/build/msauber_description/prefix_override:/usr/lib/python3/dist-packages/colcon_core/task/python/colcon_distutils_commands:/home/andreas/dev_ws/msauber_stack/install/msauber_description/lib/python3.12/site-packages:${PYTHONPATH} VIRTUAL_ENV_PROMPT=(my_py_venv) /usr/bin/python3 -W ignore:setup.py install is deprecated -W ignore:easy_install command is deprecated setup.py develop --editable --build-directory /home/andreas/dev_ws/msauber_stack/build/msauber_description/build --no-deps symlink_data
[4.121s] DEBUG:colcon.colcon_core.event_handler.log_command:Invoking command in '/home/andreas/dev_ws/msauber_stack/build/msauber_control': DEBUGINFOD_URLS=https://debuginfod.ubuntu.com PS1=(my_py_venv) %m%# PYTHONPATH=/home/andreas/dev_ws/msauber_stack/build/msauber_control/prefix_override:/usr/lib/python3/dist-packages/colcon_core/task/python/colcon_distutils_commands:/home/andreas/dev_ws/msauber_stack/install/msauber_control/lib/python3.12/site-packages:${PYTHONPATH} VIRTUAL_ENV_PROMPT=(my_py_venv) /usr/bin/python3 -W ignore:setup.py install is deprecated -W ignore:easy_install command is deprecated setup.py develop --editable --build-directory /home/andreas/dev_ws/msauber_stack/build/msauber_control/build --no-deps symlink_data
[8.193s] Level 1:colcon.colcon_core.shell:create_environment_hook('msauber_control', 'pythonpath_develop')
[8.193s] INFO:colcon.colcon_core.shell:Creating environment hook '/home/andreas/dev_ws/msauber_stack/build/msauber_control/share/msauber_control/hook/pythonpath_develop.ps1'
[8.195s] DEBUG:colcon.colcon_core.event_handler.log_command:Invoked command in '/home/andreas/dev_ws/msauber_stack/build/msauber_control' returned '0': DEBUGINFOD_URLS=https://debuginfod.ubuntu.com PS1=(my_py_venv) %m%# PYTHONPATH=/home/andreas/dev_ws/msauber_stack/build/msauber_control/prefix_override:/usr/lib/python3/dist-packages/colcon_core/task/python/colcon_distutils_commands:/home/andreas/dev_ws/msauber_stack/install/msauber_control/lib/python3.12/site-packages:${PYTHONPATH} VIRTUAL_ENV_PROMPT=(my_py_venv) /usr/bin/python3 -W ignore:setup.py install is deprecated -W ignore:easy_install command is deprecated setup.py develop --editable --build-directory /home/andreas/dev_ws/msauber_stack/build/msauber_control/build --no-deps symlink_data
[8.196s] INFO:colcon.colcon_core.shell:Creating environment descriptor '/home/andreas/dev_ws/msauber_stack/build/msauber_control/share/msauber_control/hook/pythonpath_develop.dsv'
[8.197s] INFO:colcon.colcon_core.shell:Creating environment hook '/home/andreas/dev_ws/msauber_stack/build/msauber_control/share/msauber_control/hook/pythonpath_develop.sh'
[8.205s] Level 1:colcon.colcon_core.environment:checking '/home/andreas/dev_ws/msauber_stack/install/msauber_control' for CMake module files
[8.206s] Level 1:colcon.colcon_core.environment:checking '/home/andreas/dev_ws/msauber_stack/install/msauber_control' for CMake config files
[8.208s] Level 1:colcon.colcon_core.environment:checking '/home/andreas/dev_ws/msauber_stack/install/msauber_control/lib'
[8.208s] Level 1:colcon.colcon_core.environment:checking '/home/andreas/dev_ws/msauber_stack/install/msauber_control/bin'
[8.208s] Level 1:colcon.colcon_core.environment:checking '/home/andreas/dev_ws/msauber_stack/install/msauber_control/lib/pkgconfig/msauber_control.pc'
[8.209s] Level 1:colcon.colcon_core.environment:checking '/home/andreas/dev_ws/msauber_stack/install/msauber_control/lib/python3.12/site-packages'
[8.209s] Level 1:colcon.colcon_core.shell:create_environment_hook('msauber_control', 'pythonpath')
[8.210s] INFO:colcon.colcon_core.shell:Creating environment hook '/home/andreas/dev_ws/msauber_stack/install/msauber_control/share/msauber_control/hook/pythonpath.ps1'
[8.211s] INFO:colcon.colcon_core.shell:Creating environment descriptor '/home/andreas/dev_ws/msauber_stack/install/msauber_control/share/msauber_control/hook/pythonpath.dsv'
[8.212s] INFO:colcon.colcon_core.shell:Creating environment hook '/home/andreas/dev_ws/msauber_stack/install/msauber_control/share/msauber_control/hook/pythonpath.sh'
[8.213s] Level 1:colcon.colcon_core.environment:checking '/home/andreas/dev_ws/msauber_stack/install/msauber_control/bin'
[8.213s] Level 1:colcon.colcon_core.environment:create_environment_scripts_only(msauber_control)
[8.214s] INFO:colcon.colcon_core.shell:Creating package script '/home/andreas/dev_ws/msauber_stack/install/msauber_control/share/msauber_control/package.ps1'
[8.216s] INFO:colcon.colcon_core.shell:Creating package descriptor '/home/andreas/dev_ws/msauber_stack/install/msauber_control/share/msauber_control/package.dsv'
[8.218s] INFO:colcon.colcon_core.shell:Creating package script '/home/andreas/dev_ws/msauber_stack/install/msauber_control/share/msauber_control/package.sh'
[8.220s] INFO:colcon.colcon_core.shell:Creating package script '/home/andreas/dev_ws/msauber_stack/install/msauber_control/share/msauber_control/package.bash'
[8.222s] INFO:colcon.colcon_core.shell:Creating package script '/home/andreas/dev_ws/msauber_stack/install/msauber_control/share/msauber_control/package.zsh'
[8.224s] Level 1:colcon.colcon_core.environment:create_file_with_runtime_dependencies(/home/andreas/dev_ws/msauber_stack/install/msauber_control/share/colcon-core/packages/msauber_control)
[8.398s] Level 1:colcon.colcon_core.shell:create_environment_hook('msauber_description', 'pythonpath_develop')
[8.398s] INFO:colcon.colcon_core.shell:Creating environment hook '/home/andreas/dev_ws/msauber_stack/build/msauber_description/share/msauber_description/hook/pythonpath_develop.ps1'
[8.399s] DEBUG:colcon.colcon_core.event_handler.log_command:Invoked command in '/home/andreas/dev_ws/msauber_stack/build/msauber_description' returned '0': DEBUGINFOD_URLS=https://debuginfod.ubuntu.com PS1=(my_py_venv) %m%# PYTHONPATH=/home/andreas/dev_ws/msauber_stack/build/msauber_description/prefix_override:/usr/lib/python3/dist-packages/colcon_core/task/python/colcon_distutils_commands:/home/andreas/dev_ws/msauber_stack/install/msauber_description/lib/python3.12/site-packages:${PYTHONPATH} VIRTUAL_ENV_PROMPT=(my_py_venv) /usr/bin/python3 -W ignore:setup.py install is deprecated -W ignore:easy_install command is deprecated setup.py develop --editable --build-directory /home/andreas/dev_ws/msauber_stack/build/msauber_description/build --no-deps symlink_data
[8.400s] INFO:colcon.colcon_core.shell:Creating environment descriptor '/home/andreas/dev_ws/msauber_stack/build/msauber_description/share/msauber_description/hook/pythonpath_develop.dsv'
[8.402s] INFO:colcon.colcon_core.shell:Creating environment hook '/home/andreas/dev_ws/msauber_stack/build/msauber_description/share/msauber_description/hook/pythonpath_develop.sh'
[8.403s] Level 1:colcon.colcon_core.environment:checking '/home/andreas/dev_ws/msauber_stack/install/msauber_description' for CMake module files
[8.405s] Level 1:colcon.colcon_core.environment:checking '/home/andreas/dev_ws/msauber_stack/install/msauber_description' for CMake config files
[8.406s] Level 1:colcon.colcon_core.environment:checking '/home/andreas/dev_ws/msauber_stack/install/msauber_description/lib'
[8.406s] Level 1:colcon.colcon_core.environment:checking '/home/andreas/dev_ws/msauber_stack/install/msauber_description/bin'
[8.406s] Level 1:colcon.colcon_core.environment:checking '/home/andreas/dev_ws/msauber_stack/install/msauber_description/lib/pkgconfig/msauber_description.pc'
[8.407s] Level 1:colcon.colcon_core.environment:checking '/home/andreas/dev_ws/msauber_stack/install/msauber_description/lib/python3.12/site-packages'
[8.407s] Level 1:colcon.colcon_core.shell:create_environment_hook('msauber_description', 'pythonpath')
[8.408s] INFO:colcon.colcon_core.shell:Creating environment hook '/home/andreas/dev_ws/msauber_stack/install/msauber_description/share/msauber_description/hook/pythonpath.ps1'
[8.408s] INFO:colcon.colcon_core.shell:Creating environment descriptor '/home/andreas/dev_ws/msauber_stack/install/msauber_description/share/msauber_description/hook/pythonpath.dsv'
[8.409s] INFO:colcon.colcon_core.shell:Creating environment hook '/home/andreas/dev_ws/msauber_stack/install/msauber_description/share/msauber_description/hook/pythonpath.sh'
[8.410s] Level 1:colcon.colcon_core.environment:checking '/home/andreas/dev_ws/msauber_stack/install/msauber_description/bin'
[8.411s] Level 1:colcon.colcon_core.environment:create_environment_scripts_only(msauber_description)
[8.411s] INFO:colcon.colcon_core.shell:Creating package script '/home/andreas/dev_ws/msauber_stack/install/msauber_description/share/msauber_description/package.ps1'
[8.412s] INFO:colcon.colcon_core.shell:Creating package descriptor '/home/andreas/dev_ws/msauber_stack/install/msauber_description/share/msauber_description/package.dsv'
[8.413s] INFO:colcon.colcon_core.shell:Creating package script '/home/andreas/dev_ws/msauber_stack/install/msauber_description/share/msauber_description/package.sh'
[8.414s] INFO:colcon.colcon_core.shell:Creating package script '/home/andreas/dev_ws/msauber_stack/install/msauber_description/share/msauber_description/package.bash'
[8.414s] INFO:colcon.colcon_core.shell:Creating package script '/home/andreas/dev_ws/msauber_stack/install/msauber_description/share/msauber_description/package.zsh'
[8.415s] Level 1:colcon.colcon_core.environment:create_file_with_runtime_dependencies(/home/andreas/dev_ws/msauber_stack/install/msauber_description/share/colcon-core/packages/msauber_description)
[8.419s] Level 1:colcon.colcon_core.shell:create_environment_hook('msauber_sim', 'pythonpath_develop')
[8.420s] INFO:colcon.colcon_core.shell:Creating environment hook '/home/andreas/dev_ws/msauber_stack/build/msauber_sim/share/msauber_sim/hook/pythonpath_develop.ps1'
[8.422s] DEBUG:colcon.colcon_core.event_handler.log_command:Invoked command in '/home/andreas/dev_ws/msauber_stack/build/msauber_sim' returned '0': DEBUGINFOD_URLS=https://debuginfod.ubuntu.com PS1=(my_py_venv) %m%# PYTHONPATH=/home/andreas/dev_ws/msauber_stack/build/msauber_sim/prefix_override:/usr/lib/python3/dist-packages/colcon_core/task/python/colcon_distutils_commands:/home/andreas/dev_ws/msauber_stack/install/msauber_sim/lib/python3.12/site-packages:${PYTHONPATH} VIRTUAL_ENV_PROMPT=(my_py_venv) /usr/bin/python3 -W ignore:setup.py install is deprecated -W ignore:easy_install command is deprecated setup.py develop --editable --build-directory /home/andreas/dev_ws/msauber_stack/build/msauber_sim/build --no-deps symlink_data
[8.423s] INFO:colcon.colcon_core.shell:Creating environment descriptor '/home/andreas/dev_ws/msauber_stack/build/msauber_sim/share/msauber_sim/hook/pythonpath_develop.dsv'
[8.424s] INFO:colcon.colcon_core.shell:Creating environment hook '/home/andreas/dev_ws/msauber_stack/build/msauber_sim/share/msauber_sim/hook/pythonpath_develop.sh'
[8.425s] Level 1:colcon.colcon_core.environment:checking '/home/andreas/dev_ws/msauber_stack/install/msauber_sim' for CMake module files
[8.426s] Level 1:colcon.colcon_core.environment:checking '/home/andreas/dev_ws/msauber_stack/install/msauber_sim' for CMake config files
[8.427s] Level 1:colcon.colcon_core.environment:checking '/home/andreas/dev_ws/msauber_stack/install/msauber_sim/lib'
[8.427s] Level 1:colcon.colcon_core.environment:checking '/home/andreas/dev_ws/msauber_stack/install/msauber_sim/bin'
[8.427s] Level 1:colcon.colcon_core.environment:checking '/home/andreas/dev_ws/msauber_stack/install/msauber_sim/lib/pkgconfig/msauber_sim.pc'
[8.428s] Level 1:colcon.colcon_core.environment:checking '/home/andreas/dev_ws/msauber_stack/install/msauber_sim/lib/python3.12/site-packages'
[8.428s] Level 1:colcon.colcon_core.shell:create_environment_hook('msauber_sim', 'pythonpath')
[8.428s] INFO:colcon.colcon_core.shell:Creating environment hook '/home/andreas/dev_ws/msauber_stack/install/msauber_sim/share/msauber_sim/hook/pythonpath.ps1'
[8.429s] INFO:colcon.colcon_core.shell:Creating environment descriptor '/home/andreas/dev_ws/msauber_stack/install/msauber_sim/share/msauber_sim/hook/pythonpath.dsv'
[8.430s] INFO:colcon.colcon_core.shell:Creating environment hook '/home/andreas/dev_ws/msauber_stack/install/msauber_sim/share/msauber_sim/hook/pythonpath.sh'
[8.431s] Level 1:colcon.colcon_core.environment:checking '/home/andreas/dev_ws/msauber_stack/install/msauber_sim/bin'
[8.431s] Level 1:colcon.colcon_core.environment:create_environment_scripts_only(msauber_sim)
[8.432s] INFO:colcon.colcon_core.shell:Creating package script '/home/andreas/dev_ws/msauber_stack/install/msauber_sim/share/msauber_sim/package.ps1'
[8.434s] INFO:colcon.colcon_core.shell:Creating package descriptor '/home/andreas/dev_ws/msauber_stack/install/msauber_sim/share/msauber_sim/package.dsv'
[8.435s] INFO:colcon.colcon_core.shell:Creating package script '/home/andreas/dev_ws/msauber_stack/install/msauber_sim/share/msauber_sim/package.sh'
[8.437s] INFO:colcon.colcon_core.shell:Creating package script '/home/andreas/dev_ws/msauber_stack/install/msauber_sim/share/msauber_sim/package.bash'
[8.438s] INFO:colcon.colcon_core.shell:Creating package script '/home/andreas/dev_ws/msauber_stack/install/msauber_sim/share/msauber_sim/package.zsh'
[8.439s] Level 1:colcon.colcon_core.environment:create_file_with_runtime_dependencies(/home/andreas/dev_ws/msauber_stack/install/msauber_sim/share/colcon-core/packages/msauber_sim)
[8.440s] INFO:colcon.colcon_ros.task.ament_python.build:Building ROS package in '/home/andreas/dev_ws/msauber_stack/src/msauber_bringup' with build type 'ament_python'
[8.440s] Level 1:colcon.colcon_core.shell:create_environment_hook('msauber_bringup', 'ament_prefix_path')
[8.441s] INFO:colcon.colcon_core.shell:Creating environment hook '/home/andreas/dev_ws/msauber_stack/install/msauber_bringup/share/msauber_bringup/hook/ament_prefix_path.ps1'
[8.443s] INFO:colcon.colcon_core.shell:Creating environment descriptor '/home/andreas/dev_ws/msauber_stack/install/msauber_bringup/share/msauber_bringup/hook/ament_prefix_path.dsv'
[8.444s] INFO:colcon.colcon_core.shell:Creating environment hook '/home/andreas/dev_ws/msauber_stack/install/msauber_bringup/share/msauber_bringup/hook/ament_prefix_path.sh'
[8.445s] INFO:colcon.colcon_core.shell:Skip shell extension 'powershell' for command environment: Not usable outside of PowerShell
[8.445s] DEBUG:colcon.colcon_core.shell:Skip shell extension 'dsv' for command environment
[9.091s] INFO:colcon.colcon_core.task.python.build:Building Python package in '/home/andreas/dev_ws/msauber_stack/src/msauber_bringup'
[9.091s] INFO:colcon.colcon_core.shell:Skip shell extension 'powershell' for command environment: Not usable outside of PowerShell
[9.091s] DEBUG:colcon.colcon_core.shell:Skip shell extension 'dsv' for command environment
[10.510s] DEBUG:colcon.colcon_core.event_handler.log_command:Invoking command in '/home/andreas/dev_ws/msauber_stack/build/msauber_bringup': AMENT_PREFIX_PATH=/home/andreas/dev_ws/msauber_stack/install/msauber_sim:/home/andreas/dev_ws/msauber_stack/install/msauber_description:/home/andreas/dev_ws/msauber_stack/install/msauber_control:/home/andreas/dev_ws/msauber_stack/install/msauber_bringup:/opt/ros/jazzy DEBUGINFOD_URLS=https://debuginfod.ubuntu.com PS1=(my_py_venv) %m%# PYTHONPATH=/home/andreas/dev_ws/msauber_stack/build/msauber_bringup/prefix_override:/usr/lib/python3/dist-packages/colcon_core/task/python/colcon_distutils_commands:/home/andreas/dev_ws/msauber_stack/install/msauber_bringup/lib/python3.12/site-packages:/home/andreas/dev_ws/msauber_stack/build/msauber_sim:/home/andreas/dev_ws/msauber_stack/install/msauber_sim/lib/python3.12/site-packages:/home/andreas/dev_ws/msauber_stack/build/msauber_description:/home/andreas/dev_ws/msauber_stack/install/msauber_description/lib/python3.12/site-packages:/home/andreas/dev_ws/msauber_stack/build/msauber_control:/home/andreas/dev_ws/msauber_stack/install/msauber_control/lib/python3.12/site-packages:/home/andreas/dev_ws/msauber_stack/build/msauber_bringup:/home/andreas/dev_ws/msauber_stack/install/msauber_bringup/lib/python3.12/site-packages:/opt/ros/jazzy/lib/python3.12/site-packages VIRTUAL_ENV_PROMPT=(my_py_venv) /usr/bin/python3 -W ignore:setup.py install is deprecated -W ignore:easy_install command is deprecated setup.py develop --editable --build-directory /home/andreas/dev_ws/msauber_stack/build/msauber_bringup/build --no-deps symlink_data
[13.118s] Level 1:colcon.colcon_core.shell:create_environment_hook('msauber_bringup', 'pythonpath_develop')
[13.119s] INFO:colcon.colcon_core.shell:Creating environment hook '/home/andreas/dev_ws/msauber_stack/build/msauber_bringup/share/msauber_bringup/hook/pythonpath_develop.ps1'
[13.121s] DEBUG:colcon.colcon_core.event_handler.log_command:Invoked command in '/home/andreas/dev_ws/msauber_stack/build/msauber_bringup' returned '0': AMENT_PREFIX_PATH=/home/andreas/dev_ws/msauber_stack/install/msauber_sim:/home/andreas/dev_ws/msauber_stack/install/msauber_description:/home/andreas/dev_ws/msauber_stack/install/msauber_control:/home/andreas/dev_ws/msauber_stack/install/msauber_bringup:/opt/ros/jazzy DEBUGINFOD_URLS=https://debuginfod.ubuntu.com PS1=(my_py_venv) %m%# PYTHONPATH=/home/andreas/dev_ws/msauber_stack/build/msauber_bringup/prefix_override:/usr/lib/python3/dist-packages/colcon_core/task/python/colcon_distutils_commands:/home/andreas/dev_ws/msauber_stack/install/msauber_bringup/lib/python3.12/site-packages:/home/andreas/dev_ws/msauber_stack/build/msauber_sim:/home/andreas/dev_ws/msauber_stack/install/msauber_sim/lib/python3.12/site-packages:/home/andreas/dev_ws/msauber_stack/build/msauber_description:/home/andreas/dev_ws/msauber_stack/install/msauber_description/lib/python3.12/site-packages:/home/andreas/dev_ws/msauber_stack/build/msauber_control:/home/andreas/dev_ws/msauber_stack/install/msauber_control/lib/python3.12/site-packages:/home/andreas/dev_ws/msauber_stack/build/msauber_bringup:/home/andreas/dev_ws/msauber_stack/install/msauber_bringup/lib/python3.12/site-packages:/opt/ros/jazzy/lib/python3.12/site-packages VIRTUAL_ENV_PROMPT=(my_py_venv) /usr/bin/python3 -W ignore:setup.py install is deprecated -W ignore:easy_install command is deprecated setup.py develop --editable --build-directory /home/andreas/dev_ws/msauber_stack/build/msauber_bringup/build --no-deps symlink_data
[13.121s] INFO:colcon.colcon_core.shell:Creating environment descriptor '/home/andreas/dev_ws/msauber_stack/build/msauber_bringup/share/msauber_bringup/hook/pythonpath_develop.dsv'
[13.122s] INFO:colcon.colcon_core.shell:Creating environment hook '/home/andreas/dev_ws/msauber_stack/build/msauber_bringup/share/msauber_bringup/hook/pythonpath_develop.sh'
[13.123s] Level 1:colcon.colcon_core.environment:checking '/home/andreas/dev_ws/msauber_stack/install/msauber_bringup' for CMake module files
[13.124s] Level 1:colcon.colcon_core.environment:checking '/home/andreas/dev_ws/msauber_stack/install/msauber_bringup' for CMake config files
[13.125s] Level 1:colcon.colcon_core.environment:checking '/home/andreas/dev_ws/msauber_stack/install/msauber_bringup/lib'
[13.125s] Level 1:colcon.colcon_core.environment:checking '/home/andreas/dev_ws/msauber_stack/install/msauber_bringup/bin'
[13.125s] Level 1:colcon.colcon_core.environment:checking '/home/andreas/dev_ws/msauber_stack/install/msauber_bringup/lib/pkgconfig/msauber_bringup.pc'
[13.126s] Level 1:colcon.colcon_core.environment:checking '/home/andreas/dev_ws/msauber_stack/install/msauber_bringup/lib/python3.12/site-packages'
[13.126s] Level 1:colcon.colcon_core.shell:create_environment_hook('msauber_bringup', 'pythonpath')
[13.126s] INFO:colcon.colcon_core.shell:Creating environment hook '/home/andreas/dev_ws/msauber_stack/install/msauber_bringup/share/msauber_bringup/hook/pythonpath.ps1'
[13.127s] INFO:colcon.colcon_core.shell:Creating environment descriptor '/home/andreas/dev_ws/msauber_stack/install/msauber_bringup/share/msauber_bringup/hook/pythonpath.dsv'
[13.128s] INFO:colcon.colcon_core.shell:Creating environment hook '/home/andreas/dev_ws/msauber_stack/install/msauber_bringup/share/msauber_bringup/hook/pythonpath.sh'
[13.130s] Level 1:colcon.colcon_core.environment:checking '/home/andreas/dev_ws/msauber_stack/install/msauber_bringup/bin'
[13.130s] Level 1:colcon.colcon_core.environment:create_environment_scripts_only(msauber_bringup)
[13.131s] INFO:colcon.colcon_core.shell:Creating package script '/home/andreas/dev_ws/msauber_stack/install/msauber_bringup/share/msauber_bringup/package.ps1'
[13.132s] INFO:colcon.colcon_core.shell:Creating package descriptor '/home/andreas/dev_ws/msauber_stack/install/msauber_bringup/share/msauber_bringup/package.dsv'
[13.133s] INFO:colcon.colcon_core.shell:Creating package script '/home/andreas/dev_ws/msauber_stack/install/msauber_bringup/share/msauber_bringup/package.sh'
[13.134s] INFO:colcon.colcon_core.shell:Creating package script '/home/andreas/dev_ws/msauber_stack/install/msauber_bringup/share/msauber_bringup/package.bash'
[13.135s] INFO:colcon.colcon_core.shell:Creating package script '/home/andreas/dev_ws/msauber_stack/install/msauber_bringup/share/msauber_bringup/package.zsh'
[13.135s] Level 1:colcon.colcon_core.environment:create_file_with_runtime_dependencies(/home/andreas/dev_ws/msauber_stack/install/msauber_bringup/share/colcon-core/packages/msauber_bringup)
[13.136s] DEBUG:colcon.colcon_parallel_executor.executor.parallel:closing loop
[13.136s] DEBUG:colcon.colcon_parallel_executor.executor.parallel:loop closed
[13.136s] DEBUG:colcon.colcon_parallel_executor.executor.parallel:run_until_complete finished with '0'
[13.136s] DEBUG:colcon.colcon_core.event_reactor:joining thread
[13.176s] INFO:colcon.colcon_core.plugin_system:Skipping extension 'colcon_notification.desktop_notification.terminal_notifier': Not used on non-Darwin systems
[13.176s] INFO:colcon.colcon_core.plugin_system:Skipping extension 'colcon_notification.desktop_notification.win32': Not used on non-Windows systems
[13.176s] INFO:colcon.colcon_notification.desktop_notification:Sending desktop notification using 'notify2'
[13.215s] DEBUG:colcon.colcon_core.event_reactor:joined thread
[13.216s] INFO:colcon.colcon_core.shell:Creating prefix script '/home/andreas/dev_ws/msauber_stack/install/local_setup.ps1'
[13.218s] INFO:colcon.colcon_core.shell:Creating prefix util module '/home/andreas/dev_ws/msauber_stack/install/_local_setup_util_ps1.py'
[13.221s] INFO:colcon.colcon_core.shell:Creating prefix chain script '/home/andreas/dev_ws/msauber_stack/install/setup.ps1'
[13.222s] INFO:colcon.colcon_core.shell:Creating prefix script '/home/andreas/dev_ws/msauber_stack/install/local_setup.sh'
[13.223s] INFO:colcon.colcon_core.shell:Creating prefix util module '/home/andreas/dev_ws/msauber_stack/install/_local_setup_util_sh.py'
[13.225s] INFO:colcon.colcon_core.shell:Creating prefix chain script '/home/andreas/dev_ws/msauber_stack/install/setup.sh'
[13.227s] INFO:colcon.colcon_core.shell:Creating prefix script '/home/andreas/dev_ws/msauber_stack/install/local_setup.bash'
[13.228s] INFO:colcon.colcon_core.shell:Creating prefix chain script '/home/andreas/dev_ws/msauber_stack/install/setup.bash'
[13.231s] INFO:colcon.colcon_core.shell:Creating prefix script '/home/andreas/dev_ws/msauber_stack/install/local_setup.zsh'
[13.233s] INFO:colcon.colcon_core.shell:Creating prefix chain script '/home/andreas/dev_ws/msauber_stack/install/setup.zsh'
