[3.744s] Invoking command in '/home/andreas/dev_ws/msauber_stack/build/msauber_control': DEBUGINFOD_URLS=https://debuginfod.ubuntu.com PS1=(my_py_venv) %m%# PYTHONPATH=/home/andreas/dev_ws/msauber_stack/build/msauber_control/prefix_override:/usr/lib/python3/dist-packages/colcon_core/task/python/colcon_distutils_commands:/home/andreas/dev_ws/msauber_stack/install/msauber_control/lib/python3.12/site-packages:${PYTHONPATH} VIRTUAL_ENV_PROMPT=(my_py_venv) /usr/bin/python3 -W ignore:setup.py install is deprecated -W ignore:easy_install command is deprecated setup.py develop --editable --build-directory /home/andreas/dev_ws/msauber_stack/build/msauber_control/build --no-deps symlink_data
[5.671s] running develop
[7.163s] running egg_info
[7.164s] creating msauber_control.egg-info
[7.310s] writing msauber_control.egg-info/PKG-INFO
[7.311s] writing dependency_links to msauber_control.egg-info/dependency_links.txt
[7.311s] writing entry points to msauber_control.egg-info/entry_points.txt
[7.312s] writing requirements to msauber_control.egg-info/requires.txt
[7.312s] writing top-level names to msauber_control.egg-info/top_level.txt
[7.316s] writing manifest file 'msauber_control.egg-info/SOURCES.txt'
[7.577s] reading manifest file 'msauber_control.egg-info/SOURCES.txt'
[7.580s] writing manifest file 'msauber_control.egg-info/SOURCES.txt'
[7.701s] running build_ext
[7.701s] Creating /home/andreas/dev_ws/msauber_stack/install/msauber_control/lib/python3.12/site-packages/msauber-control.egg-link (link to .)
[7.703s] Installing teleop_bridge script to /home/andreas/dev_ws/msauber_stack/install/msauber_control/lib/msauber_control
[7.703s] 
[7.704s] Installed /home/andreas/dev_ws/msauber_stack/build/msauber_control
[7.704s] running symlink_data
[7.704s] creating /home/andreas/dev_ws/msauber_stack/install/msauber_control/share/ament_index
[7.704s] creating /home/andreas/dev_ws/msauber_stack/install/msauber_control/share/ament_index/resource_index
[7.705s] creating /home/andreas/dev_ws/msauber_stack/install/msauber_control/share/ament_index/resource_index/packages
[7.705s] symbolically linking /home/andreas/dev_ws/msauber_stack/build/msauber_control/resource/msauber_control -> /home/andreas/dev_ws/msauber_stack/install/msauber_control/share/ament_index/resource_index/packages
[7.705s] symbolically linking /home/andreas/dev_ws/msauber_stack/build/msauber_control/package.xml -> /home/andreas/dev_ws/msauber_stack/install/msauber_control/share/msauber_control
[7.705s] creating /home/andreas/dev_ws/msauber_stack/install/msauber_control/share/msauber_control/launch
[7.706s] symbolically linking /home/andreas/dev_ws/msauber_stack/build/msauber_control/launch/control.launch.py -> /home/andreas/dev_ws/msauber_stack/install/msauber_control/share/msauber_control/launch
[7.706s] creating /home/andreas/dev_ws/msauber_stack/install/msauber_control/share/msauber_control/config
[7.706s] symbolically linking /home/andreas/dev_ws/msauber_stack/build/msauber_control/config/ackerman_config.yaml -> /home/andreas/dev_ws/msauber_stack/install/msauber_control/share/msauber_control/config
[7.707s] symbolically linking /home/andreas/dev_ws/msauber_stack/build/msauber_control/config/effort_control_config.yaml -> /home/andreas/dev_ws/msauber_stack/install/msauber_control/share/msauber_control/config
[7.818s] Invoked command in '/home/andreas/dev_ws/msauber_stack/build/msauber_control' returned '0': DEBUGINFOD_URLS=https://debuginfod.ubuntu.com PS1=(my_py_venv) %m%# PYTHONPATH=/home/andreas/dev_ws/msauber_stack/build/msauber_control/prefix_override:/usr/lib/python3/dist-packages/colcon_core/task/python/colcon_distutils_commands:/home/andreas/dev_ws/msauber_stack/install/msauber_control/lib/python3.12/site-packages:${PYTHONPATH} VIRTUAL_ENV_PROMPT=(my_py_venv) /usr/bin/python3 -W ignore:setup.py install is deprecated -W ignore:easy_install command is deprecated setup.py develop --editable --build-directory /home/andreas/dev_ws/msauber_stack/build/msauber_control/build --no-deps symlink_data
