[0.874s] Invoking command in '/home/andreas/dev_ws/msauber_stack/build/msauber_navigation': DEBUGINFOD_URLS=https://debuginfod.ubuntu.com PS1=(my_py_venv) %m%# PYTHONPATH=/home/andreas/dev_ws/msauber_stack/build/msauber_navigation/prefix_override:/usr/lib/python3/dist-packages/colcon_core/task/python/colcon_distutils_commands:/home/andreas/dev_ws/msauber_stack/install/msauber_navigation/lib/python3.12/site-packages:${PYTHONPATH} VIRTUAL_ENV_PROMPT=(my_py_venv) /usr/bin/python3 -W ignore:setup.py install is deprecated -W ignore:easy_install command is deprecated setup.py develop --editable --build-directory /home/andreas/dev_ws/msauber_stack/build/msauber_navigation/build --no-deps symlink_data
[1.224s] running develop
[1.509s] running egg_info
[1.553s] writing msauber_navigation.egg-info/PKG-INFO
[1.554s] writing dependency_links to msauber_navigation.egg-info/dependency_links.txt
[1.554s] writing entry points to msauber_navigation.egg-info/entry_points.txt
[1.554s] writing requirements to msauber_navigation.egg-info/requires.txt
[1.555s] writing top-level names to msauber_navigation.egg-info/top_level.txt
[1.632s] reading manifest file 'msauber_navigation.egg-info/SOURCES.txt'
[1.633s] writing manifest file 'msauber_navigation.egg-info/SOURCES.txt'
[1.672s] running build_ext
[1.672s] Creating /home/andreas/dev_ws/msauber_stack/install/msauber_navigation/lib/python3.12/site-packages/msauber-navigation.egg-link (link to .)
[1.673s] Installing odom_tf_bridge script to /home/andreas/dev_ws/msauber_stack/install/msauber_navigation/lib/msauber_navigation
[1.673s] 
[1.673s] Installed /home/andreas/dev_ws/msauber_stack/build/msauber_navigation
[1.673s] running symlink_data
[1.674s] symbolically linking /home/andreas/dev_ws/msauber_stack/build/msauber_navigation/maps/test_map.png -> /home/andreas/dev_ws/msauber_stack/install/msauber_navigation/share/msauber_navigation/maps
[1.674s] symbolically linking /home/andreas/dev_ws/msauber_stack/build/msauber_navigation/maps/test_map.pgm -> /home/andreas/dev_ws/msauber_stack/install/msauber_navigation/share/msauber_navigation/maps
[1.674s] symbolically linking /home/andreas/dev_ws/msauber_stack/build/msauber_navigation/maps/test_map.yaml -> /home/andreas/dev_ws/msauber_stack/install/msauber_navigation/share/msauber_navigation/maps
[1.707s] Invoked command in '/home/andreas/dev_ws/msauber_stack/build/msauber_navigation' returned '0': DEBUGINFOD_URLS=https://debuginfod.ubuntu.com PS1=(my_py_venv) %m%# PYTHONPATH=/home/andreas/dev_ws/msauber_stack/build/msauber_navigation/prefix_override:/usr/lib/python3/dist-packages/colcon_core/task/python/colcon_distutils_commands:/home/andreas/dev_ws/msauber_stack/install/msauber_navigation/lib/python3.12/site-packages:${PYTHONPATH} VIRTUAL_ENV_PROMPT=(my_py_venv) /usr/bin/python3 -W ignore:setup.py install is deprecated -W ignore:easy_install command is deprecated setup.py develop --editable --build-directory /home/andreas/dev_ws/msauber_stack/build/msauber_navigation/build --no-deps symlink_data
