running develop
running egg_info
creating msauber_description.egg-info
writing msauber_description.egg-info/PKG-INFO
writing dependency_links to msauber_description.egg-info/dependency_links.txt
writing requirements to msauber_description.egg-info/requires.txt
writing top-level names to msauber_description.egg-info/top_level.txt
writing manifest file 'msauber_description.egg-info/SOURCES.txt'
reading manifest file 'msauber_description.egg-info/SOURCES.txt'
writing manifest file 'msauber_description.egg-info/SOURCES.txt'
running build_ext
Creating /home/andreas/dev_ws/msauber_ws/install/msauber_description/lib/python3.12/site-packages/msauber-description.egg-link (link to .)

Installed /home/andreas/dev_ws/msauber_ws/build/msauber_description
running symlink_data
creating /home/andreas/dev_ws/msauber_ws/install/msauber_description/share/ament_index
creating /home/andreas/dev_ws/msauber_ws/install/msauber_description/share/ament_index/resource_index
creating /home/andreas/dev_ws/msauber_ws/install/msauber_description/share/ament_index/resource_index/packages
symbolically linking /home/andreas/dev_ws/msauber_ws/build/msauber_description/resource/msauber_description -> /home/andreas/dev_ws/msauber_ws/install/msauber_description/share/ament_index/resource_index/packages
symbolically linking /home/andreas/dev_ws/msauber_ws/build/msauber_description/package.xml -> /home/andreas/dev_ws/msauber_ws/install/msauber_description/share/msauber_description
creating /home/andreas/dev_ws/msauber_ws/install/msauber_description/share/msauber_description/launch
symbolically linking /home/andreas/dev_ws/msauber_ws/build/msauber_description/launch/description.launch.py -> /home/andreas/dev_ws/msauber_ws/install/msauber_description/share/msauber_description/launch
creating /home/andreas/dev_ws/msauber_ws/install/msauber_description/share/msauber_description/urdf
symbolically linking /home/andreas/dev_ws/msauber_ws/build/msauber_description/urdf/msauber.xacro -> /home/andreas/dev_ws/msauber_ws/install/msauber_description/share/msauber_description/urdf/
symbolically linking /home/andreas/dev_ws/msauber_ws/build/msauber_description/urdf/macros.xacro -> /home/andreas/dev_ws/msauber_ws/install/msauber_description/share/msauber_description/urdf/
symbolically linking /home/andreas/dev_ws/msauber_ws/build/msauber_description/urdf/sensors.xacro -> /home/andreas/dev_ws/msauber_ws/install/msauber_description/share/msauber_description/urdf/
symbolically linking /home/andreas/dev_ws/msauber_ws/build/msauber_description/urdf/core.xacro -> /home/andreas/dev_ws/msauber_ws/install/msauber_description/share/msauber_description/urdf/
symbolically linking /home/andreas/dev_ws/msauber_ws/build/msauber_description/urdf/gazebo_plugins_acker.xacro -> /home/andreas/dev_ws/msauber_ws/install/msauber_description/share/msauber_description/urdf/
symbolically linking /home/andreas/dev_ws/msauber_ws/build/msauber_description/urdf/gazebo_plugins.xacro -> /home/andreas/dev_ws/msauber_ws/install/msauber_description/share/msauber_description/urdf/
creating /home/andreas/dev_ws/msauber_ws/install/msauber_description/share/msauber_description/meshes
symbolically linking /home/andreas/dev_ws/msauber_ws/build/msauber_description/meshes/realsense.stl -> /home/andreas/dev_ws/msauber_ws/install/msauber_description/share/msauber_description/meshes/
symbolically linking /home/andreas/dev_ws/msauber_ws/build/msauber_description/meshes/hinge.stl -> /home/andreas/dev_ws/msauber_ws/install/msauber_description/share/msauber_description/meshes/
symbolically linking /home/andreas/dev_ws/msauber_ws/build/msauber_description/meshes/hokuyo.stl -> /home/andreas/dev_ws/msauber_ws/install/msauber_description/share/msauber_description/meshes/
symbolically linking /home/andreas/dev_ws/msauber_ws/build/msauber_description/meshes/left_wheel.stl -> /home/andreas/dev_ws/msauber_ws/install/msauber_description/share/msauber_description/meshes/
symbolically linking /home/andreas/dev_ws/msauber_ws/build/msauber_description/meshes/right_wheel.stl -> /home/andreas/dev_ws/msauber_ws/install/msauber_description/share/msauber_description/meshes/
symbolically linking /home/andreas/dev_ws/msauber_ws/build/msauber_description/meshes/chassis.stl -> /home/andreas/dev_ws/msauber_ws/install/msauber_description/share/msauber_description/meshes/
creating /home/andreas/dev_ws/msauber_ws/install/msauber_description/share/msauber_description/rviz
symbolically linking /home/andreas/dev_ws/msauber_ws/build/msauber_description/rviz/description.rviz -> /home/andreas/dev_ws/msauber_ws/install/msauber_description/share/msauber_description/rviz
creating /home/andreas/dev_ws/msauber_ws/install/msauber_description/share/msauber_description/config
