[1.402s] Invoking command in '/home/andreas/dev_ws/msauber_ws/build/msauber_description': DEBUGINFOD_URLS=https://debuginfod.ubuntu.com PS1=(my_py_venv) %m%# PYTHONPATH=/home/andreas/dev_ws/msauber_ws/build/msauber_description/prefix_override:/usr/lib/python3/dist-packages/colcon_core/task/python/colcon_distutils_commands:/home/andreas/dev_ws/msauber_ws/install/msauber_description/lib/python3.12/site-packages:${PYTHONPATH} VIRTUAL_ENV_PROMPT=(my_py_venv) /usr/bin/python3 -W ignore:setup.py install is deprecated -W ignore:easy_install command is deprecated setup.py develop --editable --build-directory /home/andreas/dev_ws/msauber_ws/build/msauber_description/build --no-deps symlink_data
[1.873s] running develop
[2.202s] running egg_info
[2.202s] creating msauber_description.egg-info
[2.229s] writing msauber_description.egg-info/PKG-INFO
[2.229s] writing dependency_links to msauber_description.egg-info/dependency_links.txt
[2.229s] writing requirements to msauber_description.egg-info/requires.txt
[2.229s] writing top-level names to msauber_description.egg-info/top_level.txt
[2.230s] writing manifest file 'msauber_description.egg-info/SOURCES.txt'
[2.293s] reading manifest file 'msauber_description.egg-info/SOURCES.txt'
[2.294s] writing manifest file 'msauber_description.egg-info/SOURCES.txt'
[2.322s] running build_ext
[2.322s] Creating /home/andreas/dev_ws/msauber_ws/install/msauber_description/lib/python3.12/site-packages/msauber-description.egg-link (link to .)
[2.322s] 
[2.322s] Installed /home/andreas/dev_ws/msauber_ws/build/msauber_description
[2.322s] running symlink_data
[2.323s] creating /home/andreas/dev_ws/msauber_ws/install/msauber_description/share/ament_index
[2.323s] creating /home/andreas/dev_ws/msauber_ws/install/msauber_description/share/ament_index/resource_index
[2.323s] creating /home/andreas/dev_ws/msauber_ws/install/msauber_description/share/ament_index/resource_index/packages
[2.323s] symbolically linking /home/andreas/dev_ws/msauber_ws/build/msauber_description/resource/msauber_description -> /home/andreas/dev_ws/msauber_ws/install/msauber_description/share/ament_index/resource_index/packages
[2.323s] symbolically linking /home/andreas/dev_ws/msauber_ws/build/msauber_description/package.xml -> /home/andreas/dev_ws/msauber_ws/install/msauber_description/share/msauber_description
[2.323s] creating /home/andreas/dev_ws/msauber_ws/install/msauber_description/share/msauber_description/launch
[2.323s] symbolically linking /home/andreas/dev_ws/msauber_ws/build/msauber_description/launch/description.launch.py -> /home/andreas/dev_ws/msauber_ws/install/msauber_description/share/msauber_description/launch
[2.323s] creating /home/andreas/dev_ws/msauber_ws/install/msauber_description/share/msauber_description/urdf
[2.323s] symbolically linking /home/andreas/dev_ws/msauber_ws/build/msauber_description/urdf/msauber.xacro -> /home/andreas/dev_ws/msauber_ws/install/msauber_description/share/msauber_description/urdf/
[2.324s] symbolically linking /home/andreas/dev_ws/msauber_ws/build/msauber_description/urdf/macros.xacro -> /home/andreas/dev_ws/msauber_ws/install/msauber_description/share/msauber_description/urdf/
[2.324s] symbolically linking /home/andreas/dev_ws/msauber_ws/build/msauber_description/urdf/sensors.xacro -> /home/andreas/dev_ws/msauber_ws/install/msauber_description/share/msauber_description/urdf/
[2.324s] symbolically linking /home/andreas/dev_ws/msauber_ws/build/msauber_description/urdf/core.xacro -> /home/andreas/dev_ws/msauber_ws/install/msauber_description/share/msauber_description/urdf/
[2.324s] symbolically linking /home/andreas/dev_ws/msauber_ws/build/msauber_description/urdf/gazebo_plugins_acker.xacro -> /home/andreas/dev_ws/msauber_ws/install/msauber_description/share/msauber_description/urdf/
[2.324s] symbolically linking /home/andreas/dev_ws/msauber_ws/build/msauber_description/urdf/gazebo_plugins.xacro -> /home/andreas/dev_ws/msauber_ws/install/msauber_description/share/msauber_description/urdf/
[2.324s] creating /home/andreas/dev_ws/msauber_ws/install/msauber_description/share/msauber_description/meshes
[2.324s] symbolically linking /home/andreas/dev_ws/msauber_ws/build/msauber_description/meshes/realsense.stl -> /home/andreas/dev_ws/msauber_ws/install/msauber_description/share/msauber_description/meshes/
[2.325s] symbolically linking /home/andreas/dev_ws/msauber_ws/build/msauber_description/meshes/hinge.stl -> /home/andreas/dev_ws/msauber_ws/install/msauber_description/share/msauber_description/meshes/
[2.325s] symbolically linking /home/andreas/dev_ws/msauber_ws/build/msauber_description/meshes/hokuyo.stl -> /home/andreas/dev_ws/msauber_ws/install/msauber_description/share/msauber_description/meshes/
[2.325s] symbolically linking /home/andreas/dev_ws/msauber_ws/build/msauber_description/meshes/left_wheel.stl -> /home/andreas/dev_ws/msauber_ws/install/msauber_description/share/msauber_description/meshes/
[2.325s] symbolically linking /home/andreas/dev_ws/msauber_ws/build/msauber_description/meshes/right_wheel.stl -> /home/andreas/dev_ws/msauber_ws/install/msauber_description/share/msauber_description/meshes/
[2.325s] symbolically linking /home/andreas/dev_ws/msauber_ws/build/msauber_description/meshes/chassis.stl -> /home/andreas/dev_ws/msauber_ws/install/msauber_description/share/msauber_description/meshes/
[2.325s] creating /home/andreas/dev_ws/msauber_ws/install/msauber_description/share/msauber_description/rviz
[2.325s] symbolically linking /home/andreas/dev_ws/msauber_ws/build/msauber_description/rviz/description.rviz -> /home/andreas/dev_ws/msauber_ws/install/msauber_description/share/msauber_description/rviz
[2.325s] creating /home/andreas/dev_ws/msauber_ws/install/msauber_description/share/msauber_description/config
[2.365s] Invoked command in '/home/andreas/dev_ws/msauber_ws/build/msauber_description' returned '0': DEBUGINFOD_URLS=https://debuginfod.ubuntu.com PS1=(my_py_venv) %m%# PYTHONPATH=/home/andreas/dev_ws/msauber_ws/build/msauber_description/prefix_override:/usr/lib/python3/dist-packages/colcon_core/task/python/colcon_distutils_commands:/home/andreas/dev_ws/msauber_ws/install/msauber_description/lib/python3.12/site-packages:${PYTHONPATH} VIRTUAL_ENV_PROMPT=(my_py_venv) /usr/bin/python3 -W ignore:setup.py install is deprecated -W ignore:easy_install command is deprecated setup.py develop --editable --build-directory /home/andreas/dev_ws/msauber_ws/build/msauber_description/build --no-deps symlink_data
