[2.281s] Invoking command in '/home/andreas/dev_ws/msauber_stack/build/msauber_description': DEBUGINFOD_URLS=https://debuginfod.ubuntu.com PS1=(my_py_venv) %m%# PYTHONPATH=/home/andreas/dev_ws/msauber_stack/build/msauber_description/prefix_override:/usr/lib/python3/dist-packages/colcon_core/task/python/colcon_distutils_commands:/home/andreas/dev_ws/msauber_stack/install/msauber_description/lib/python3.12/site-packages:${PYTHONPATH} VIRTUAL_ENV_PROMPT=(my_py_venv) /usr/bin/python3 -W ignore:setup.py install is deprecated -W ignore:easy_install command is deprecated setup.py develop --editable --build-directory /home/andreas/dev_ws/msauber_stack/build/msauber_description/build --no-deps symlink_data
[3.236s] running develop
[4.013s] running egg_info
[4.013s] creating msauber_description.egg-info
[4.095s] writing msauber_description.egg-info/PKG-INFO
[4.095s] writing dependency_links to msauber_description.egg-info/dependency_links.txt
[4.096s] writing requirements to msauber_description.egg-info/requires.txt
[4.096s] writing top-level names to msauber_description.egg-info/top_level.txt
[4.098s] writing manifest file 'msauber_description.egg-info/SOURCES.txt'
[4.327s] reading manifest file 'msauber_description.egg-info/SOURCES.txt'
[4.328s] writing manifest file 'msauber_description.egg-info/SOURCES.txt'
[4.446s] running build_ext
[4.446s] Creating /home/andreas/dev_ws/msauber_stack/install/msauber_description/lib/python3.12/site-packages/msauber-description.egg-link (link to .)
[4.448s] 
[4.449s] Installed /home/andreas/dev_ws/msauber_stack/build/msauber_description
[4.451s] running symlink_data
[4.452s] creating /home/andreas/dev_ws/msauber_stack/install/msauber_description/share/ament_index
[4.453s] creating /home/andreas/dev_ws/msauber_stack/install/msauber_description/share/ament_index/resource_index
[4.453s] creating /home/andreas/dev_ws/msauber_stack/install/msauber_description/share/ament_index/resource_index/packages
[4.456s] symbolically linking /home/andreas/dev_ws/msauber_stack/build/msauber_description/resource/msauber_description -> /home/andreas/dev_ws/msauber_stack/install/msauber_description/share/ament_index/resource_index/packages
[4.456s] symbolically linking /home/andreas/dev_ws/msauber_stack/build/msauber_description/package.xml -> /home/andreas/dev_ws/msauber_stack/install/msauber_description/share/msauber_description
[4.457s] creating /home/andreas/dev_ws/msauber_stack/install/msauber_description/share/msauber_description/launch
[4.457s] symbolically linking /home/andreas/dev_ws/msauber_stack/build/msauber_description/launch/description.launch.py -> /home/andreas/dev_ws/msauber_stack/install/msauber_description/share/msauber_description/launch
[4.457s] creating /home/andreas/dev_ws/msauber_stack/install/msauber_description/share/msauber_description/urdf
[4.457s] symbolically linking /home/andreas/dev_ws/msauber_stack/build/msauber_description/urdf/msauber.xacro -> /home/andreas/dev_ws/msauber_stack/install/msauber_description/share/msauber_description/urdf/
[4.458s] symbolically linking /home/andreas/dev_ws/msauber_stack/build/msauber_description/urdf/macros.xacro -> /home/andreas/dev_ws/msauber_stack/install/msauber_description/share/msauber_description/urdf/
[4.458s] symbolically linking /home/andreas/dev_ws/msauber_stack/build/msauber_description/urdf/sensors.xacro -> /home/andreas/dev_ws/msauber_stack/install/msauber_description/share/msauber_description/urdf/
[4.458s] symbolically linking /home/andreas/dev_ws/msauber_stack/build/msauber_description/urdf/core.xacro -> /home/andreas/dev_ws/msauber_stack/install/msauber_description/share/msauber_description/urdf/
[4.459s] symbolically linking /home/andreas/dev_ws/msauber_stack/build/msauber_description/urdf/gazebo_plugins_acker.xacro -> /home/andreas/dev_ws/msauber_stack/install/msauber_description/share/msauber_description/urdf/
[4.460s] symbolically linking /home/andreas/dev_ws/msauber_stack/build/msauber_description/urdf/gazebo_plugins.xacro -> /home/andreas/dev_ws/msauber_stack/install/msauber_description/share/msauber_description/urdf/
[4.460s] creating /home/andreas/dev_ws/msauber_stack/install/msauber_description/share/msauber_description/meshes
[4.460s] symbolically linking /home/andreas/dev_ws/msauber_stack/build/msauber_description/meshes/realsense.stl -> /home/andreas/dev_ws/msauber_stack/install/msauber_description/share/msauber_description/meshes/
[4.460s] symbolically linking /home/andreas/dev_ws/msauber_stack/build/msauber_description/meshes/hinge.stl -> /home/andreas/dev_ws/msauber_stack/install/msauber_description/share/msauber_description/meshes/
[4.461s] symbolically linking /home/andreas/dev_ws/msauber_stack/build/msauber_description/meshes/hokuyo.stl -> /home/andreas/dev_ws/msauber_stack/install/msauber_description/share/msauber_description/meshes/
[4.461s] symbolically linking /home/andreas/dev_ws/msauber_stack/build/msauber_description/meshes/left_wheel.stl -> /home/andreas/dev_ws/msauber_stack/install/msauber_description/share/msauber_description/meshes/
[4.461s] symbolically linking /home/andreas/dev_ws/msauber_stack/build/msauber_description/meshes/right_wheel.stl -> /home/andreas/dev_ws/msauber_stack/install/msauber_description/share/msauber_description/meshes/
[4.461s] symbolically linking /home/andreas/dev_ws/msauber_stack/build/msauber_description/meshes/chassis.stl -> /home/andreas/dev_ws/msauber_stack/install/msauber_description/share/msauber_description/meshes/
[4.464s] creating /home/andreas/dev_ws/msauber_stack/install/msauber_description/share/msauber_description/rviz
[4.464s] symbolically linking /home/andreas/dev_ws/msauber_stack/build/msauber_description/rviz/description.rviz -> /home/andreas/dev_ws/msauber_stack/install/msauber_description/share/msauber_description/rviz
[4.465s] creating /home/andreas/dev_ws/msauber_stack/install/msauber_description/share/msauber_description/config
[4.562s] Invoked command in '/home/andreas/dev_ws/msauber_stack/build/msauber_description' returned '0': DEBUGINFOD_URLS=https://debuginfod.ubuntu.com PS1=(my_py_venv) %m%# PYTHONPATH=/home/andreas/dev_ws/msauber_stack/build/msauber_description/prefix_override:/usr/lib/python3/dist-packages/colcon_core/task/python/colcon_distutils_commands:/home/andreas/dev_ws/msauber_stack/install/msauber_description/lib/python3.12/site-packages:${PYTHONPATH} VIRTUAL_ENV_PROMPT=(my_py_venv) /usr/bin/python3 -W ignore:setup.py install is deprecated -W ignore:easy_install command is deprecated setup.py develop --editable --build-directory /home/andreas/dev_ws/msauber_stack/build/msauber_description/build --no-deps symlink_data
