[4.918s] Invoking command in '/home/andreas/dev_ws/msauber_stack/build/msauber_description': DEBUGINFOD_URLS=https://debuginfod.ubuntu.com PS1=(my_py_venv) %m%# PYTHONPATH=/home/andreas/dev_ws/msauber_stack/build/msauber_description/prefix_override:/usr/lib/python3/dist-packages/colcon_core/task/python/colcon_distutils_commands:/home/andreas/dev_ws/msauber_stack/install/msauber_description/lib/python3.12/site-packages:${PYTHONPATH} VIRTUAL_ENV_PROMPT=(my_py_venv) /usr/bin/python3 -W ignore:setup.py install is deprecated -W ignore:easy_install command is deprecated setup.py develop --editable --build-directory /home/andreas/dev_ws/msauber_stack/build/msauber_description/build --no-deps symlink_data
[7.048s] running develop
[8.913s] running egg_info
[8.914s] creating msauber_description.egg-info
[9.131s] writing msauber_description.egg-info/PKG-INFO
[9.133s] writing dependency_links to msauber_description.egg-info/dependency_links.txt
[9.137s] writing requirements to msauber_description.egg-info/requires.txt
[9.139s] writing top-level names to msauber_description.egg-info/top_level.txt
[9.149s] writing manifest file 'msauber_description.egg-info/SOURCES.txt'
[9.527s] reading manifest file 'msauber_description.egg-info/SOURCES.txt'
[9.529s] writing manifest file 'msauber_description.egg-info/SOURCES.txt'
[9.671s] running build_ext
[9.672s] Creating /home/andreas/dev_ws/msauber_stack/install/msauber_description/lib/python3.12/site-packages/msauber-description.egg-link (link to .)
[9.673s] 
[9.674s] Installed /home/andreas/dev_ws/msauber_stack/build/msauber_description
[9.674s] running symlink_data
[9.674s] creating /home/andreas/dev_ws/msauber_stack/install/msauber_description/share/ament_index
[9.675s] creating /home/andreas/dev_ws/msauber_stack/install/msauber_description/share/ament_index/resource_index
[9.675s] creating /home/andreas/dev_ws/msauber_stack/install/msauber_description/share/ament_index/resource_index/packages
[9.676s] symbolically linking /home/andreas/dev_ws/msauber_stack/build/msauber_description/resource/msauber_description -> /home/andreas/dev_ws/msauber_stack/install/msauber_description/share/ament_index/resource_index/packages
[9.676s] symbolically linking /home/andreas/dev_ws/msauber_stack/build/msauber_description/package.xml -> /home/andreas/dev_ws/msauber_stack/install/msauber_description/share/msauber_description
[9.677s] creating /home/andreas/dev_ws/msauber_stack/install/msauber_description/share/msauber_description/launch
[9.677s] symbolically linking /home/andreas/dev_ws/msauber_stack/build/msauber_description/launch/description.launch.py -> /home/andreas/dev_ws/msauber_stack/install/msauber_description/share/msauber_description/launch
[9.678s] creating /home/andreas/dev_ws/msauber_stack/install/msauber_description/share/msauber_description/urdf
[9.678s] symbolically linking /home/andreas/dev_ws/msauber_stack/build/msauber_description/urdf/msauber.xacro -> /home/andreas/dev_ws/msauber_stack/install/msauber_description/share/msauber_description/urdf/
[9.679s] symbolically linking /home/andreas/dev_ws/msauber_stack/build/msauber_description/urdf/macros.xacro -> /home/andreas/dev_ws/msauber_stack/install/msauber_description/share/msauber_description/urdf/
[9.679s] symbolically linking /home/andreas/dev_ws/msauber_stack/build/msauber_description/urdf/sensors.xacro -> /home/andreas/dev_ws/msauber_stack/install/msauber_description/share/msauber_description/urdf/
[9.680s] symbolically linking /home/andreas/dev_ws/msauber_stack/build/msauber_description/urdf/core.xacro -> /home/andreas/dev_ws/msauber_stack/install/msauber_description/share/msauber_description/urdf/
[9.680s] symbolically linking /home/andreas/dev_ws/msauber_stack/build/msauber_description/urdf/gazebo_plugins_acker.xacro -> /home/andreas/dev_ws/msauber_stack/install/msauber_description/share/msauber_description/urdf/
[9.680s] symbolically linking /home/andreas/dev_ws/msauber_stack/build/msauber_description/urdf/gazebo_plugins.xacro -> /home/andreas/dev_ws/msauber_stack/install/msauber_description/share/msauber_description/urdf/
[9.681s] creating /home/andreas/dev_ws/msauber_stack/install/msauber_description/share/msauber_description/meshes
[9.681s] symbolically linking /home/andreas/dev_ws/msauber_stack/build/msauber_description/meshes/realsense.stl -> /home/andreas/dev_ws/msauber_stack/install/msauber_description/share/msauber_description/meshes/
[9.681s] symbolically linking /home/andreas/dev_ws/msauber_stack/build/msauber_description/meshes/hinge.stl -> /home/andreas/dev_ws/msauber_stack/install/msauber_description/share/msauber_description/meshes/
[9.682s] symbolically linking /home/andreas/dev_ws/msauber_stack/build/msauber_description/meshes/hokuyo.stl -> /home/andreas/dev_ws/msauber_stack/install/msauber_description/share/msauber_description/meshes/
[9.682s] symbolically linking /home/andreas/dev_ws/msauber_stack/build/msauber_description/meshes/left_wheel.stl -> /home/andreas/dev_ws/msauber_stack/install/msauber_description/share/msauber_description/meshes/
[9.682s] symbolically linking /home/andreas/dev_ws/msauber_stack/build/msauber_description/meshes/right_wheel.stl -> /home/andreas/dev_ws/msauber_stack/install/msauber_description/share/msauber_description/meshes/
[9.683s] symbolically linking /home/andreas/dev_ws/msauber_stack/build/msauber_description/meshes/chassis.stl -> /home/andreas/dev_ws/msauber_stack/install/msauber_description/share/msauber_description/meshes/
[9.683s] creating /home/andreas/dev_ws/msauber_stack/install/msauber_description/share/msauber_description/rviz
[9.683s] symbolically linking /home/andreas/dev_ws/msauber_stack/build/msauber_description/rviz/description.rviz -> /home/andreas/dev_ws/msauber_stack/install/msauber_description/share/msauber_description/rviz
[9.684s] creating /home/andreas/dev_ws/msauber_stack/install/msauber_description/share/msauber_description/config
[9.809s] Invoked command in '/home/andreas/dev_ws/msauber_stack/build/msauber_description' returned '0': DEBUGINFOD_URLS=https://debuginfod.ubuntu.com PS1=(my_py_venv) %m%# PYTHONPATH=/home/andreas/dev_ws/msauber_stack/build/msauber_description/prefix_override:/usr/lib/python3/dist-packages/colcon_core/task/python/colcon_distutils_commands:/home/andreas/dev_ws/msauber_stack/install/msauber_description/lib/python3.12/site-packages:${PYTHONPATH} VIRTUAL_ENV_PROMPT=(my_py_venv) /usr/bin/python3 -W ignore:setup.py install is deprecated -W ignore:easy_install command is deprecated setup.py develop --editable --build-directory /home/andreas/dev_ws/msauber_stack/build/msauber_description/build --no-deps symlink_data
