running develop
running egg_info
creating msauber_bringup.egg-info
writing msauber_bringup.egg-info/PKG-INFO
writing dependency_links to msauber_bringup.egg-info/dependency_links.txt
writing requirements to msauber_bringup.egg-info/requires.txt
writing top-level names to msauber_bringup.egg-info/top_level.txt
writing manifest file 'msauber_bringup.egg-info/SOURCES.txt'
reading manifest file 'msauber_bringup.egg-info/SOURCES.txt'
writing manifest file 'msauber_bringup.egg-info/SOURCES.txt'
running build_ext
Creating /home/andreas/dev_ws/msauber_stack/install/msauber_bringup/lib/python3.12/site-packages/msauber-bringup.egg-link (link to .)

Installed /home/andreas/dev_ws/msauber_stack/build/msauber_bringup
running symlink_data
creating /home/andreas/dev_ws/msauber_stack/install/msauber_bringup/share/ament_index
creating /home/andreas/dev_ws/msauber_stack/install/msauber_bringup/share/ament_index/resource_index
creating /home/andreas/dev_ws/msauber_stack/install/msauber_bringup/share/ament_index/resource_index/packages
symbolically linking /home/andreas/dev_ws/msauber_stack/build/msauber_bringup/resource/msauber_bringup -> /home/andreas/dev_ws/msauber_stack/install/msauber_bringup/share/ament_index/resource_index/packages
symbolically linking /home/andreas/dev_ws/msauber_stack/build/msauber_bringup/package.xml -> /home/andreas/dev_ws/msauber_stack/install/msauber_bringup/share/msauber_bringup
creating /home/andreas/dev_ws/msauber_stack/install/msauber_bringup/share/msauber_bringup/launch
symbolically linking /home/andreas/dev_ws/msauber_stack/build/msauber_bringup/launch/sim_bringup.launch.py -> /home/andreas/dev_ws/msauber_stack/install/msauber_bringup/share/msauber_bringup/launch
