[0.047s] Invoking command in '/home/andreas/dev_ws/msauber_stack/build/yolo_msgs': CMAKE_PREFIX_PATH=${CMAKE_PREFIX_PATH}:/home/andreas/dev_ws/msauber_stack/install/yolo_ros:/home/andreas/dev_ws/msauber_stack/install/msauber_bringup:/home/andreas/dev_ws/msauber_stack/install/msauber_sim:/home/andreas/dev_ws/msauber_stack/install/msauber_perception:/home/andreas/dev_ws/msauber_stack/install/msauber_navigation:/home/andreas/dev_ws/msauber_stack/install/msauber_description:/home/andreas/dev_ws/msauber_stack/install/msauber_control:/opt/ros/jazzy DEBUGINFOD_URLS=https://debuginfod.ubuntu.com PS1=(my_py_venv) %m%# VIRTUAL_ENV_PROMPT=(my_py_venv) /usr/bin/cmake /home/andreas/dev_ws/msauber_stack/src/yolo_ros/yolo_msgs -DAMENT_CMAKE_SYMLINK_INSTALL=1 -DCMAKE_INSTALL_PREFIX=/home/andreas/dev_ws/msauber_stack/install/yolo_msgs
[1.913s] -- The C compiler identification is GNU 13.3.0
[1.913s] -- The CXX compiler identification is GNU 13.3.0
[1.913s] -- Detecting C compiler ABI info
[1.913s] -- Detecting C compiler ABI info - done
[1.913s] -- Check for working C compiler: /usr/bin/cc - skipped
[1.913s] -- Detecting C compile features
[1.914s] -- Detecting C compile features - done
[1.914s] -- Detecting CXX compiler ABI info
[1.914s] -- Detecting CXX compiler ABI info - done
[1.914s] -- Check for working CXX compiler: /usr/bin/c++ - skipped
[1.914s] -- Detecting CXX compile features
[1.914s] -- Detecting CXX compile features - done
[1.914s] -- Found ament_cmake: 2.5.5 (/opt/ros/jazzy/share/ament_cmake/cmake)
[1.914s] -- Found Python3: /home/andreas/my_py_venv/bin/python3 (found version "3.12.3") found components: Interpreter 
[1.914s] -- Override CMake install command with custom implementation using symlinks instead of copying resources
[1.914s] -- Found rosidl_default_generators: 1.6.0 (/opt/ros/jazzy/share/rosidl_default_generators/cmake)
[1.915s] -- Using all available rosidl_typesupport_c: rosidl_typesupport_fastrtps_c;rosidl_typesupport_introspection_c
[1.915s] -- Using all available rosidl_typesupport_cpp: rosidl_typesupport_fastrtps_cpp;rosidl_typesupport_introspection_cpp
[1.915s] -- Found rosidl_adapter: 4.6.7 (/opt/ros/jazzy/share/rosidl_adapter/cmake)
[1.915s] -- Found std_msgs: 5.3.6 (/opt/ros/jazzy/share/std_msgs/cmake)
[1.915s] -- Found geometry_msgs: 5.3.6 (/opt/ros/jazzy/share/geometry_msgs/cmake)
[2.812s] -- Found ament_cmake_ros: 0.12.0 (/opt/ros/jazzy/share/ament_cmake_ros/cmake)
[4.898s] -- Using all available rosidl_typesupport_c: rosidl_typesupport_fastrtps_c;rosidl_typesupport_introspection_c
[8.347s] -- Using all available rosidl_typesupport_cpp: rosidl_typesupport_fastrtps_cpp;rosidl_typesupport_introspection_cpp
[8.365s] -- Found python_cmake_module: 0.11.1 (/opt/ros/jazzy/share/python_cmake_module/cmake)
[9.123s] -- Found PythonExtra: /home/andreas/my_py_venv/bin/python3  
[10.349s] -- Found Python3: /home/andreas/my_py_venv/bin/python3 (found version "3.12.3") found components: Interpreter Development NumPy Development.Module Development.Embed 
[10.529s] -- Configuring done (10.5s)
[10.688s] -- Generating done (0.1s)
[10.715s] -- Build files have been written to: /home/andreas/dev_ws/msauber_stack/build/yolo_msgs
[10.730s] Invoked command in '/home/andreas/dev_ws/msauber_stack/build/yolo_msgs' returned '0': CMAKE_PREFIX_PATH=${CMAKE_PREFIX_PATH}:/home/andreas/dev_ws/msauber_stack/install/yolo_ros:/home/andreas/dev_ws/msauber_stack/install/msauber_bringup:/home/andreas/dev_ws/msauber_stack/install/msauber_sim:/home/andreas/dev_ws/msauber_stack/install/msauber_perception:/home/andreas/dev_ws/msauber_stack/install/msauber_navigation:/home/andreas/dev_ws/msauber_stack/install/msauber_description:/home/andreas/dev_ws/msauber_stack/install/msauber_control:/opt/ros/jazzy DEBUGINFOD_URLS=https://debuginfod.ubuntu.com PS1=(my_py_venv) %m%# VIRTUAL_ENV_PROMPT=(my_py_venv) /usr/bin/cmake /home/andreas/dev_ws/msauber_stack/src/yolo_ros/yolo_msgs -DAMENT_CMAKE_SYMLINK_INSTALL=1 -DCMAKE_INSTALL_PREFIX=/home/andreas/dev_ws/msauber_stack/install/yolo_msgs
[10.733s] Invoking command in '/home/andreas/dev_ws/msauber_stack/build/yolo_msgs': CMAKE_PREFIX_PATH=${CMAKE_PREFIX_PATH}:/home/andreas/dev_ws/msauber_stack/install/yolo_ros:/home/andreas/dev_ws/msauber_stack/install/msauber_bringup:/home/andreas/dev_ws/msauber_stack/install/msauber_sim:/home/andreas/dev_ws/msauber_stack/install/msauber_perception:/home/andreas/dev_ws/msauber_stack/install/msauber_navigation:/home/andreas/dev_ws/msauber_stack/install/msauber_description:/home/andreas/dev_ws/msauber_stack/install/msauber_control:/opt/ros/jazzy DEBUGINFOD_URLS=https://debuginfod.ubuntu.com PS1=(my_py_venv) %m%# VIRTUAL_ENV_PROMPT=(my_py_venv) /usr/bin/cmake --build /home/andreas/dev_ws/msauber_stack/build/yolo_msgs -- -j8 -l8
[10.863s] [  0%] [34m[1mGenerating type hashes for ROS interfaces[0m
[10.881s] [  0%] Built target ament_cmake_python_symlink_yolo_msgs
[11.298s] running egg_info
[11.300s] creating yolo_msgs.egg-info
[11.333s] writing yolo_msgs.egg-info/PKG-INFO
[11.334s] writing dependency_links to yolo_msgs.egg-info/dependency_links.txt
[11.334s] writing top-level names to yolo_msgs.egg-info/top_level.txt
[11.334s] writing manifest file 'yolo_msgs.egg-info/SOURCES.txt'
[11.437s] reading manifest file 'yolo_msgs.egg-info/SOURCES.txt'
[11.438s] writing manifest file 'yolo_msgs.egg-info/SOURCES.txt'
[11.482s] [  0%] Built target ament_cmake_python_build_yolo_msgs_egg
[12.012s] [  0%] Built target yolo_msgs__rosidl_generator_type_description
[12.029s] [  0%] [34m[1mGenerating C code for ROS interfaces[0m
[12.044s] [  0%] [34m[1mGenerating C++ code for ROS interfaces[0m
[14.901s] [  0%] Built target yolo_msgs__cpp
[15.542s] [  1%] [32mBuilding C object CMakeFiles/yolo_msgs__rosidl_generator_c.dir/rosidl_generator_c/yolo_msgs/msg/detail/point2_d__description.c.o[0m
[15.542s] [  2%] [32mBuilding C object CMakeFiles/yolo_msgs__rosidl_generator_c.dir/rosidl_generator_c/yolo_msgs/msg/detail/vector2__description.c.o[0m
[15.542s] [  2%] [32mBuilding C object CMakeFiles/yolo_msgs__rosidl_generator_c.dir/rosidl_generator_c/yolo_msgs/msg/detail/point2_d__type_support.c.o[0m
[15.544s] [  3%] [32mBuilding C object CMakeFiles/yolo_msgs__rosidl_generator_c.dir/rosidl_generator_c/yolo_msgs/msg/detail/vector2__type_support.c.o[0m
[15.544s] [  3%] [32mBuilding C object CMakeFiles/yolo_msgs__rosidl_generator_c.dir/rosidl_generator_c/yolo_msgs/msg/detail/vector2__functions.c.o[0m
[15.545s] [  4%] [32mBuilding C object CMakeFiles/yolo_msgs__rosidl_generator_c.dir/rosidl_generator_c/yolo_msgs/msg/detail/point2_d__functions.c.o[0m
[15.545s] [  5%] [32mBuilding C object CMakeFiles/yolo_msgs__rosidl_generator_c.dir/rosidl_generator_c/yolo_msgs/msg/detail/pose2_d__description.c.o[0m
[15.545s] [  6%] [32mBuilding C object CMakeFiles/yolo_msgs__rosidl_generator_c.dir/rosidl_generator_c/yolo_msgs/msg/detail/pose2_d__functions.c.o[0m
[15.615s] [  6%] [32mBuilding C object CMakeFiles/yolo_msgs__rosidl_generator_c.dir/rosidl_generator_c/yolo_msgs/msg/detail/pose2_d__type_support.c.o[0m
[15.618s] [  7%] [32mBuilding C object CMakeFiles/yolo_msgs__rosidl_generator_c.dir/rosidl_generator_c/yolo_msgs/msg/detail/bounding_box2_d__description.c.o[0m
[15.633s] [  8%] [32mBuilding C object CMakeFiles/yolo_msgs__rosidl_generator_c.dir/rosidl_generator_c/yolo_msgs/msg/detail/bounding_box2_d__functions.c.o[0m
[15.637s] [  8%] [32mBuilding C object CMakeFiles/yolo_msgs__rosidl_generator_c.dir/rosidl_generator_c/yolo_msgs/msg/detail/bounding_box2_d__type_support.c.o[0m
[15.642s] [  9%] [32mBuilding C object CMakeFiles/yolo_msgs__rosidl_generator_c.dir/rosidl_generator_c/yolo_msgs/msg/detail/bounding_box3_d__description.c.o[0m
[15.661s] [ 10%] [32mBuilding C object CMakeFiles/yolo_msgs__rosidl_generator_c.dir/rosidl_generator_c/yolo_msgs/msg/detail/bounding_box3_d__functions.c.o[0m
[15.663s] [ 10%] [32mBuilding C object CMakeFiles/yolo_msgs__rosidl_generator_c.dir/rosidl_generator_c/yolo_msgs/msg/detail/bounding_box3_d__type_support.c.o[0m
[15.667s] [ 11%] [32mBuilding C object CMakeFiles/yolo_msgs__rosidl_generator_c.dir/rosidl_generator_c/yolo_msgs/msg/detail/mask__description.c.o[0m
[15.691s] [ 11%] [32mBuilding C object CMakeFiles/yolo_msgs__rosidl_generator_c.dir/rosidl_generator_c/yolo_msgs/msg/detail/mask__functions.c.o[0m
[15.719s] [ 12%] [32mBuilding C object CMakeFiles/yolo_msgs__rosidl_generator_c.dir/rosidl_generator_c/yolo_msgs/msg/detail/mask__type_support.c.o[0m
[15.726s] [ 13%] [32mBuilding C object CMakeFiles/yolo_msgs__rosidl_generator_c.dir/rosidl_generator_c/yolo_msgs/msg/detail/key_point2_d__description.c.o[0m
[15.745s] [ 13%] [32mBuilding C object CMakeFiles/yolo_msgs__rosidl_generator_c.dir/rosidl_generator_c/yolo_msgs/msg/detail/key_point2_d__functions.c.o[0m
[15.759s] [ 14%] [32mBuilding C object CMakeFiles/yolo_msgs__rosidl_generator_c.dir/rosidl_generator_c/yolo_msgs/msg/detail/key_point2_d__type_support.c.o[0m
[15.765s] [ 15%] [32mBuilding C object CMakeFiles/yolo_msgs__rosidl_generator_c.dir/rosidl_generator_c/yolo_msgs/msg/detail/key_point2_d_array__description.c.o[0m
[15.782s] [ 15%] [32mBuilding C object CMakeFiles/yolo_msgs__rosidl_generator_c.dir/rosidl_generator_c/yolo_msgs/msg/detail/key_point2_d_array__functions.c.o[0m
[15.806s] [ 16%] [32mBuilding C object CMakeFiles/yolo_msgs__rosidl_generator_c.dir/rosidl_generator_c/yolo_msgs/msg/detail/key_point2_d_array__type_support.c.o[0m
[15.808s] [ 17%] [32mBuilding C object CMakeFiles/yolo_msgs__rosidl_generator_c.dir/rosidl_generator_c/yolo_msgs/msg/detail/key_point3_d__description.c.o[0m
[15.826s] [ 17%] [32mBuilding C object CMakeFiles/yolo_msgs__rosidl_generator_c.dir/rosidl_generator_c/yolo_msgs/msg/detail/key_point3_d__functions.c.o[0m
[15.834s] [ 18%] [32mBuilding C object CMakeFiles/yolo_msgs__rosidl_generator_c.dir/rosidl_generator_c/yolo_msgs/msg/detail/key_point3_d__type_support.c.o[0m
[15.867s] [ 19%] [32mBuilding C object CMakeFiles/yolo_msgs__rosidl_generator_c.dir/rosidl_generator_c/yolo_msgs/msg/detail/key_point3_d_array__description.c.o[0m
[15.876s] [ 19%] [32mBuilding C object CMakeFiles/yolo_msgs__rosidl_generator_c.dir/rosidl_generator_c/yolo_msgs/msg/detail/key_point3_d_array__functions.c.o[0m
[15.883s] [ 20%] [32mBuilding C object CMakeFiles/yolo_msgs__rosidl_generator_c.dir/rosidl_generator_c/yolo_msgs/msg/detail/key_point3_d_array__type_support.c.o[0m
[15.893s] [ 21%] [32mBuilding C object CMakeFiles/yolo_msgs__rosidl_generator_c.dir/rosidl_generator_c/yolo_msgs/msg/detail/detection__description.c.o[0m
[15.919s] [ 21%] [32mBuilding C object CMakeFiles/yolo_msgs__rosidl_generator_c.dir/rosidl_generator_c/yolo_msgs/msg/detail/detection__functions.c.o[0m
[15.921s] [ 22%] [32mBuilding C object CMakeFiles/yolo_msgs__rosidl_generator_c.dir/rosidl_generator_c/yolo_msgs/msg/detail/detection__type_support.c.o[0m
[15.926s] [ 23%] [32mBuilding C object CMakeFiles/yolo_msgs__rosidl_generator_c.dir/rosidl_generator_c/yolo_msgs/msg/detail/detection_array__description.c.o[0m
[15.972s] [ 23%] [32mBuilding C object CMakeFiles/yolo_msgs__rosidl_generator_c.dir/rosidl_generator_c/yolo_msgs/msg/detail/detection_array__functions.c.o[0m
[15.973s] [ 24%] [32mBuilding C object CMakeFiles/yolo_msgs__rosidl_generator_c.dir/rosidl_generator_c/yolo_msgs/msg/detail/detection_array__type_support.c.o[0m
[16.008s] [ 24%] [32mBuilding C object CMakeFiles/yolo_msgs__rosidl_generator_c.dir/rosidl_generator_c/yolo_msgs/srv/detail/set_classes__description.c.o[0m
[16.023s] [ 25%] [32mBuilding C object CMakeFiles/yolo_msgs__rosidl_generator_c.dir/rosidl_generator_c/yolo_msgs/srv/detail/set_classes__functions.c.o[0m
[16.025s] [ 26%] [32mBuilding C object CMakeFiles/yolo_msgs__rosidl_generator_c.dir/rosidl_generator_c/yolo_msgs/srv/detail/set_classes__type_support.c.o[0m
[16.181s] [ 26%] [32m[1mLinking C shared library libyolo_msgs__rosidl_generator_c.so[0m
[16.257s] [ 26%] Built target yolo_msgs__rosidl_generator_c
[16.277s] [ 27%] [34m[1mGenerating C++ introspection for ROS interfaces[0m
[16.277s] [ 28%] [34m[1mGenerating C type support dispatch for ROS interfaces[0m
[16.279s] [ 29%] [34m[1mGenerating C++ type support dispatch for ROS interfaces[0m
[16.280s] [ 29%] [34m[1mGenerating C type support for eProsima Fast-RTPS[0m
[16.282s] [ 30%] [34m[1mGenerating C introspection for ROS interfaces[0m
[16.285s] [ 31%] [34m[1mGenerating C++ type support for eProsima Fast-RTPS[0m
[18.504s] [ 32%] [32mBuilding CXX object CMakeFiles/yolo_msgs__rosidl_typesupport_cpp.dir/rosidl_typesupport_cpp/yolo_msgs/msg/vector2__type_support.cpp.o[0m
[18.504s] [ 33%] [32mBuilding CXX object CMakeFiles/yolo_msgs__rosidl_typesupport_cpp.dir/rosidl_typesupport_cpp/yolo_msgs/msg/pose2_d__type_support.cpp.o[0m
[18.505s] [ 33%] [32mBuilding CXX object CMakeFiles/yolo_msgs__rosidl_typesupport_cpp.dir/rosidl_typesupport_cpp/yolo_msgs/msg/point2_d__type_support.cpp.o[0m
[19.575s] [ 33%] [32mBuilding CXX object CMakeFiles/yolo_msgs__rosidl_typesupport_cpp.dir/rosidl_typesupport_cpp/yolo_msgs/msg/bounding_box2_d__type_support.cpp.o[0m
[19.607s] [ 33%] [32mBuilding C object CMakeFiles/yolo_msgs__rosidl_typesupport_introspection_c.dir/rosidl_typesupport_introspection_c/yolo_msgs/msg/detail/point2_d__type_support.c.o[0m
[19.711s] [ 34%] [32mBuilding C object CMakeFiles/yolo_msgs__rosidl_typesupport_introspection_c.dir/rosidl_typesupport_introspection_c/yolo_msgs/msg/detail/vector2__type_support.c.o[0m
[19.755s] [ 35%] [32mBuilding CXX object CMakeFiles/yolo_msgs__rosidl_typesupport_cpp.dir/rosidl_typesupport_cpp/yolo_msgs/msg/bounding_box3_d__type_support.cpp.o[0m
[19.769s] [ 36%] [32mBuilding C object CMakeFiles/yolo_msgs__rosidl_typesupport_introspection_c.dir/rosidl_typesupport_introspection_c/yolo_msgs/msg/detail/pose2_d__type_support.c.o[0m
[19.829s] [ 36%] [32mBuilding CXX object CMakeFiles/yolo_msgs__rosidl_typesupport_cpp.dir/rosidl_typesupport_cpp/yolo_msgs/msg/mask__type_support.cpp.o[0m
[19.905s] [ 36%] [32mBuilding C object CMakeFiles/yolo_msgs__rosidl_typesupport_introspection_c.dir/rosidl_typesupport_introspection_c/yolo_msgs/msg/detail/bounding_box2_d__type_support.c.o[0m
[19.983s] [ 36%] [32mBuilding CXX object CMakeFiles/yolo_msgs__rosidl_typesupport_c.dir/rosidl_typesupport_c/yolo_msgs/msg/point2_d__type_support.cpp.o[0m
[20.055s] [ 37%] [32mBuilding C object CMakeFiles/yolo_msgs__rosidl_typesupport_introspection_c.dir/rosidl_typesupport_introspection_c/yolo_msgs/msg/detail/bounding_box3_d__type_support.c.o[0m
[20.126s] [ 38%] [32mBuilding CXX object CMakeFiles/yolo_msgs__rosidl_typesupport_c.dir/rosidl_typesupport_c/yolo_msgs/msg/vector2__type_support.cpp.o[0m
[20.216s] [ 39%] [32mBuilding C object CMakeFiles/yolo_msgs__rosidl_typesupport_introspection_c.dir/rosidl_typesupport_introspection_c/yolo_msgs/msg/detail/mask__type_support.c.o[0m
[20.276s] [ 40%] [32mBuilding CXX object CMakeFiles/yolo_msgs__rosidl_typesupport_c.dir/rosidl_typesupport_c/yolo_msgs/msg/pose2_d__type_support.cpp.o[0m
[20.361s] [ 40%] [32mBuilding C object CMakeFiles/yolo_msgs__rosidl_typesupport_introspection_c.dir/rosidl_typesupport_introspection_c/yolo_msgs/msg/detail/key_point2_d__type_support.c.o[0m
[20.433s] [ 40%] [32mBuilding CXX object CMakeFiles/yolo_msgs__rosidl_typesupport_c.dir/rosidl_typesupport_c/yolo_msgs/msg/bounding_box2_d__type_support.cpp.o[0m
[20.487s] [ 41%] [32mBuilding C object CMakeFiles/yolo_msgs__rosidl_typesupport_introspection_c.dir/rosidl_typesupport_introspection_c/yolo_msgs/msg/detail/key_point2_d_array__type_support.c.o[0m
[20.585s] [ 42%] [32mBuilding CXX object CMakeFiles/yolo_msgs__rosidl_typesupport_c.dir/rosidl_typesupport_c/yolo_msgs/msg/bounding_box3_d__type_support.cpp.o[0m
[20.629s] [ 43%] [32mBuilding C object CMakeFiles/yolo_msgs__rosidl_typesupport_introspection_c.dir/rosidl_typesupport_introspection_c/yolo_msgs/msg/detail/key_point3_d__type_support.c.o[0m
[20.633s] [ 43%] [32mBuilding C object CMakeFiles/yolo_msgs__rosidl_typesupport_introspection_c.dir/rosidl_typesupport_introspection_c/yolo_msgs/msg/detail/key_point3_d_array__type_support.c.o[0m
[20.736s] [ 44%] [32mBuilding CXX object CMakeFiles/yolo_msgs__rosidl_typesupport_c.dir/rosidl_typesupport_c/yolo_msgs/msg/mask__type_support.cpp.o[0m
[20.763s] [ 45%] [32mBuilding CXX object CMakeFiles/yolo_msgs__rosidl_typesupport_cpp.dir/rosidl_typesupport_cpp/yolo_msgs/msg/key_point2_d__type_support.cpp.o[0m
[20.771s] [ 46%] [32mBuilding C object CMakeFiles/yolo_msgs__rosidl_typesupport_introspection_c.dir/rosidl_typesupport_introspection_c/yolo_msgs/msg/detail/detection__type_support.c.o[0m
[20.774s] [ 46%] [32mBuilding CXX object CMakeFiles/yolo_msgs__rosidl_typesupport_c.dir/rosidl_typesupport_c/yolo_msgs/msg/key_point2_d__type_support.cpp.o[0m
[20.878s] [ 47%] [32mBuilding CXX object CMakeFiles/yolo_msgs__rosidl_typesupport_cpp.dir/rosidl_typesupport_cpp/yolo_msgs/msg/key_point2_d_array__type_support.cpp.o[0m
[20.904s] [ 48%] [32mBuilding C object CMakeFiles/yolo_msgs__rosidl_typesupport_introspection_c.dir/rosidl_typesupport_introspection_c/yolo_msgs/msg/detail/detection_array__type_support.c.o[0m
[20.918s] [ 49%] [32mBuilding CXX object CMakeFiles/yolo_msgs__rosidl_typesupport_c.dir/rosidl_typesupport_c/yolo_msgs/msg/key_point2_d_array__type_support.cpp.o[0m
[20.958s] [ 49%] [32mBuilding CXX object CMakeFiles/yolo_msgs__rosidl_typesupport_cpp.dir/rosidl_typesupport_cpp/yolo_msgs/msg/key_point3_d__type_support.cpp.o[0m
[21.051s] [ 49%] [32mBuilding C object CMakeFiles/yolo_msgs__rosidl_typesupport_introspection_c.dir/rosidl_typesupport_introspection_c/yolo_msgs/srv/detail/set_classes__type_support.c.o[0m
[21.071s] [ 50%] [32mBuilding CXX object CMakeFiles/yolo_msgs__rosidl_typesupport_c.dir/rosidl_typesupport_c/yolo_msgs/msg/key_point3_d__type_support.cpp.o[0m
[21.092s] [ 50%] [32mBuilding CXX object CMakeFiles/yolo_msgs__rosidl_typesupport_introspection_cpp.dir/rosidl_typesupport_introspection_cpp/yolo_msgs/msg/detail/point2_d__type_support.cpp.o[0m
[21.216s] [ 50%] [32mBuilding CXX object CMakeFiles/yolo_msgs__rosidl_typesupport_c.dir/rosidl_typesupport_c/yolo_msgs/msg/key_point3_d_array__type_support.cpp.o[0m
[21.219s] [ 51%] [32m[1mLinking C shared library libyolo_msgs__rosidl_typesupport_introspection_c.so[0m
[21.335s] [ 51%] Built target yolo_msgs__rosidl_typesupport_introspection_c
[21.368s] [ 53%] [32mBuilding CXX object CMakeFiles/yolo_msgs__rosidl_typesupport_introspection_cpp.dir/rosidl_typesupport_introspection_cpp/yolo_msgs/msg/detail/vector2__type_support.cpp.o[0m
[21.368s] [ 53%] [32mBuilding CXX object CMakeFiles/yolo_msgs__rosidl_typesupport_c.dir/rosidl_typesupport_c/yolo_msgs/msg/detection__type_support.cpp.o[0m
[21.542s] [ 54%] [32mBuilding CXX object CMakeFiles/yolo_msgs__rosidl_typesupport_c.dir/rosidl_typesupport_c/yolo_msgs/msg/detection_array__type_support.cpp.o[0m
[21.701s] [ 54%] [32mBuilding CXX object CMakeFiles/yolo_msgs__rosidl_typesupport_c.dir/rosidl_typesupport_c/yolo_msgs/srv/set_classes__type_support.cpp.o[0m
[21.797s] [ 54%] [32mBuilding CXX object CMakeFiles/yolo_msgs__rosidl_typesupport_introspection_cpp.dir/rosidl_typesupport_introspection_cpp/yolo_msgs/msg/detail/pose2_d__type_support.cpp.o[0m
[21.894s] [ 55%] [32m[1mLinking CXX shared library libyolo_msgs__rosidl_typesupport_c.so[0m
[21.974s] [ 56%] [32mBuilding CXX object CMakeFiles/yolo_msgs__rosidl_typesupport_introspection_cpp.dir/rosidl_typesupport_introspection_cpp/yolo_msgs/msg/detail/bounding_box2_d__type_support.cpp.o[0m
[22.029s] [ 57%] [32mBuilding CXX object CMakeFiles/yolo_msgs__rosidl_typesupport_cpp.dir/rosidl_typesupport_cpp/yolo_msgs/msg/key_point3_d_array__type_support.cpp.o[0m
[22.073s] [ 57%] Built target yolo_msgs__rosidl_typesupport_c
[22.133s] [ 58%] [32mBuilding CXX object CMakeFiles/yolo_msgs__rosidl_typesupport_introspection_cpp.dir/rosidl_typesupport_introspection_cpp/yolo_msgs/msg/detail/bounding_box3_d__type_support.cpp.o[0m
[22.254s] [ 59%] [32mBuilding CXX object CMakeFiles/yolo_msgs__rosidl_typesupport_cpp.dir/rosidl_typesupport_cpp/yolo_msgs/msg/detection__type_support.cpp.o[0m
[22.586s] [ 59%] [32mBuilding CXX object CMakeFiles/yolo_msgs__rosidl_typesupport_introspection_cpp.dir/rosidl_typesupport_introspection_cpp/yolo_msgs/msg/detail/mask__type_support.cpp.o[0m
[22.878s] [ 60%] [32mBuilding CXX object CMakeFiles/yolo_msgs__rosidl_typesupport_fastrtps_cpp.dir/rosidl_typesupport_fastrtps_cpp/yolo_msgs/msg/detail/dds_fastrtps/point2_d__type_support.cpp.o[0m
[22.926s] [ 60%] [32mBuilding CXX object CMakeFiles/yolo_msgs__rosidl_typesupport_fastrtps_cpp.dir/rosidl_typesupport_fastrtps_cpp/yolo_msgs/msg/detail/dds_fastrtps/vector2__type_support.cpp.o[0m
[23.085s] [ 60%] [32mBuilding CXX object CMakeFiles/yolo_msgs__rosidl_typesupport_cpp.dir/rosidl_typesupport_cpp/yolo_msgs/msg/detection_array__type_support.cpp.o[0m
[23.102s] [ 61%] [32mBuilding CXX object CMakeFiles/yolo_msgs__rosidl_typesupport_introspection_cpp.dir/rosidl_typesupport_introspection_cpp/yolo_msgs/msg/detail/key_point2_d__type_support.cpp.o[0m
[23.228s] [ 62%] [32mBuilding CXX object CMakeFiles/yolo_msgs__rosidl_typesupport_cpp.dir/rosidl_typesupport_cpp/yolo_msgs/srv/set_classes__type_support.cpp.o[0m
[23.301s] [ 63%] [32mBuilding CXX object CMakeFiles/yolo_msgs__rosidl_typesupport_fastrtps_c.dir/rosidl_typesupport_fastrtps_c/yolo_msgs/msg/detail/point2_d__type_support_c.cpp.o[0m
[23.458s] [ 64%] [32mBuilding CXX object CMakeFiles/yolo_msgs__rosidl_typesupport_fastrtps_cpp.dir/rosidl_typesupport_fastrtps_cpp/yolo_msgs/msg/detail/dds_fastrtps/pose2_d__type_support.cpp.o[0m
[23.807s] [ 65%] [32mBuilding CXX object CMakeFiles/yolo_msgs__rosidl_typesupport_fastrtps_c.dir/rosidl_typesupport_fastrtps_c/yolo_msgs/msg/detail/vector2__type_support_c.cpp.o[0m
[24.268s] [ 66%] [32mBuilding CXX object CMakeFiles/yolo_msgs__rosidl_typesupport_fastrtps_cpp.dir/rosidl_typesupport_fastrtps_cpp/yolo_msgs/msg/detail/dds_fastrtps/bounding_box2_d__type_support.cpp.o[0m
[24.313s] [ 67%] [32mBuilding CXX object CMakeFiles/yolo_msgs__rosidl_typesupport_introspection_cpp.dir/rosidl_typesupport_introspection_cpp/yolo_msgs/msg/detail/key_point2_d_array__type_support.cpp.o[0m
[24.465s] [ 67%] [32mBuilding CXX object CMakeFiles/yolo_msgs__rosidl_typesupport_fastrtps_c.dir/rosidl_typesupport_fastrtps_c/yolo_msgs/msg/detail/pose2_d__type_support_c.cpp.o[0m
[24.567s] [ 68%] [32mBuilding CXX object CMakeFiles/yolo_msgs__rosidl_typesupport_fastrtps_c.dir/rosidl_typesupport_fastrtps_c/yolo_msgs/msg/detail/bounding_box2_d__type_support_c.cpp.o[0m
[24.671s] [ 69%] [32m[1mLinking CXX shared library libyolo_msgs__rosidl_typesupport_cpp.so[0m
[24.903s] [ 69%] [32mBuilding CXX object CMakeFiles/yolo_msgs__rosidl_typesupport_introspection_cpp.dir/rosidl_typesupport_introspection_cpp/yolo_msgs/msg/detail/key_point3_d__type_support.cpp.o[0m
[24.966s] [ 69%] Built target yolo_msgs__rosidl_typesupport_cpp
[24.995s] [ 69%] [32mBuilding CXX object CMakeFiles/yolo_msgs__rosidl_typesupport_fastrtps_cpp.dir/rosidl_typesupport_fastrtps_cpp/yolo_msgs/msg/detail/dds_fastrtps/bounding_box3_d__type_support.cpp.o[0m
[25.037s] [ 70%] [32mBuilding CXX object CMakeFiles/yolo_msgs__rosidl_typesupport_fastrtps_c.dir/rosidl_typesupport_fastrtps_c/yolo_msgs/msg/detail/bounding_box3_d__type_support_c.cpp.o[0m
[25.390s] [ 71%] [32mBuilding CXX object CMakeFiles/yolo_msgs__rosidl_typesupport_introspection_cpp.dir/rosidl_typesupport_introspection_cpp/yolo_msgs/msg/detail/key_point3_d_array__type_support.cpp.o[0m
[25.514s] [ 72%] [32mBuilding CXX object CMakeFiles/yolo_msgs__rosidl_typesupport_fastrtps_cpp.dir/rosidl_typesupport_fastrtps_cpp/yolo_msgs/msg/detail/dds_fastrtps/mask__type_support.cpp.o[0m
[25.847s] [ 72%] [32mBuilding CXX object CMakeFiles/yolo_msgs__rosidl_typesupport_fastrtps_c.dir/rosidl_typesupport_fastrtps_c/yolo_msgs/msg/detail/mask__type_support_c.cpp.o[0m
[26.090s] [ 73%] [32mBuilding CXX object CMakeFiles/yolo_msgs__rosidl_typesupport_introspection_cpp.dir/rosidl_typesupport_introspection_cpp/yolo_msgs/msg/detail/detection__type_support.cpp.o[0m
[26.114s] [ 74%] [32mBuilding CXX object CMakeFiles/yolo_msgs__rosidl_typesupport_fastrtps_cpp.dir/rosidl_typesupport_fastrtps_cpp/yolo_msgs/msg/detail/dds_fastrtps/key_point2_d__type_support.cpp.o[0m
[26.151s] [ 74%] [32mBuilding CXX object CMakeFiles/yolo_msgs__rosidl_typesupport_introspection_cpp.dir/rosidl_typesupport_introspection_cpp/yolo_msgs/msg/detail/detection_array__type_support.cpp.o[0m
[26.610s] [ 74%] [32mBuilding CXX object CMakeFiles/yolo_msgs__rosidl_typesupport_fastrtps_cpp.dir/rosidl_typesupport_fastrtps_cpp/yolo_msgs/msg/detail/dds_fastrtps/key_point2_d_array__type_support.cpp.o[0m
[26.622s] [ 75%] [32mBuilding CXX object CMakeFiles/yolo_msgs__rosidl_typesupport_fastrtps_cpp.dir/rosidl_typesupport_fastrtps_cpp/yolo_msgs/msg/detail/dds_fastrtps/key_point3_d__type_support.cpp.o[0m
[26.633s] [ 76%] [32mBuilding CXX object CMakeFiles/yolo_msgs__rosidl_typesupport_introspection_cpp.dir/rosidl_typesupport_introspection_cpp/yolo_msgs/srv/detail/set_classes__type_support.cpp.o[0m
[27.240s] [ 77%] [32mBuilding CXX object CMakeFiles/yolo_msgs__rosidl_typesupport_fastrtps_c.dir/rosidl_typesupport_fastrtps_c/yolo_msgs/msg/detail/key_point2_d__type_support_c.cpp.o[0m
[27.353s] [ 78%] [32mBuilding CXX object CMakeFiles/yolo_msgs__rosidl_typesupport_fastrtps_cpp.dir/rosidl_typesupport_fastrtps_cpp/yolo_msgs/msg/detail/dds_fastrtps/key_point3_d_array__type_support.cpp.o[0m
[27.474s] [ 78%] [32mBuilding CXX object CMakeFiles/yolo_msgs__rosidl_typesupport_fastrtps_cpp.dir/rosidl_typesupport_fastrtps_cpp/yolo_msgs/msg/detail/dds_fastrtps/detection__type_support.cpp.o[0m
[27.713s] [ 78%] [32mBuilding CXX object CMakeFiles/yolo_msgs__rosidl_typesupport_fastrtps_c.dir/rosidl_typesupport_fastrtps_c/yolo_msgs/msg/detail/key_point2_d_array__type_support_c.cpp.o[0m
[28.075s] [ 79%] [32mBuilding CXX object CMakeFiles/yolo_msgs__rosidl_typesupport_fastrtps_cpp.dir/rosidl_typesupport_fastrtps_cpp/yolo_msgs/msg/detail/dds_fastrtps/detection_array__type_support.cpp.o[0m
[28.308s] [ 80%] [32mBuilding CXX object CMakeFiles/yolo_msgs__rosidl_typesupport_fastrtps_c.dir/rosidl_typesupport_fastrtps_c/yolo_msgs/msg/detail/key_point3_d__type_support_c.cpp.o[0m
[28.399s] [ 81%] [32mBuilding CXX object CMakeFiles/yolo_msgs__rosidl_typesupport_fastrtps_c.dir/rosidl_typesupport_fastrtps_c/yolo_msgs/msg/detail/key_point3_d_array__type_support_c.cpp.o[0m
[28.499s] [ 82%] [32m[1mLinking CXX shared library libyolo_msgs__rosidl_typesupport_introspection_cpp.so[0m
[29.029s] [ 82%] [32mBuilding CXX object CMakeFiles/yolo_msgs__rosidl_typesupport_fastrtps_cpp.dir/rosidl_typesupport_fastrtps_cpp/yolo_msgs/srv/detail/dds_fastrtps/set_classes__type_support.cpp.o[0m
[29.074s] [ 82%] Built target yolo_msgs__rosidl_typesupport_introspection_cpp
[29.104s] [ 82%] [32mBuilding CXX object CMakeFiles/yolo_msgs__rosidl_typesupport_fastrtps_c.dir/rosidl_typesupport_fastrtps_c/yolo_msgs/msg/detail/detection__type_support_c.cpp.o[0m
[29.133s] [ 83%] [32mBuilding CXX object CMakeFiles/yolo_msgs__rosidl_typesupport_fastrtps_c.dir/rosidl_typesupport_fastrtps_c/yolo_msgs/msg/detail/detection_array__type_support_c.cpp.o[0m
[29.365s] [ 84%] [32mBuilding CXX object CMakeFiles/yolo_msgs__rosidl_typesupport_fastrtps_c.dir/rosidl_typesupport_fastrtps_c/yolo_msgs/srv/detail/set_classes__type_support_c.cpp.o[0m
[30.616s] [ 84%] [32m[1mLinking CXX shared library libyolo_msgs__rosidl_typesupport_fastrtps_c.so[0m
[30.741s] [ 85%] [32m[1mLinking CXX shared library libyolo_msgs__rosidl_typesupport_fastrtps_cpp.so[0m
[30.741s] [ 85%] Built target yolo_msgs__rosidl_typesupport_fastrtps_c
[30.864s] [ 85%] Built target yolo_msgs__rosidl_typesupport_fastrtps_cpp
[30.892s] [ 85%] Built target yolo_msgs
[30.921s] [ 86%] [34m[1mGenerating Python code for ROS interfaces[0m
[33.280s] [ 86%] Built target yolo_msgs__py
[33.305s] [ 90%] [32mBuilding C object CMakeFiles/yolo_msgs__rosidl_generator_py.dir/rosidl_generator_py/yolo_msgs/msg/_point2_d_s.c.o[0m
[33.306s] [ 90%] [32mBuilding C object CMakeFiles/yolo_msgs__rosidl_generator_py.dir/rosidl_generator_py/yolo_msgs/msg/_pose2_d_s.c.o[0m
[33.306s] [ 90%] [32mBuilding C object CMakeFiles/yolo_msgs__rosidl_generator_py.dir/rosidl_generator_py/yolo_msgs/msg/_bounding_box3_d_s.c.o[0m
[33.306s] [ 90%] [32mBuilding C object CMakeFiles/yolo_msgs__rosidl_generator_py.dir/rosidl_generator_py/yolo_msgs/msg/_mask_s.c.o[0m
[33.306s] [ 91%] [32mBuilding C object CMakeFiles/yolo_msgs__rosidl_generator_py.dir/rosidl_generator_py/yolo_msgs/msg/_key_point2_d_s.c.o[0m
[33.306s] [ 92%] [32mBuilding C object CMakeFiles/yolo_msgs__rosidl_generator_py.dir/rosidl_generator_py/yolo_msgs/msg/_key_point2_d_array_s.c.o[0m
[33.307s] [ 90%] [32mBuilding C object CMakeFiles/yolo_msgs__rosidl_generator_py.dir/rosidl_generator_py/yolo_msgs/msg/_vector2_s.c.o[0m
[33.307s] [ 90%] [32mBuilding C object CMakeFiles/yolo_msgs__rosidl_generator_py.dir/rosidl_generator_py/yolo_msgs/msg/_bounding_box2_d_s.c.o[0m
[33.569s] [ 92%] [32mBuilding C object CMakeFiles/yolo_msgs__rosidl_generator_py.dir/rosidl_generator_py/yolo_msgs/msg/_key_point3_d_s.c.o[0m
[33.572s] [ 93%] [32mBuilding C object CMakeFiles/yolo_msgs__rosidl_generator_py.dir/rosidl_generator_py/yolo_msgs/msg/_detection_s.c.o[0m
[33.573s] [ 94%] [32mBuilding C object CMakeFiles/yolo_msgs__rosidl_generator_py.dir/rosidl_generator_py/yolo_msgs/msg/_key_point3_d_array_s.c.o[0m
[33.574s] [ 95%] [32mBuilding C object CMakeFiles/yolo_msgs__rosidl_generator_py.dir/rosidl_generator_py/yolo_msgs/srv/_set_classes_s.c.o[0m
[33.575s] [ 95%] [32mBuilding C object CMakeFiles/yolo_msgs__rosidl_generator_py.dir/rosidl_generator_py/yolo_msgs/msg/_detection_array_s.c.o[0m
[33.880s] [ 96%] [32m[1mLinking C shared library libyolo_msgs__rosidl_generator_py.so[0m
[33.954s] [ 96%] Built target yolo_msgs__rosidl_generator_py
[33.986s] [ 98%] [32mBuilding C object CMakeFiles/yolo_msgs_s__rosidl_typesupport_fastrtps_c.dir/rosidl_generator_py/yolo_msgs/_yolo_msgs_s.ep.rosidl_typesupport_fastrtps_c.c.o[0m
[33.986s] [ 98%] [32mBuilding C object CMakeFiles/yolo_msgs_s__rosidl_typesupport_c.dir/rosidl_generator_py/yolo_msgs/_yolo_msgs_s.ep.rosidl_typesupport_c.c.o[0m
[33.986s] [ 98%] [32mBuilding C object CMakeFiles/yolo_msgs_s__rosidl_typesupport_introspection_c.dir/rosidl_generator_py/yolo_msgs/_yolo_msgs_s.ep.rosidl_typesupport_introspection_c.c.o[0m
[34.208s] [ 99%] [32m[1mLinking C shared module rosidl_generator_py/yolo_msgs/yolo_msgs_s__rosidl_typesupport_c.so[0m
[34.213s] [100%] [32m[1mLinking C shared module rosidl_generator_py/yolo_msgs/yolo_msgs_s__rosidl_typesupport_introspection_c.so[0m
[34.215s] [100%] [32m[1mLinking C shared module rosidl_generator_py/yolo_msgs/yolo_msgs_s__rosidl_typesupport_fastrtps_c.so[0m
[34.254s] [100%] Built target yolo_msgs_s__rosidl_typesupport_c
[34.261s] [100%] Built target yolo_msgs_s__rosidl_typesupport_introspection_c
[34.263s] [100%] Built target yolo_msgs_s__rosidl_typesupport_fastrtps_c
[34.282s] Invoked command in '/home/andreas/dev_ws/msauber_stack/build/yolo_msgs' returned '0': CMAKE_PREFIX_PATH=${CMAKE_PREFIX_PATH}:/home/andreas/dev_ws/msauber_stack/install/yolo_ros:/home/andreas/dev_ws/msauber_stack/install/msauber_bringup:/home/andreas/dev_ws/msauber_stack/install/msauber_sim:/home/andreas/dev_ws/msauber_stack/install/msauber_perception:/home/andreas/dev_ws/msauber_stack/install/msauber_navigation:/home/andreas/dev_ws/msauber_stack/install/msauber_description:/home/andreas/dev_ws/msauber_stack/install/msauber_control:/opt/ros/jazzy DEBUGINFOD_URLS=https://debuginfod.ubuntu.com PS1=(my_py_venv) %m%# VIRTUAL_ENV_PROMPT=(my_py_venv) /usr/bin/cmake --build /home/andreas/dev_ws/msauber_stack/build/yolo_msgs -- -j8 -l8
[34.296s] Invoking command in '/home/andreas/dev_ws/msauber_stack/build/yolo_msgs': CMAKE_PREFIX_PATH=${CMAKE_PREFIX_PATH}:/home/andreas/dev_ws/msauber_stack/install/yolo_ros:/home/andreas/dev_ws/msauber_stack/install/msauber_bringup:/home/andreas/dev_ws/msauber_stack/install/msauber_sim:/home/andreas/dev_ws/msauber_stack/install/msauber_perception:/home/andreas/dev_ws/msauber_stack/install/msauber_navigation:/home/andreas/dev_ws/msauber_stack/install/msauber_description:/home/andreas/dev_ws/msauber_stack/install/msauber_control:/opt/ros/jazzy DEBUGINFOD_URLS=https://debuginfod.ubuntu.com PS1=(my_py_venv) %m%# VIRTUAL_ENV_PROMPT=(my_py_venv) /usr/bin/cmake --install /home/andreas/dev_ws/msauber_stack/build/yolo_msgs
[34.309s] -- Install configuration: ""
[34.310s] -- Execute custom install script
[34.310s] -- Symlinking: /home/andreas/dev_ws/msauber_stack/install/yolo_msgs/share/ament_index/resource_index/rosidl_interfaces/yolo_msgs
[34.323s] -- Symlinking: /home/andreas/dev_ws/msauber_stack/install/yolo_msgs/share/yolo_msgs/msg/Point2D.json
[34.335s] -- Symlinking: /home/andreas/dev_ws/msauber_stack/install/yolo_msgs/share/yolo_msgs/msg/Vector2.json
[34.347s] -- Symlinking: /home/andreas/dev_ws/msauber_stack/install/yolo_msgs/share/yolo_msgs/msg/Pose2D.json
[34.360s] -- Symlinking: /home/andreas/dev_ws/msauber_stack/install/yolo_msgs/share/yolo_msgs/msg/BoundingBox2D.json
[34.373s] -- Symlinking: /home/andreas/dev_ws/msauber_stack/install/yolo_msgs/share/yolo_msgs/msg/BoundingBox3D.json
[34.385s] -- Symlinking: /home/andreas/dev_ws/msauber_stack/install/yolo_msgs/share/yolo_msgs/msg/Mask.json
[34.397s] -- Symlinking: /home/andreas/dev_ws/msauber_stack/install/yolo_msgs/share/yolo_msgs/msg/KeyPoint2D.json
[34.412s] -- Symlinking: /home/andreas/dev_ws/msauber_stack/install/yolo_msgs/share/yolo_msgs/msg/KeyPoint2DArray.json
[34.425s] -- Symlinking: /home/andreas/dev_ws/msauber_stack/install/yolo_msgs/share/yolo_msgs/msg/KeyPoint3D.json
[34.436s] -- Symlinking: /home/andreas/dev_ws/msauber_stack/install/yolo_msgs/share/yolo_msgs/msg/KeyPoint3DArray.json
[34.448s] -- Symlinking: /home/andreas/dev_ws/msauber_stack/install/yolo_msgs/share/yolo_msgs/msg/Detection.json
[34.460s] -- Symlinking: /home/andreas/dev_ws/msauber_stack/install/yolo_msgs/share/yolo_msgs/msg/DetectionArray.json
[34.472s] -- Symlinking: /home/andreas/dev_ws/msauber_stack/install/yolo_msgs/share/yolo_msgs/srv/SetClasses.json
[34.486s] -- Symlinking: /home/andreas/dev_ws/msauber_stack/install/yolo_msgs/include/yolo_msgs/yolo_msgs/msg/bounding_box2_d.h
[34.498s] -- Symlinking: /home/andreas/dev_ws/msauber_stack/install/yolo_msgs/include/yolo_msgs/yolo_msgs/msg/bounding_box3_d.h
[34.509s] -- Symlinking: /home/andreas/dev_ws/msauber_stack/install/yolo_msgs/include/yolo_msgs/yolo_msgs/msg/detail/bounding_box2_d__functions.h
[34.521s] -- Symlinking: /home/andreas/dev_ws/msauber_stack/install/yolo_msgs/include/yolo_msgs/yolo_msgs/msg/detail/bounding_box2_d__struct.h
[34.533s] -- Symlinking: /home/andreas/dev_ws/msauber_stack/install/yolo_msgs/include/yolo_msgs/yolo_msgs/msg/detail/bounding_box2_d__type_support.h
[34.544s] -- Symlinking: /home/andreas/dev_ws/msauber_stack/install/yolo_msgs/include/yolo_msgs/yolo_msgs/msg/detail/bounding_box3_d__functions.h
[34.556s] -- Symlinking: /home/andreas/dev_ws/msauber_stack/install/yolo_msgs/include/yolo_msgs/yolo_msgs/msg/detail/bounding_box3_d__struct.h
[34.568s] -- Symlinking: /home/andreas/dev_ws/msauber_stack/install/yolo_msgs/include/yolo_msgs/yolo_msgs/msg/detail/bounding_box3_d__type_support.h
[34.579s] -- Symlinking: /home/andreas/dev_ws/msauber_stack/install/yolo_msgs/include/yolo_msgs/yolo_msgs/msg/detail/detection__functions.h
[34.590s] -- Symlinking: /home/andreas/dev_ws/msauber_stack/install/yolo_msgs/include/yolo_msgs/yolo_msgs/msg/detail/detection__struct.h
[34.602s] -- Symlinking: /home/andreas/dev_ws/msauber_stack/install/yolo_msgs/include/yolo_msgs/yolo_msgs/msg/detail/detection__type_support.h
[34.614s] -- Symlinking: /home/andreas/dev_ws/msauber_stack/install/yolo_msgs/include/yolo_msgs/yolo_msgs/msg/detail/detection_array__functions.h
[34.626s] -- Symlinking: /home/andreas/dev_ws/msauber_stack/install/yolo_msgs/include/yolo_msgs/yolo_msgs/msg/detail/detection_array__struct.h
[34.637s] -- Symlinking: /home/andreas/dev_ws/msauber_stack/install/yolo_msgs/include/yolo_msgs/yolo_msgs/msg/detail/detection_array__type_support.h
[34.649s] -- Symlinking: /home/andreas/dev_ws/msauber_stack/install/yolo_msgs/include/yolo_msgs/yolo_msgs/msg/detail/key_point2_d__functions.h
[34.660s] -- Symlinking: /home/andreas/dev_ws/msauber_stack/install/yolo_msgs/include/yolo_msgs/yolo_msgs/msg/detail/key_point2_d__struct.h
[34.672s] -- Symlinking: /home/andreas/dev_ws/msauber_stack/install/yolo_msgs/include/yolo_msgs/yolo_msgs/msg/detail/key_point2_d__type_support.h
[34.683s] -- Symlinking: /home/andreas/dev_ws/msauber_stack/install/yolo_msgs/include/yolo_msgs/yolo_msgs/msg/detail/key_point2_d_array__functions.h
[34.693s] -- Symlinking: /home/andreas/dev_ws/msauber_stack/install/yolo_msgs/include/yolo_msgs/yolo_msgs/msg/detail/key_point2_d_array__struct.h
[34.704s] -- Symlinking: /home/andreas/dev_ws/msauber_stack/install/yolo_msgs/include/yolo_msgs/yolo_msgs/msg/detail/key_point2_d_array__type_support.h
[34.715s] -- Symlinking: /home/andreas/dev_ws/msauber_stack/install/yolo_msgs/include/yolo_msgs/yolo_msgs/msg/detail/key_point3_d__functions.h
[34.725s] -- Symlinking: /home/andreas/dev_ws/msauber_stack/install/yolo_msgs/include/yolo_msgs/yolo_msgs/msg/detail/key_point3_d__struct.h
[34.736s] -- Symlinking: /home/andreas/dev_ws/msauber_stack/install/yolo_msgs/include/yolo_msgs/yolo_msgs/msg/detail/key_point3_d__type_support.h
[34.746s] -- Symlinking: /home/andreas/dev_ws/msauber_stack/install/yolo_msgs/include/yolo_msgs/yolo_msgs/msg/detail/key_point3_d_array__functions.h
[34.757s] -- Symlinking: /home/andreas/dev_ws/msauber_stack/install/yolo_msgs/include/yolo_msgs/yolo_msgs/msg/detail/key_point3_d_array__struct.h
[34.768s] -- Symlinking: /home/andreas/dev_ws/msauber_stack/install/yolo_msgs/include/yolo_msgs/yolo_msgs/msg/detail/key_point3_d_array__type_support.h
[34.778s] -- Symlinking: /home/andreas/dev_ws/msauber_stack/install/yolo_msgs/include/yolo_msgs/yolo_msgs/msg/detail/mask__functions.h
[34.788s] -- Symlinking: /home/andreas/dev_ws/msauber_stack/install/yolo_msgs/include/yolo_msgs/yolo_msgs/msg/detail/mask__struct.h
[34.799s] -- Symlinking: /home/andreas/dev_ws/msauber_stack/install/yolo_msgs/include/yolo_msgs/yolo_msgs/msg/detail/mask__type_support.h
[34.809s] -- Symlinking: /home/andreas/dev_ws/msauber_stack/install/yolo_msgs/include/yolo_msgs/yolo_msgs/msg/detail/point2_d__functions.h
[34.819s] -- Symlinking: /home/andreas/dev_ws/msauber_stack/install/yolo_msgs/include/yolo_msgs/yolo_msgs/msg/detail/point2_d__struct.h
[34.829s] -- Symlinking: /home/andreas/dev_ws/msauber_stack/install/yolo_msgs/include/yolo_msgs/yolo_msgs/msg/detail/point2_d__type_support.h
[34.840s] -- Symlinking: /home/andreas/dev_ws/msauber_stack/install/yolo_msgs/include/yolo_msgs/yolo_msgs/msg/detail/pose2_d__functions.h
[34.850s] -- Symlinking: /home/andreas/dev_ws/msauber_stack/install/yolo_msgs/include/yolo_msgs/yolo_msgs/msg/detail/pose2_d__struct.h
[34.860s] -- Symlinking: /home/andreas/dev_ws/msauber_stack/install/yolo_msgs/include/yolo_msgs/yolo_msgs/msg/detail/pose2_d__type_support.h
[34.871s] -- Symlinking: /home/andreas/dev_ws/msauber_stack/install/yolo_msgs/include/yolo_msgs/yolo_msgs/msg/detail/vector2__functions.h
[34.881s] -- Symlinking: /home/andreas/dev_ws/msauber_stack/install/yolo_msgs/include/yolo_msgs/yolo_msgs/msg/detail/vector2__struct.h
[34.891s] -- Symlinking: /home/andreas/dev_ws/msauber_stack/install/yolo_msgs/include/yolo_msgs/yolo_msgs/msg/detail/vector2__type_support.h
[34.901s] -- Symlinking: /home/andreas/dev_ws/msauber_stack/install/yolo_msgs/include/yolo_msgs/yolo_msgs/msg/detection.h
[34.911s] -- Symlinking: /home/andreas/dev_ws/msauber_stack/install/yolo_msgs/include/yolo_msgs/yolo_msgs/msg/detection_array.h
[34.920s] -- Symlinking: /home/andreas/dev_ws/msauber_stack/install/yolo_msgs/include/yolo_msgs/yolo_msgs/msg/key_point2_d.h
[34.930s] -- Symlinking: /home/andreas/dev_ws/msauber_stack/install/yolo_msgs/include/yolo_msgs/yolo_msgs/msg/key_point2_d_array.h
[34.941s] -- Symlinking: /home/andreas/dev_ws/msauber_stack/install/yolo_msgs/include/yolo_msgs/yolo_msgs/msg/key_point3_d.h
[34.951s] -- Symlinking: /home/andreas/dev_ws/msauber_stack/install/yolo_msgs/include/yolo_msgs/yolo_msgs/msg/key_point3_d_array.h
[34.961s] -- Symlinking: /home/andreas/dev_ws/msauber_stack/install/yolo_msgs/include/yolo_msgs/yolo_msgs/msg/mask.h
[34.971s] -- Symlinking: /home/andreas/dev_ws/msauber_stack/install/yolo_msgs/include/yolo_msgs/yolo_msgs/msg/point2_d.h
[34.981s] -- Symlinking: /home/andreas/dev_ws/msauber_stack/install/yolo_msgs/include/yolo_msgs/yolo_msgs/msg/pose2_d.h
[34.990s] -- Symlinking: /home/andreas/dev_ws/msauber_stack/install/yolo_msgs/include/yolo_msgs/yolo_msgs/msg/rosidl_generator_c__visibility_control.h
[35.000s] -- Symlinking: /home/andreas/dev_ws/msauber_stack/install/yolo_msgs/include/yolo_msgs/yolo_msgs/msg/vector2.h
[35.009s] -- Symlinking: /home/andreas/dev_ws/msauber_stack/install/yolo_msgs/include/yolo_msgs/yolo_msgs/srv/detail/set_classes__functions.h
[35.018s] -- Symlinking: /home/andreas/dev_ws/msauber_stack/install/yolo_msgs/include/yolo_msgs/yolo_msgs/srv/detail/set_classes__struct.h
[35.028s] -- Symlinking: /home/andreas/dev_ws/msauber_stack/install/yolo_msgs/include/yolo_msgs/yolo_msgs/srv/detail/set_classes__type_support.h
[35.037s] -- Symlinking: /home/andreas/dev_ws/msauber_stack/install/yolo_msgs/include/yolo_msgs/yolo_msgs/srv/set_classes.h
[35.046s] -- Symlinking: /home/andreas/dev_ws/msauber_stack/install/yolo_msgs/share/yolo_msgs/environment/library_path.sh
[35.056s] -- Symlinking: /home/andreas/dev_ws/msauber_stack/install/yolo_msgs/share/yolo_msgs/environment/library_path.dsv
[35.067s] -- Symlinking: /home/andreas/dev_ws/msauber_stack/install/yolo_msgs/include/yolo_msgs/yolo_msgs/msg/detail/bounding_box2_d__rosidl_typesupport_fastrtps_c.h
[35.077s] -- Symlinking: /home/andreas/dev_ws/msauber_stack/install/yolo_msgs/include/yolo_msgs/yolo_msgs/msg/detail/bounding_box3_d__rosidl_typesupport_fastrtps_c.h
[35.088s] -- Symlinking: /home/andreas/dev_ws/msauber_stack/install/yolo_msgs/include/yolo_msgs/yolo_msgs/msg/detail/detection__rosidl_typesupport_fastrtps_c.h
[35.097s] -- Symlinking: /home/andreas/dev_ws/msauber_stack/install/yolo_msgs/include/yolo_msgs/yolo_msgs/msg/detail/detection_array__rosidl_typesupport_fastrtps_c.h
[35.107s] -- Symlinking: /home/andreas/dev_ws/msauber_stack/install/yolo_msgs/include/yolo_msgs/yolo_msgs/msg/detail/key_point2_d__rosidl_typesupport_fastrtps_c.h
[35.116s] -- Symlinking: /home/andreas/dev_ws/msauber_stack/install/yolo_msgs/include/yolo_msgs/yolo_msgs/msg/detail/key_point2_d_array__rosidl_typesupport_fastrtps_c.h
[35.126s] -- Symlinking: /home/andreas/dev_ws/msauber_stack/install/yolo_msgs/include/yolo_msgs/yolo_msgs/msg/detail/key_point3_d__rosidl_typesupport_fastrtps_c.h
[35.136s] -- Symlinking: /home/andreas/dev_ws/msauber_stack/install/yolo_msgs/include/yolo_msgs/yolo_msgs/msg/detail/key_point3_d_array__rosidl_typesupport_fastrtps_c.h
[35.145s] -- Symlinking: /home/andreas/dev_ws/msauber_stack/install/yolo_msgs/include/yolo_msgs/yolo_msgs/msg/detail/mask__rosidl_typesupport_fastrtps_c.h
[35.155s] -- Symlinking: /home/andreas/dev_ws/msauber_stack/install/yolo_msgs/include/yolo_msgs/yolo_msgs/msg/detail/point2_d__rosidl_typesupport_fastrtps_c.h
[35.168s] -- Symlinking: /home/andreas/dev_ws/msauber_stack/install/yolo_msgs/include/yolo_msgs/yolo_msgs/msg/detail/pose2_d__rosidl_typesupport_fastrtps_c.h
[35.177s] -- Symlinking: /home/andreas/dev_ws/msauber_stack/install/yolo_msgs/include/yolo_msgs/yolo_msgs/msg/detail/vector2__rosidl_typesupport_fastrtps_c.h
[35.188s] -- Symlinking: /home/andreas/dev_ws/msauber_stack/install/yolo_msgs/include/yolo_msgs/yolo_msgs/msg/rosidl_typesupport_fastrtps_c__visibility_control.h
[35.197s] -- Symlinking: /home/andreas/dev_ws/msauber_stack/install/yolo_msgs/include/yolo_msgs/yolo_msgs/srv/detail/set_classes__rosidl_typesupport_fastrtps_c.h
[35.207s] -- Symlinking: /home/andreas/dev_ws/msauber_stack/install/yolo_msgs/include/yolo_msgs/yolo_msgs/msg/detail/bounding_box2_d__rosidl_typesupport_introspection_c.h
[35.216s] -- Symlinking: /home/andreas/dev_ws/msauber_stack/install/yolo_msgs/include/yolo_msgs/yolo_msgs/msg/detail/bounding_box3_d__rosidl_typesupport_introspection_c.h
[35.225s] -- Symlinking: /home/andreas/dev_ws/msauber_stack/install/yolo_msgs/include/yolo_msgs/yolo_msgs/msg/detail/detection__rosidl_typesupport_introspection_c.h
[35.235s] -- Symlinking: /home/andreas/dev_ws/msauber_stack/install/yolo_msgs/include/yolo_msgs/yolo_msgs/msg/detail/detection_array__rosidl_typesupport_introspection_c.h
[35.244s] -- Symlinking: /home/andreas/dev_ws/msauber_stack/install/yolo_msgs/include/yolo_msgs/yolo_msgs/msg/detail/key_point2_d__rosidl_typesupport_introspection_c.h
[35.253s] -- Symlinking: /home/andreas/dev_ws/msauber_stack/install/yolo_msgs/include/yolo_msgs/yolo_msgs/msg/detail/key_point2_d_array__rosidl_typesupport_introspection_c.h
[35.262s] -- Symlinking: /home/andreas/dev_ws/msauber_stack/install/yolo_msgs/include/yolo_msgs/yolo_msgs/msg/detail/key_point3_d__rosidl_typesupport_introspection_c.h
[35.272s] -- Symlinking: /home/andreas/dev_ws/msauber_stack/install/yolo_msgs/include/yolo_msgs/yolo_msgs/msg/detail/key_point3_d_array__rosidl_typesupport_introspection_c.h
[35.282s] -- Symlinking: /home/andreas/dev_ws/msauber_stack/install/yolo_msgs/include/yolo_msgs/yolo_msgs/msg/detail/mask__rosidl_typesupport_introspection_c.h
[35.291s] -- Symlinking: /home/andreas/dev_ws/msauber_stack/install/yolo_msgs/include/yolo_msgs/yolo_msgs/msg/detail/point2_d__rosidl_typesupport_introspection_c.h
[35.300s] -- Symlinking: /home/andreas/dev_ws/msauber_stack/install/yolo_msgs/include/yolo_msgs/yolo_msgs/msg/detail/pose2_d__rosidl_typesupport_introspection_c.h
[35.309s] -- Symlinking: /home/andreas/dev_ws/msauber_stack/install/yolo_msgs/include/yolo_msgs/yolo_msgs/msg/detail/vector2__rosidl_typesupport_introspection_c.h
[35.319s] -- Symlinking: /home/andreas/dev_ws/msauber_stack/install/yolo_msgs/include/yolo_msgs/yolo_msgs/msg/rosidl_typesupport_introspection_c__visibility_control.h
[35.328s] -- Symlinking: /home/andreas/dev_ws/msauber_stack/install/yolo_msgs/include/yolo_msgs/yolo_msgs/srv/detail/set_classes__rosidl_typesupport_introspection_c.h
[35.338s] -- Symlinking: /home/andreas/dev_ws/msauber_stack/install/yolo_msgs/include/yolo_msgs/yolo_msgs/msg/bounding_box2_d.hpp
[35.347s] -- Symlinking: /home/andreas/dev_ws/msauber_stack/install/yolo_msgs/include/yolo_msgs/yolo_msgs/msg/bounding_box3_d.hpp
[35.356s] -- Symlinking: /home/andreas/dev_ws/msauber_stack/install/yolo_msgs/include/yolo_msgs/yolo_msgs/msg/detail/bounding_box2_d__builder.hpp
[35.365s] -- Symlinking: /home/andreas/dev_ws/msauber_stack/install/yolo_msgs/include/yolo_msgs/yolo_msgs/msg/detail/bounding_box2_d__struct.hpp
[35.375s] -- Symlinking: /home/andreas/dev_ws/msauber_stack/install/yolo_msgs/include/yolo_msgs/yolo_msgs/msg/detail/bounding_box2_d__traits.hpp
[35.384s] -- Symlinking: /home/andreas/dev_ws/msauber_stack/install/yolo_msgs/include/yolo_msgs/yolo_msgs/msg/detail/bounding_box2_d__type_support.hpp
[35.393s] -- Symlinking: /home/andreas/dev_ws/msauber_stack/install/yolo_msgs/include/yolo_msgs/yolo_msgs/msg/detail/bounding_box3_d__builder.hpp
[35.401s] -- Symlinking: /home/andreas/dev_ws/msauber_stack/install/yolo_msgs/include/yolo_msgs/yolo_msgs/msg/detail/bounding_box3_d__struct.hpp
[35.411s] -- Symlinking: /home/andreas/dev_ws/msauber_stack/install/yolo_msgs/include/yolo_msgs/yolo_msgs/msg/detail/bounding_box3_d__traits.hpp
[35.420s] -- Symlinking: /home/andreas/dev_ws/msauber_stack/install/yolo_msgs/include/yolo_msgs/yolo_msgs/msg/detail/bounding_box3_d__type_support.hpp
[35.429s] -- Symlinking: /home/andreas/dev_ws/msauber_stack/install/yolo_msgs/include/yolo_msgs/yolo_msgs/msg/detail/detection__builder.hpp
[35.437s] -- Symlinking: /home/andreas/dev_ws/msauber_stack/install/yolo_msgs/include/yolo_msgs/yolo_msgs/msg/detail/detection__struct.hpp
[35.447s] -- Symlinking: /home/andreas/dev_ws/msauber_stack/install/yolo_msgs/include/yolo_msgs/yolo_msgs/msg/detail/detection__traits.hpp
[35.455s] -- Symlinking: /home/andreas/dev_ws/msauber_stack/install/yolo_msgs/include/yolo_msgs/yolo_msgs/msg/detail/detection__type_support.hpp
[35.464s] -- Symlinking: /home/andreas/dev_ws/msauber_stack/install/yolo_msgs/include/yolo_msgs/yolo_msgs/msg/detail/detection_array__builder.hpp
[35.474s] -- Symlinking: /home/andreas/dev_ws/msauber_stack/install/yolo_msgs/include/yolo_msgs/yolo_msgs/msg/detail/detection_array__struct.hpp
[35.482s] -- Symlinking: /home/andreas/dev_ws/msauber_stack/install/yolo_msgs/include/yolo_msgs/yolo_msgs/msg/detail/detection_array__traits.hpp
[35.491s] -- Symlinking: /home/andreas/dev_ws/msauber_stack/install/yolo_msgs/include/yolo_msgs/yolo_msgs/msg/detail/detection_array__type_support.hpp
[35.500s] -- Symlinking: /home/andreas/dev_ws/msauber_stack/install/yolo_msgs/include/yolo_msgs/yolo_msgs/msg/detail/key_point2_d__builder.hpp
[35.509s] -- Symlinking: /home/andreas/dev_ws/msauber_stack/install/yolo_msgs/include/yolo_msgs/yolo_msgs/msg/detail/key_point2_d__struct.hpp
[35.517s] -- Symlinking: /home/andreas/dev_ws/msauber_stack/install/yolo_msgs/include/yolo_msgs/yolo_msgs/msg/detail/key_point2_d__traits.hpp
[35.526s] -- Symlinking: /home/andreas/dev_ws/msauber_stack/install/yolo_msgs/include/yolo_msgs/yolo_msgs/msg/detail/key_point2_d__type_support.hpp
[35.535s] -- Symlinking: /home/andreas/dev_ws/msauber_stack/install/yolo_msgs/include/yolo_msgs/yolo_msgs/msg/detail/key_point2_d_array__builder.hpp
[35.544s] -- Symlinking: /home/andreas/dev_ws/msauber_stack/install/yolo_msgs/include/yolo_msgs/yolo_msgs/msg/detail/key_point2_d_array__struct.hpp
[35.552s] -- Symlinking: /home/andreas/dev_ws/msauber_stack/install/yolo_msgs/include/yolo_msgs/yolo_msgs/msg/detail/key_point2_d_array__traits.hpp
[35.561s] -- Symlinking: /home/andreas/dev_ws/msauber_stack/install/yolo_msgs/include/yolo_msgs/yolo_msgs/msg/detail/key_point2_d_array__type_support.hpp
[35.570s] -- Symlinking: /home/andreas/dev_ws/msauber_stack/install/yolo_msgs/include/yolo_msgs/yolo_msgs/msg/detail/key_point3_d__builder.hpp
[35.579s] -- Symlinking: /home/andreas/dev_ws/msauber_stack/install/yolo_msgs/include/yolo_msgs/yolo_msgs/msg/detail/key_point3_d__struct.hpp
[35.587s] -- Symlinking: /home/andreas/dev_ws/msauber_stack/install/yolo_msgs/include/yolo_msgs/yolo_msgs/msg/detail/key_point3_d__traits.hpp
[35.596s] -- Symlinking: /home/andreas/dev_ws/msauber_stack/install/yolo_msgs/include/yolo_msgs/yolo_msgs/msg/detail/key_point3_d__type_support.hpp
[35.605s] -- Symlinking: /home/andreas/dev_ws/msauber_stack/install/yolo_msgs/include/yolo_msgs/yolo_msgs/msg/detail/key_point3_d_array__builder.hpp
[35.613s] -- Symlinking: /home/andreas/dev_ws/msauber_stack/install/yolo_msgs/include/yolo_msgs/yolo_msgs/msg/detail/key_point3_d_array__struct.hpp
[35.622s] -- Symlinking: /home/andreas/dev_ws/msauber_stack/install/yolo_msgs/include/yolo_msgs/yolo_msgs/msg/detail/key_point3_d_array__traits.hpp
[35.630s] -- Symlinking: /home/andreas/dev_ws/msauber_stack/install/yolo_msgs/include/yolo_msgs/yolo_msgs/msg/detail/key_point3_d_array__type_support.hpp
[35.639s] -- Symlinking: /home/andreas/dev_ws/msauber_stack/install/yolo_msgs/include/yolo_msgs/yolo_msgs/msg/detail/mask__builder.hpp
[35.648s] -- Symlinking: /home/andreas/dev_ws/msauber_stack/install/yolo_msgs/include/yolo_msgs/yolo_msgs/msg/detail/mask__struct.hpp
[35.656s] -- Symlinking: /home/andreas/dev_ws/msauber_stack/install/yolo_msgs/include/yolo_msgs/yolo_msgs/msg/detail/mask__traits.hpp
[35.665s] -- Symlinking: /home/andreas/dev_ws/msauber_stack/install/yolo_msgs/include/yolo_msgs/yolo_msgs/msg/detail/mask__type_support.hpp
[35.674s] -- Symlinking: /home/andreas/dev_ws/msauber_stack/install/yolo_msgs/include/yolo_msgs/yolo_msgs/msg/detail/point2_d__builder.hpp
[35.682s] -- Symlinking: /home/andreas/dev_ws/msauber_stack/install/yolo_msgs/include/yolo_msgs/yolo_msgs/msg/detail/point2_d__struct.hpp
[35.691s] -- Symlinking: /home/andreas/dev_ws/msauber_stack/install/yolo_msgs/include/yolo_msgs/yolo_msgs/msg/detail/point2_d__traits.hpp
[35.699s] -- Symlinking: /home/andreas/dev_ws/msauber_stack/install/yolo_msgs/include/yolo_msgs/yolo_msgs/msg/detail/point2_d__type_support.hpp
[35.708s] -- Symlinking: /home/andreas/dev_ws/msauber_stack/install/yolo_msgs/include/yolo_msgs/yolo_msgs/msg/detail/pose2_d__builder.hpp
[35.716s] -- Symlinking: /home/andreas/dev_ws/msauber_stack/install/yolo_msgs/include/yolo_msgs/yolo_msgs/msg/detail/pose2_d__struct.hpp
[35.724s] -- Symlinking: /home/andreas/dev_ws/msauber_stack/install/yolo_msgs/include/yolo_msgs/yolo_msgs/msg/detail/pose2_d__traits.hpp
[35.733s] -- Symlinking: /home/andreas/dev_ws/msauber_stack/install/yolo_msgs/include/yolo_msgs/yolo_msgs/msg/detail/pose2_d__type_support.hpp
[35.741s] -- Symlinking: /home/andreas/dev_ws/msauber_stack/install/yolo_msgs/include/yolo_msgs/yolo_msgs/msg/detail/vector2__builder.hpp
[35.750s] -- Symlinking: /home/andreas/dev_ws/msauber_stack/install/yolo_msgs/include/yolo_msgs/yolo_msgs/msg/detail/vector2__struct.hpp
[35.757s] -- Symlinking: /home/andreas/dev_ws/msauber_stack/install/yolo_msgs/include/yolo_msgs/yolo_msgs/msg/detail/vector2__traits.hpp
[35.767s] -- Symlinking: /home/andreas/dev_ws/msauber_stack/install/yolo_msgs/include/yolo_msgs/yolo_msgs/msg/detail/vector2__type_support.hpp
[35.775s] -- Symlinking: /home/andreas/dev_ws/msauber_stack/install/yolo_msgs/include/yolo_msgs/yolo_msgs/msg/detection.hpp
[35.783s] -- Symlinking: /home/andreas/dev_ws/msauber_stack/install/yolo_msgs/include/yolo_msgs/yolo_msgs/msg/detection_array.hpp
[35.792s] -- Symlinking: /home/andreas/dev_ws/msauber_stack/install/yolo_msgs/include/yolo_msgs/yolo_msgs/msg/key_point2_d.hpp
[35.801s] -- Symlinking: /home/andreas/dev_ws/msauber_stack/install/yolo_msgs/include/yolo_msgs/yolo_msgs/msg/key_point2_d_array.hpp
[35.809s] -- Symlinking: /home/andreas/dev_ws/msauber_stack/install/yolo_msgs/include/yolo_msgs/yolo_msgs/msg/key_point3_d.hpp
[35.817s] -- Symlinking: /home/andreas/dev_ws/msauber_stack/install/yolo_msgs/include/yolo_msgs/yolo_msgs/msg/key_point3_d_array.hpp
[35.826s] -- Symlinking: /home/andreas/dev_ws/msauber_stack/install/yolo_msgs/include/yolo_msgs/yolo_msgs/msg/mask.hpp
[35.834s] -- Symlinking: /home/andreas/dev_ws/msauber_stack/install/yolo_msgs/include/yolo_msgs/yolo_msgs/msg/point2_d.hpp
[35.842s] -- Symlinking: /home/andreas/dev_ws/msauber_stack/install/yolo_msgs/include/yolo_msgs/yolo_msgs/msg/pose2_d.hpp
[35.850s] -- Symlinking: /home/andreas/dev_ws/msauber_stack/install/yolo_msgs/include/yolo_msgs/yolo_msgs/msg/rosidl_generator_cpp__visibility_control.hpp
[35.859s] -- Symlinking: /home/andreas/dev_ws/msauber_stack/install/yolo_msgs/include/yolo_msgs/yolo_msgs/msg/vector2.hpp
[35.868s] -- Symlinking: /home/andreas/dev_ws/msauber_stack/install/yolo_msgs/include/yolo_msgs/yolo_msgs/srv/detail/set_classes__builder.hpp
[35.876s] -- Symlinking: /home/andreas/dev_ws/msauber_stack/install/yolo_msgs/include/yolo_msgs/yolo_msgs/srv/detail/set_classes__struct.hpp
[35.885s] -- Symlinking: /home/andreas/dev_ws/msauber_stack/install/yolo_msgs/include/yolo_msgs/yolo_msgs/srv/detail/set_classes__traits.hpp
[35.894s] -- Symlinking: /home/andreas/dev_ws/msauber_stack/install/yolo_msgs/include/yolo_msgs/yolo_msgs/srv/detail/set_classes__type_support.hpp
[35.902s] -- Symlinking: /home/andreas/dev_ws/msauber_stack/install/yolo_msgs/include/yolo_msgs/yolo_msgs/srv/set_classes.hpp
[35.911s] -- Symlinking: /home/andreas/dev_ws/msauber_stack/install/yolo_msgs/include/yolo_msgs/yolo_msgs/msg/detail/bounding_box2_d__rosidl_typesupport_fastrtps_cpp.hpp
[35.919s] -- Symlinking: /home/andreas/dev_ws/msauber_stack/install/yolo_msgs/include/yolo_msgs/yolo_msgs/msg/detail/bounding_box3_d__rosidl_typesupport_fastrtps_cpp.hpp
[35.927s] -- Symlinking: /home/andreas/dev_ws/msauber_stack/install/yolo_msgs/include/yolo_msgs/yolo_msgs/msg/detail/detection__rosidl_typesupport_fastrtps_cpp.hpp
[35.936s] -- Symlinking: /home/andreas/dev_ws/msauber_stack/install/yolo_msgs/include/yolo_msgs/yolo_msgs/msg/detail/detection_array__rosidl_typesupport_fastrtps_cpp.hpp
[35.943s] -- Symlinking: /home/andreas/dev_ws/msauber_stack/install/yolo_msgs/include/yolo_msgs/yolo_msgs/msg/detail/key_point2_d__rosidl_typesupport_fastrtps_cpp.hpp
[35.952s] -- Symlinking: /home/andreas/dev_ws/msauber_stack/install/yolo_msgs/include/yolo_msgs/yolo_msgs/msg/detail/key_point2_d_array__rosidl_typesupport_fastrtps_cpp.hpp
[35.961s] -- Symlinking: /home/andreas/dev_ws/msauber_stack/install/yolo_msgs/include/yolo_msgs/yolo_msgs/msg/detail/key_point3_d__rosidl_typesupport_fastrtps_cpp.hpp
[35.970s] -- Symlinking: /home/andreas/dev_ws/msauber_stack/install/yolo_msgs/include/yolo_msgs/yolo_msgs/msg/detail/key_point3_d_array__rosidl_typesupport_fastrtps_cpp.hpp
[35.978s] -- Symlinking: /home/andreas/dev_ws/msauber_stack/install/yolo_msgs/include/yolo_msgs/yolo_msgs/msg/detail/mask__rosidl_typesupport_fastrtps_cpp.hpp
[35.987s] -- Symlinking: /home/andreas/dev_ws/msauber_stack/install/yolo_msgs/include/yolo_msgs/yolo_msgs/msg/detail/point2_d__rosidl_typesupport_fastrtps_cpp.hpp
[35.995s] -- Symlinking: /home/andreas/dev_ws/msauber_stack/install/yolo_msgs/include/yolo_msgs/yolo_msgs/msg/detail/pose2_d__rosidl_typesupport_fastrtps_cpp.hpp
[36.003s] -- Symlinking: /home/andreas/dev_ws/msauber_stack/install/yolo_msgs/include/yolo_msgs/yolo_msgs/msg/detail/vector2__rosidl_typesupport_fastrtps_cpp.hpp
[36.011s] -- Symlinking: /home/andreas/dev_ws/msauber_stack/install/yolo_msgs/include/yolo_msgs/yolo_msgs/msg/rosidl_typesupport_fastrtps_cpp__visibility_control.h
[36.020s] -- Symlinking: /home/andreas/dev_ws/msauber_stack/install/yolo_msgs/include/yolo_msgs/yolo_msgs/srv/detail/set_classes__rosidl_typesupport_fastrtps_cpp.hpp
[36.028s] -- Symlinking: /home/andreas/dev_ws/msauber_stack/install/yolo_msgs/include/yolo_msgs/yolo_msgs/msg/detail/bounding_box2_d__rosidl_typesupport_introspection_cpp.hpp
[36.036s] -- Symlinking: /home/andreas/dev_ws/msauber_stack/install/yolo_msgs/include/yolo_msgs/yolo_msgs/msg/detail/bounding_box3_d__rosidl_typesupport_introspection_cpp.hpp
[36.044s] -- Symlinking: /home/andreas/dev_ws/msauber_stack/install/yolo_msgs/include/yolo_msgs/yolo_msgs/msg/detail/detection__rosidl_typesupport_introspection_cpp.hpp
[36.053s] -- Symlinking: /home/andreas/dev_ws/msauber_stack/install/yolo_msgs/include/yolo_msgs/yolo_msgs/msg/detail/detection_array__rosidl_typesupport_introspection_cpp.hpp
[36.061s] -- Symlinking: /home/andreas/dev_ws/msauber_stack/install/yolo_msgs/include/yolo_msgs/yolo_msgs/msg/detail/key_point2_d__rosidl_typesupport_introspection_cpp.hpp
[36.070s] -- Symlinking: /home/andreas/dev_ws/msauber_stack/install/yolo_msgs/include/yolo_msgs/yolo_msgs/msg/detail/key_point2_d_array__rosidl_typesupport_introspection_cpp.hpp
[36.079s] -- Symlinking: /home/andreas/dev_ws/msauber_stack/install/yolo_msgs/include/yolo_msgs/yolo_msgs/msg/detail/key_point3_d__rosidl_typesupport_introspection_cpp.hpp
[36.087s] -- Symlinking: /home/andreas/dev_ws/msauber_stack/install/yolo_msgs/include/yolo_msgs/yolo_msgs/msg/detail/key_point3_d_array__rosidl_typesupport_introspection_cpp.hpp
[36.095s] -- Symlinking: /home/andreas/dev_ws/msauber_stack/install/yolo_msgs/include/yolo_msgs/yolo_msgs/msg/detail/mask__rosidl_typesupport_introspection_cpp.hpp
[36.104s] -- Symlinking: /home/andreas/dev_ws/msauber_stack/install/yolo_msgs/include/yolo_msgs/yolo_msgs/msg/detail/point2_d__rosidl_typesupport_introspection_cpp.hpp
[36.112s] -- Symlinking: /home/andreas/dev_ws/msauber_stack/install/yolo_msgs/include/yolo_msgs/yolo_msgs/msg/detail/pose2_d__rosidl_typesupport_introspection_cpp.hpp
[36.120s] -- Symlinking: /home/andreas/dev_ws/msauber_stack/install/yolo_msgs/include/yolo_msgs/yolo_msgs/msg/detail/vector2__rosidl_typesupport_introspection_cpp.hpp
[36.129s] -- Symlinking: /home/andreas/dev_ws/msauber_stack/install/yolo_msgs/include/yolo_msgs/yolo_msgs/srv/detail/set_classes__rosidl_typesupport_introspection_cpp.hpp
[36.137s] -- Symlinking: /home/andreas/dev_ws/msauber_stack/install/yolo_msgs/share/yolo_msgs/environment/pythonpath.sh
[36.146s] -- Symlinking: /home/andreas/dev_ws/msauber_stack/install/yolo_msgs/share/yolo_msgs/environment/pythonpath.dsv
[36.154s] -- Symlinking: /home/andreas/dev_ws/msauber_stack/install/yolo_msgs/lib/python3.12/site-packages/yolo_msgs-4.5.1-py3.12.egg-info/PKG-INFO
[36.163s] -- Symlinking: /home/andreas/dev_ws/msauber_stack/install/yolo_msgs/lib/python3.12/site-packages/yolo_msgs-4.5.1-py3.12.egg-info/SOURCES.txt
[36.172s] -- Symlinking: /home/andreas/dev_ws/msauber_stack/install/yolo_msgs/lib/python3.12/site-packages/yolo_msgs-4.5.1-py3.12.egg-info/dependency_links.txt
[36.181s] -- Symlinking: /home/andreas/dev_ws/msauber_stack/install/yolo_msgs/lib/python3.12/site-packages/yolo_msgs-4.5.1-py3.12.egg-info/top_level.txt
[36.190s] -- Symlinking: /home/andreas/dev_ws/msauber_stack/install/yolo_msgs/lib/python3.12/site-packages/yolo_msgs/__init__.py
[36.199s] -- Symlinking: /home/andreas/dev_ws/msauber_stack/install/yolo_msgs/lib/python3.12/site-packages/yolo_msgs/_yolo_msgs_s.ep.rosidl_typesupport_c.c
[36.207s] -- Symlinking: /home/andreas/dev_ws/msauber_stack/install/yolo_msgs/lib/python3.12/site-packages/yolo_msgs/_yolo_msgs_s.ep.rosidl_typesupport_fastrtps_c.c
[36.216s] -- Symlinking: /home/andreas/dev_ws/msauber_stack/install/yolo_msgs/lib/python3.12/site-packages/yolo_msgs/_yolo_msgs_s.ep.rosidl_typesupport_introspection_c.c
[36.224s] -- Symlinking: /home/andreas/dev_ws/msauber_stack/install/yolo_msgs/lib/python3.12/site-packages/yolo_msgs/msg/__init__.py
[36.232s] -- Symlinking: /home/andreas/dev_ws/msauber_stack/install/yolo_msgs/lib/python3.12/site-packages/yolo_msgs/msg/_bounding_box2_d.py
[36.241s] -- Symlinking: /home/andreas/dev_ws/msauber_stack/install/yolo_msgs/lib/python3.12/site-packages/yolo_msgs/msg/_bounding_box2_d_s.c
[36.249s] -- Symlinking: /home/andreas/dev_ws/msauber_stack/install/yolo_msgs/lib/python3.12/site-packages/yolo_msgs/msg/_bounding_box3_d.py
[36.257s] -- Symlinking: /home/andreas/dev_ws/msauber_stack/install/yolo_msgs/lib/python3.12/site-packages/yolo_msgs/msg/_bounding_box3_d_s.c
[36.266s] -- Symlinking: /home/andreas/dev_ws/msauber_stack/install/yolo_msgs/lib/python3.12/site-packages/yolo_msgs/msg/_detection.py
[36.275s] -- Symlinking: /home/andreas/dev_ws/msauber_stack/install/yolo_msgs/lib/python3.12/site-packages/yolo_msgs/msg/_detection_array.py
[36.284s] -- Symlinking: /home/andreas/dev_ws/msauber_stack/install/yolo_msgs/lib/python3.12/site-packages/yolo_msgs/msg/_detection_array_s.c
[36.292s] -- Symlinking: /home/andreas/dev_ws/msauber_stack/install/yolo_msgs/lib/python3.12/site-packages/yolo_msgs/msg/_detection_s.c
[36.300s] -- Symlinking: /home/andreas/dev_ws/msauber_stack/install/yolo_msgs/lib/python3.12/site-packages/yolo_msgs/msg/_key_point2_d.py
[36.309s] -- Symlinking: /home/andreas/dev_ws/msauber_stack/install/yolo_msgs/lib/python3.12/site-packages/yolo_msgs/msg/_key_point2_d_array.py
[36.317s] -- Symlinking: /home/andreas/dev_ws/msauber_stack/install/yolo_msgs/lib/python3.12/site-packages/yolo_msgs/msg/_key_point2_d_array_s.c
[36.325s] -- Symlinking: /home/andreas/dev_ws/msauber_stack/install/yolo_msgs/lib/python3.12/site-packages/yolo_msgs/msg/_key_point2_d_s.c
[36.333s] -- Symlinking: /home/andreas/dev_ws/msauber_stack/install/yolo_msgs/lib/python3.12/site-packages/yolo_msgs/msg/_key_point3_d.py
[36.342s] -- Symlinking: /home/andreas/dev_ws/msauber_stack/install/yolo_msgs/lib/python3.12/site-packages/yolo_msgs/msg/_key_point3_d_array.py
[36.350s] -- Symlinking: /home/andreas/dev_ws/msauber_stack/install/yolo_msgs/lib/python3.12/site-packages/yolo_msgs/msg/_key_point3_d_array_s.c
[36.358s] -- Symlinking: /home/andreas/dev_ws/msauber_stack/install/yolo_msgs/lib/python3.12/site-packages/yolo_msgs/msg/_key_point3_d_s.c
[36.368s] -- Symlinking: /home/andreas/dev_ws/msauber_stack/install/yolo_msgs/lib/python3.12/site-packages/yolo_msgs/msg/_mask.py
[36.376s] -- Symlinking: /home/andreas/dev_ws/msauber_stack/install/yolo_msgs/lib/python3.12/site-packages/yolo_msgs/msg/_mask_s.c
[36.384s] -- Symlinking: /home/andreas/dev_ws/msauber_stack/install/yolo_msgs/lib/python3.12/site-packages/yolo_msgs/msg/_point2_d.py
[36.393s] -- Symlinking: /home/andreas/dev_ws/msauber_stack/install/yolo_msgs/lib/python3.12/site-packages/yolo_msgs/msg/_point2_d_s.c
[36.401s] -- Symlinking: /home/andreas/dev_ws/msauber_stack/install/yolo_msgs/lib/python3.12/site-packages/yolo_msgs/msg/_pose2_d.py
[36.410s] -- Symlinking: /home/andreas/dev_ws/msauber_stack/install/yolo_msgs/lib/python3.12/site-packages/yolo_msgs/msg/_pose2_d_s.c
[36.419s] -- Symlinking: /home/andreas/dev_ws/msauber_stack/install/yolo_msgs/lib/python3.12/site-packages/yolo_msgs/msg/_vector2.py
[36.427s] -- Symlinking: /home/andreas/dev_ws/msauber_stack/install/yolo_msgs/lib/python3.12/site-packages/yolo_msgs/msg/_vector2_s.c
[36.435s] -- Symlinking: /home/andreas/dev_ws/msauber_stack/install/yolo_msgs/lib/python3.12/site-packages/yolo_msgs/srv/__init__.py
[36.443s] -- Symlinking: /home/andreas/dev_ws/msauber_stack/install/yolo_msgs/lib/python3.12/site-packages/yolo_msgs/srv/_set_classes.py
[36.451s] -- Symlinking: /home/andreas/dev_ws/msauber_stack/install/yolo_msgs/lib/python3.12/site-packages/yolo_msgs/srv/_set_classes_s.c
[36.459s] -- Symlinking: /home/andreas/dev_ws/msauber_stack/install/yolo_msgs/lib/python3.12/site-packages/yolo_msgs/yolo_msgs_s__rosidl_typesupport_c.so
[36.468s] -- Symlinking: /home/andreas/dev_ws/msauber_stack/install/yolo_msgs/lib/python3.12/site-packages/yolo_msgs/yolo_msgs_s__rosidl_typesupport_fastrtps_c.so
[36.476s] -- Symlinking: /home/andreas/dev_ws/msauber_stack/install/yolo_msgs/lib/python3.12/site-packages/yolo_msgs/yolo_msgs_s__rosidl_typesupport_introspection_c.so
[36.484s] -- Up-to-date symlink: /home/andreas/dev_ws/msauber_stack/install/yolo_msgs/lib/python3.12/site-packages/yolo_msgs/yolo_msgs_s__rosidl_typesupport_fastrtps_c.so
[36.484s] -- Up-to-date symlink: /home/andreas/dev_ws/msauber_stack/install/yolo_msgs/lib/python3.12/site-packages/yolo_msgs/yolo_msgs_s__rosidl_typesupport_introspection_c.so
[36.485s] -- Up-to-date symlink: /home/andreas/dev_ws/msauber_stack/install/yolo_msgs/lib/python3.12/site-packages/yolo_msgs/yolo_msgs_s__rosidl_typesupport_c.so
[36.485s] -- Symlinking: /home/andreas/dev_ws/msauber_stack/install/yolo_msgs/share/yolo_msgs/msg/Point2D.idl
[36.493s] -- Symlinking: /home/andreas/dev_ws/msauber_stack/install/yolo_msgs/share/yolo_msgs/msg/Vector2.idl
[36.502s] -- Symlinking: /home/andreas/dev_ws/msauber_stack/install/yolo_msgs/share/yolo_msgs/msg/Pose2D.idl
[36.510s] -- Symlinking: /home/andreas/dev_ws/msauber_stack/install/yolo_msgs/share/yolo_msgs/msg/BoundingBox2D.idl
[36.517s] -- Symlinking: /home/andreas/dev_ws/msauber_stack/install/yolo_msgs/share/yolo_msgs/msg/BoundingBox3D.idl
[36.525s] -- Symlinking: /home/andreas/dev_ws/msauber_stack/install/yolo_msgs/share/yolo_msgs/msg/Mask.idl
[36.534s] -- Symlinking: /home/andreas/dev_ws/msauber_stack/install/yolo_msgs/share/yolo_msgs/msg/KeyPoint2D.idl
[36.542s] -- Symlinking: /home/andreas/dev_ws/msauber_stack/install/yolo_msgs/share/yolo_msgs/msg/KeyPoint2DArray.idl
[36.550s] -- Symlinking: /home/andreas/dev_ws/msauber_stack/install/yolo_msgs/share/yolo_msgs/msg/KeyPoint3D.idl
[36.558s] -- Symlinking: /home/andreas/dev_ws/msauber_stack/install/yolo_msgs/share/yolo_msgs/msg/KeyPoint3DArray.idl
[36.567s] -- Symlinking: /home/andreas/dev_ws/msauber_stack/install/yolo_msgs/share/yolo_msgs/msg/Detection.idl
[36.576s] -- Symlinking: /home/andreas/dev_ws/msauber_stack/install/yolo_msgs/share/yolo_msgs/msg/DetectionArray.idl
[36.584s] -- Symlinking: /home/andreas/dev_ws/msauber_stack/install/yolo_msgs/share/yolo_msgs/srv/SetClasses.idl
[36.592s] -- Symlinking: /home/andreas/dev_ws/msauber_stack/install/yolo_msgs/share/yolo_msgs/msg/Point2D.msg
[36.600s] -- Symlinking: /home/andreas/dev_ws/msauber_stack/install/yolo_msgs/share/yolo_msgs/msg/Vector2.msg
[36.608s] -- Symlinking: /home/andreas/dev_ws/msauber_stack/install/yolo_msgs/share/yolo_msgs/msg/Pose2D.msg
[36.616s] -- Symlinking: /home/andreas/dev_ws/msauber_stack/install/yolo_msgs/share/yolo_msgs/msg/BoundingBox2D.msg
[36.624s] -- Symlinking: /home/andreas/dev_ws/msauber_stack/install/yolo_msgs/share/yolo_msgs/msg/BoundingBox3D.msg
[36.632s] -- Symlinking: /home/andreas/dev_ws/msauber_stack/install/yolo_msgs/share/yolo_msgs/msg/Mask.msg
[36.641s] -- Symlinking: /home/andreas/dev_ws/msauber_stack/install/yolo_msgs/share/yolo_msgs/msg/KeyPoint2D.msg
[36.649s] -- Symlinking: /home/andreas/dev_ws/msauber_stack/install/yolo_msgs/share/yolo_msgs/msg/KeyPoint2DArray.msg
[36.657s] -- Symlinking: /home/andreas/dev_ws/msauber_stack/install/yolo_msgs/share/yolo_msgs/msg/KeyPoint3D.msg
[36.666s] -- Symlinking: /home/andreas/dev_ws/msauber_stack/install/yolo_msgs/share/yolo_msgs/msg/KeyPoint3DArray.msg
[36.674s] -- Symlinking: /home/andreas/dev_ws/msauber_stack/install/yolo_msgs/share/yolo_msgs/msg/Detection.msg
[36.682s] -- Symlinking: /home/andreas/dev_ws/msauber_stack/install/yolo_msgs/share/yolo_msgs/msg/DetectionArray.msg
[36.691s] -- Symlinking: /home/andreas/dev_ws/msauber_stack/install/yolo_msgs/share/yolo_msgs/srv/SetClasses.srv
[36.699s] -- Symlinking: /home/andreas/dev_ws/msauber_stack/install/yolo_msgs/share/ament_index/resource_index/package_run_dependencies/yolo_msgs
[36.707s] -- Symlinking: /home/andreas/dev_ws/msauber_stack/install/yolo_msgs/share/ament_index/resource_index/parent_prefix_path/yolo_msgs
[36.715s] -- Symlinking: /home/andreas/dev_ws/msauber_stack/install/yolo_msgs/share/yolo_msgs/environment/ament_prefix_path.sh
[36.723s] -- Symlinking: /home/andreas/dev_ws/msauber_stack/install/yolo_msgs/share/yolo_msgs/environment/ament_prefix_path.dsv
[36.731s] -- Symlinking: /home/andreas/dev_ws/msauber_stack/install/yolo_msgs/share/yolo_msgs/environment/path.sh
[36.739s] -- Symlinking: /home/andreas/dev_ws/msauber_stack/install/yolo_msgs/share/yolo_msgs/environment/path.dsv
[36.747s] -- Symlinking: /home/andreas/dev_ws/msauber_stack/install/yolo_msgs/share/yolo_msgs/local_setup.bash
[36.755s] -- Symlinking: /home/andreas/dev_ws/msauber_stack/install/yolo_msgs/share/yolo_msgs/local_setup.sh
[36.764s] -- Symlinking: /home/andreas/dev_ws/msauber_stack/install/yolo_msgs/share/yolo_msgs/local_setup.zsh
[36.773s] -- Symlinking: /home/andreas/dev_ws/msauber_stack/install/yolo_msgs/share/yolo_msgs/local_setup.dsv
[36.781s] -- Symlinking: /home/andreas/dev_ws/msauber_stack/install/yolo_msgs/share/yolo_msgs/package.dsv
[36.789s] -- Symlinking: /home/andreas/dev_ws/msauber_stack/install/yolo_msgs/share/ament_index/resource_index/packages/yolo_msgs
[36.797s] -- Symlinking: /home/andreas/dev_ws/msauber_stack/install/yolo_msgs/share/yolo_msgs/cmake/rosidl_cmake-extras.cmake
[36.805s] -- Symlinking: /home/andreas/dev_ws/msauber_stack/install/yolo_msgs/share/yolo_msgs/cmake/ament_cmake_export_dependencies-extras.cmake
[36.813s] -- Symlinking: /home/andreas/dev_ws/msauber_stack/install/yolo_msgs/share/yolo_msgs/cmake/ament_cmake_export_include_directories-extras.cmake
[36.821s] -- Symlinking: /home/andreas/dev_ws/msauber_stack/install/yolo_msgs/share/yolo_msgs/cmake/ament_cmake_export_libraries-extras.cmake
[36.829s] -- Symlinking: /home/andreas/dev_ws/msauber_stack/install/yolo_msgs/share/yolo_msgs/cmake/ament_cmake_export_targets-extras.cmake
[36.837s] -- Symlinking: /home/andreas/dev_ws/msauber_stack/install/yolo_msgs/share/yolo_msgs/cmake/rosidl_cmake_export_typesupport_targets-extras.cmake
[36.845s] -- Symlinking: /home/andreas/dev_ws/msauber_stack/install/yolo_msgs/share/yolo_msgs/cmake/rosidl_cmake_export_typesupport_libraries-extras.cmake
[36.854s] -- Symlinking: /home/andreas/dev_ws/msauber_stack/install/yolo_msgs/share/yolo_msgs/cmake/yolo_msgsConfig.cmake
[36.862s] -- Symlinking: /home/andreas/dev_ws/msauber_stack/install/yolo_msgs/share/yolo_msgs/cmake/yolo_msgsConfig-version.cmake
[36.871s] -- Symlinking: /home/andreas/dev_ws/msauber_stack/install/yolo_msgs/share/yolo_msgs/package.xml
[36.879s] -- Installing: /home/andreas/dev_ws/msauber_stack/install/yolo_msgs/lib/libyolo_msgs__rosidl_generator_c.so
[36.880s] -- Set non-toolchain portion of runtime path of "/home/andreas/dev_ws/msauber_stack/install/yolo_msgs/lib/libyolo_msgs__rosidl_generator_c.so" to ""
[36.880s] -- Installing: /home/andreas/dev_ws/msauber_stack/install/yolo_msgs/lib/libyolo_msgs__rosidl_typesupport_fastrtps_c.so
[36.880s] -- Set non-toolchain portion of runtime path of "/home/andreas/dev_ws/msauber_stack/install/yolo_msgs/lib/libyolo_msgs__rosidl_typesupport_fastrtps_c.so" to ""
[36.880s] -- Installing: /home/andreas/dev_ws/msauber_stack/install/yolo_msgs/lib/libyolo_msgs__rosidl_typesupport_introspection_c.so
[36.881s] -- Set non-toolchain portion of runtime path of "/home/andreas/dev_ws/msauber_stack/install/yolo_msgs/lib/libyolo_msgs__rosidl_typesupport_introspection_c.so" to ""
[36.881s] -- Installing: /home/andreas/dev_ws/msauber_stack/install/yolo_msgs/lib/libyolo_msgs__rosidl_typesupport_c.so
[36.881s] -- Set non-toolchain portion of runtime path of "/home/andreas/dev_ws/msauber_stack/install/yolo_msgs/lib/libyolo_msgs__rosidl_typesupport_c.so" to ""
[36.881s] -- Installing: /home/andreas/dev_ws/msauber_stack/install/yolo_msgs/lib/libyolo_msgs__rosidl_typesupport_fastrtps_cpp.so
[36.882s] -- Set non-toolchain portion of runtime path of "/home/andreas/dev_ws/msauber_stack/install/yolo_msgs/lib/libyolo_msgs__rosidl_typesupport_fastrtps_cpp.so" to ""
[36.882s] -- Installing: /home/andreas/dev_ws/msauber_stack/install/yolo_msgs/lib/libyolo_msgs__rosidl_typesupport_introspection_cpp.so
[36.883s] -- Set non-toolchain portion of runtime path of "/home/andreas/dev_ws/msauber_stack/install/yolo_msgs/lib/libyolo_msgs__rosidl_typesupport_introspection_cpp.so" to ""
[36.883s] -- Installing: /home/andreas/dev_ws/msauber_stack/install/yolo_msgs/lib/libyolo_msgs__rosidl_typesupport_cpp.so
[36.884s] -- Set non-toolchain portion of runtime path of "/home/andreas/dev_ws/msauber_stack/install/yolo_msgs/lib/libyolo_msgs__rosidl_typesupport_cpp.so" to ""
[36.946s] Listing '/home/andreas/dev_ws/msauber_stack/install/yolo_msgs/lib/python3.12/site-packages/yolo_msgs'...
[36.946s] Compiling '/home/andreas/dev_ws/msauber_stack/install/yolo_msgs/lib/python3.12/site-packages/yolo_msgs/__init__.py'...
[36.946s] Listing '/home/andreas/dev_ws/msauber_stack/install/yolo_msgs/lib/python3.12/site-packages/yolo_msgs/msg'...
[36.946s] Compiling '/home/andreas/dev_ws/msauber_stack/install/yolo_msgs/lib/python3.12/site-packages/yolo_msgs/msg/__init__.py'...
[36.946s] Compiling '/home/andreas/dev_ws/msauber_stack/install/yolo_msgs/lib/python3.12/site-packages/yolo_msgs/msg/_bounding_box2_d.py'...
[36.946s] Compiling '/home/andreas/dev_ws/msauber_stack/install/yolo_msgs/lib/python3.12/site-packages/yolo_msgs/msg/_bounding_box3_d.py'...
[36.946s] Compiling '/home/andreas/dev_ws/msauber_stack/install/yolo_msgs/lib/python3.12/site-packages/yolo_msgs/msg/_detection.py'...
[36.946s] Compiling '/home/andreas/dev_ws/msauber_stack/install/yolo_msgs/lib/python3.12/site-packages/yolo_msgs/msg/_detection_array.py'...
[36.946s] Compiling '/home/andreas/dev_ws/msauber_stack/install/yolo_msgs/lib/python3.12/site-packages/yolo_msgs/msg/_key_point2_d.py'...
[36.946s] Compiling '/home/andreas/dev_ws/msauber_stack/install/yolo_msgs/lib/python3.12/site-packages/yolo_msgs/msg/_key_point2_d_array.py'...
[36.946s] Compiling '/home/andreas/dev_ws/msauber_stack/install/yolo_msgs/lib/python3.12/site-packages/yolo_msgs/msg/_key_point3_d.py'...
[36.946s] Compiling '/home/andreas/dev_ws/msauber_stack/install/yolo_msgs/lib/python3.12/site-packages/yolo_msgs/msg/_key_point3_d_array.py'...
[36.946s] Compiling '/home/andreas/dev_ws/msauber_stack/install/yolo_msgs/lib/python3.12/site-packages/yolo_msgs/msg/_mask.py'...
[36.946s] Compiling '/home/andreas/dev_ws/msauber_stack/install/yolo_msgs/lib/python3.12/site-packages/yolo_msgs/msg/_point2_d.py'...
[36.946s] Compiling '/home/andreas/dev_ws/msauber_stack/install/yolo_msgs/lib/python3.12/site-packages/yolo_msgs/msg/_pose2_d.py'...
[36.947s] Compiling '/home/andreas/dev_ws/msauber_stack/install/yolo_msgs/lib/python3.12/site-packages/yolo_msgs/msg/_vector2.py'...
[36.947s] Listing '/home/andreas/dev_ws/msauber_stack/install/yolo_msgs/lib/python3.12/site-packages/yolo_msgs/srv'...
[36.947s] Compiling '/home/andreas/dev_ws/msauber_stack/install/yolo_msgs/lib/python3.12/site-packages/yolo_msgs/srv/__init__.py'...
[36.947s] Compiling '/home/andreas/dev_ws/msauber_stack/install/yolo_msgs/lib/python3.12/site-packages/yolo_msgs/srv/_set_classes.py'...
[36.951s] -- Installing: /home/andreas/dev_ws/msauber_stack/install/yolo_msgs/lib/libyolo_msgs__rosidl_generator_py.so
[36.952s] -- Set non-toolchain portion of runtime path of "/home/andreas/dev_ws/msauber_stack/install/yolo_msgs/lib/libyolo_msgs__rosidl_generator_py.so" to ""
[36.952s] -- Installing: /home/andreas/dev_ws/msauber_stack/install/yolo_msgs/share/yolo_msgs/cmake/export_yolo_msgs__rosidl_generator_cExport.cmake
[36.952s] -- Installing: /home/andreas/dev_ws/msauber_stack/install/yolo_msgs/share/yolo_msgs/cmake/export_yolo_msgs__rosidl_generator_cExport-noconfig.cmake
[36.952s] -- Installing: /home/andreas/dev_ws/msauber_stack/install/yolo_msgs/share/yolo_msgs/cmake/export_yolo_msgs__rosidl_typesupport_fastrtps_cExport.cmake
[36.952s] -- Installing: /home/andreas/dev_ws/msauber_stack/install/yolo_msgs/share/yolo_msgs/cmake/export_yolo_msgs__rosidl_typesupport_fastrtps_cExport-noconfig.cmake
[36.952s] -- Installing: /home/andreas/dev_ws/msauber_stack/install/yolo_msgs/share/yolo_msgs/cmake/yolo_msgs__rosidl_typesupport_introspection_cExport.cmake
[36.952s] -- Installing: /home/andreas/dev_ws/msauber_stack/install/yolo_msgs/share/yolo_msgs/cmake/yolo_msgs__rosidl_typesupport_introspection_cExport-noconfig.cmake
[36.953s] -- Installing: /home/andreas/dev_ws/msauber_stack/install/yolo_msgs/share/yolo_msgs/cmake/yolo_msgs__rosidl_typesupport_cExport.cmake
[36.953s] -- Installing: /home/andreas/dev_ws/msauber_stack/install/yolo_msgs/share/yolo_msgs/cmake/yolo_msgs__rosidl_typesupport_cExport-noconfig.cmake
[36.953s] -- Installing: /home/andreas/dev_ws/msauber_stack/install/yolo_msgs/share/yolo_msgs/cmake/export_yolo_msgs__rosidl_generator_cppExport.cmake
[36.953s] -- Installing: /home/andreas/dev_ws/msauber_stack/install/yolo_msgs/share/yolo_msgs/cmake/export_yolo_msgs__rosidl_typesupport_fastrtps_cppExport.cmake
[36.953s] -- Installing: /home/andreas/dev_ws/msauber_stack/install/yolo_msgs/share/yolo_msgs/cmake/export_yolo_msgs__rosidl_typesupport_fastrtps_cppExport-noconfig.cmake
[36.953s] -- Installing: /home/andreas/dev_ws/msauber_stack/install/yolo_msgs/share/yolo_msgs/cmake/yolo_msgs__rosidl_typesupport_introspection_cppExport.cmake
[36.953s] -- Installing: /home/andreas/dev_ws/msauber_stack/install/yolo_msgs/share/yolo_msgs/cmake/yolo_msgs__rosidl_typesupport_introspection_cppExport-noconfig.cmake
[36.953s] -- Installing: /home/andreas/dev_ws/msauber_stack/install/yolo_msgs/share/yolo_msgs/cmake/yolo_msgs__rosidl_typesupport_cppExport.cmake
[36.953s] -- Installing: /home/andreas/dev_ws/msauber_stack/install/yolo_msgs/share/yolo_msgs/cmake/yolo_msgs__rosidl_typesupport_cppExport-noconfig.cmake
[36.953s] -- Installing: /home/andreas/dev_ws/msauber_stack/install/yolo_msgs/share/yolo_msgs/cmake/export_yolo_msgs__rosidl_generator_pyExport.cmake
[36.953s] -- Installing: /home/andreas/dev_ws/msauber_stack/install/yolo_msgs/share/yolo_msgs/cmake/export_yolo_msgs__rosidl_generator_pyExport-noconfig.cmake
[36.956s] Invoked command in '/home/andreas/dev_ws/msauber_stack/build/yolo_msgs' returned '0': CMAKE_PREFIX_PATH=${CMAKE_PREFIX_PATH}:/home/andreas/dev_ws/msauber_stack/install/yolo_ros:/home/andreas/dev_ws/msauber_stack/install/msauber_bringup:/home/andreas/dev_ws/msauber_stack/install/msauber_sim:/home/andreas/dev_ws/msauber_stack/install/msauber_perception:/home/andreas/dev_ws/msauber_stack/install/msauber_navigation:/home/andreas/dev_ws/msauber_stack/install/msauber_description:/home/andreas/dev_ws/msauber_stack/install/msauber_control:/opt/ros/jazzy DEBUGINFOD_URLS=https://debuginfod.ubuntu.com PS1=(my_py_venv) %m%# VIRTUAL_ENV_PROMPT=(my_py_venv) /usr/bin/cmake --install /home/andreas/dev_ws/msauber_stack/build/yolo_msgs
