[5.303s] Invoking command in '/home/andreas/dev_ws/msauber_stack/build/msauber_perception': DEBUGINFOD_URLS=https://debuginfod.ubuntu.com PS1=(my_py_venv) %m%# PYTHONPATH=/home/andreas/dev_ws/msauber_stack/build/msauber_perception/prefix_override:/usr/lib/python3/dist-packages/colcon_core/task/python/colcon_distutils_commands:/home/andreas/dev_ws/msauber_stack/install/msauber_perception/lib/python3.12/site-packages:${PYTHONPATH} VIRTUAL_ENV_PROMPT=(my_py_venv) /usr/bin/python3 -W ignore:setup.py install is deprecated -W ignore:easy_install command is deprecated setup.py develop --editable --build-directory /home/andreas/dev_ws/msauber_stack/build/msauber_perception/build --no-deps symlink_data
[6.924s] running develop
[8.376s] running egg_info
[8.380s] creating msauber_perception.egg-info
[8.510s] writing msauber_perception.egg-info/PKG-INFO
[8.512s] writing dependency_links to msauber_perception.egg-info/dependency_links.txt
[8.513s] writing entry points to msauber_perception.egg-info/entry_points.txt
[8.514s] writing requirements to msauber_perception.egg-info/requires.txt
[8.515s] writing top-level names to msauber_perception.egg-info/top_level.txt
[8.518s] writing manifest file 'msauber_perception.egg-info/SOURCES.txt'
[8.824s] reading manifest file 'msauber_perception.egg-info/SOURCES.txt'
[8.826s] writing manifest file 'msauber_perception.egg-info/SOURCES.txt'
[8.946s] running build_ext
[8.948s] Creating /home/andreas/dev_ws/msauber_stack/install/msauber_perception/lib/python3.12/site-packages/msauber-perception.egg-link (link to .)
[8.948s] Installing cone_detection_node script to /home/andreas/dev_ws/msauber_stack/install/msauber_perception/lib/msauber_perception
[8.949s] 
[8.949s] Installed /home/andreas/dev_ws/msauber_stack/build/msauber_perception
[8.950s] running symlink_data
[8.950s] creating /home/andreas/dev_ws/msauber_stack/install/msauber_perception/share/ament_index
[8.951s] creating /home/andreas/dev_ws/msauber_stack/install/msauber_perception/share/ament_index/resource_index
[8.951s] creating /home/andreas/dev_ws/msauber_stack/install/msauber_perception/share/ament_index/resource_index/packages
[8.953s] symbolically linking /home/andreas/dev_ws/msauber_stack/build/msauber_perception/resource/msauber_perception -> /home/andreas/dev_ws/msauber_stack/install/msauber_perception/share/ament_index/resource_index/packages
[8.953s] symbolically linking /home/andreas/dev_ws/msauber_stack/build/msauber_perception/package.xml -> /home/andreas/dev_ws/msauber_stack/install/msauber_perception/share/msauber_perception
[8.953s] creating /home/andreas/dev_ws/msauber_stack/install/msauber_perception/share/msauber_perception/launch
[8.954s] symbolically linking /home/andreas/dev_ws/msauber_stack/build/msauber_perception/launch/perception.launch.py -> /home/andreas/dev_ws/msauber_stack/install/msauber_perception/share/msauber_perception/launch
[8.954s] symbolically linking /home/andreas/dev_ws/msauber_stack/build/msauber_perception/launch/yolo_bringup.launch.py -> /home/andreas/dev_ws/msauber_stack/install/msauber_perception/share/msauber_perception/launch
[8.954s] creating /home/andreas/dev_ws/msauber_stack/install/msauber_perception/share/msauber_perception/config
[8.954s] symbolically linking /home/andreas/dev_ws/msauber_stack/build/msauber_perception/config/perception.yaml -> /home/andreas/dev_ws/msauber_stack/install/msauber_perception/share/msauber_perception/config
[8.955s] symbolically linking /home/andreas/dev_ws/msauber_stack/build/msauber_perception/config/yolo.yaml -> /home/andreas/dev_ws/msauber_stack/install/msauber_perception/share/msauber_perception/config
[8.959s] creating /home/andreas/dev_ws/msauber_stack/install/msauber_perception/share/msauber_perception/models
[8.959s] symbolically linking /home/andreas/dev_ws/msauber_stack/build/msauber_perception/models/cones_v1.pt -> /home/andreas/dev_ws/msauber_stack/install/msauber_perception/share/msauber_perception/models
[8.960s] symbolically linking /home/andreas/dev_ws/msauber_stack/build/msauber_perception/models/yolov8n.pt -> /home/andreas/dev_ws/msauber_stack/install/msauber_perception/share/msauber_perception/models
[9.027s] Invoked command in '/home/andreas/dev_ws/msauber_stack/build/msauber_perception' returned '0': DEBUGINFOD_URLS=https://debuginfod.ubuntu.com PS1=(my_py_venv) %m%# PYTHONPATH=/home/andreas/dev_ws/msauber_stack/build/msauber_perception/prefix_override:/usr/lib/python3/dist-packages/colcon_core/task/python/colcon_distutils_commands:/home/andreas/dev_ws/msauber_stack/install/msauber_perception/lib/python3.12/site-packages:${PYTHONPATH} VIRTUAL_ENV_PROMPT=(my_py_venv) /usr/bin/python3 -W ignore:setup.py install is deprecated -W ignore:easy_install command is deprecated setup.py develop --editable --build-directory /home/andreas/dev_ws/msauber_stack/build/msauber_perception/build --no-deps symlink_data
