[0.030s] Invoking command in '/home/andreas/dev_ws/msauber_stack/build/yolo_msgs': CMAKE_PREFIX_PATH=${CMAKE_PREFIX_PATH}:/home/andreas/dev_ws/msauber_stack/install/yolo_ros:/home/andreas/dev_ws/msauber_stack/install/msauber_bringup:/home/andreas/dev_ws/msauber_stack/install/msauber_sim:/home/andreas/dev_ws/msauber_stack/install/msauber_perception:/home/andreas/dev_ws/msauber_stack/install/msauber_navigation:/home/andreas/dev_ws/msauber_stack/install/msauber_description:/home/andreas/dev_ws/msauber_stack/install/msauber_control:/opt/ros/jazzy DEBUGINFOD_URLS=https://debuginfod.ubuntu.com PS1=(my_py_venv) %m%# VIRTUAL_ENV_PROMPT=(my_py_venv) /usr/bin/cmake /home/andreas/dev_ws/msauber_stack/src/yolo_ros/yolo_msgs -DAMENT_CMAKE_SYMLINK_INSTALL=1 -DCMAKE_INSTALL_PREFIX=/home/andreas/dev_ws/msauber_stack/install/yolo_msgs
[0.952s] -- The C compiler identification is GNU 13.3.0
[0.952s] -- The CXX compiler identification is GNU 13.3.0
[0.952s] -- Detecting C compiler ABI info
[0.952s] -- Detecting C compiler ABI info - done
[0.952s] -- Check for working C compiler: /usr/bin/cc - skipped
[0.952s] -- Detecting C compile features
[0.952s] -- Detecting C compile features - done
[0.952s] -- Detecting CXX compiler ABI info
[0.952s] -- Detecting CXX compiler ABI info - done
[0.953s] -- Check for working CXX compiler: /usr/bin/c++ - skipped
[0.953s] -- Detecting CXX compile features
[0.953s] -- Detecting CXX compile features - done
[0.953s] -- Found ament_cmake: 2.5.5 (/opt/ros/jazzy/share/ament_cmake/cmake)
[0.953s] -- Found Python3: /home/andreas/my_py_venv/bin/python3 (found version "3.12.3") found components: Interpreter 
[0.953s] -- Override CMake install command with custom implementation using symlinks instead of copying resources
[0.953s] -- Found rosidl_default_generators: 1.6.0 (/opt/ros/jazzy/share/rosidl_default_generators/cmake)
[0.953s] -- Using all available rosidl_typesupport_c: rosidl_typesupport_fastrtps_c;rosidl_typesupport_introspection_c
[0.953s] -- Using all available rosidl_typesupport_cpp: rosidl_typesupport_fastrtps_cpp;rosidl_typesupport_introspection_cpp
[0.953s] -- Found rosidl_adapter: 4.6.7 (/opt/ros/jazzy/share/rosidl_adapter/cmake)
[0.953s] -- Found std_msgs: 5.3.6 (/opt/ros/jazzy/share/std_msgs/cmake)
[0.953s] -- Found geometry_msgs: 5.3.6 (/opt/ros/jazzy/share/geometry_msgs/cmake)
[1.487s] -- Found ament_cmake_ros: 0.12.0 (/opt/ros/jazzy/share/ament_cmake_ros/cmake)
[2.074s] -- Using all available rosidl_typesupport_c: rosidl_typesupport_fastrtps_c;rosidl_typesupport_introspection_c
[3.088s] -- Using all available rosidl_typesupport_cpp: rosidl_typesupport_fastrtps_cpp;rosidl_typesupport_introspection_cpp
[3.094s] -- Found python_cmake_module: 0.11.1 (/opt/ros/jazzy/share/python_cmake_module/cmake)
[3.312s] -- Found PythonExtra: /home/andreas/my_py_venv/bin/python3  
[3.855s] -- Found Python3: /home/andreas/my_py_venv/bin/python3 (found version "3.12.3") found components: Interpreter Development NumPy Development.Module Development.Embed 
[3.941s] -- Configuring done (3.9s)
[4.022s] -- Generating done (0.1s)
[4.036s] -- Build files have been written to: /home/andreas/dev_ws/msauber_stack/build/yolo_msgs
[4.206s] Invoked command in '/home/andreas/dev_ws/msauber_stack/build/yolo_msgs' returned '0': CMAKE_PREFIX_PATH=${CMAKE_PREFIX_PATH}:/home/andreas/dev_ws/msauber_stack/install/yolo_ros:/home/andreas/dev_ws/msauber_stack/install/msauber_bringup:/home/andreas/dev_ws/msauber_stack/install/msauber_sim:/home/andreas/dev_ws/msauber_stack/install/msauber_perception:/home/andreas/dev_ws/msauber_stack/install/msauber_navigation:/home/andreas/dev_ws/msauber_stack/install/msauber_description:/home/andreas/dev_ws/msauber_stack/install/msauber_control:/opt/ros/jazzy DEBUGINFOD_URLS=https://debuginfod.ubuntu.com PS1=(my_py_venv) %m%# VIRTUAL_ENV_PROMPT=(my_py_venv) /usr/bin/cmake /home/andreas/dev_ws/msauber_stack/src/yolo_ros/yolo_msgs -DAMENT_CMAKE_SYMLINK_INSTALL=1 -DCMAKE_INSTALL_PREFIX=/home/andreas/dev_ws/msauber_stack/install/yolo_msgs
[4.207s] Invoking command in '/home/andreas/dev_ws/msauber_stack/build/yolo_msgs': CMAKE_PREFIX_PATH=${CMAKE_PREFIX_PATH}:/home/andreas/dev_ws/msauber_stack/install/yolo_ros:/home/andreas/dev_ws/msauber_stack/install/msauber_bringup:/home/andreas/dev_ws/msauber_stack/install/msauber_sim:/home/andreas/dev_ws/msauber_stack/install/msauber_perception:/home/andreas/dev_ws/msauber_stack/install/msauber_navigation:/home/andreas/dev_ws/msauber_stack/install/msauber_description:/home/andreas/dev_ws/msauber_stack/install/msauber_control:/opt/ros/jazzy DEBUGINFOD_URLS=https://debuginfod.ubuntu.com PS1=(my_py_venv) %m%# VIRTUAL_ENV_PROMPT=(my_py_venv) /usr/bin/cmake --build /home/andreas/dev_ws/msauber_stack/build/yolo_msgs -- -j8 -l8
[4.255s] [  0%] [34m[1mGenerating type hashes for ROS interfaces[0m
[4.261s] [  0%] Built target ament_cmake_python_symlink_yolo_msgs
[4.420s] running egg_info
[4.420s] creating yolo_msgs.egg-info
[4.435s] writing yolo_msgs.egg-info/PKG-INFO
[4.435s] writing dependency_links to yolo_msgs.egg-info/dependency_links.txt
[4.435s] writing top-level names to yolo_msgs.egg-info/top_level.txt
[4.436s] writing manifest file 'yolo_msgs.egg-info/SOURCES.txt'
[4.476s] reading manifest file 'yolo_msgs.egg-info/SOURCES.txt'
[4.476s] writing manifest file 'yolo_msgs.egg-info/SOURCES.txt'
[4.495s] [  0%] Built target ament_cmake_python_build_yolo_msgs_egg
[4.753s] [  0%] Built target yolo_msgs__rosidl_generator_type_description
[4.761s] [  0%] [34m[1mGenerating C code for ROS interfaces[0m
[4.768s] [  0%] [34m[1mGenerating C++ code for ROS interfaces[0m
[5.805s] [  0%] Built target yolo_msgs__cpp
[6.094s] [  3%] [32mBuilding C object CMakeFiles/yolo_msgs__rosidl_generator_c.dir/rosidl_generator_c/yolo_msgs/msg/detail/point2_d__type_support.c.o[0m
[6.094s] [  3%] [32mBuilding C object CMakeFiles/yolo_msgs__rosidl_generator_c.dir/rosidl_generator_c/yolo_msgs/msg/detail/point2_d__description.c.o[0m
[6.094s] [  4%] [32mBuilding C object CMakeFiles/yolo_msgs__rosidl_generator_c.dir/rosidl_generator_c/yolo_msgs/msg/detail/vector2__functions.c.o[0m
[6.094s] [  4%] [32mBuilding C object CMakeFiles/yolo_msgs__rosidl_generator_c.dir/rosidl_generator_c/yolo_msgs/msg/detail/vector2__type_support.c.o[0m
[6.094s] [  3%] [32mBuilding C object CMakeFiles/yolo_msgs__rosidl_generator_c.dir/rosidl_generator_c/yolo_msgs/msg/detail/vector2__description.c.o[0m
[6.094s] [  5%] [32mBuilding C object CMakeFiles/yolo_msgs__rosidl_generator_c.dir/rosidl_generator_c/yolo_msgs/msg/detail/pose2_d__description.c.o[0m
[6.094s] [  6%] [32mBuilding C object CMakeFiles/yolo_msgs__rosidl_generator_c.dir/rosidl_generator_c/yolo_msgs/msg/detail/pose2_d__functions.c.o[0m
[6.095s] [  3%] [32mBuilding C object CMakeFiles/yolo_msgs__rosidl_generator_c.dir/rosidl_generator_c/yolo_msgs/msg/detail/point2_d__functions.c.o[0m
[6.133s] [  6%] [32mBuilding C object CMakeFiles/yolo_msgs__rosidl_generator_c.dir/rosidl_generator_c/yolo_msgs/msg/detail/pose2_d__type_support.c.o[0m
[6.134s] [  7%] [32mBuilding C object CMakeFiles/yolo_msgs__rosidl_generator_c.dir/rosidl_generator_c/yolo_msgs/msg/detail/bounding_box2_d__description.c.o[0m
[6.145s] [  8%] [32mBuilding C object CMakeFiles/yolo_msgs__rosidl_generator_c.dir/rosidl_generator_c/yolo_msgs/msg/detail/bounding_box2_d__functions.c.o[0m
[6.145s] [  9%] [32mBuilding C object CMakeFiles/yolo_msgs__rosidl_generator_c.dir/rosidl_generator_c/yolo_msgs/msg/detail/bounding_box3_d__description.c.o[0m
[6.146s] [  9%] [32mBuilding C object CMakeFiles/yolo_msgs__rosidl_generator_c.dir/rosidl_generator_c/yolo_msgs/msg/detail/bounding_box2_d__type_support.c.o[0m
[6.157s] [ 10%] [32mBuilding C object CMakeFiles/yolo_msgs__rosidl_generator_c.dir/rosidl_generator_c/yolo_msgs/msg/detail/bounding_box3_d__functions.c.o[0m
[6.158s] [ 10%] [32mBuilding C object CMakeFiles/yolo_msgs__rosidl_generator_c.dir/rosidl_generator_c/yolo_msgs/msg/detail/bounding_box3_d__type_support.c.o[0m
[6.161s] [ 11%] [32mBuilding C object CMakeFiles/yolo_msgs__rosidl_generator_c.dir/rosidl_generator_c/yolo_msgs/msg/detail/mask__description.c.o[0m
[6.164s] [ 11%] [32mBuilding C object CMakeFiles/yolo_msgs__rosidl_generator_c.dir/rosidl_generator_c/yolo_msgs/msg/detail/mask__functions.c.o[0m
[6.176s] [ 12%] [32mBuilding C object CMakeFiles/yolo_msgs__rosidl_generator_c.dir/rosidl_generator_c/yolo_msgs/msg/detail/mask__type_support.c.o[0m
[6.181s] [ 13%] [32mBuilding C object CMakeFiles/yolo_msgs__rosidl_generator_c.dir/rosidl_generator_c/yolo_msgs/msg/detail/key_point2_d__description.c.o[0m
[6.190s] [ 13%] [32mBuilding C object CMakeFiles/yolo_msgs__rosidl_generator_c.dir/rosidl_generator_c/yolo_msgs/msg/detail/key_point2_d__functions.c.o[0m
[6.193s] [ 14%] [32mBuilding C object CMakeFiles/yolo_msgs__rosidl_generator_c.dir/rosidl_generator_c/yolo_msgs/msg/detail/key_point2_d__type_support.c.o[0m
[6.195s] [ 15%] [32mBuilding C object CMakeFiles/yolo_msgs__rosidl_generator_c.dir/rosidl_generator_c/yolo_msgs/msg/detail/key_point2_d_array__description.c.o[0m
[6.205s] [ 15%] [32mBuilding C object CMakeFiles/yolo_msgs__rosidl_generator_c.dir/rosidl_generator_c/yolo_msgs/msg/detail/key_point2_d_array__functions.c.o[0m
[6.208s] [ 16%] [32mBuilding C object CMakeFiles/yolo_msgs__rosidl_generator_c.dir/rosidl_generator_c/yolo_msgs/msg/detail/key_point2_d_array__type_support.c.o[0m
[6.214s] [ 17%] [32mBuilding C object CMakeFiles/yolo_msgs__rosidl_generator_c.dir/rosidl_generator_c/yolo_msgs/msg/detail/key_point3_d__description.c.o[0m
[6.217s] [ 17%] [32mBuilding C object CMakeFiles/yolo_msgs__rosidl_generator_c.dir/rosidl_generator_c/yolo_msgs/msg/detail/key_point3_d__functions.c.o[0m
[6.224s] [ 18%] [32mBuilding C object CMakeFiles/yolo_msgs__rosidl_generator_c.dir/rosidl_generator_c/yolo_msgs/msg/detail/key_point3_d__type_support.c.o[0m
[6.227s] [ 19%] [32mBuilding C object CMakeFiles/yolo_msgs__rosidl_generator_c.dir/rosidl_generator_c/yolo_msgs/msg/detail/key_point3_d_array__description.c.o[0m
[6.240s] [ 19%] [32mBuilding C object CMakeFiles/yolo_msgs__rosidl_generator_c.dir/rosidl_generator_c/yolo_msgs/msg/detail/key_point3_d_array__functions.c.o[0m
[6.242s] [ 20%] [32mBuilding C object CMakeFiles/yolo_msgs__rosidl_generator_c.dir/rosidl_generator_c/yolo_msgs/msg/detail/detection__description.c.o[0m
[6.242s] [ 21%] [32mBuilding C object CMakeFiles/yolo_msgs__rosidl_generator_c.dir/rosidl_generator_c/yolo_msgs/msg/detail/key_point3_d_array__type_support.c.o[0m
[6.260s] [ 21%] [32mBuilding C object CMakeFiles/yolo_msgs__rosidl_generator_c.dir/rosidl_generator_c/yolo_msgs/msg/detail/detection__functions.c.o[0m
[6.260s] [ 22%] [32mBuilding C object CMakeFiles/yolo_msgs__rosidl_generator_c.dir/rosidl_generator_c/yolo_msgs/msg/detail/detection__type_support.c.o[0m
[6.267s] [ 23%] [32mBuilding C object CMakeFiles/yolo_msgs__rosidl_generator_c.dir/rosidl_generator_c/yolo_msgs/msg/detail/detection_array__description.c.o[0m
[6.271s] [ 23%] [32mBuilding C object CMakeFiles/yolo_msgs__rosidl_generator_c.dir/rosidl_generator_c/yolo_msgs/msg/detail/detection_array__functions.c.o[0m
[6.271s] [ 24%] [32mBuilding C object CMakeFiles/yolo_msgs__rosidl_generator_c.dir/rosidl_generator_c/yolo_msgs/msg/detail/detection_array__type_support.c.o[0m
[6.274s] [ 24%] [32mBuilding C object CMakeFiles/yolo_msgs__rosidl_generator_c.dir/rosidl_generator_c/yolo_msgs/srv/detail/set_classes__description.c.o[0m
[6.294s] [ 25%] [32mBuilding C object CMakeFiles/yolo_msgs__rosidl_generator_c.dir/rosidl_generator_c/yolo_msgs/srv/detail/set_classes__functions.c.o[0m
[6.295s] [ 26%] [32mBuilding C object CMakeFiles/yolo_msgs__rosidl_generator_c.dir/rosidl_generator_c/yolo_msgs/srv/detail/set_classes__type_support.c.o[0m
[6.353s] [ 26%] [32m[1mLinking C shared library libyolo_msgs__rosidl_generator_c.so[0m
[6.384s] [ 26%] Built target yolo_msgs__rosidl_generator_c
[6.392s] [ 26%] [34m[1mGenerating C type support for eProsima Fast-RTPS[0m
[6.392s] [ 27%] [34m[1mGenerating C++ introspection for ROS interfaces[0m
[6.392s] [ 28%] [34m[1mGenerating C++ type support dispatch for ROS interfaces[0m
[6.393s] [ 29%] [34m[1mGenerating C type support dispatch for ROS interfaces[0m
[6.394s] [ 30%] [34m[1mGenerating C introspection for ROS interfaces[0m
[6.394s] [ 31%] [34m[1mGenerating C++ type support for eProsima Fast-RTPS[0m
[7.311s] [ 32%] [32mBuilding CXX object CMakeFiles/yolo_msgs__rosidl_typesupport_c.dir/rosidl_typesupport_c/yolo_msgs/msg/point2_d__type_support.cpp.o[0m
[7.311s] [ 33%] [32mBuilding CXX object CMakeFiles/yolo_msgs__rosidl_typesupport_c.dir/rosidl_typesupport_c/yolo_msgs/msg/vector2__type_support.cpp.o[0m
[7.311s] [ 33%] [32mBuilding CXX object CMakeFiles/yolo_msgs__rosidl_typesupport_c.dir/rosidl_typesupport_c/yolo_msgs/msg/pose2_d__type_support.cpp.o[0m
[7.364s] [ 33%] [32mBuilding CXX object CMakeFiles/yolo_msgs__rosidl_typesupport_c.dir/rosidl_typesupport_c/yolo_msgs/msg/bounding_box2_d__type_support.cpp.o[0m
[7.365s] [ 34%] [32mBuilding CXX object CMakeFiles/yolo_msgs__rosidl_typesupport_c.dir/rosidl_typesupport_c/yolo_msgs/msg/bounding_box3_d__type_support.cpp.o[0m
[7.367s] [ 35%] [32mBuilding CXX object CMakeFiles/yolo_msgs__rosidl_typesupport_c.dir/rosidl_typesupport_c/yolo_msgs/msg/mask__type_support.cpp.o[0m
[7.416s] [ 35%] [32mBuilding CXX object CMakeFiles/yolo_msgs__rosidl_typesupport_c.dir/rosidl_typesupport_c/yolo_msgs/msg/key_point2_d__type_support.cpp.o[0m
[7.425s] [ 36%] [32mBuilding CXX object CMakeFiles/yolo_msgs__rosidl_typesupport_c.dir/rosidl_typesupport_c/yolo_msgs/msg/key_point2_d_array__type_support.cpp.o[0m
[7.425s] [ 37%] [32mBuilding CXX object CMakeFiles/yolo_msgs__rosidl_typesupport_c.dir/rosidl_typesupport_c/yolo_msgs/msg/key_point3_d__type_support.cpp.o[0m
[7.467s] [ 37%] [32mBuilding CXX object CMakeFiles/yolo_msgs__rosidl_typesupport_c.dir/rosidl_typesupport_c/yolo_msgs/msg/key_point3_d_array__type_support.cpp.o[0m
[7.477s] [ 38%] [32mBuilding CXX object CMakeFiles/yolo_msgs__rosidl_typesupport_c.dir/rosidl_typesupport_c/yolo_msgs/msg/detection__type_support.cpp.o[0m
[7.479s] [ 39%] [32mBuilding CXX object CMakeFiles/yolo_msgs__rosidl_typesupport_c.dir/rosidl_typesupport_c/yolo_msgs/msg/detection_array__type_support.cpp.o[0m
[7.515s] [ 39%] [32mBuilding CXX object CMakeFiles/yolo_msgs__rosidl_typesupport_c.dir/rosidl_typesupport_c/yolo_msgs/srv/set_classes__type_support.cpp.o[0m
[7.554s] [ 40%] [32m[1mLinking CXX shared library libyolo_msgs__rosidl_typesupport_c.so[0m
[7.604s] [ 40%] Built target yolo_msgs__rosidl_typesupport_c
[7.605s] [ 40%] [32mBuilding CXX object CMakeFiles/yolo_msgs__rosidl_typesupport_cpp.dir/rosidl_typesupport_cpp/yolo_msgs/msg/point2_d__type_support.cpp.o[0m
[7.605s] [ 42%] [32mBuilding CXX object CMakeFiles/yolo_msgs__rosidl_typesupport_cpp.dir/rosidl_typesupport_cpp/yolo_msgs/msg/pose2_d__type_support.cpp.o[0m
[7.605s] [ 42%] [32mBuilding CXX object CMakeFiles/yolo_msgs__rosidl_typesupport_cpp.dir/rosidl_typesupport_cpp/yolo_msgs/msg/vector2__type_support.cpp.o[0m
[7.614s] [ 42%] [32mBuilding CXX object CMakeFiles/yolo_msgs__rosidl_typesupport_cpp.dir/rosidl_typesupport_cpp/yolo_msgs/msg/bounding_box2_d__type_support.cpp.o[0m
[7.980s] [ 43%] [32mBuilding CXX object CMakeFiles/yolo_msgs__rosidl_typesupport_cpp.dir/rosidl_typesupport_cpp/yolo_msgs/msg/bounding_box3_d__type_support.cpp.o[0m
[7.999s] [ 43%] [32mBuilding CXX object CMakeFiles/yolo_msgs__rosidl_typesupport_cpp.dir/rosidl_typesupport_cpp/yolo_msgs/msg/mask__type_support.cpp.o[0m
[8.003s] [ 44%] [32mBuilding CXX object CMakeFiles/yolo_msgs__rosidl_typesupport_cpp.dir/rosidl_typesupport_cpp/yolo_msgs/msg/key_point2_d__type_support.cpp.o[0m
[8.009s] [ 45%] [32mBuilding CXX object CMakeFiles/yolo_msgs__rosidl_typesupport_cpp.dir/rosidl_typesupport_cpp/yolo_msgs/msg/key_point2_d_array__type_support.cpp.o[0m
[8.017s] [ 45%] [32mBuilding CXX object CMakeFiles/yolo_msgs__rosidl_typesupport_introspection_cpp.dir/rosidl_typesupport_introspection_cpp/yolo_msgs/msg/detail/point2_d__type_support.cpp.o[0m
[8.026s] [ 45%] [32mBuilding C object CMakeFiles/yolo_msgs__rosidl_typesupport_introspection_c.dir/rosidl_typesupport_introspection_c/yolo_msgs/msg/detail/point2_d__type_support.c.o[0m
[8.070s] [ 46%] [32mBuilding C object CMakeFiles/yolo_msgs__rosidl_typesupport_introspection_c.dir/rosidl_typesupport_introspection_c/yolo_msgs/msg/detail/vector2__type_support.c.o[0m
[8.114s] [ 47%] [32mBuilding C object CMakeFiles/yolo_msgs__rosidl_typesupport_introspection_c.dir/rosidl_typesupport_introspection_c/yolo_msgs/msg/detail/pose2_d__type_support.c.o[0m
[8.155s] [ 47%] [32mBuilding C object CMakeFiles/yolo_msgs__rosidl_typesupport_introspection_c.dir/rosidl_typesupport_introspection_c/yolo_msgs/msg/detail/bounding_box2_d__type_support.c.o[0m
[8.195s] [ 48%] [32mBuilding C object CMakeFiles/yolo_msgs__rosidl_typesupport_introspection_c.dir/rosidl_typesupport_introspection_c/yolo_msgs/msg/detail/bounding_box3_d__type_support.c.o[0m
[8.238s] [ 49%] [32mBuilding C object CMakeFiles/yolo_msgs__rosidl_typesupport_introspection_c.dir/rosidl_typesupport_introspection_c/yolo_msgs/msg/detail/mask__type_support.c.o[0m
[8.284s] [ 49%] [32mBuilding C object CMakeFiles/yolo_msgs__rosidl_typesupport_introspection_c.dir/rosidl_typesupport_introspection_c/yolo_msgs/msg/detail/key_point2_d__type_support.c.o[0m
[8.328s] [ 50%] [32mBuilding C object CMakeFiles/yolo_msgs__rosidl_typesupport_introspection_c.dir/rosidl_typesupport_introspection_c/yolo_msgs/msg/detail/key_point2_d_array__type_support.c.o[0m
[8.339s] [ 51%] [32mBuilding CXX object CMakeFiles/yolo_msgs__rosidl_typesupport_fastrtps_c.dir/rosidl_typesupport_fastrtps_c/yolo_msgs/msg/detail/point2_d__type_support_c.cpp.o[0m
[8.340s] [ 52%] [32mBuilding C object CMakeFiles/yolo_msgs__rosidl_typesupport_introspection_c.dir/rosidl_typesupport_introspection_c/yolo_msgs/msg/detail/key_point3_d__type_support.c.o[0m
[8.354s] [ 53%] [32mBuilding CXX object CMakeFiles/yolo_msgs__rosidl_typesupport_fastrtps_c.dir/rosidl_typesupport_fastrtps_c/yolo_msgs/msg/detail/vector2__type_support_c.cpp.o[0m
[8.371s] [ 53%] [32mBuilding CXX object CMakeFiles/yolo_msgs__rosidl_typesupport_fastrtps_c.dir/rosidl_typesupport_fastrtps_c/yolo_msgs/msg/detail/pose2_d__type_support_c.cpp.o[0m
[8.373s] [ 55%] [32mBuilding CXX object CMakeFiles/yolo_msgs__rosidl_typesupport_fastrtps_c.dir/rosidl_typesupport_fastrtps_c/yolo_msgs/msg/detail/bounding_box2_d__type_support_c.cpp.o[0m
[8.373s] [ 55%] [32mBuilding CXX object CMakeFiles/yolo_msgs__rosidl_typesupport_fastrtps_cpp.dir/rosidl_typesupport_fastrtps_cpp/yolo_msgs/msg/detail/dds_fastrtps/point2_d__type_support.cpp.o[0m
[8.373s] [ 55%] [32mBuilding CXX object CMakeFiles/yolo_msgs__rosidl_typesupport_cpp.dir/rosidl_typesupport_cpp/yolo_msgs/msg/key_point3_d__type_support.cpp.o[0m
[8.378s] [ 56%] [32mBuilding CXX object CMakeFiles/yolo_msgs__rosidl_typesupport_introspection_cpp.dir/rosidl_typesupport_introspection_cpp/yolo_msgs/msg/detail/vector2__type_support.cpp.o[0m
[8.382s] [ 56%] [32mBuilding C object CMakeFiles/yolo_msgs__rosidl_typesupport_introspection_c.dir/rosidl_typesupport_introspection_c/yolo_msgs/msg/detail/key_point3_d_array__type_support.c.o[0m
[8.426s] [ 57%] [32mBuilding C object CMakeFiles/yolo_msgs__rosidl_typesupport_introspection_c.dir/rosidl_typesupport_introspection_c/yolo_msgs/msg/detail/detection__type_support.c.o[0m
[8.481s] [ 58%] [32mBuilding C object CMakeFiles/yolo_msgs__rosidl_typesupport_introspection_c.dir/rosidl_typesupport_introspection_c/yolo_msgs/msg/detail/detection_array__type_support.c.o[0m
[8.536s] [ 58%] [32mBuilding C object CMakeFiles/yolo_msgs__rosidl_typesupport_introspection_c.dir/rosidl_typesupport_introspection_c/yolo_msgs/srv/detail/set_classes__type_support.c.o[0m
[8.598s] [ 59%] [32m[1mLinking C shared library libyolo_msgs__rosidl_typesupport_introspection_c.so[0m
[8.646s] [ 59%] Built target yolo_msgs__rosidl_typesupport_introspection_c
[8.658s] [ 59%] [32mBuilding CXX object CMakeFiles/yolo_msgs__rosidl_typesupport_fastrtps_cpp.dir/rosidl_typesupport_fastrtps_cpp/yolo_msgs/msg/detail/dds_fastrtps/vector2__type_support.cpp.o[0m
[8.731s] [ 60%] [32mBuilding CXX object CMakeFiles/yolo_msgs__rosidl_typesupport_cpp.dir/rosidl_typesupport_cpp/yolo_msgs/msg/key_point3_d_array__type_support.cpp.o[0m
[8.738s] [ 60%] [32mBuilding CXX object CMakeFiles/yolo_msgs__rosidl_typesupport_introspection_cpp.dir/rosidl_typesupport_introspection_cpp/yolo_msgs/msg/detail/pose2_d__type_support.cpp.o[0m
[8.881s] [ 61%] [32mBuilding CXX object CMakeFiles/yolo_msgs__rosidl_typesupport_introspection_cpp.dir/rosidl_typesupport_introspection_cpp/yolo_msgs/msg/detail/bounding_box2_d__type_support.cpp.o[0m
[8.883s] [ 62%] [32mBuilding CXX object CMakeFiles/yolo_msgs__rosidl_typesupport_introspection_cpp.dir/rosidl_typesupport_introspection_cpp/yolo_msgs/msg/detail/bounding_box3_d__type_support.cpp.o[0m
[8.892s] [ 63%] [32mBuilding CXX object CMakeFiles/yolo_msgs__rosidl_typesupport_fastrtps_cpp.dir/rosidl_typesupport_fastrtps_cpp/yolo_msgs/msg/detail/dds_fastrtps/pose2_d__type_support.cpp.o[0m
[8.904s] [ 64%] [32mBuilding CXX object CMakeFiles/yolo_msgs__rosidl_typesupport_fastrtps_c.dir/rosidl_typesupport_fastrtps_c/yolo_msgs/msg/detail/bounding_box3_d__type_support_c.cpp.o[0m
[8.906s] [ 65%] [32mBuilding CXX object CMakeFiles/yolo_msgs__rosidl_typesupport_cpp.dir/rosidl_typesupport_cpp/yolo_msgs/msg/detection__type_support.cpp.o[0m
[9.079s] [ 65%] [32mBuilding CXX object CMakeFiles/yolo_msgs__rosidl_typesupport_introspection_cpp.dir/rosidl_typesupport_introspection_cpp/yolo_msgs/msg/detail/mask__type_support.cpp.o[0m
[9.090s] [ 66%] [32mBuilding CXX object CMakeFiles/yolo_msgs__rosidl_typesupport_fastrtps_cpp.dir/rosidl_typesupport_fastrtps_cpp/yolo_msgs/msg/detail/dds_fastrtps/bounding_box2_d__type_support.cpp.o[0m
[9.188s] [ 66%] [32mBuilding CXX object CMakeFiles/yolo_msgs__rosidl_typesupport_fastrtps_c.dir/rosidl_typesupport_fastrtps_c/yolo_msgs/msg/detail/mask__type_support_c.cpp.o[0m
[9.240s] [ 66%] [32mBuilding CXX object CMakeFiles/yolo_msgs__rosidl_typesupport_fastrtps_cpp.dir/rosidl_typesupport_fastrtps_cpp/yolo_msgs/msg/detail/dds_fastrtps/bounding_box3_d__type_support.cpp.o[0m
[9.252s] [ 66%] [32mBuilding CXX object CMakeFiles/yolo_msgs__rosidl_typesupport_cpp.dir/rosidl_typesupport_cpp/yolo_msgs/msg/detection_array__type_support.cpp.o[0m
[9.272s] [ 67%] [32mBuilding CXX object CMakeFiles/yolo_msgs__rosidl_typesupport_fastrtps_cpp.dir/rosidl_typesupport_fastrtps_cpp/yolo_msgs/msg/detail/dds_fastrtps/mask__type_support.cpp.o[0m
[9.410s] [ 68%] [32mBuilding CXX object CMakeFiles/yolo_msgs__rosidl_typesupport_fastrtps_c.dir/rosidl_typesupport_fastrtps_c/yolo_msgs/msg/detail/key_point2_d__type_support_c.cpp.o[0m
[9.437s] [ 69%] [32mBuilding CXX object CMakeFiles/yolo_msgs__rosidl_typesupport_introspection_cpp.dir/rosidl_typesupport_introspection_cpp/yolo_msgs/msg/detail/key_point2_d__type_support.cpp.o[0m
[9.469s] [ 70%] [32mBuilding CXX object CMakeFiles/yolo_msgs__rosidl_typesupport_introspection_cpp.dir/rosidl_typesupport_introspection_cpp/yolo_msgs/msg/detail/key_point2_d_array__type_support.cpp.o[0m
[9.604s] [ 71%] [32mBuilding CXX object CMakeFiles/yolo_msgs__rosidl_typesupport_cpp.dir/rosidl_typesupport_cpp/yolo_msgs/srv/set_classes__type_support.cpp.o[0m
[9.620s] [ 71%] [32mBuilding CXX object CMakeFiles/yolo_msgs__rosidl_typesupport_fastrtps_c.dir/rosidl_typesupport_fastrtps_c/yolo_msgs/msg/detail/key_point2_d_array__type_support_c.cpp.o[0m
[9.717s] [ 71%] [32mBuilding CXX object CMakeFiles/yolo_msgs__rosidl_typesupport_introspection_cpp.dir/rosidl_typesupport_introspection_cpp/yolo_msgs/msg/detail/key_point3_d__type_support.cpp.o[0m
[9.781s] [ 72%] [32mBuilding CXX object CMakeFiles/yolo_msgs__rosidl_typesupport_fastrtps_c.dir/rosidl_typesupport_fastrtps_c/yolo_msgs/msg/detail/key_point3_d__type_support_c.cpp.o[0m
[9.803s] [ 73%] [32mBuilding CXX object CMakeFiles/yolo_msgs__rosidl_typesupport_fastrtps_cpp.dir/rosidl_typesupport_fastrtps_cpp/yolo_msgs/msg/detail/dds_fastrtps/key_point2_d__type_support.cpp.o[0m
[9.838s] [ 74%] [32mBuilding CXX object CMakeFiles/yolo_msgs__rosidl_typesupport_fastrtps_c.dir/rosidl_typesupport_fastrtps_c/yolo_msgs/msg/detail/key_point3_d_array__type_support_c.cpp.o[0m
[9.875s] [ 74%] [32mBuilding CXX object CMakeFiles/yolo_msgs__rosidl_typesupport_fastrtps_cpp.dir/rosidl_typesupport_fastrtps_cpp/yolo_msgs/msg/detail/dds_fastrtps/key_point2_d_array__type_support.cpp.o[0m
[9.935s] [ 75%] [32mBuilding CXX object CMakeFiles/yolo_msgs__rosidl_typesupport_introspection_cpp.dir/rosidl_typesupport_introspection_cpp/yolo_msgs/msg/detail/key_point3_d_array__type_support.cpp.o[0m
[10.071s] [ 76%] [32mBuilding CXX object CMakeFiles/yolo_msgs__rosidl_typesupport_fastrtps_cpp.dir/rosidl_typesupport_fastrtps_cpp/yolo_msgs/msg/detail/dds_fastrtps/key_point3_d__type_support.cpp.o[0m
[10.082s] [ 77%] [32m[1mLinking CXX shared library libyolo_msgs__rosidl_typesupport_cpp.so[0m
[10.138s] [ 77%] [32mBuilding CXX object CMakeFiles/yolo_msgs__rosidl_typesupport_fastrtps_c.dir/rosidl_typesupport_fastrtps_c/yolo_msgs/msg/detail/detection__type_support_c.cpp.o[0m
[10.197s] [ 77%] Built target yolo_msgs__rosidl_typesupport_cpp
[10.209s] [ 78%] [32mBuilding CXX object CMakeFiles/yolo_msgs__rosidl_typesupport_fastrtps_cpp.dir/rosidl_typesupport_fastrtps_cpp/yolo_msgs/msg/detail/dds_fastrtps/key_point3_d_array__type_support.cpp.o[0m
[10.317s] [ 78%] [32mBuilding CXX object CMakeFiles/yolo_msgs__rosidl_typesupport_fastrtps_cpp.dir/rosidl_typesupport_fastrtps_cpp/yolo_msgs/msg/detail/dds_fastrtps/detection__type_support.cpp.o[0m
[10.341s] [ 79%] [32mBuilding CXX object CMakeFiles/yolo_msgs__rosidl_typesupport_introspection_cpp.dir/rosidl_typesupport_introspection_cpp/yolo_msgs/msg/detail/detection__type_support.cpp.o[0m
[10.350s] [ 80%] [32mBuilding CXX object CMakeFiles/yolo_msgs__rosidl_typesupport_fastrtps_c.dir/rosidl_typesupport_fastrtps_c/yolo_msgs/msg/detail/detection_array__type_support_c.cpp.o[0m
[10.383s] [ 81%] [32mBuilding CXX object CMakeFiles/yolo_msgs__rosidl_typesupport_fastrtps_cpp.dir/rosidl_typesupport_fastrtps_cpp/yolo_msgs/msg/detail/dds_fastrtps/detection_array__type_support.cpp.o[0m
[10.450s] [ 82%] [32mBuilding CXX object CMakeFiles/yolo_msgs__rosidl_typesupport_fastrtps_c.dir/rosidl_typesupport_fastrtps_c/yolo_msgs/srv/detail/set_classes__type_support_c.cpp.o[0m
[10.626s] [ 82%] [32mBuilding CXX object CMakeFiles/yolo_msgs__rosidl_typesupport_introspection_cpp.dir/rosidl_typesupport_introspection_cpp/yolo_msgs/msg/detail/detection_array__type_support.cpp.o[0m
[10.708s] [ 82%] [32mBuilding CXX object CMakeFiles/yolo_msgs__rosidl_typesupport_fastrtps_cpp.dir/rosidl_typesupport_fastrtps_cpp/yolo_msgs/srv/detail/dds_fastrtps/set_classes__type_support.cpp.o[0m
[10.753s] [ 83%] [32mBuilding CXX object CMakeFiles/yolo_msgs__rosidl_typesupport_introspection_cpp.dir/rosidl_typesupport_introspection_cpp/yolo_msgs/srv/detail/set_classes__type_support.cpp.o[0m
[10.984s] [ 83%] [32m[1mLinking CXX shared library libyolo_msgs__rosidl_typesupport_fastrtps_c.so[0m
[11.048s] [ 83%] Built target yolo_msgs__rosidl_typesupport_fastrtps_c
[11.197s] [ 84%] [32m[1mLinking CXX shared library libyolo_msgs__rosidl_typesupport_introspection_cpp.so[0m
[11.230s] [ 85%] [32m[1mLinking CXX shared library libyolo_msgs__rosidl_typesupport_fastrtps_cpp.so[0m
[11.259s] [ 85%] Built target yolo_msgs__rosidl_typesupport_introspection_cpp
[11.292s] [ 85%] Built target yolo_msgs__rosidl_typesupport_fastrtps_cpp
[11.306s] [ 85%] Built target yolo_msgs
[11.320s] [ 86%] [34m[1mGenerating Python code for ROS interfaces[0m
[12.798s] [ 86%] Built target yolo_msgs__py
[12.815s] [ 89%] [32mBuilding C object CMakeFiles/yolo_msgs__rosidl_generator_py.dir/rosidl_generator_py/yolo_msgs/msg/_vector2_s.c.o[0m
[12.815s] [ 89%] [32mBuilding C object CMakeFiles/yolo_msgs__rosidl_generator_py.dir/rosidl_generator_py/yolo_msgs/msg/_pose2_d_s.c.o[0m
[12.815s] [ 90%] [32mBuilding C object CMakeFiles/yolo_msgs__rosidl_generator_py.dir/rosidl_generator_py/yolo_msgs/msg/_bounding_box3_d_s.c.o[0m
[12.816s] [ 89%] [32mBuilding C object CMakeFiles/yolo_msgs__rosidl_generator_py.dir/rosidl_generator_py/yolo_msgs/msg/_point2_d_s.c.o[0m
[12.816s] [ 90%] [32mBuilding C object CMakeFiles/yolo_msgs__rosidl_generator_py.dir/rosidl_generator_py/yolo_msgs/msg/_mask_s.c.o[0m
[12.816s] [ 91%] [32mBuilding C object CMakeFiles/yolo_msgs__rosidl_generator_py.dir/rosidl_generator_py/yolo_msgs/msg/_key_point2_d_s.c.o[0m
[12.816s] [ 89%] [32mBuilding C object CMakeFiles/yolo_msgs__rosidl_generator_py.dir/rosidl_generator_py/yolo_msgs/msg/_bounding_box2_d_s.c.o[0m
[12.816s] [ 92%] [32mBuilding C object CMakeFiles/yolo_msgs__rosidl_generator_py.dir/rosidl_generator_py/yolo_msgs/msg/_key_point2_d_array_s.c.o[0m
[12.978s] [ 92%] [32mBuilding C object CMakeFiles/yolo_msgs__rosidl_generator_py.dir/rosidl_generator_py/yolo_msgs/msg/_key_point3_d_s.c.o[0m
[12.978s] [ 93%] [32mBuilding C object CMakeFiles/yolo_msgs__rosidl_generator_py.dir/rosidl_generator_py/yolo_msgs/msg/_key_point3_d_array_s.c.o[0m
[12.979s] [ 94%] [32mBuilding C object CMakeFiles/yolo_msgs__rosidl_generator_py.dir/rosidl_generator_py/yolo_msgs/srv/_set_classes_s.c.o[0m
[12.980s] [ 95%] [32mBuilding C object CMakeFiles/yolo_msgs__rosidl_generator_py.dir/rosidl_generator_py/yolo_msgs/msg/_detection_s.c.o[0m
[12.981s] [ 95%] [32mBuilding C object CMakeFiles/yolo_msgs__rosidl_generator_py.dir/rosidl_generator_py/yolo_msgs/msg/_detection_array_s.c.o[0m
[13.123s] [ 96%] [32m[1mLinking C shared library libyolo_msgs__rosidl_generator_py.so[0m
[13.159s] [ 96%] Built target yolo_msgs__rosidl_generator_py
[13.174s] [ 97%] [32mBuilding C object CMakeFiles/yolo_msgs_s__rosidl_typesupport_c.dir/rosidl_generator_py/yolo_msgs/_yolo_msgs_s.ep.rosidl_typesupport_c.c.o[0m
[13.174s] [ 98%] [32mBuilding C object CMakeFiles/yolo_msgs_s__rosidl_typesupport_fastrtps_c.dir/rosidl_generator_py/yolo_msgs/_yolo_msgs_s.ep.rosidl_typesupport_fastrtps_c.c.o[0m
[13.174s] [ 98%] [32mBuilding C object CMakeFiles/yolo_msgs_s__rosidl_typesupport_introspection_c.dir/rosidl_generator_py/yolo_msgs/_yolo_msgs_s.ep.rosidl_typesupport_introspection_c.c.o[0m
[13.276s] [100%] [32m[1mLinking C shared module rosidl_generator_py/yolo_msgs/yolo_msgs_s__rosidl_typesupport_c.so[0m
[13.276s] [100%] [32m[1mLinking C shared module rosidl_generator_py/yolo_msgs/yolo_msgs_s__rosidl_typesupport_fastrtps_c.so[0m
[13.276s] [100%] [32m[1mLinking C shared module rosidl_generator_py/yolo_msgs/yolo_msgs_s__rosidl_typesupport_introspection_c.so[0m
[13.298s] [100%] Built target yolo_msgs_s__rosidl_typesupport_c
[13.299s] [100%] Built target yolo_msgs_s__rosidl_typesupport_fastrtps_c
[13.299s] [100%] Built target yolo_msgs_s__rosidl_typesupport_introspection_c
[13.308s] Invoked command in '/home/andreas/dev_ws/msauber_stack/build/yolo_msgs' returned '0': CMAKE_PREFIX_PATH=${CMAKE_PREFIX_PATH}:/home/andreas/dev_ws/msauber_stack/install/yolo_ros:/home/andreas/dev_ws/msauber_stack/install/msauber_bringup:/home/andreas/dev_ws/msauber_stack/install/msauber_sim:/home/andreas/dev_ws/msauber_stack/install/msauber_perception:/home/andreas/dev_ws/msauber_stack/install/msauber_navigation:/home/andreas/dev_ws/msauber_stack/install/msauber_description:/home/andreas/dev_ws/msauber_stack/install/msauber_control:/opt/ros/jazzy DEBUGINFOD_URLS=https://debuginfod.ubuntu.com PS1=(my_py_venv) %m%# VIRTUAL_ENV_PROMPT=(my_py_venv) /usr/bin/cmake --build /home/andreas/dev_ws/msauber_stack/build/yolo_msgs -- -j8 -l8
[13.315s] Invoking command in '/home/andreas/dev_ws/msauber_stack/build/yolo_msgs': CMAKE_PREFIX_PATH=${CMAKE_PREFIX_PATH}:/home/andreas/dev_ws/msauber_stack/install/yolo_ros:/home/andreas/dev_ws/msauber_stack/install/msauber_bringup:/home/andreas/dev_ws/msauber_stack/install/msauber_sim:/home/andreas/dev_ws/msauber_stack/install/msauber_perception:/home/andreas/dev_ws/msauber_stack/install/msauber_navigation:/home/andreas/dev_ws/msauber_stack/install/msauber_description:/home/andreas/dev_ws/msauber_stack/install/msauber_control:/opt/ros/jazzy DEBUGINFOD_URLS=https://debuginfod.ubuntu.com PS1=(my_py_venv) %m%# VIRTUAL_ENV_PROMPT=(my_py_venv) /usr/bin/cmake --install /home/andreas/dev_ws/msauber_stack/build/yolo_msgs
[13.320s] -- Install configuration: ""
[13.321s] -- Execute custom install script
[13.321s] -- Symlinking: /home/andreas/dev_ws/msauber_stack/install/yolo_msgs/share/ament_index/resource_index/rosidl_interfaces/yolo_msgs
[13.327s] -- Symlinking: /home/andreas/dev_ws/msauber_stack/install/yolo_msgs/share/yolo_msgs/msg/Point2D.json
[13.333s] -- Symlinking: /home/andreas/dev_ws/msauber_stack/install/yolo_msgs/share/yolo_msgs/msg/Vector2.json
[13.339s] -- Symlinking: /home/andreas/dev_ws/msauber_stack/install/yolo_msgs/share/yolo_msgs/msg/Pose2D.json
[13.346s] -- Symlinking: /home/andreas/dev_ws/msauber_stack/install/yolo_msgs/share/yolo_msgs/msg/BoundingBox2D.json
[13.352s] -- Symlinking: /home/andreas/dev_ws/msauber_stack/install/yolo_msgs/share/yolo_msgs/msg/BoundingBox3D.json
[13.359s] -- Symlinking: /home/andreas/dev_ws/msauber_stack/install/yolo_msgs/share/yolo_msgs/msg/Mask.json
[13.365s] -- Symlinking: /home/andreas/dev_ws/msauber_stack/install/yolo_msgs/share/yolo_msgs/msg/KeyPoint2D.json
[13.370s] -- Symlinking: /home/andreas/dev_ws/msauber_stack/install/yolo_msgs/share/yolo_msgs/msg/KeyPoint2DArray.json
[13.376s] -- Symlinking: /home/andreas/dev_ws/msauber_stack/install/yolo_msgs/share/yolo_msgs/msg/KeyPoint3D.json
[13.381s] -- Symlinking: /home/andreas/dev_ws/msauber_stack/install/yolo_msgs/share/yolo_msgs/msg/KeyPoint3DArray.json
[13.387s] -- Symlinking: /home/andreas/dev_ws/msauber_stack/install/yolo_msgs/share/yolo_msgs/msg/Detection.json
[13.392s] -- Symlinking: /home/andreas/dev_ws/msauber_stack/install/yolo_msgs/share/yolo_msgs/msg/DetectionArray.json
[13.398s] -- Symlinking: /home/andreas/dev_ws/msauber_stack/install/yolo_msgs/share/yolo_msgs/srv/SetClasses.json
[13.404s] -- Symlinking: /home/andreas/dev_ws/msauber_stack/install/yolo_msgs/include/yolo_msgs/yolo_msgs/msg/bounding_box2_d.h
[13.410s] -- Symlinking: /home/andreas/dev_ws/msauber_stack/install/yolo_msgs/include/yolo_msgs/yolo_msgs/msg/bounding_box3_d.h
[13.415s] -- Symlinking: /home/andreas/dev_ws/msauber_stack/install/yolo_msgs/include/yolo_msgs/yolo_msgs/msg/detail/bounding_box2_d__functions.h
[13.420s] -- Symlinking: /home/andreas/dev_ws/msauber_stack/install/yolo_msgs/include/yolo_msgs/yolo_msgs/msg/detail/bounding_box2_d__struct.h
[13.426s] -- Symlinking: /home/andreas/dev_ws/msauber_stack/install/yolo_msgs/include/yolo_msgs/yolo_msgs/msg/detail/bounding_box2_d__type_support.h
[13.431s] -- Symlinking: /home/andreas/dev_ws/msauber_stack/install/yolo_msgs/include/yolo_msgs/yolo_msgs/msg/detail/bounding_box3_d__functions.h
[13.436s] -- Symlinking: /home/andreas/dev_ws/msauber_stack/install/yolo_msgs/include/yolo_msgs/yolo_msgs/msg/detail/bounding_box3_d__struct.h
[13.441s] -- Symlinking: /home/andreas/dev_ws/msauber_stack/install/yolo_msgs/include/yolo_msgs/yolo_msgs/msg/detail/bounding_box3_d__type_support.h
[13.447s] -- Symlinking: /home/andreas/dev_ws/msauber_stack/install/yolo_msgs/include/yolo_msgs/yolo_msgs/msg/detail/detection__functions.h
[13.452s] -- Symlinking: /home/andreas/dev_ws/msauber_stack/install/yolo_msgs/include/yolo_msgs/yolo_msgs/msg/detail/detection__struct.h
[13.459s] -- Symlinking: /home/andreas/dev_ws/msauber_stack/install/yolo_msgs/include/yolo_msgs/yolo_msgs/msg/detail/detection__type_support.h
[13.465s] -- Symlinking: /home/andreas/dev_ws/msauber_stack/install/yolo_msgs/include/yolo_msgs/yolo_msgs/msg/detail/detection_array__functions.h
[13.471s] -- Symlinking: /home/andreas/dev_ws/msauber_stack/install/yolo_msgs/include/yolo_msgs/yolo_msgs/msg/detail/detection_array__struct.h
[13.477s] -- Symlinking: /home/andreas/dev_ws/msauber_stack/install/yolo_msgs/include/yolo_msgs/yolo_msgs/msg/detail/detection_array__type_support.h
[13.483s] -- Symlinking: /home/andreas/dev_ws/msauber_stack/install/yolo_msgs/include/yolo_msgs/yolo_msgs/msg/detail/key_point2_d__functions.h
[13.488s] -- Symlinking: /home/andreas/dev_ws/msauber_stack/install/yolo_msgs/include/yolo_msgs/yolo_msgs/msg/detail/key_point2_d__struct.h
[13.494s] -- Symlinking: /home/andreas/dev_ws/msauber_stack/install/yolo_msgs/include/yolo_msgs/yolo_msgs/msg/detail/key_point2_d__type_support.h
[13.499s] -- Symlinking: /home/andreas/dev_ws/msauber_stack/install/yolo_msgs/include/yolo_msgs/yolo_msgs/msg/detail/key_point2_d_array__functions.h
[13.504s] -- Symlinking: /home/andreas/dev_ws/msauber_stack/install/yolo_msgs/include/yolo_msgs/yolo_msgs/msg/detail/key_point2_d_array__struct.h
[13.509s] -- Symlinking: /home/andreas/dev_ws/msauber_stack/install/yolo_msgs/include/yolo_msgs/yolo_msgs/msg/detail/key_point2_d_array__type_support.h
[13.515s] -- Symlinking: /home/andreas/dev_ws/msauber_stack/install/yolo_msgs/include/yolo_msgs/yolo_msgs/msg/detail/key_point3_d__functions.h
[13.520s] -- Symlinking: /home/andreas/dev_ws/msauber_stack/install/yolo_msgs/include/yolo_msgs/yolo_msgs/msg/detail/key_point3_d__struct.h
[13.525s] -- Symlinking: /home/andreas/dev_ws/msauber_stack/install/yolo_msgs/include/yolo_msgs/yolo_msgs/msg/detail/key_point3_d__type_support.h
[13.530s] -- Symlinking: /home/andreas/dev_ws/msauber_stack/install/yolo_msgs/include/yolo_msgs/yolo_msgs/msg/detail/key_point3_d_array__functions.h
[13.536s] -- Symlinking: /home/andreas/dev_ws/msauber_stack/install/yolo_msgs/include/yolo_msgs/yolo_msgs/msg/detail/key_point3_d_array__struct.h
[13.541s] -- Symlinking: /home/andreas/dev_ws/msauber_stack/install/yolo_msgs/include/yolo_msgs/yolo_msgs/msg/detail/key_point3_d_array__type_support.h
[13.546s] -- Symlinking: /home/andreas/dev_ws/msauber_stack/install/yolo_msgs/include/yolo_msgs/yolo_msgs/msg/detail/mask__functions.h
[13.552s] -- Symlinking: /home/andreas/dev_ws/msauber_stack/install/yolo_msgs/include/yolo_msgs/yolo_msgs/msg/detail/mask__struct.h
[13.559s] -- Symlinking: /home/andreas/dev_ws/msauber_stack/install/yolo_msgs/include/yolo_msgs/yolo_msgs/msg/detail/mask__type_support.h
[13.565s] -- Symlinking: /home/andreas/dev_ws/msauber_stack/install/yolo_msgs/include/yolo_msgs/yolo_msgs/msg/detail/point2_d__functions.h
[13.571s] -- Symlinking: /home/andreas/dev_ws/msauber_stack/install/yolo_msgs/include/yolo_msgs/yolo_msgs/msg/detail/point2_d__struct.h
[13.576s] -- Symlinking: /home/andreas/dev_ws/msauber_stack/install/yolo_msgs/include/yolo_msgs/yolo_msgs/msg/detail/point2_d__type_support.h
[13.582s] -- Symlinking: /home/andreas/dev_ws/msauber_stack/install/yolo_msgs/include/yolo_msgs/yolo_msgs/msg/detail/pose2_d__functions.h
[13.588s] -- Symlinking: /home/andreas/dev_ws/msauber_stack/install/yolo_msgs/include/yolo_msgs/yolo_msgs/msg/detail/pose2_d__struct.h
[13.593s] -- Symlinking: /home/andreas/dev_ws/msauber_stack/install/yolo_msgs/include/yolo_msgs/yolo_msgs/msg/detail/pose2_d__type_support.h
[13.599s] -- Symlinking: /home/andreas/dev_ws/msauber_stack/install/yolo_msgs/include/yolo_msgs/yolo_msgs/msg/detail/vector2__functions.h
[13.605s] -- Symlinking: /home/andreas/dev_ws/msauber_stack/install/yolo_msgs/include/yolo_msgs/yolo_msgs/msg/detail/vector2__struct.h
[13.610s] -- Symlinking: /home/andreas/dev_ws/msauber_stack/install/yolo_msgs/include/yolo_msgs/yolo_msgs/msg/detail/vector2__type_support.h
[13.616s] -- Symlinking: /home/andreas/dev_ws/msauber_stack/install/yolo_msgs/include/yolo_msgs/yolo_msgs/msg/detection.h
[13.622s] -- Symlinking: /home/andreas/dev_ws/msauber_stack/install/yolo_msgs/include/yolo_msgs/yolo_msgs/msg/detection_array.h
[13.627s] -- Symlinking: /home/andreas/dev_ws/msauber_stack/install/yolo_msgs/include/yolo_msgs/yolo_msgs/msg/key_point2_d.h
[13.632s] -- Symlinking: /home/andreas/dev_ws/msauber_stack/install/yolo_msgs/include/yolo_msgs/yolo_msgs/msg/key_point2_d_array.h
[13.638s] -- Symlinking: /home/andreas/dev_ws/msauber_stack/install/yolo_msgs/include/yolo_msgs/yolo_msgs/msg/key_point3_d.h
[13.644s] -- Symlinking: /home/andreas/dev_ws/msauber_stack/install/yolo_msgs/include/yolo_msgs/yolo_msgs/msg/key_point3_d_array.h
[13.649s] -- Symlinking: /home/andreas/dev_ws/msauber_stack/install/yolo_msgs/include/yolo_msgs/yolo_msgs/msg/mask.h
[13.656s] -- Symlinking: /home/andreas/dev_ws/msauber_stack/install/yolo_msgs/include/yolo_msgs/yolo_msgs/msg/point2_d.h
[13.663s] -- Symlinking: /home/andreas/dev_ws/msauber_stack/install/yolo_msgs/include/yolo_msgs/yolo_msgs/msg/pose2_d.h
[13.669s] -- Symlinking: /home/andreas/dev_ws/msauber_stack/install/yolo_msgs/include/yolo_msgs/yolo_msgs/msg/rosidl_generator_c__visibility_control.h
[13.675s] -- Symlinking: /home/andreas/dev_ws/msauber_stack/install/yolo_msgs/include/yolo_msgs/yolo_msgs/msg/vector2.h
[13.681s] -- Symlinking: /home/andreas/dev_ws/msauber_stack/install/yolo_msgs/include/yolo_msgs/yolo_msgs/srv/detail/set_classes__functions.h
[13.687s] -- Symlinking: /home/andreas/dev_ws/msauber_stack/install/yolo_msgs/include/yolo_msgs/yolo_msgs/srv/detail/set_classes__struct.h
[13.693s] -- Symlinking: /home/andreas/dev_ws/msauber_stack/install/yolo_msgs/include/yolo_msgs/yolo_msgs/srv/detail/set_classes__type_support.h
[13.698s] -- Symlinking: /home/andreas/dev_ws/msauber_stack/install/yolo_msgs/include/yolo_msgs/yolo_msgs/srv/set_classes.h
[13.704s] -- Symlinking: /home/andreas/dev_ws/msauber_stack/install/yolo_msgs/share/yolo_msgs/environment/library_path.sh
[13.710s] -- Symlinking: /home/andreas/dev_ws/msauber_stack/install/yolo_msgs/share/yolo_msgs/environment/library_path.dsv
[13.715s] -- Symlinking: /home/andreas/dev_ws/msauber_stack/install/yolo_msgs/include/yolo_msgs/yolo_msgs/msg/detail/bounding_box2_d__rosidl_typesupport_fastrtps_c.h
[13.721s] -- Symlinking: /home/andreas/dev_ws/msauber_stack/install/yolo_msgs/include/yolo_msgs/yolo_msgs/msg/detail/bounding_box3_d__rosidl_typesupport_fastrtps_c.h
[13.727s] -- Symlinking: /home/andreas/dev_ws/msauber_stack/install/yolo_msgs/include/yolo_msgs/yolo_msgs/msg/detail/detection__rosidl_typesupport_fastrtps_c.h
[13.732s] -- Symlinking: /home/andreas/dev_ws/msauber_stack/install/yolo_msgs/include/yolo_msgs/yolo_msgs/msg/detail/detection_array__rosidl_typesupport_fastrtps_c.h
[13.738s] -- Symlinking: /home/andreas/dev_ws/msauber_stack/install/yolo_msgs/include/yolo_msgs/yolo_msgs/msg/detail/key_point2_d__rosidl_typesupport_fastrtps_c.h
[13.743s] -- Symlinking: /home/andreas/dev_ws/msauber_stack/install/yolo_msgs/include/yolo_msgs/yolo_msgs/msg/detail/key_point2_d_array__rosidl_typesupport_fastrtps_c.h
[13.749s] -- Symlinking: /home/andreas/dev_ws/msauber_stack/install/yolo_msgs/include/yolo_msgs/yolo_msgs/msg/detail/key_point3_d__rosidl_typesupport_fastrtps_c.h
[13.755s] -- Symlinking: /home/andreas/dev_ws/msauber_stack/install/yolo_msgs/include/yolo_msgs/yolo_msgs/msg/detail/key_point3_d_array__rosidl_typesupport_fastrtps_c.h
[13.762s] -- Symlinking: /home/andreas/dev_ws/msauber_stack/install/yolo_msgs/include/yolo_msgs/yolo_msgs/msg/detail/mask__rosidl_typesupport_fastrtps_c.h
[13.767s] -- Symlinking: /home/andreas/dev_ws/msauber_stack/install/yolo_msgs/include/yolo_msgs/yolo_msgs/msg/detail/point2_d__rosidl_typesupport_fastrtps_c.h
[13.773s] -- Symlinking: /home/andreas/dev_ws/msauber_stack/install/yolo_msgs/include/yolo_msgs/yolo_msgs/msg/detail/pose2_d__rosidl_typesupport_fastrtps_c.h
[13.778s] -- Symlinking: /home/andreas/dev_ws/msauber_stack/install/yolo_msgs/include/yolo_msgs/yolo_msgs/msg/detail/vector2__rosidl_typesupport_fastrtps_c.h
[13.783s] -- Symlinking: /home/andreas/dev_ws/msauber_stack/install/yolo_msgs/include/yolo_msgs/yolo_msgs/msg/rosidl_typesupport_fastrtps_c__visibility_control.h
[13.789s] -- Symlinking: /home/andreas/dev_ws/msauber_stack/install/yolo_msgs/include/yolo_msgs/yolo_msgs/srv/detail/set_classes__rosidl_typesupport_fastrtps_c.h
[13.794s] -- Symlinking: /home/andreas/dev_ws/msauber_stack/install/yolo_msgs/include/yolo_msgs/yolo_msgs/msg/detail/bounding_box2_d__rosidl_typesupport_introspection_c.h
[13.800s] -- Symlinking: /home/andreas/dev_ws/msauber_stack/install/yolo_msgs/include/yolo_msgs/yolo_msgs/msg/detail/bounding_box3_d__rosidl_typesupport_introspection_c.h
[13.805s] -- Symlinking: /home/andreas/dev_ws/msauber_stack/install/yolo_msgs/include/yolo_msgs/yolo_msgs/msg/detail/detection__rosidl_typesupport_introspection_c.h
[13.811s] -- Symlinking: /home/andreas/dev_ws/msauber_stack/install/yolo_msgs/include/yolo_msgs/yolo_msgs/msg/detail/detection_array__rosidl_typesupport_introspection_c.h
[13.816s] -- Symlinking: /home/andreas/dev_ws/msauber_stack/install/yolo_msgs/include/yolo_msgs/yolo_msgs/msg/detail/key_point2_d__rosidl_typesupport_introspection_c.h
[13.821s] -- Symlinking: /home/andreas/dev_ws/msauber_stack/install/yolo_msgs/include/yolo_msgs/yolo_msgs/msg/detail/key_point2_d_array__rosidl_typesupport_introspection_c.h
[13.827s] -- Symlinking: /home/andreas/dev_ws/msauber_stack/install/yolo_msgs/include/yolo_msgs/yolo_msgs/msg/detail/key_point3_d__rosidl_typesupport_introspection_c.h
[13.833s] -- Symlinking: /home/andreas/dev_ws/msauber_stack/install/yolo_msgs/include/yolo_msgs/yolo_msgs/msg/detail/key_point3_d_array__rosidl_typesupport_introspection_c.h
[13.842s] -- Symlinking: /home/andreas/dev_ws/msauber_stack/install/yolo_msgs/include/yolo_msgs/yolo_msgs/msg/detail/mask__rosidl_typesupport_introspection_c.h
[13.848s] -- Symlinking: /home/andreas/dev_ws/msauber_stack/install/yolo_msgs/include/yolo_msgs/yolo_msgs/msg/detail/point2_d__rosidl_typesupport_introspection_c.h
[13.854s] -- Symlinking: /home/andreas/dev_ws/msauber_stack/install/yolo_msgs/include/yolo_msgs/yolo_msgs/msg/detail/pose2_d__rosidl_typesupport_introspection_c.h
[13.862s] -- Symlinking: /home/andreas/dev_ws/msauber_stack/install/yolo_msgs/include/yolo_msgs/yolo_msgs/msg/detail/vector2__rosidl_typesupport_introspection_c.h
[13.868s] -- Symlinking: /home/andreas/dev_ws/msauber_stack/install/yolo_msgs/include/yolo_msgs/yolo_msgs/msg/rosidl_typesupport_introspection_c__visibility_control.h
[13.873s] -- Symlinking: /home/andreas/dev_ws/msauber_stack/install/yolo_msgs/include/yolo_msgs/yolo_msgs/srv/detail/set_classes__rosidl_typesupport_introspection_c.h
[13.880s] -- Symlinking: /home/andreas/dev_ws/msauber_stack/install/yolo_msgs/include/yolo_msgs/yolo_msgs/msg/bounding_box2_d.hpp
[13.886s] -- Symlinking: /home/andreas/dev_ws/msauber_stack/install/yolo_msgs/include/yolo_msgs/yolo_msgs/msg/bounding_box3_d.hpp
[13.891s] -- Symlinking: /home/andreas/dev_ws/msauber_stack/install/yolo_msgs/include/yolo_msgs/yolo_msgs/msg/detail/bounding_box2_d__builder.hpp
[13.896s] -- Symlinking: /home/andreas/dev_ws/msauber_stack/install/yolo_msgs/include/yolo_msgs/yolo_msgs/msg/detail/bounding_box2_d__struct.hpp
[13.902s] -- Symlinking: /home/andreas/dev_ws/msauber_stack/install/yolo_msgs/include/yolo_msgs/yolo_msgs/msg/detail/bounding_box2_d__traits.hpp
[13.908s] -- Symlinking: /home/andreas/dev_ws/msauber_stack/install/yolo_msgs/include/yolo_msgs/yolo_msgs/msg/detail/bounding_box2_d__type_support.hpp
[13.913s] -- Symlinking: /home/andreas/dev_ws/msauber_stack/install/yolo_msgs/include/yolo_msgs/yolo_msgs/msg/detail/bounding_box3_d__builder.hpp
[13.919s] -- Symlinking: /home/andreas/dev_ws/msauber_stack/install/yolo_msgs/include/yolo_msgs/yolo_msgs/msg/detail/bounding_box3_d__struct.hpp
[13.924s] -- Symlinking: /home/andreas/dev_ws/msauber_stack/install/yolo_msgs/include/yolo_msgs/yolo_msgs/msg/detail/bounding_box3_d__traits.hpp
[13.930s] -- Symlinking: /home/andreas/dev_ws/msauber_stack/install/yolo_msgs/include/yolo_msgs/yolo_msgs/msg/detail/bounding_box3_d__type_support.hpp
[13.935s] -- Symlinking: /home/andreas/dev_ws/msauber_stack/install/yolo_msgs/include/yolo_msgs/yolo_msgs/msg/detail/detection__builder.hpp
[13.941s] -- Symlinking: /home/andreas/dev_ws/msauber_stack/install/yolo_msgs/include/yolo_msgs/yolo_msgs/msg/detail/detection__struct.hpp
[13.946s] -- Symlinking: /home/andreas/dev_ws/msauber_stack/install/yolo_msgs/include/yolo_msgs/yolo_msgs/msg/detail/detection__traits.hpp
[13.952s] -- Symlinking: /home/andreas/dev_ws/msauber_stack/install/yolo_msgs/include/yolo_msgs/yolo_msgs/msg/detail/detection__type_support.hpp
[13.960s] -- Symlinking: /home/andreas/dev_ws/msauber_stack/install/yolo_msgs/include/yolo_msgs/yolo_msgs/msg/detail/detection_array__builder.hpp
[13.965s] -- Symlinking: /home/andreas/dev_ws/msauber_stack/install/yolo_msgs/include/yolo_msgs/yolo_msgs/msg/detail/detection_array__struct.hpp
[13.971s] -- Symlinking: /home/andreas/dev_ws/msauber_stack/install/yolo_msgs/include/yolo_msgs/yolo_msgs/msg/detail/detection_array__traits.hpp
[13.977s] -- Symlinking: /home/andreas/dev_ws/msauber_stack/install/yolo_msgs/include/yolo_msgs/yolo_msgs/msg/detail/detection_array__type_support.hpp
[13.982s] -- Symlinking: /home/andreas/dev_ws/msauber_stack/install/yolo_msgs/include/yolo_msgs/yolo_msgs/msg/detail/key_point2_d__builder.hpp
[13.987s] -- Symlinking: /home/andreas/dev_ws/msauber_stack/install/yolo_msgs/include/yolo_msgs/yolo_msgs/msg/detail/key_point2_d__struct.hpp
[13.993s] -- Symlinking: /home/andreas/dev_ws/msauber_stack/install/yolo_msgs/include/yolo_msgs/yolo_msgs/msg/detail/key_point2_d__traits.hpp
[13.998s] -- Symlinking: /home/andreas/dev_ws/msauber_stack/install/yolo_msgs/include/yolo_msgs/yolo_msgs/msg/detail/key_point2_d__type_support.hpp
[14.004s] -- Symlinking: /home/andreas/dev_ws/msauber_stack/install/yolo_msgs/include/yolo_msgs/yolo_msgs/msg/detail/key_point2_d_array__builder.hpp
[14.009s] -- Symlinking: /home/andreas/dev_ws/msauber_stack/install/yolo_msgs/include/yolo_msgs/yolo_msgs/msg/detail/key_point2_d_array__struct.hpp
[14.014s] -- Symlinking: /home/andreas/dev_ws/msauber_stack/install/yolo_msgs/include/yolo_msgs/yolo_msgs/msg/detail/key_point2_d_array__traits.hpp
[14.020s] -- Symlinking: /home/andreas/dev_ws/msauber_stack/install/yolo_msgs/include/yolo_msgs/yolo_msgs/msg/detail/key_point2_d_array__type_support.hpp
[14.025s] -- Symlinking: /home/andreas/dev_ws/msauber_stack/install/yolo_msgs/include/yolo_msgs/yolo_msgs/msg/detail/key_point3_d__builder.hpp
[14.030s] -- Symlinking: /home/andreas/dev_ws/msauber_stack/install/yolo_msgs/include/yolo_msgs/yolo_msgs/msg/detail/key_point3_d__struct.hpp
[14.035s] -- Symlinking: /home/andreas/dev_ws/msauber_stack/install/yolo_msgs/include/yolo_msgs/yolo_msgs/msg/detail/key_point3_d__traits.hpp
[14.041s] -- Symlinking: /home/andreas/dev_ws/msauber_stack/install/yolo_msgs/include/yolo_msgs/yolo_msgs/msg/detail/key_point3_d__type_support.hpp
[14.046s] -- Symlinking: /home/andreas/dev_ws/msauber_stack/install/yolo_msgs/include/yolo_msgs/yolo_msgs/msg/detail/key_point3_d_array__builder.hpp
[14.052s] -- Symlinking: /home/andreas/dev_ws/msauber_stack/install/yolo_msgs/include/yolo_msgs/yolo_msgs/msg/detail/key_point3_d_array__struct.hpp
[14.059s] -- Symlinking: /home/andreas/dev_ws/msauber_stack/install/yolo_msgs/include/yolo_msgs/yolo_msgs/msg/detail/key_point3_d_array__traits.hpp
[14.065s] -- Symlinking: /home/andreas/dev_ws/msauber_stack/install/yolo_msgs/include/yolo_msgs/yolo_msgs/msg/detail/key_point3_d_array__type_support.hpp
[14.070s] -- Symlinking: /home/andreas/dev_ws/msauber_stack/install/yolo_msgs/include/yolo_msgs/yolo_msgs/msg/detail/mask__builder.hpp
[14.075s] -- Symlinking: /home/andreas/dev_ws/msauber_stack/install/yolo_msgs/include/yolo_msgs/yolo_msgs/msg/detail/mask__struct.hpp
[14.081s] -- Symlinking: /home/andreas/dev_ws/msauber_stack/install/yolo_msgs/include/yolo_msgs/yolo_msgs/msg/detail/mask__traits.hpp
[14.086s] -- Symlinking: /home/andreas/dev_ws/msauber_stack/install/yolo_msgs/include/yolo_msgs/yolo_msgs/msg/detail/mask__type_support.hpp
[14.092s] -- Symlinking: /home/andreas/dev_ws/msauber_stack/install/yolo_msgs/include/yolo_msgs/yolo_msgs/msg/detail/point2_d__builder.hpp
[14.097s] -- Symlinking: /home/andreas/dev_ws/msauber_stack/install/yolo_msgs/include/yolo_msgs/yolo_msgs/msg/detail/point2_d__struct.hpp
[14.102s] -- Symlinking: /home/andreas/dev_ws/msauber_stack/install/yolo_msgs/include/yolo_msgs/yolo_msgs/msg/detail/point2_d__traits.hpp
[14.107s] -- Symlinking: /home/andreas/dev_ws/msauber_stack/install/yolo_msgs/include/yolo_msgs/yolo_msgs/msg/detail/point2_d__type_support.hpp
[14.112s] -- Symlinking: /home/andreas/dev_ws/msauber_stack/install/yolo_msgs/include/yolo_msgs/yolo_msgs/msg/detail/pose2_d__builder.hpp
[14.118s] -- Symlinking: /home/andreas/dev_ws/msauber_stack/install/yolo_msgs/include/yolo_msgs/yolo_msgs/msg/detail/pose2_d__struct.hpp
[14.123s] -- Symlinking: /home/andreas/dev_ws/msauber_stack/install/yolo_msgs/include/yolo_msgs/yolo_msgs/msg/detail/pose2_d__traits.hpp
[14.128s] -- Symlinking: /home/andreas/dev_ws/msauber_stack/install/yolo_msgs/include/yolo_msgs/yolo_msgs/msg/detail/pose2_d__type_support.hpp
[14.133s] -- Symlinking: /home/andreas/dev_ws/msauber_stack/install/yolo_msgs/include/yolo_msgs/yolo_msgs/msg/detail/vector2__builder.hpp
[14.138s] -- Symlinking: /home/andreas/dev_ws/msauber_stack/install/yolo_msgs/include/yolo_msgs/yolo_msgs/msg/detail/vector2__struct.hpp
[14.145s] -- Symlinking: /home/andreas/dev_ws/msauber_stack/install/yolo_msgs/include/yolo_msgs/yolo_msgs/msg/detail/vector2__traits.hpp
[14.152s] -- Symlinking: /home/andreas/dev_ws/msauber_stack/install/yolo_msgs/include/yolo_msgs/yolo_msgs/msg/detail/vector2__type_support.hpp
[14.159s] -- Symlinking: /home/andreas/dev_ws/msauber_stack/install/yolo_msgs/include/yolo_msgs/yolo_msgs/msg/detection.hpp
[14.166s] -- Symlinking: /home/andreas/dev_ws/msauber_stack/install/yolo_msgs/include/yolo_msgs/yolo_msgs/msg/detection_array.hpp
[14.171s] -- Symlinking: /home/andreas/dev_ws/msauber_stack/install/yolo_msgs/include/yolo_msgs/yolo_msgs/msg/key_point2_d.hpp
[14.177s] -- Symlinking: /home/andreas/dev_ws/msauber_stack/install/yolo_msgs/include/yolo_msgs/yolo_msgs/msg/key_point2_d_array.hpp
[14.183s] -- Symlinking: /home/andreas/dev_ws/msauber_stack/install/yolo_msgs/include/yolo_msgs/yolo_msgs/msg/key_point3_d.hpp
[14.188s] -- Symlinking: /home/andreas/dev_ws/msauber_stack/install/yolo_msgs/include/yolo_msgs/yolo_msgs/msg/key_point3_d_array.hpp
[14.194s] -- Symlinking: /home/andreas/dev_ws/msauber_stack/install/yolo_msgs/include/yolo_msgs/yolo_msgs/msg/mask.hpp
[14.199s] -- Symlinking: /home/andreas/dev_ws/msauber_stack/install/yolo_msgs/include/yolo_msgs/yolo_msgs/msg/point2_d.hpp
[14.204s] -- Symlinking: /home/andreas/dev_ws/msauber_stack/install/yolo_msgs/include/yolo_msgs/yolo_msgs/msg/pose2_d.hpp
[14.210s] -- Symlinking: /home/andreas/dev_ws/msauber_stack/install/yolo_msgs/include/yolo_msgs/yolo_msgs/msg/rosidl_generator_cpp__visibility_control.hpp
[14.216s] -- Symlinking: /home/andreas/dev_ws/msauber_stack/install/yolo_msgs/include/yolo_msgs/yolo_msgs/msg/vector2.hpp
[14.221s] -- Symlinking: /home/andreas/dev_ws/msauber_stack/install/yolo_msgs/include/yolo_msgs/yolo_msgs/srv/detail/set_classes__builder.hpp
[14.227s] -- Symlinking: /home/andreas/dev_ws/msauber_stack/install/yolo_msgs/include/yolo_msgs/yolo_msgs/srv/detail/set_classes__struct.hpp
[14.233s] -- Symlinking: /home/andreas/dev_ws/msauber_stack/install/yolo_msgs/include/yolo_msgs/yolo_msgs/srv/detail/set_classes__traits.hpp
[14.238s] -- Symlinking: /home/andreas/dev_ws/msauber_stack/install/yolo_msgs/include/yolo_msgs/yolo_msgs/srv/detail/set_classes__type_support.hpp
[14.244s] -- Symlinking: /home/andreas/dev_ws/msauber_stack/install/yolo_msgs/include/yolo_msgs/yolo_msgs/srv/set_classes.hpp
[14.250s] -- Symlinking: /home/andreas/dev_ws/msauber_stack/install/yolo_msgs/include/yolo_msgs/yolo_msgs/msg/detail/bounding_box2_d__rosidl_typesupport_fastrtps_cpp.hpp
[14.257s] -- Symlinking: /home/andreas/dev_ws/msauber_stack/install/yolo_msgs/include/yolo_msgs/yolo_msgs/msg/detail/bounding_box3_d__rosidl_typesupport_fastrtps_cpp.hpp
[14.264s] -- Symlinking: /home/andreas/dev_ws/msauber_stack/install/yolo_msgs/include/yolo_msgs/yolo_msgs/msg/detail/detection__rosidl_typesupport_fastrtps_cpp.hpp
[14.269s] -- Symlinking: /home/andreas/dev_ws/msauber_stack/install/yolo_msgs/include/yolo_msgs/yolo_msgs/msg/detail/detection_array__rosidl_typesupport_fastrtps_cpp.hpp
[14.275s] -- Symlinking: /home/andreas/dev_ws/msauber_stack/install/yolo_msgs/include/yolo_msgs/yolo_msgs/msg/detail/key_point2_d__rosidl_typesupport_fastrtps_cpp.hpp
[14.280s] -- Symlinking: /home/andreas/dev_ws/msauber_stack/install/yolo_msgs/include/yolo_msgs/yolo_msgs/msg/detail/key_point2_d_array__rosidl_typesupport_fastrtps_cpp.hpp
[14.285s] -- Symlinking: /home/andreas/dev_ws/msauber_stack/install/yolo_msgs/include/yolo_msgs/yolo_msgs/msg/detail/key_point3_d__rosidl_typesupport_fastrtps_cpp.hpp
[14.291s] -- Symlinking: /home/andreas/dev_ws/msauber_stack/install/yolo_msgs/include/yolo_msgs/yolo_msgs/msg/detail/key_point3_d_array__rosidl_typesupport_fastrtps_cpp.hpp
[14.296s] -- Symlinking: /home/andreas/dev_ws/msauber_stack/install/yolo_msgs/include/yolo_msgs/yolo_msgs/msg/detail/mask__rosidl_typesupport_fastrtps_cpp.hpp
[14.301s] -- Symlinking: /home/andreas/dev_ws/msauber_stack/install/yolo_msgs/include/yolo_msgs/yolo_msgs/msg/detail/point2_d__rosidl_typesupport_fastrtps_cpp.hpp
[14.308s] -- Symlinking: /home/andreas/dev_ws/msauber_stack/install/yolo_msgs/include/yolo_msgs/yolo_msgs/msg/detail/pose2_d__rosidl_typesupport_fastrtps_cpp.hpp
[14.315s] -- Symlinking: /home/andreas/dev_ws/msauber_stack/install/yolo_msgs/include/yolo_msgs/yolo_msgs/msg/detail/vector2__rosidl_typesupport_fastrtps_cpp.hpp
[14.320s] -- Symlinking: /home/andreas/dev_ws/msauber_stack/install/yolo_msgs/include/yolo_msgs/yolo_msgs/msg/rosidl_typesupport_fastrtps_cpp__visibility_control.h
[14.327s] -- Symlinking: /home/andreas/dev_ws/msauber_stack/install/yolo_msgs/include/yolo_msgs/yolo_msgs/srv/detail/set_classes__rosidl_typesupport_fastrtps_cpp.hpp
[14.334s] -- Symlinking: /home/andreas/dev_ws/msauber_stack/install/yolo_msgs/include/yolo_msgs/yolo_msgs/msg/detail/bounding_box2_d__rosidl_typesupport_introspection_cpp.hpp
[14.343s] -- Symlinking: /home/andreas/dev_ws/msauber_stack/install/yolo_msgs/include/yolo_msgs/yolo_msgs/msg/detail/bounding_box3_d__rosidl_typesupport_introspection_cpp.hpp
[14.349s] -- Symlinking: /home/andreas/dev_ws/msauber_stack/install/yolo_msgs/include/yolo_msgs/yolo_msgs/msg/detail/detection__rosidl_typesupport_introspection_cpp.hpp
[14.356s] -- Symlinking: /home/andreas/dev_ws/msauber_stack/install/yolo_msgs/include/yolo_msgs/yolo_msgs/msg/detail/detection_array__rosidl_typesupport_introspection_cpp.hpp
[14.363s] -- Symlinking: /home/andreas/dev_ws/msauber_stack/install/yolo_msgs/include/yolo_msgs/yolo_msgs/msg/detail/key_point2_d__rosidl_typesupport_introspection_cpp.hpp
[14.369s] -- Symlinking: /home/andreas/dev_ws/msauber_stack/install/yolo_msgs/include/yolo_msgs/yolo_msgs/msg/detail/key_point2_d_array__rosidl_typesupport_introspection_cpp.hpp
[14.375s] -- Symlinking: /home/andreas/dev_ws/msauber_stack/install/yolo_msgs/include/yolo_msgs/yolo_msgs/msg/detail/key_point3_d__rosidl_typesupport_introspection_cpp.hpp
[14.380s] -- Symlinking: /home/andreas/dev_ws/msauber_stack/install/yolo_msgs/include/yolo_msgs/yolo_msgs/msg/detail/key_point3_d_array__rosidl_typesupport_introspection_cpp.hpp
[14.386s] -- Symlinking: /home/andreas/dev_ws/msauber_stack/install/yolo_msgs/include/yolo_msgs/yolo_msgs/msg/detail/mask__rosidl_typesupport_introspection_cpp.hpp
[14.391s] -- Symlinking: /home/andreas/dev_ws/msauber_stack/install/yolo_msgs/include/yolo_msgs/yolo_msgs/msg/detail/point2_d__rosidl_typesupport_introspection_cpp.hpp
[14.397s] -- Symlinking: /home/andreas/dev_ws/msauber_stack/install/yolo_msgs/include/yolo_msgs/yolo_msgs/msg/detail/pose2_d__rosidl_typesupport_introspection_cpp.hpp
[14.402s] -- Symlinking: /home/andreas/dev_ws/msauber_stack/install/yolo_msgs/include/yolo_msgs/yolo_msgs/msg/detail/vector2__rosidl_typesupport_introspection_cpp.hpp
[14.407s] -- Symlinking: /home/andreas/dev_ws/msauber_stack/install/yolo_msgs/include/yolo_msgs/yolo_msgs/srv/detail/set_classes__rosidl_typesupport_introspection_cpp.hpp
[14.413s] -- Symlinking: /home/andreas/dev_ws/msauber_stack/install/yolo_msgs/share/yolo_msgs/environment/pythonpath.sh
[14.418s] -- Symlinking: /home/andreas/dev_ws/msauber_stack/install/yolo_msgs/share/yolo_msgs/environment/pythonpath.dsv
[14.423s] -- Symlinking: /home/andreas/dev_ws/msauber_stack/install/yolo_msgs/lib/python3.12/site-packages/yolo_msgs-4.5.1-py3.12.egg-info/PKG-INFO
[14.429s] -- Symlinking: /home/andreas/dev_ws/msauber_stack/install/yolo_msgs/lib/python3.12/site-packages/yolo_msgs-4.5.1-py3.12.egg-info/SOURCES.txt
[14.434s] -- Symlinking: /home/andreas/dev_ws/msauber_stack/install/yolo_msgs/lib/python3.12/site-packages/yolo_msgs-4.5.1-py3.12.egg-info/dependency_links.txt
[14.439s] -- Symlinking: /home/andreas/dev_ws/msauber_stack/install/yolo_msgs/lib/python3.12/site-packages/yolo_msgs-4.5.1-py3.12.egg-info/top_level.txt
[14.445s] -- Symlinking: /home/andreas/dev_ws/msauber_stack/install/yolo_msgs/lib/python3.12/site-packages/yolo_msgs/__init__.py
[14.451s] -- Symlinking: /home/andreas/dev_ws/msauber_stack/install/yolo_msgs/lib/python3.12/site-packages/yolo_msgs/_yolo_msgs_s.ep.rosidl_typesupport_c.c
[14.458s] -- Symlinking: /home/andreas/dev_ws/msauber_stack/install/yolo_msgs/lib/python3.12/site-packages/yolo_msgs/_yolo_msgs_s.ep.rosidl_typesupport_fastrtps_c.c
[14.464s] -- Symlinking: /home/andreas/dev_ws/msauber_stack/install/yolo_msgs/lib/python3.12/site-packages/yolo_msgs/_yolo_msgs_s.ep.rosidl_typesupport_introspection_c.c
[14.470s] -- Symlinking: /home/andreas/dev_ws/msauber_stack/install/yolo_msgs/lib/python3.12/site-packages/yolo_msgs/msg/__init__.py
[14.476s] -- Symlinking: /home/andreas/dev_ws/msauber_stack/install/yolo_msgs/lib/python3.12/site-packages/yolo_msgs/msg/_bounding_box2_d.py
[14.482s] -- Symlinking: /home/andreas/dev_ws/msauber_stack/install/yolo_msgs/lib/python3.12/site-packages/yolo_msgs/msg/_bounding_box2_d_s.c
[14.487s] -- Symlinking: /home/andreas/dev_ws/msauber_stack/install/yolo_msgs/lib/python3.12/site-packages/yolo_msgs/msg/_bounding_box3_d.py
[14.493s] -- Symlinking: /home/andreas/dev_ws/msauber_stack/install/yolo_msgs/lib/python3.12/site-packages/yolo_msgs/msg/_bounding_box3_d_s.c
[14.498s] -- Symlinking: /home/andreas/dev_ws/msauber_stack/install/yolo_msgs/lib/python3.12/site-packages/yolo_msgs/msg/_detection.py
[14.504s] -- Symlinking: /home/andreas/dev_ws/msauber_stack/install/yolo_msgs/lib/python3.12/site-packages/yolo_msgs/msg/_detection_array.py
[14.509s] -- Symlinking: /home/andreas/dev_ws/msauber_stack/install/yolo_msgs/lib/python3.12/site-packages/yolo_msgs/msg/_detection_array_s.c
[14.515s] -- Symlinking: /home/andreas/dev_ws/msauber_stack/install/yolo_msgs/lib/python3.12/site-packages/yolo_msgs/msg/_detection_s.c
[14.521s] -- Symlinking: /home/andreas/dev_ws/msauber_stack/install/yolo_msgs/lib/python3.12/site-packages/yolo_msgs/msg/_key_point2_d.py
[14.527s] -- Symlinking: /home/andreas/dev_ws/msauber_stack/install/yolo_msgs/lib/python3.12/site-packages/yolo_msgs/msg/_key_point2_d_array.py
[14.532s] -- Symlinking: /home/andreas/dev_ws/msauber_stack/install/yolo_msgs/lib/python3.12/site-packages/yolo_msgs/msg/_key_point2_d_array_s.c
[14.537s] -- Symlinking: /home/andreas/dev_ws/msauber_stack/install/yolo_msgs/lib/python3.12/site-packages/yolo_msgs/msg/_key_point2_d_s.c
[14.542s] -- Symlinking: /home/andreas/dev_ws/msauber_stack/install/yolo_msgs/lib/python3.12/site-packages/yolo_msgs/msg/_key_point3_d.py
[14.547s] -- Symlinking: /home/andreas/dev_ws/msauber_stack/install/yolo_msgs/lib/python3.12/site-packages/yolo_msgs/msg/_key_point3_d_array.py
[14.553s] -- Symlinking: /home/andreas/dev_ws/msauber_stack/install/yolo_msgs/lib/python3.12/site-packages/yolo_msgs/msg/_key_point3_d_array_s.c
[14.561s] -- Symlinking: /home/andreas/dev_ws/msauber_stack/install/yolo_msgs/lib/python3.12/site-packages/yolo_msgs/msg/_key_point3_d_s.c
[14.567s] -- Symlinking: /home/andreas/dev_ws/msauber_stack/install/yolo_msgs/lib/python3.12/site-packages/yolo_msgs/msg/_mask.py
[14.572s] -- Symlinking: /home/andreas/dev_ws/msauber_stack/install/yolo_msgs/lib/python3.12/site-packages/yolo_msgs/msg/_mask_s.c
[14.579s] -- Symlinking: /home/andreas/dev_ws/msauber_stack/install/yolo_msgs/lib/python3.12/site-packages/yolo_msgs/msg/_point2_d.py
[14.584s] -- Symlinking: /home/andreas/dev_ws/msauber_stack/install/yolo_msgs/lib/python3.12/site-packages/yolo_msgs/msg/_point2_d_s.c
[14.590s] -- Symlinking: /home/andreas/dev_ws/msauber_stack/install/yolo_msgs/lib/python3.12/site-packages/yolo_msgs/msg/_pose2_d.py
[14.595s] -- Symlinking: /home/andreas/dev_ws/msauber_stack/install/yolo_msgs/lib/python3.12/site-packages/yolo_msgs/msg/_pose2_d_s.c
[14.601s] -- Symlinking: /home/andreas/dev_ws/msauber_stack/install/yolo_msgs/lib/python3.12/site-packages/yolo_msgs/msg/_vector2.py
[14.606s] -- Symlinking: /home/andreas/dev_ws/msauber_stack/install/yolo_msgs/lib/python3.12/site-packages/yolo_msgs/msg/_vector2_s.c
[14.612s] -- Symlinking: /home/andreas/dev_ws/msauber_stack/install/yolo_msgs/lib/python3.12/site-packages/yolo_msgs/srv/__init__.py
[14.618s] -- Symlinking: /home/andreas/dev_ws/msauber_stack/install/yolo_msgs/lib/python3.12/site-packages/yolo_msgs/srv/_set_classes.py
[14.624s] -- Symlinking: /home/andreas/dev_ws/msauber_stack/install/yolo_msgs/lib/python3.12/site-packages/yolo_msgs/srv/_set_classes_s.c
[14.629s] -- Symlinking: /home/andreas/dev_ws/msauber_stack/install/yolo_msgs/lib/python3.12/site-packages/yolo_msgs/yolo_msgs_s__rosidl_typesupport_c.so
[14.635s] -- Symlinking: /home/andreas/dev_ws/msauber_stack/install/yolo_msgs/lib/python3.12/site-packages/yolo_msgs/yolo_msgs_s__rosidl_typesupport_fastrtps_c.so
[14.640s] -- Symlinking: /home/andreas/dev_ws/msauber_stack/install/yolo_msgs/lib/python3.12/site-packages/yolo_msgs/yolo_msgs_s__rosidl_typesupport_introspection_c.so
[14.646s] -- Up-to-date symlink: /home/andreas/dev_ws/msauber_stack/install/yolo_msgs/lib/python3.12/site-packages/yolo_msgs/yolo_msgs_s__rosidl_typesupport_fastrtps_c.so
[14.647s] -- Up-to-date symlink: /home/andreas/dev_ws/msauber_stack/install/yolo_msgs/lib/python3.12/site-packages/yolo_msgs/yolo_msgs_s__rosidl_typesupport_introspection_c.so
[14.647s] -- Up-to-date symlink: /home/andreas/dev_ws/msauber_stack/install/yolo_msgs/lib/python3.12/site-packages/yolo_msgs/yolo_msgs_s__rosidl_typesupport_c.so
[14.647s] -- Symlinking: /home/andreas/dev_ws/msauber_stack/install/yolo_msgs/share/yolo_msgs/msg/Point2D.idl
[14.653s] -- Symlinking: /home/andreas/dev_ws/msauber_stack/install/yolo_msgs/share/yolo_msgs/msg/Vector2.idl
[14.661s] -- Symlinking: /home/andreas/dev_ws/msauber_stack/install/yolo_msgs/share/yolo_msgs/msg/Pose2D.idl
[14.667s] -- Symlinking: /home/andreas/dev_ws/msauber_stack/install/yolo_msgs/share/yolo_msgs/msg/BoundingBox2D.idl
[14.673s] -- Symlinking: /home/andreas/dev_ws/msauber_stack/install/yolo_msgs/share/yolo_msgs/msg/BoundingBox3D.idl
[14.679s] -- Symlinking: /home/andreas/dev_ws/msauber_stack/install/yolo_msgs/share/yolo_msgs/msg/Mask.idl
[14.685s] -- Symlinking: /home/andreas/dev_ws/msauber_stack/install/yolo_msgs/share/yolo_msgs/msg/KeyPoint2D.idl
[14.690s] -- Symlinking: /home/andreas/dev_ws/msauber_stack/install/yolo_msgs/share/yolo_msgs/msg/KeyPoint2DArray.idl
[14.696s] -- Symlinking: /home/andreas/dev_ws/msauber_stack/install/yolo_msgs/share/yolo_msgs/msg/KeyPoint3D.idl
[14.702s] -- Symlinking: /home/andreas/dev_ws/msauber_stack/install/yolo_msgs/share/yolo_msgs/msg/KeyPoint3DArray.idl
[14.708s] -- Symlinking: /home/andreas/dev_ws/msauber_stack/install/yolo_msgs/share/yolo_msgs/msg/Detection.idl
[14.714s] -- Symlinking: /home/andreas/dev_ws/msauber_stack/install/yolo_msgs/share/yolo_msgs/msg/DetectionArray.idl
[14.719s] -- Symlinking: /home/andreas/dev_ws/msauber_stack/install/yolo_msgs/share/yolo_msgs/srv/SetClasses.idl
[14.725s] -- Symlinking: /home/andreas/dev_ws/msauber_stack/install/yolo_msgs/share/yolo_msgs/msg/Point2D.msg
[14.730s] -- Symlinking: /home/andreas/dev_ws/msauber_stack/install/yolo_msgs/share/yolo_msgs/msg/Vector2.msg
[14.735s] -- Symlinking: /home/andreas/dev_ws/msauber_stack/install/yolo_msgs/share/yolo_msgs/msg/Pose2D.msg
[14.741s] -- Symlinking: /home/andreas/dev_ws/msauber_stack/install/yolo_msgs/share/yolo_msgs/msg/BoundingBox2D.msg
[14.746s] -- Symlinking: /home/andreas/dev_ws/msauber_stack/install/yolo_msgs/share/yolo_msgs/msg/BoundingBox3D.msg
[14.751s] -- Symlinking: /home/andreas/dev_ws/msauber_stack/install/yolo_msgs/share/yolo_msgs/msg/Mask.msg
[14.759s] -- Symlinking: /home/andreas/dev_ws/msauber_stack/install/yolo_msgs/share/yolo_msgs/msg/KeyPoint2D.msg
[14.765s] -- Symlinking: /home/andreas/dev_ws/msauber_stack/install/yolo_msgs/share/yolo_msgs/msg/KeyPoint2DArray.msg
[14.770s] -- Symlinking: /home/andreas/dev_ws/msauber_stack/install/yolo_msgs/share/yolo_msgs/msg/KeyPoint3D.msg
[14.776s] -- Symlinking: /home/andreas/dev_ws/msauber_stack/install/yolo_msgs/share/yolo_msgs/msg/KeyPoint3DArray.msg
[14.781s] -- Symlinking: /home/andreas/dev_ws/msauber_stack/install/yolo_msgs/share/yolo_msgs/msg/Detection.msg
[14.787s] -- Symlinking: /home/andreas/dev_ws/msauber_stack/install/yolo_msgs/share/yolo_msgs/msg/DetectionArray.msg
[14.792s] -- Symlinking: /home/andreas/dev_ws/msauber_stack/install/yolo_msgs/share/yolo_msgs/srv/SetClasses.srv
[14.798s] -- Symlinking: /home/andreas/dev_ws/msauber_stack/install/yolo_msgs/share/ament_index/resource_index/package_run_dependencies/yolo_msgs
[14.803s] -- Symlinking: /home/andreas/dev_ws/msauber_stack/install/yolo_msgs/share/ament_index/resource_index/parent_prefix_path/yolo_msgs
[14.809s] -- Symlinking: /home/andreas/dev_ws/msauber_stack/install/yolo_msgs/share/yolo_msgs/environment/ament_prefix_path.sh
[14.814s] -- Symlinking: /home/andreas/dev_ws/msauber_stack/install/yolo_msgs/share/yolo_msgs/environment/ament_prefix_path.dsv
[14.820s] -- Symlinking: /home/andreas/dev_ws/msauber_stack/install/yolo_msgs/share/yolo_msgs/environment/path.sh
[14.825s] -- Symlinking: /home/andreas/dev_ws/msauber_stack/install/yolo_msgs/share/yolo_msgs/environment/path.dsv
[14.831s] -- Symlinking: /home/andreas/dev_ws/msauber_stack/install/yolo_msgs/share/yolo_msgs/local_setup.bash
[14.838s] -- Symlinking: /home/andreas/dev_ws/msauber_stack/install/yolo_msgs/share/yolo_msgs/local_setup.sh
[14.845s] -- Symlinking: /home/andreas/dev_ws/msauber_stack/install/yolo_msgs/share/yolo_msgs/local_setup.zsh
[14.851s] -- Symlinking: /home/andreas/dev_ws/msauber_stack/install/yolo_msgs/share/yolo_msgs/local_setup.dsv
[14.859s] -- Symlinking: /home/andreas/dev_ws/msauber_stack/install/yolo_msgs/share/yolo_msgs/package.dsv
[14.865s] -- Symlinking: /home/andreas/dev_ws/msauber_stack/install/yolo_msgs/share/ament_index/resource_index/packages/yolo_msgs
[14.871s] -- Symlinking: /home/andreas/dev_ws/msauber_stack/install/yolo_msgs/share/yolo_msgs/cmake/rosidl_cmake-extras.cmake
[14.877s] -- Symlinking: /home/andreas/dev_ws/msauber_stack/install/yolo_msgs/share/yolo_msgs/cmake/ament_cmake_export_dependencies-extras.cmake
[14.883s] -- Symlinking: /home/andreas/dev_ws/msauber_stack/install/yolo_msgs/share/yolo_msgs/cmake/ament_cmake_export_include_directories-extras.cmake
[14.889s] -- Symlinking: /home/andreas/dev_ws/msauber_stack/install/yolo_msgs/share/yolo_msgs/cmake/ament_cmake_export_libraries-extras.cmake
[14.896s] -- Symlinking: /home/andreas/dev_ws/msauber_stack/install/yolo_msgs/share/yolo_msgs/cmake/ament_cmake_export_targets-extras.cmake
[14.902s] -- Symlinking: /home/andreas/dev_ws/msauber_stack/install/yolo_msgs/share/yolo_msgs/cmake/rosidl_cmake_export_typesupport_targets-extras.cmake
[14.908s] -- Symlinking: /home/andreas/dev_ws/msauber_stack/install/yolo_msgs/share/yolo_msgs/cmake/rosidl_cmake_export_typesupport_libraries-extras.cmake
[14.914s] -- Symlinking: /home/andreas/dev_ws/msauber_stack/install/yolo_msgs/share/yolo_msgs/cmake/yolo_msgsConfig.cmake
[14.920s] -- Symlinking: /home/andreas/dev_ws/msauber_stack/install/yolo_msgs/share/yolo_msgs/cmake/yolo_msgsConfig-version.cmake
[14.925s] -- Symlinking: /home/andreas/dev_ws/msauber_stack/install/yolo_msgs/share/yolo_msgs/package.xml
[14.931s] -- Installing: /home/andreas/dev_ws/msauber_stack/install/yolo_msgs/lib/libyolo_msgs__rosidl_generator_c.so
[14.931s] -- Set non-toolchain portion of runtime path of "/home/andreas/dev_ws/msauber_stack/install/yolo_msgs/lib/libyolo_msgs__rosidl_generator_c.so" to ""
[14.931s] -- Installing: /home/andreas/dev_ws/msauber_stack/install/yolo_msgs/lib/libyolo_msgs__rosidl_typesupport_fastrtps_c.so
[14.931s] -- Set non-toolchain portion of runtime path of "/home/andreas/dev_ws/msauber_stack/install/yolo_msgs/lib/libyolo_msgs__rosidl_typesupport_fastrtps_c.so" to ""
[14.931s] -- Installing: /home/andreas/dev_ws/msauber_stack/install/yolo_msgs/lib/libyolo_msgs__rosidl_typesupport_introspection_c.so
[14.931s] -- Set non-toolchain portion of runtime path of "/home/andreas/dev_ws/msauber_stack/install/yolo_msgs/lib/libyolo_msgs__rosidl_typesupport_introspection_c.so" to ""
[14.931s] -- Installing: /home/andreas/dev_ws/msauber_stack/install/yolo_msgs/lib/libyolo_msgs__rosidl_typesupport_c.so
[14.932s] -- Set non-toolchain portion of runtime path of "/home/andreas/dev_ws/msauber_stack/install/yolo_msgs/lib/libyolo_msgs__rosidl_typesupport_c.so" to ""
[14.932s] -- Installing: /home/andreas/dev_ws/msauber_stack/install/yolo_msgs/lib/libyolo_msgs__rosidl_typesupport_fastrtps_cpp.so
[14.932s] -- Set non-toolchain portion of runtime path of "/home/andreas/dev_ws/msauber_stack/install/yolo_msgs/lib/libyolo_msgs__rosidl_typesupport_fastrtps_cpp.so" to ""
[14.932s] -- Installing: /home/andreas/dev_ws/msauber_stack/install/yolo_msgs/lib/libyolo_msgs__rosidl_typesupport_introspection_cpp.so
[14.932s] -- Set non-toolchain portion of runtime path of "/home/andreas/dev_ws/msauber_stack/install/yolo_msgs/lib/libyolo_msgs__rosidl_typesupport_introspection_cpp.so" to ""
[14.932s] -- Installing: /home/andreas/dev_ws/msauber_stack/install/yolo_msgs/lib/libyolo_msgs__rosidl_typesupport_cpp.so
[14.933s] -- Set non-toolchain portion of runtime path of "/home/andreas/dev_ws/msauber_stack/install/yolo_msgs/lib/libyolo_msgs__rosidl_typesupport_cpp.so" to ""
[14.974s] Listing '/home/andreas/dev_ws/msauber_stack/install/yolo_msgs/lib/python3.12/site-packages/yolo_msgs'...
[14.974s] Compiling '/home/andreas/dev_ws/msauber_stack/install/yolo_msgs/lib/python3.12/site-packages/yolo_msgs/__init__.py'...
[14.974s] Listing '/home/andreas/dev_ws/msauber_stack/install/yolo_msgs/lib/python3.12/site-packages/yolo_msgs/msg'...
[14.974s] Compiling '/home/andreas/dev_ws/msauber_stack/install/yolo_msgs/lib/python3.12/site-packages/yolo_msgs/msg/__init__.py'...
[14.974s] Compiling '/home/andreas/dev_ws/msauber_stack/install/yolo_msgs/lib/python3.12/site-packages/yolo_msgs/msg/_bounding_box2_d.py'...
[14.974s] Compiling '/home/andreas/dev_ws/msauber_stack/install/yolo_msgs/lib/python3.12/site-packages/yolo_msgs/msg/_bounding_box3_d.py'...
[14.974s] Compiling '/home/andreas/dev_ws/msauber_stack/install/yolo_msgs/lib/python3.12/site-packages/yolo_msgs/msg/_detection.py'...
[14.974s] Compiling '/home/andreas/dev_ws/msauber_stack/install/yolo_msgs/lib/python3.12/site-packages/yolo_msgs/msg/_detection_array.py'...
[14.974s] Compiling '/home/andreas/dev_ws/msauber_stack/install/yolo_msgs/lib/python3.12/site-packages/yolo_msgs/msg/_key_point2_d.py'...
[14.974s] Compiling '/home/andreas/dev_ws/msauber_stack/install/yolo_msgs/lib/python3.12/site-packages/yolo_msgs/msg/_key_point2_d_array.py'...
[14.975s] Compiling '/home/andreas/dev_ws/msauber_stack/install/yolo_msgs/lib/python3.12/site-packages/yolo_msgs/msg/_key_point3_d.py'...
[14.975s] Compiling '/home/andreas/dev_ws/msauber_stack/install/yolo_msgs/lib/python3.12/site-packages/yolo_msgs/msg/_key_point3_d_array.py'...
[14.975s] Compiling '/home/andreas/dev_ws/msauber_stack/install/yolo_msgs/lib/python3.12/site-packages/yolo_msgs/msg/_mask.py'...
[14.975s] Compiling '/home/andreas/dev_ws/msauber_stack/install/yolo_msgs/lib/python3.12/site-packages/yolo_msgs/msg/_point2_d.py'...
[14.975s] Compiling '/home/andreas/dev_ws/msauber_stack/install/yolo_msgs/lib/python3.12/site-packages/yolo_msgs/msg/_pose2_d.py'...
[14.975s] Compiling '/home/andreas/dev_ws/msauber_stack/install/yolo_msgs/lib/python3.12/site-packages/yolo_msgs/msg/_vector2.py'...
[14.975s] Listing '/home/andreas/dev_ws/msauber_stack/install/yolo_msgs/lib/python3.12/site-packages/yolo_msgs/srv'...
[14.975s] Compiling '/home/andreas/dev_ws/msauber_stack/install/yolo_msgs/lib/python3.12/site-packages/yolo_msgs/srv/__init__.py'...
[14.975s] Compiling '/home/andreas/dev_ws/msauber_stack/install/yolo_msgs/lib/python3.12/site-packages/yolo_msgs/srv/_set_classes.py'...
[14.978s] -- Installing: /home/andreas/dev_ws/msauber_stack/install/yolo_msgs/lib/libyolo_msgs__rosidl_generator_py.so
[14.978s] -- Set non-toolchain portion of runtime path of "/home/andreas/dev_ws/msauber_stack/install/yolo_msgs/lib/libyolo_msgs__rosidl_generator_py.so" to ""
[14.978s] -- Installing: /home/andreas/dev_ws/msauber_stack/install/yolo_msgs/share/yolo_msgs/cmake/export_yolo_msgs__rosidl_generator_cExport.cmake
[14.978s] -- Installing: /home/andreas/dev_ws/msauber_stack/install/yolo_msgs/share/yolo_msgs/cmake/export_yolo_msgs__rosidl_generator_cExport-noconfig.cmake
[14.979s] -- Installing: /home/andreas/dev_ws/msauber_stack/install/yolo_msgs/share/yolo_msgs/cmake/export_yolo_msgs__rosidl_typesupport_fastrtps_cExport.cmake
[14.979s] -- Installing: /home/andreas/dev_ws/msauber_stack/install/yolo_msgs/share/yolo_msgs/cmake/export_yolo_msgs__rosidl_typesupport_fastrtps_cExport-noconfig.cmake
[14.979s] -- Installing: /home/andreas/dev_ws/msauber_stack/install/yolo_msgs/share/yolo_msgs/cmake/yolo_msgs__rosidl_typesupport_introspection_cExport.cmake
[14.979s] -- Installing: /home/andreas/dev_ws/msauber_stack/install/yolo_msgs/share/yolo_msgs/cmake/yolo_msgs__rosidl_typesupport_introspection_cExport-noconfig.cmake
[14.979s] -- Installing: /home/andreas/dev_ws/msauber_stack/install/yolo_msgs/share/yolo_msgs/cmake/yolo_msgs__rosidl_typesupport_cExport.cmake
[14.979s] -- Installing: /home/andreas/dev_ws/msauber_stack/install/yolo_msgs/share/yolo_msgs/cmake/yolo_msgs__rosidl_typesupport_cExport-noconfig.cmake
[14.979s] -- Installing: /home/andreas/dev_ws/msauber_stack/install/yolo_msgs/share/yolo_msgs/cmake/export_yolo_msgs__rosidl_generator_cppExport.cmake
[14.979s] -- Installing: /home/andreas/dev_ws/msauber_stack/install/yolo_msgs/share/yolo_msgs/cmake/export_yolo_msgs__rosidl_typesupport_fastrtps_cppExport.cmake
[14.980s] -- Installing: /home/andreas/dev_ws/msauber_stack/install/yolo_msgs/share/yolo_msgs/cmake/export_yolo_msgs__rosidl_typesupport_fastrtps_cppExport-noconfig.cmake
[14.980s] -- Installing: /home/andreas/dev_ws/msauber_stack/install/yolo_msgs/share/yolo_msgs/cmake/yolo_msgs__rosidl_typesupport_introspection_cppExport.cmake
[14.980s] -- Installing: /home/andreas/dev_ws/msauber_stack/install/yolo_msgs/share/yolo_msgs/cmake/yolo_msgs__rosidl_typesupport_introspection_cppExport-noconfig.cmake
[14.980s] -- Installing: /home/andreas/dev_ws/msauber_stack/install/yolo_msgs/share/yolo_msgs/cmake/yolo_msgs__rosidl_typesupport_cppExport.cmake
[14.980s] -- Installing: /home/andreas/dev_ws/msauber_stack/install/yolo_msgs/share/yolo_msgs/cmake/yolo_msgs__rosidl_typesupport_cppExport-noconfig.cmake
[14.980s] -- Installing: /home/andreas/dev_ws/msauber_stack/install/yolo_msgs/share/yolo_msgs/cmake/export_yolo_msgs__rosidl_generator_pyExport.cmake
[14.980s] -- Installing: /home/andreas/dev_ws/msauber_stack/install/yolo_msgs/share/yolo_msgs/cmake/export_yolo_msgs__rosidl_generator_pyExport-noconfig.cmake
[14.982s] Invoked command in '/home/andreas/dev_ws/msauber_stack/build/yolo_msgs' returned '0': CMAKE_PREFIX_PATH=${CMAKE_PREFIX_PATH}:/home/andreas/dev_ws/msauber_stack/install/yolo_ros:/home/andreas/dev_ws/msauber_stack/install/msauber_bringup:/home/andreas/dev_ws/msauber_stack/install/msauber_sim:/home/andreas/dev_ws/msauber_stack/install/msauber_perception:/home/andreas/dev_ws/msauber_stack/install/msauber_navigation:/home/andreas/dev_ws/msauber_stack/install/msauber_description:/home/andreas/dev_ws/msauber_stack/install/msauber_control:/opt/ros/jazzy DEBUGINFOD_URLS=https://debuginfod.ubuntu.com PS1=(my_py_venv) %m%# VIRTUAL_ENV_PROMPT=(my_py_venv) /usr/bin/cmake --install /home/andreas/dev_ws/msauber_stack/build/yolo_msgs
