[4.523s] Invoking command in '/home/andreas/dev_ws/msauber_stack/build/msauber_sim': DEBUGINFOD_URLS=https://debuginfod.ubuntu.com PS1=(my_py_venv) %m%# PYTHONPATH=/home/andreas/dev_ws/msauber_stack/build/msauber_sim/prefix_override:/usr/lib/python3/dist-packages/colcon_core/task/python/colcon_distutils_commands:/home/andreas/dev_ws/msauber_stack/install/msauber_sim/lib/python3.12/site-packages:${PYTHONPATH} VIRTUAL_ENV_PROMPT=(my_py_venv) /usr/bin/python3 -W ignore:setup.py install is deprecated -W ignore:easy_install command is deprecated setup.py develop --editable --build-directory /home/andreas/dev_ws/msauber_stack/build/msauber_sim/build --no-deps symlink_data
[6.742s] running develop
[8.409s] running egg_info
[8.410s] creating msauber_sim.egg-info
[8.603s] writing msauber_sim.egg-info/PKG-INFO
[8.605s] writing dependency_links to msauber_sim.egg-info/dependency_links.txt
[8.607s] writing requirements to msauber_sim.egg-info/requires.txt
[8.608s] writing top-level names to msauber_sim.egg-info/top_level.txt
[8.609s] writing manifest file 'msauber_sim.egg-info/SOURCES.txt'
[8.951s] reading manifest file 'msauber_sim.egg-info/SOURCES.txt'
[8.953s] writing manifest file 'msauber_sim.egg-info/SOURCES.txt'
[9.117s] running build_ext
[9.118s] Creating /home/andreas/dev_ws/msauber_stack/install/msauber_sim/lib/python3.12/site-packages/msauber-sim.egg-link (link to .)
[9.119s] 
[9.119s] Installed /home/andreas/dev_ws/msauber_stack/build/msauber_sim
[9.120s] running symlink_data
[9.120s] creating /home/andreas/dev_ws/msauber_stack/install/msauber_sim/share/ament_index
[9.121s] creating /home/andreas/dev_ws/msauber_stack/install/msauber_sim/share/ament_index/resource_index
[9.121s] creating /home/andreas/dev_ws/msauber_stack/install/msauber_sim/share/ament_index/resource_index/packages
[9.121s] symbolically linking /home/andreas/dev_ws/msauber_stack/build/msauber_sim/resource/msauber_sim -> /home/andreas/dev_ws/msauber_stack/install/msauber_sim/share/ament_index/resource_index/packages
[9.122s] symbolically linking /home/andreas/dev_ws/msauber_stack/build/msauber_sim/package.xml -> /home/andreas/dev_ws/msauber_stack/install/msauber_sim/share/msauber_sim
[9.122s] creating /home/andreas/dev_ws/msauber_stack/install/msauber_sim/share/msauber_sim/launch
[9.123s] symbolically linking /home/andreas/dev_ws/msauber_stack/build/msauber_sim/launch/sim.launch.py -> /home/andreas/dev_ws/msauber_stack/install/msauber_sim/share/msauber_sim/launch
[9.123s] creating /home/andreas/dev_ws/msauber_stack/install/msauber_sim/share/msauber_sim/meshes
[9.123s] creating /home/andreas/dev_ws/msauber_stack/install/msauber_sim/share/msauber_sim/config
[9.124s] creating /home/andreas/dev_ws/msauber_stack/install/msauber_sim/share/msauber_sim/worlds
[9.124s] symbolically linking /home/andreas/dev_ws/msauber_stack/build/msauber_sim/worlds/pista_map.png -> /home/andreas/dev_ws/msauber_stack/install/msauber_sim/share/msauber_sim/worlds
[9.125s] symbolically linking /home/andreas/dev_ws/msauber_stack/build/msauber_sim/worlds/sonoma.sdf -> /home/andreas/dev_ws/msauber_stack/install/msauber_sim/share/msauber_sim/worlds
[9.125s] symbolically linking /home/andreas/dev_ws/msauber_stack/build/msauber_sim/worlds/my_empty.sdf -> /home/andreas/dev_ws/msauber_stack/install/msauber_sim/share/msauber_sim/worlds
[9.125s] symbolically linking /home/andreas/dev_ws/msauber_stack/build/msauber_sim/worlds/pista.sdf -> /home/andreas/dev_ws/msauber_stack/install/msauber_sim/share/msauber_sim/worlds
[9.126s] symbolically linking /home/andreas/dev_ws/msauber_stack/build/msauber_sim/worlds/cone_empty.sdf -> /home/andreas/dev_ws/msauber_stack/install/msauber_sim/share/msauber_sim/worlds
[9.126s] creating /home/andreas/dev_ws/msauber_stack/install/msauber_sim/share/msauber_sim/models
[9.127s] creating /home/andreas/dev_ws/msauber_stack/install/msauber_sim/share/msauber_sim/models/cone_orange
[9.127s] symbolically linking /home/andreas/dev_ws/msauber_stack/build/msauber_sim/models/cone_orange/model.sdf -> /home/andreas/dev_ws/msauber_stack/install/msauber_sim/share/msauber_sim/models/cone_orange
[9.127s] symbolically linking /home/andreas/dev_ws/msauber_stack/build/msauber_sim/models/cone_orange/model.config -> /home/andreas/dev_ws/msauber_stack/install/msauber_sim/share/msauber_sim/models/cone_orange
[9.127s] creating /home/andreas/dev_ws/msauber_stack/install/msauber_sim/share/msauber_sim/models/cone_orange/meshes
[9.128s] symbolically linking /home/andreas/dev_ws/msauber_stack/build/msauber_sim/models/cone_orange/meshes/cone.stl -> /home/andreas/dev_ws/msauber_stack/install/msauber_sim/share/msauber_sim/models/cone_orange/meshes
[9.128s] creating /home/andreas/dev_ws/msauber_stack/install/msauber_sim/share/msauber_sim/models/cone_orange/thumbnails
[9.128s] symbolically linking /home/andreas/dev_ws/msauber_stack/build/msauber_sim/models/cone_orange/thumbnails/Screenshot from 2025-07-05 15-15-27.png -> /home/andreas/dev_ws/msauber_stack/install/msauber_sim/share/msauber_sim/models/cone_orange/thumbnails
[9.128s] creating /home/andreas/dev_ws/msauber_stack/install/msauber_sim/share/msauber_sim/models/pista_ground
[9.129s] symbolically linking /home/andreas/dev_ws/msauber_stack/build/msauber_sim/models/pista_ground/model.sdf -> /home/andreas/dev_ws/msauber_stack/install/msauber_sim/share/msauber_sim/models/pista_ground
[9.129s] symbolically linking /home/andreas/dev_ws/msauber_stack/build/msauber_sim/models/pista_ground/model.config -> /home/andreas/dev_ws/msauber_stack/install/msauber_sim/share/msauber_sim/models/pista_ground
[9.129s] creating /home/andreas/dev_ws/msauber_stack/install/msauber_sim/share/msauber_sim/models/pista_ground/materials
[9.130s] creating /home/andreas/dev_ws/msauber_stack/install/msauber_sim/share/msauber_sim/models/pista_ground/materials/textures
[9.130s] symbolically linking /home/andreas/dev_ws/msauber_stack/build/msauber_sim/models/pista_ground/materials/textures/pista_map.png -> /home/andreas/dev_ws/msauber_stack/install/msauber_sim/share/msauber_sim/models/pista_ground/materials/textures
[9.245s] Invoked command in '/home/andreas/dev_ws/msauber_stack/build/msauber_sim' returned '0': DEBUGINFOD_URLS=https://debuginfod.ubuntu.com PS1=(my_py_venv) %m%# PYTHONPATH=/home/andreas/dev_ws/msauber_stack/build/msauber_sim/prefix_override:/usr/lib/python3/dist-packages/colcon_core/task/python/colcon_distutils_commands:/home/andreas/dev_ws/msauber_stack/install/msauber_sim/lib/python3.12/site-packages:${PYTHONPATH} VIRTUAL_ENV_PROMPT=(my_py_venv) /usr/bin/python3 -W ignore:setup.py install is deprecated -W ignore:easy_install command is deprecated setup.py develop --editable --build-directory /home/andreas/dev_ws/msauber_stack/build/msauber_sim/build --no-deps symlink_data
