[1.021s] Invoking command in '/home/andreas/dev_ws/msauber_stack/build/msauber_bringup': AMENT_PREFIX_PATH=/home/andreas/dev_ws/msauber_stack/install/msauber_sim:/home/andreas/dev_ws/msauber_stack/install/msauber_description:/home/andreas/dev_ws/msauber_stack/install/msauber_control:/home/andreas/dev_ws/msauber_stack/install/yolo_bringup:/home/andreas/dev_ws/msauber_stack/install/yolo_ros:/home/andreas/dev_ws/msauber_stack/install/yolo_msgs:/home/andreas/dev_ws/msauber_stack/install/msauber_bringup:/home/andreas/dev_ws/msauber_stack/install/msauber_perception:/home/andreas/dev_ws/msauber_stack/install/msauber_navigation:/opt/ros/jazzy DEBUGINFOD_URLS=https://debuginfod.ubuntu.com PS1=(my_py_venv) %m%# PYTHONPATH=/home/andreas/dev_ws/msauber_stack/build/msauber_bringup/prefix_override:/usr/lib/python3/dist-packages/colcon_core/task/python/colcon_distutils_commands:/home/andreas/dev_ws/msauber_stack/install/msauber_bringup/lib/python3.12/site-packages:/home/andreas/dev_ws/msauber_stack/build/msauber_sim:/home/andreas/dev_ws/msauber_stack/install/msauber_sim/lib/python3.12/site-packages:/home/andreas/dev_ws/msauber_stack/build/msauber_description:/home/andreas/dev_ws/msauber_stack/install/msauber_description/lib/python3.12/site-packages:/home/andreas/dev_ws/msauber_stack/build/msauber_control:/home/andreas/dev_ws/msauber_stack/install/msauber_control/lib/python3.12/site-packages:/home/andreas/dev_ws/msauber_stack/build/yolo_ros:/home/andreas/dev_ws/msauber_stack/install/yolo_ros/lib/python3.12/site-packages:/home/andreas/dev_ws/msauber_stack/install/yolo_msgs/lib/python3.12/site-packages:/home/andreas/dev_ws/msauber_stack/build/msauber_bringup:/home/andreas/dev_ws/msauber_stack/install/msauber_bringup/lib/python3.12/site-packages:/home/andreas/dev_ws/msauber_stack/build/msauber_perception:/home/andreas/dev_ws/msauber_stack/install/msauber_perception/lib/python3.12/site-packages:/home/andreas/dev_ws/msauber_stack/build/msauber_navigation:/home/andreas/dev_ws/msauber_stack/install/msauber_navigation/lib/python3.12/site-packages:/home/andreas/my_py_venv/lib/python3.12/site-packages:/opt/ros/jazzy/lib/python3.12/site-packages VIRTUAL_ENV_PROMPT=(my_py_venv) /usr/bin/python3 -W ignore:setup.py install is deprecated -W ignore:easy_install command is deprecated setup.py develop --editable --build-directory /home/andreas/dev_ws/msauber_stack/build/msauber_bringup/build --no-deps symlink_data
[1.407s] running develop
[1.697s] running egg_info
[1.697s] creating msauber_bringup.egg-info
[1.733s] writing msauber_bringup.egg-info/PKG-INFO
[1.733s] writing dependency_links to msauber_bringup.egg-info/dependency_links.txt
[1.734s] writing requirements to msauber_bringup.egg-info/requires.txt
[1.734s] writing top-level names to msauber_bringup.egg-info/top_level.txt
[1.735s] writing manifest file 'msauber_bringup.egg-info/SOURCES.txt'
[1.826s] reading manifest file 'msauber_bringup.egg-info/SOURCES.txt'
[1.827s] writing manifest file 'msauber_bringup.egg-info/SOURCES.txt'
[1.869s] running build_ext
[1.869s] Creating /home/andreas/dev_ws/msauber_stack/install/msauber_bringup/lib/python3.12/site-packages/msauber-bringup.egg-link (link to .)
[1.869s] 
[1.869s] Installed /home/andreas/dev_ws/msauber_stack/build/msauber_bringup
[1.869s] running symlink_data
[1.870s] creating /home/andreas/dev_ws/msauber_stack/install/msauber_bringup/share/ament_index
[1.870s] creating /home/andreas/dev_ws/msauber_stack/install/msauber_bringup/share/ament_index/resource_index
[1.870s] creating /home/andreas/dev_ws/msauber_stack/install/msauber_bringup/share/ament_index/resource_index/packages
[1.870s] symbolically linking /home/andreas/dev_ws/msauber_stack/build/msauber_bringup/resource/msauber_bringup -> /home/andreas/dev_ws/msauber_stack/install/msauber_bringup/share/ament_index/resource_index/packages
[1.870s] symbolically linking /home/andreas/dev_ws/msauber_stack/build/msauber_bringup/package.xml -> /home/andreas/dev_ws/msauber_stack/install/msauber_bringup/share/msauber_bringup
[1.870s] creating /home/andreas/dev_ws/msauber_stack/install/msauber_bringup/share/msauber_bringup/launch
[1.870s] symbolically linking /home/andreas/dev_ws/msauber_stack/build/msauber_bringup/launch/sim_bringup.launch.py -> /home/andreas/dev_ws/msauber_stack/install/msauber_bringup/share/msauber_bringup/launch
[1.902s] Invoked command in '/home/andreas/dev_ws/msauber_stack/build/msauber_bringup' returned '0': AMENT_PREFIX_PATH=/home/andreas/dev_ws/msauber_stack/install/msauber_sim:/home/andreas/dev_ws/msauber_stack/install/msauber_description:/home/andreas/dev_ws/msauber_stack/install/msauber_control:/home/andreas/dev_ws/msauber_stack/install/yolo_bringup:/home/andreas/dev_ws/msauber_stack/install/yolo_ros:/home/andreas/dev_ws/msauber_stack/install/yolo_msgs:/home/andreas/dev_ws/msauber_stack/install/msauber_bringup:/home/andreas/dev_ws/msauber_stack/install/msauber_perception:/home/andreas/dev_ws/msauber_stack/install/msauber_navigation:/opt/ros/jazzy DEBUGINFOD_URLS=https://debuginfod.ubuntu.com PS1=(my_py_venv) %m%# PYTHONPATH=/home/andreas/dev_ws/msauber_stack/build/msauber_bringup/prefix_override:/usr/lib/python3/dist-packages/colcon_core/task/python/colcon_distutils_commands:/home/andreas/dev_ws/msauber_stack/install/msauber_bringup/lib/python3.12/site-packages:/home/andreas/dev_ws/msauber_stack/build/msauber_sim:/home/andreas/dev_ws/msauber_stack/install/msauber_sim/lib/python3.12/site-packages:/home/andreas/dev_ws/msauber_stack/build/msauber_description:/home/andreas/dev_ws/msauber_stack/install/msauber_description/lib/python3.12/site-packages:/home/andreas/dev_ws/msauber_stack/build/msauber_control:/home/andreas/dev_ws/msauber_stack/install/msauber_control/lib/python3.12/site-packages:/home/andreas/dev_ws/msauber_stack/build/yolo_ros:/home/andreas/dev_ws/msauber_stack/install/yolo_ros/lib/python3.12/site-packages:/home/andreas/dev_ws/msauber_stack/install/yolo_msgs/lib/python3.12/site-packages:/home/andreas/dev_ws/msauber_stack/build/msauber_bringup:/home/andreas/dev_ws/msauber_stack/install/msauber_bringup/lib/python3.12/site-packages:/home/andreas/dev_ws/msauber_stack/build/msauber_perception:/home/andreas/dev_ws/msauber_stack/install/msauber_perception/lib/python3.12/site-packages:/home/andreas/dev_ws/msauber_stack/build/msauber_navigation:/home/andreas/dev_ws/msauber_stack/install/msauber_navigation/lib/python3.12/site-packages:/home/andreas/my_py_venv/lib/python3.12/site-packages:/opt/ros/jazzy/lib/python3.12/site-packages VIRTUAL_ENV_PROMPT=(my_py_venv) /usr/bin/python3 -W ignore:setup.py install is deprecated -W ignore:easy_install command is deprecated setup.py develop --editable --build-directory /home/andreas/dev_ws/msauber_stack/build/msauber_bringup/build --no-deps symlink_data
