[5.691s] Invoking command in '/home/andreas/dev_ws/msauber_stack/build/msauber_sim': DEBUGINFOD_URLS=https://debuginfod.ubuntu.com PS1=(my_py_venv) %m%# PYTHONPATH=/home/andreas/dev_ws/msauber_stack/build/msauber_sim/prefix_override:/usr/lib/python3/dist-packages/colcon_core/task/python/colcon_distutils_commands:/home/andreas/dev_ws/msauber_stack/install/msauber_sim/lib/python3.12/site-packages:${PYTHONPATH} VIRTUAL_ENV_PROMPT=(my_py_venv) /usr/bin/python3 -W ignore:setup.py install is deprecated -W ignore:easy_install command is deprecated setup.py develop --editable --build-directory /home/andreas/dev_ws/msauber_stack/build/msauber_sim/build --no-deps symlink_data
[8.171s] running develop
[9.993s] running egg_info
[9.994s] creating msauber_sim.egg-info
[10.187s] writing msauber_sim.egg-info/PKG-INFO
[10.190s] writing dependency_links to msauber_sim.egg-info/dependency_links.txt
[10.195s] writing requirements to msauber_sim.egg-info/requires.txt
[10.195s] writing top-level names to msauber_sim.egg-info/top_level.txt
[10.197s] writing manifest file 'msauber_sim.egg-info/SOURCES.txt'
[10.591s] reading manifest file 'msauber_sim.egg-info/SOURCES.txt'
[10.593s] writing manifest file 'msauber_sim.egg-info/SOURCES.txt'
[10.720s] running build_ext
[10.721s] Creating /home/andreas/dev_ws/msauber_stack/install/msauber_sim/lib/python3.12/site-packages/msauber-sim.egg-link (link to .)
[10.722s] 
[10.722s] Installed /home/andreas/dev_ws/msauber_stack/build/msauber_sim
[10.723s] running symlink_data
[10.723s] creating /home/andreas/dev_ws/msauber_stack/install/msauber_sim/share/ament_index
[10.723s] creating /home/andreas/dev_ws/msauber_stack/install/msauber_sim/share/ament_index/resource_index
[10.724s] creating /home/andreas/dev_ws/msauber_stack/install/msauber_sim/share/ament_index/resource_index/packages
[10.724s] symbolically linking /home/andreas/dev_ws/msauber_stack/build/msauber_sim/resource/msauber_sim -> /home/andreas/dev_ws/msauber_stack/install/msauber_sim/share/ament_index/resource_index/packages
[10.724s] symbolically linking /home/andreas/dev_ws/msauber_stack/build/msauber_sim/package.xml -> /home/andreas/dev_ws/msauber_stack/install/msauber_sim/share/msauber_sim
[10.724s] creating /home/andreas/dev_ws/msauber_stack/install/msauber_sim/share/msauber_sim/launch
[10.725s] symbolically linking /home/andreas/dev_ws/msauber_stack/build/msauber_sim/launch/sim.launch.py -> /home/andreas/dev_ws/msauber_stack/install/msauber_sim/share/msauber_sim/launch
[10.725s] creating /home/andreas/dev_ws/msauber_stack/install/msauber_sim/share/msauber_sim/meshes
[10.725s] creating /home/andreas/dev_ws/msauber_stack/install/msauber_sim/share/msauber_sim/config
[10.726s] creating /home/andreas/dev_ws/msauber_stack/install/msauber_sim/share/msauber_sim/worlds
[10.726s] symbolically linking /home/andreas/dev_ws/msauber_stack/build/msauber_sim/worlds/pista_map.png -> /home/andreas/dev_ws/msauber_stack/install/msauber_sim/share/msauber_sim/worlds
[10.727s] symbolically linking /home/andreas/dev_ws/msauber_stack/build/msauber_sim/worlds/sonoma.sdf -> /home/andreas/dev_ws/msauber_stack/install/msauber_sim/share/msauber_sim/worlds
[10.727s] symbolically linking /home/andreas/dev_ws/msauber_stack/build/msauber_sim/worlds/my_empty.sdf -> /home/andreas/dev_ws/msauber_stack/install/msauber_sim/share/msauber_sim/worlds
[10.727s] symbolically linking /home/andreas/dev_ws/msauber_stack/build/msauber_sim/worlds/pista.sdf -> /home/andreas/dev_ws/msauber_stack/install/msauber_sim/share/msauber_sim/worlds
[10.727s] symbolically linking /home/andreas/dev_ws/msauber_stack/build/msauber_sim/worlds/cone_empty.sdf -> /home/andreas/dev_ws/msauber_stack/install/msauber_sim/share/msauber_sim/worlds
[10.728s] creating /home/andreas/dev_ws/msauber_stack/install/msauber_sim/share/msauber_sim/models
[10.728s] creating /home/andreas/dev_ws/msauber_stack/install/msauber_sim/share/msauber_sim/models/cone_orange
[10.728s] symbolically linking /home/andreas/dev_ws/msauber_stack/build/msauber_sim/models/cone_orange/model.sdf -> /home/andreas/dev_ws/msauber_stack/install/msauber_sim/share/msauber_sim/models/cone_orange
[10.729s] symbolically linking /home/andreas/dev_ws/msauber_stack/build/msauber_sim/models/cone_orange/model.config -> /home/andreas/dev_ws/msauber_stack/install/msauber_sim/share/msauber_sim/models/cone_orange
[10.729s] creating /home/andreas/dev_ws/msauber_stack/install/msauber_sim/share/msauber_sim/models/cone_orange/meshes
[10.729s] symbolically linking /home/andreas/dev_ws/msauber_stack/build/msauber_sim/models/cone_orange/meshes/cone.stl -> /home/andreas/dev_ws/msauber_stack/install/msauber_sim/share/msauber_sim/models/cone_orange/meshes
[10.730s] creating /home/andreas/dev_ws/msauber_stack/install/msauber_sim/share/msauber_sim/models/cone_orange/thumbnails
[10.730s] symbolically linking /home/andreas/dev_ws/msauber_stack/build/msauber_sim/models/cone_orange/thumbnails/Screenshot from 2025-07-05 15-15-27.png -> /home/andreas/dev_ws/msauber_stack/install/msauber_sim/share/msauber_sim/models/cone_orange/thumbnails
[10.858s] Invoked command in '/home/andreas/dev_ws/msauber_stack/build/msauber_sim' returned '0': DEBUGINFOD_URLS=https://debuginfod.ubuntu.com PS1=(my_py_venv) %m%# PYTHONPATH=/home/andreas/dev_ws/msauber_stack/build/msauber_sim/prefix_override:/usr/lib/python3/dist-packages/colcon_core/task/python/colcon_distutils_commands:/home/andreas/dev_ws/msauber_stack/install/msauber_sim/lib/python3.12/site-packages:${PYTHONPATH} VIRTUAL_ENV_PROMPT=(my_py_venv) /usr/bin/python3 -W ignore:setup.py install is deprecated -W ignore:easy_install command is deprecated setup.py develop --editable --build-directory /home/andreas/dev_ws/msauber_stack/build/msauber_sim/build --no-deps symlink_data
