[0.036s] Invoking command in '/home/andreas/dev_ws/msauber_stack/build/yolo_msgs': CMAKE_PREFIX_PATH=${CMAKE_PREFIX_PATH}:/home/andreas/dev_ws/msauber_stack/install/yolo_ros:/home/andreas/dev_ws/msauber_stack/install/msauber_bringup:/home/andreas/dev_ws/msauber_stack/install/msauber_sim:/home/andreas/dev_ws/msauber_stack/install/msauber_perception:/home/andreas/dev_ws/msauber_stack/install/msauber_navigation:/home/andreas/dev_ws/msauber_stack/install/msauber_description:/home/andreas/dev_ws/msauber_stack/install/msauber_control:/opt/ros/jazzy DEBUGINFOD_URLS=https://debuginfod.ubuntu.com PS1=(my_py_venv) %m%# VIRTUAL_ENV_PROMPT=(my_py_venv) /usr/bin/cmake --build /home/andreas/dev_ws/msauber_stack/build/yolo_msgs -- -j8 -l8
[1.606s] [  0%] Built target yolo_msgs__rosidl_generator_type_description
[1.606s] [  0%] Built target ament_cmake_python_symlink_yolo_msgs
[1.606s] [ 26%] Built target yolo_msgs__rosidl_generator_c
[1.606s] running egg_info
[1.607s] writing yolo_msgs.egg-info/PKG-INFO
[1.607s] writing dependency_links to yolo_msgs.egg-info/dependency_links.txt
[1.607s] writing top-level names to yolo_msgs.egg-info/top_level.txt
[1.607s] reading manifest file 'yolo_msgs.egg-info/SOURCES.txt'
[1.607s] writing manifest file 'yolo_msgs.egg-info/SOURCES.txt'
[1.608s] [ 26%] Built target ament_cmake_python_build_yolo_msgs_egg
[1.608s] [ 36%] Built target yolo_msgs__rosidl_typesupport_c
[1.608s] [ 46%] Built target yolo_msgs__rosidl_typesupport_introspection_c
[1.608s] [ 55%] Built target yolo_msgs__rosidl_typesupport_fastrtps_c
[1.608s] [ 55%] Built target yolo_msgs__cpp
[1.608s] [ 65%] Built target yolo_msgs__rosidl_typesupport_cpp
[1.608s] [ 75%] Built target yolo_msgs__rosidl_typesupport_introspection_cpp
[1.608s] [ 85%] Built target yolo_msgs__rosidl_typesupport_fastrtps_cpp
[1.608s] [ 85%] Built target yolo_msgs
[1.609s] [ 86%] Built target yolo_msgs__py
[1.609s] [ 96%] Built target yolo_msgs__rosidl_generator_py
[1.609s] [ 97%] Built target yolo_msgs_s__rosidl_typesupport_fastrtps_c
[1.609s] [ 98%] Built target yolo_msgs_s__rosidl_typesupport_c
[1.609s] [100%] Built target yolo_msgs_s__rosidl_typesupport_introspection_c
[1.609s] Invoked command in '/home/andreas/dev_ws/msauber_stack/build/yolo_msgs' returned '0': CMAKE_PREFIX_PATH=${CMAKE_PREFIX_PATH}:/home/andreas/dev_ws/msauber_stack/install/yolo_ros:/home/andreas/dev_ws/msauber_stack/install/msauber_bringup:/home/andreas/dev_ws/msauber_stack/install/msauber_sim:/home/andreas/dev_ws/msauber_stack/install/msauber_perception:/home/andreas/dev_ws/msauber_stack/install/msauber_navigation:/home/andreas/dev_ws/msauber_stack/install/msauber_description:/home/andreas/dev_ws/msauber_stack/install/msauber_control:/opt/ros/jazzy DEBUGINFOD_URLS=https://debuginfod.ubuntu.com PS1=(my_py_venv) %m%# VIRTUAL_ENV_PROMPT=(my_py_venv) /usr/bin/cmake --build /home/andreas/dev_ws/msauber_stack/build/yolo_msgs -- -j8 -l8
[1.620s] Invoking command in '/home/andreas/dev_ws/msauber_stack/build/yolo_msgs': CMAKE_PREFIX_PATH=${CMAKE_PREFIX_PATH}:/home/andreas/dev_ws/msauber_stack/install/yolo_ros:/home/andreas/dev_ws/msauber_stack/install/msauber_bringup:/home/andreas/dev_ws/msauber_stack/install/msauber_sim:/home/andreas/dev_ws/msauber_stack/install/msauber_perception:/home/andreas/dev_ws/msauber_stack/install/msauber_navigation:/home/andreas/dev_ws/msauber_stack/install/msauber_description:/home/andreas/dev_ws/msauber_stack/install/msauber_control:/opt/ros/jazzy DEBUGINFOD_URLS=https://debuginfod.ubuntu.com PS1=(my_py_venv) %m%# VIRTUAL_ENV_PROMPT=(my_py_venv) /usr/bin/cmake --install /home/andreas/dev_ws/msauber_stack/build/yolo_msgs
[2.011s] -- Install configuration: ""
[2.012s] -- Execute custom install script
[2.013s] -- Up-to-date symlink: /home/andreas/dev_ws/msauber_stack/install/yolo_msgs/share/ament_index/resource_index/rosidl_interfaces/yolo_msgs
[2.013s] -- Up-to-date symlink: /home/andreas/dev_ws/msauber_stack/install/yolo_msgs/share/yolo_msgs/msg/Point2D.json
[2.013s] -- Up-to-date symlink: /home/andreas/dev_ws/msauber_stack/install/yolo_msgs/share/yolo_msgs/msg/Vector2.json
[2.013s] -- Up-to-date symlink: /home/andreas/dev_ws/msauber_stack/install/yolo_msgs/share/yolo_msgs/msg/Pose2D.json
[2.013s] -- Up-to-date symlink: /home/andreas/dev_ws/msauber_stack/install/yolo_msgs/share/yolo_msgs/msg/BoundingBox2D.json
[2.013s] -- Up-to-date symlink: /home/andreas/dev_ws/msauber_stack/install/yolo_msgs/share/yolo_msgs/msg/BoundingBox3D.json
[2.013s] -- Up-to-date symlink: /home/andreas/dev_ws/msauber_stack/install/yolo_msgs/share/yolo_msgs/msg/Mask.json
[2.013s] -- Up-to-date symlink: /home/andreas/dev_ws/msauber_stack/install/yolo_msgs/share/yolo_msgs/msg/KeyPoint2D.json
[2.014s] -- Up-to-date symlink: /home/andreas/dev_ws/msauber_stack/install/yolo_msgs/share/yolo_msgs/msg/KeyPoint2DArray.json
[2.014s] -- Up-to-date symlink: /home/andreas/dev_ws/msauber_stack/install/yolo_msgs/share/yolo_msgs/msg/KeyPoint3D.json
[2.014s] -- Up-to-date symlink: /home/andreas/dev_ws/msauber_stack/install/yolo_msgs/share/yolo_msgs/msg/KeyPoint3DArray.json
[2.016s] -- Up-to-date symlink: /home/andreas/dev_ws/msauber_stack/install/yolo_msgs/share/yolo_msgs/msg/Detection.json
[2.016s] -- Up-to-date symlink: /home/andreas/dev_ws/msauber_stack/install/yolo_msgs/share/yolo_msgs/msg/DetectionArray.json
[2.017s] -- Up-to-date symlink: /home/andreas/dev_ws/msauber_stack/install/yolo_msgs/share/yolo_msgs/srv/SetClasses.json
[2.017s] -- Up-to-date symlink: /home/andreas/dev_ws/msauber_stack/install/yolo_msgs/include/yolo_msgs/yolo_msgs/msg/bounding_box2_d.h
[2.017s] -- Up-to-date symlink: /home/andreas/dev_ws/msauber_stack/install/yolo_msgs/include/yolo_msgs/yolo_msgs/msg/bounding_box3_d.h
[2.017s] -- Up-to-date symlink: /home/andreas/dev_ws/msauber_stack/install/yolo_msgs/include/yolo_msgs/yolo_msgs/msg/detail/bounding_box2_d__functions.h
[2.018s] -- Up-to-date symlink: /home/andreas/dev_ws/msauber_stack/install/yolo_msgs/include/yolo_msgs/yolo_msgs/msg/detail/bounding_box2_d__struct.h
[2.018s] -- Up-to-date symlink: /home/andreas/dev_ws/msauber_stack/install/yolo_msgs/include/yolo_msgs/yolo_msgs/msg/detail/bounding_box2_d__type_support.h
[2.018s] -- Up-to-date symlink: /home/andreas/dev_ws/msauber_stack/install/yolo_msgs/include/yolo_msgs/yolo_msgs/msg/detail/bounding_box3_d__functions.h
[2.018s] -- Up-to-date symlink: /home/andreas/dev_ws/msauber_stack/install/yolo_msgs/include/yolo_msgs/yolo_msgs/msg/detail/bounding_box3_d__struct.h
[2.018s] -- Up-to-date symlink: /home/andreas/dev_ws/msauber_stack/install/yolo_msgs/include/yolo_msgs/yolo_msgs/msg/detail/bounding_box3_d__type_support.h
[2.019s] -- Up-to-date symlink: /home/andreas/dev_ws/msauber_stack/install/yolo_msgs/include/yolo_msgs/yolo_msgs/msg/detail/detection__functions.h
[2.019s] -- Up-to-date symlink: /home/andreas/dev_ws/msauber_stack/install/yolo_msgs/include/yolo_msgs/yolo_msgs/msg/detail/detection__struct.h
[2.019s] -- Up-to-date symlink: /home/andreas/dev_ws/msauber_stack/install/yolo_msgs/include/yolo_msgs/yolo_msgs/msg/detail/detection__type_support.h
[2.019s] -- Up-to-date symlink: /home/andreas/dev_ws/msauber_stack/install/yolo_msgs/include/yolo_msgs/yolo_msgs/msg/detail/detection_array__functions.h
[2.019s] -- Up-to-date symlink: /home/andreas/dev_ws/msauber_stack/install/yolo_msgs/include/yolo_msgs/yolo_msgs/msg/detail/detection_array__struct.h
[2.019s] -- Up-to-date symlink: /home/andreas/dev_ws/msauber_stack/install/yolo_msgs/include/yolo_msgs/yolo_msgs/msg/detail/detection_array__type_support.h
[2.019s] -- Up-to-date symlink: /home/andreas/dev_ws/msauber_stack/install/yolo_msgs/include/yolo_msgs/yolo_msgs/msg/detail/key_point2_d__functions.h
[2.020s] -- Up-to-date symlink: /home/andreas/dev_ws/msauber_stack/install/yolo_msgs/include/yolo_msgs/yolo_msgs/msg/detail/key_point2_d__struct.h
[2.020s] -- Up-to-date symlink: /home/andreas/dev_ws/msauber_stack/install/yolo_msgs/include/yolo_msgs/yolo_msgs/msg/detail/key_point2_d__type_support.h
[2.020s] -- Up-to-date symlink: /home/andreas/dev_ws/msauber_stack/install/yolo_msgs/include/yolo_msgs/yolo_msgs/msg/detail/key_point2_d_array__functions.h
[2.020s] -- Up-to-date symlink: /home/andreas/dev_ws/msauber_stack/install/yolo_msgs/include/yolo_msgs/yolo_msgs/msg/detail/key_point2_d_array__struct.h
[2.020s] -- Up-to-date symlink: /home/andreas/dev_ws/msauber_stack/install/yolo_msgs/include/yolo_msgs/yolo_msgs/msg/detail/key_point2_d_array__type_support.h
[2.020s] -- Up-to-date symlink: /home/andreas/dev_ws/msauber_stack/install/yolo_msgs/include/yolo_msgs/yolo_msgs/msg/detail/key_point3_d__functions.h
[2.020s] -- Up-to-date symlink: /home/andreas/dev_ws/msauber_stack/install/yolo_msgs/include/yolo_msgs/yolo_msgs/msg/detail/key_point3_d__struct.h
[2.020s] -- Up-to-date symlink: /home/andreas/dev_ws/msauber_stack/install/yolo_msgs/include/yolo_msgs/yolo_msgs/msg/detail/key_point3_d__type_support.h
[2.020s] -- Up-to-date symlink: /home/andreas/dev_ws/msauber_stack/install/yolo_msgs/include/yolo_msgs/yolo_msgs/msg/detail/key_point3_d_array__functions.h
[2.020s] -- Up-to-date symlink: /home/andreas/dev_ws/msauber_stack/install/yolo_msgs/include/yolo_msgs/yolo_msgs/msg/detail/key_point3_d_array__struct.h
[2.020s] -- Up-to-date symlink: /home/andreas/dev_ws/msauber_stack/install/yolo_msgs/include/yolo_msgs/yolo_msgs/msg/detail/key_point3_d_array__type_support.h
[2.021s] -- Up-to-date symlink: /home/andreas/dev_ws/msauber_stack/install/yolo_msgs/include/yolo_msgs/yolo_msgs/msg/detail/mask__functions.h
[2.021s] -- Up-to-date symlink: /home/andreas/dev_ws/msauber_stack/install/yolo_msgs/include/yolo_msgs/yolo_msgs/msg/detail/mask__struct.h
[2.021s] -- Up-to-date symlink: /home/andreas/dev_ws/msauber_stack/install/yolo_msgs/include/yolo_msgs/yolo_msgs/msg/detail/mask__type_support.h
[2.021s] -- Up-to-date symlink: /home/andreas/dev_ws/msauber_stack/install/yolo_msgs/include/yolo_msgs/yolo_msgs/msg/detail/point2_d__functions.h
[2.021s] -- Up-to-date symlink: /home/andreas/dev_ws/msauber_stack/install/yolo_msgs/include/yolo_msgs/yolo_msgs/msg/detail/point2_d__struct.h
[2.021s] -- Up-to-date symlink: /home/andreas/dev_ws/msauber_stack/install/yolo_msgs/include/yolo_msgs/yolo_msgs/msg/detail/point2_d__type_support.h
[2.021s] -- Up-to-date symlink: /home/andreas/dev_ws/msauber_stack/install/yolo_msgs/include/yolo_msgs/yolo_msgs/msg/detail/pose2_d__functions.h
[2.021s] -- Up-to-date symlink: /home/andreas/dev_ws/msauber_stack/install/yolo_msgs/include/yolo_msgs/yolo_msgs/msg/detail/pose2_d__struct.h
[2.021s] -- Up-to-date symlink: /home/andreas/dev_ws/msauber_stack/install/yolo_msgs/include/yolo_msgs/yolo_msgs/msg/detail/pose2_d__type_support.h
[2.021s] -- Up-to-date symlink: /home/andreas/dev_ws/msauber_stack/install/yolo_msgs/include/yolo_msgs/yolo_msgs/msg/detail/vector2__functions.h
[2.021s] -- Up-to-date symlink: /home/andreas/dev_ws/msauber_stack/install/yolo_msgs/include/yolo_msgs/yolo_msgs/msg/detail/vector2__struct.h
[2.022s] -- Up-to-date symlink: /home/andreas/dev_ws/msauber_stack/install/yolo_msgs/include/yolo_msgs/yolo_msgs/msg/detail/vector2__type_support.h
[2.022s] -- Up-to-date symlink: /home/andreas/dev_ws/msauber_stack/install/yolo_msgs/include/yolo_msgs/yolo_msgs/msg/detection.h
[2.022s] -- Up-to-date symlink: /home/andreas/dev_ws/msauber_stack/install/yolo_msgs/include/yolo_msgs/yolo_msgs/msg/detection_array.h
[2.022s] -- Up-to-date symlink: /home/andreas/dev_ws/msauber_stack/install/yolo_msgs/include/yolo_msgs/yolo_msgs/msg/key_point2_d.h
[2.022s] -- Up-to-date symlink: /home/andreas/dev_ws/msauber_stack/install/yolo_msgs/include/yolo_msgs/yolo_msgs/msg/key_point2_d_array.h
[2.022s] -- Up-to-date symlink: /home/andreas/dev_ws/msauber_stack/install/yolo_msgs/include/yolo_msgs/yolo_msgs/msg/key_point3_d.h
[2.022s] -- Up-to-date symlink: /home/andreas/dev_ws/msauber_stack/install/yolo_msgs/include/yolo_msgs/yolo_msgs/msg/key_point3_d_array.h
[2.022s] -- Up-to-date symlink: /home/andreas/dev_ws/msauber_stack/install/yolo_msgs/include/yolo_msgs/yolo_msgs/msg/mask.h
[2.022s] -- Up-to-date symlink: /home/andreas/dev_ws/msauber_stack/install/yolo_msgs/include/yolo_msgs/yolo_msgs/msg/point2_d.h
[2.022s] -- Up-to-date symlink: /home/andreas/dev_ws/msauber_stack/install/yolo_msgs/include/yolo_msgs/yolo_msgs/msg/pose2_d.h
[2.022s] -- Up-to-date symlink: /home/andreas/dev_ws/msauber_stack/install/yolo_msgs/include/yolo_msgs/yolo_msgs/msg/rosidl_generator_c__visibility_control.h
[2.023s] -- Up-to-date symlink: /home/andreas/dev_ws/msauber_stack/install/yolo_msgs/include/yolo_msgs/yolo_msgs/msg/vector2.h
[2.023s] -- Up-to-date symlink: /home/andreas/dev_ws/msauber_stack/install/yolo_msgs/include/yolo_msgs/yolo_msgs/srv/detail/set_classes__functions.h
[2.023s] -- Up-to-date symlink: /home/andreas/dev_ws/msauber_stack/install/yolo_msgs/include/yolo_msgs/yolo_msgs/srv/detail/set_classes__struct.h
[2.023s] -- Up-to-date symlink: /home/andreas/dev_ws/msauber_stack/install/yolo_msgs/include/yolo_msgs/yolo_msgs/srv/detail/set_classes__type_support.h
[2.023s] -- Up-to-date symlink: /home/andreas/dev_ws/msauber_stack/install/yolo_msgs/include/yolo_msgs/yolo_msgs/srv/set_classes.h
[2.023s] -- Up-to-date symlink: /home/andreas/dev_ws/msauber_stack/install/yolo_msgs/share/yolo_msgs/environment/library_path.sh
[2.023s] -- Up-to-date symlink: /home/andreas/dev_ws/msauber_stack/install/yolo_msgs/share/yolo_msgs/environment/library_path.dsv
[2.023s] -- Up-to-date symlink: /home/andreas/dev_ws/msauber_stack/install/yolo_msgs/include/yolo_msgs/yolo_msgs/msg/detail/bounding_box2_d__rosidl_typesupport_fastrtps_c.h
[2.023s] -- Up-to-date symlink: /home/andreas/dev_ws/msauber_stack/install/yolo_msgs/include/yolo_msgs/yolo_msgs/msg/detail/bounding_box3_d__rosidl_typesupport_fastrtps_c.h
[2.023s] -- Up-to-date symlink: /home/andreas/dev_ws/msauber_stack/install/yolo_msgs/include/yolo_msgs/yolo_msgs/msg/detail/detection__rosidl_typesupport_fastrtps_c.h
[2.024s] -- Up-to-date symlink: /home/andreas/dev_ws/msauber_stack/install/yolo_msgs/include/yolo_msgs/yolo_msgs/msg/detail/detection_array__rosidl_typesupport_fastrtps_c.h
[2.024s] -- Up-to-date symlink: /home/andreas/dev_ws/msauber_stack/install/yolo_msgs/include/yolo_msgs/yolo_msgs/msg/detail/key_point2_d__rosidl_typesupport_fastrtps_c.h
[2.024s] -- Up-to-date symlink: /home/andreas/dev_ws/msauber_stack/install/yolo_msgs/include/yolo_msgs/yolo_msgs/msg/detail/key_point2_d_array__rosidl_typesupport_fastrtps_c.h
[2.024s] -- Up-to-date symlink: /home/andreas/dev_ws/msauber_stack/install/yolo_msgs/include/yolo_msgs/yolo_msgs/msg/detail/key_point3_d__rosidl_typesupport_fastrtps_c.h
[2.024s] -- Up-to-date symlink: /home/andreas/dev_ws/msauber_stack/install/yolo_msgs/include/yolo_msgs/yolo_msgs/msg/detail/key_point3_d_array__rosidl_typesupport_fastrtps_c.h
[2.024s] -- Up-to-date symlink: /home/andreas/dev_ws/msauber_stack/install/yolo_msgs/include/yolo_msgs/yolo_msgs/msg/detail/mask__rosidl_typesupport_fastrtps_c.h
[2.024s] -- Up-to-date symlink: /home/andreas/dev_ws/msauber_stack/install/yolo_msgs/include/yolo_msgs/yolo_msgs/msg/detail/point2_d__rosidl_typesupport_fastrtps_c.h
[2.024s] -- Up-to-date symlink: /home/andreas/dev_ws/msauber_stack/install/yolo_msgs/include/yolo_msgs/yolo_msgs/msg/detail/pose2_d__rosidl_typesupport_fastrtps_c.h
[2.024s] -- Up-to-date symlink: /home/andreas/dev_ws/msauber_stack/install/yolo_msgs/include/yolo_msgs/yolo_msgs/msg/detail/vector2__rosidl_typesupport_fastrtps_c.h
[2.024s] -- Up-to-date symlink: /home/andreas/dev_ws/msauber_stack/install/yolo_msgs/include/yolo_msgs/yolo_msgs/msg/rosidl_typesupport_fastrtps_c__visibility_control.h
[2.024s] -- Up-to-date symlink: /home/andreas/dev_ws/msauber_stack/install/yolo_msgs/include/yolo_msgs/yolo_msgs/srv/detail/set_classes__rosidl_typesupport_fastrtps_c.h
[2.025s] -- Up-to-date symlink: /home/andreas/dev_ws/msauber_stack/install/yolo_msgs/include/yolo_msgs/yolo_msgs/msg/detail/bounding_box2_d__rosidl_typesupport_introspection_c.h
[2.025s] -- Up-to-date symlink: /home/andreas/dev_ws/msauber_stack/install/yolo_msgs/include/yolo_msgs/yolo_msgs/msg/detail/bounding_box3_d__rosidl_typesupport_introspection_c.h
[2.025s] -- Up-to-date symlink: /home/andreas/dev_ws/msauber_stack/install/yolo_msgs/include/yolo_msgs/yolo_msgs/msg/detail/detection__rosidl_typesupport_introspection_c.h
[2.025s] -- Up-to-date symlink: /home/andreas/dev_ws/msauber_stack/install/yolo_msgs/include/yolo_msgs/yolo_msgs/msg/detail/detection_array__rosidl_typesupport_introspection_c.h
[2.025s] -- Up-to-date symlink: /home/andreas/dev_ws/msauber_stack/install/yolo_msgs/include/yolo_msgs/yolo_msgs/msg/detail/key_point2_d__rosidl_typesupport_introspection_c.h
[2.025s] -- Up-to-date symlink: /home/andreas/dev_ws/msauber_stack/install/yolo_msgs/include/yolo_msgs/yolo_msgs/msg/detail/key_point2_d_array__rosidl_typesupport_introspection_c.h
[2.025s] -- Up-to-date symlink: /home/andreas/dev_ws/msauber_stack/install/yolo_msgs/include/yolo_msgs/yolo_msgs/msg/detail/key_point3_d__rosidl_typesupport_introspection_c.h
[2.026s] -- Up-to-date symlink: /home/andreas/dev_ws/msauber_stack/install/yolo_msgs/include/yolo_msgs/yolo_msgs/msg/detail/key_point3_d_array__rosidl_typesupport_introspection_c.h
[2.026s] -- Up-to-date symlink: /home/andreas/dev_ws/msauber_stack/install/yolo_msgs/include/yolo_msgs/yolo_msgs/msg/detail/mask__rosidl_typesupport_introspection_c.h
[2.026s] -- Up-to-date symlink: /home/andreas/dev_ws/msauber_stack/install/yolo_msgs/include/yolo_msgs/yolo_msgs/msg/detail/point2_d__rosidl_typesupport_introspection_c.h
[2.026s] -- Up-to-date symlink: /home/andreas/dev_ws/msauber_stack/install/yolo_msgs/include/yolo_msgs/yolo_msgs/msg/detail/pose2_d__rosidl_typesupport_introspection_c.h
[2.026s] -- Up-to-date symlink: /home/andreas/dev_ws/msauber_stack/install/yolo_msgs/include/yolo_msgs/yolo_msgs/msg/detail/vector2__rosidl_typesupport_introspection_c.h
[2.026s] -- Up-to-date symlink: /home/andreas/dev_ws/msauber_stack/install/yolo_msgs/include/yolo_msgs/yolo_msgs/msg/rosidl_typesupport_introspection_c__visibility_control.h
[2.026s] -- Up-to-date symlink: /home/andreas/dev_ws/msauber_stack/install/yolo_msgs/include/yolo_msgs/yolo_msgs/srv/detail/set_classes__rosidl_typesupport_introspection_c.h
[2.026s] -- Up-to-date symlink: /home/andreas/dev_ws/msauber_stack/install/yolo_msgs/include/yolo_msgs/yolo_msgs/msg/bounding_box2_d.hpp
[2.026s] -- Up-to-date symlink: /home/andreas/dev_ws/msauber_stack/install/yolo_msgs/include/yolo_msgs/yolo_msgs/msg/bounding_box3_d.hpp
[2.026s] -- Up-to-date symlink: /home/andreas/dev_ws/msauber_stack/install/yolo_msgs/include/yolo_msgs/yolo_msgs/msg/detail/bounding_box2_d__builder.hpp
[2.026s] -- Up-to-date symlink: /home/andreas/dev_ws/msauber_stack/install/yolo_msgs/include/yolo_msgs/yolo_msgs/msg/detail/bounding_box2_d__struct.hpp
[2.027s] -- Up-to-date symlink: /home/andreas/dev_ws/msauber_stack/install/yolo_msgs/include/yolo_msgs/yolo_msgs/msg/detail/bounding_box2_d__traits.hpp
[2.027s] -- Up-to-date symlink: /home/andreas/dev_ws/msauber_stack/install/yolo_msgs/include/yolo_msgs/yolo_msgs/msg/detail/bounding_box2_d__type_support.hpp
[2.027s] -- Up-to-date symlink: /home/andreas/dev_ws/msauber_stack/install/yolo_msgs/include/yolo_msgs/yolo_msgs/msg/detail/bounding_box3_d__builder.hpp
[2.027s] -- Up-to-date symlink: /home/andreas/dev_ws/msauber_stack/install/yolo_msgs/include/yolo_msgs/yolo_msgs/msg/detail/bounding_box3_d__struct.hpp
[2.027s] -- Up-to-date symlink: /home/andreas/dev_ws/msauber_stack/install/yolo_msgs/include/yolo_msgs/yolo_msgs/msg/detail/bounding_box3_d__traits.hpp
[2.027s] -- Up-to-date symlink: /home/andreas/dev_ws/msauber_stack/install/yolo_msgs/include/yolo_msgs/yolo_msgs/msg/detail/bounding_box3_d__type_support.hpp
[2.027s] -- Up-to-date symlink: /home/andreas/dev_ws/msauber_stack/install/yolo_msgs/include/yolo_msgs/yolo_msgs/msg/detail/detection__builder.hpp
[2.027s] -- Up-to-date symlink: /home/andreas/dev_ws/msauber_stack/install/yolo_msgs/include/yolo_msgs/yolo_msgs/msg/detail/detection__struct.hpp
[2.027s] -- Up-to-date symlink: /home/andreas/dev_ws/msauber_stack/install/yolo_msgs/include/yolo_msgs/yolo_msgs/msg/detail/detection__traits.hpp
[2.027s] -- Up-to-date symlink: /home/andreas/dev_ws/msauber_stack/install/yolo_msgs/include/yolo_msgs/yolo_msgs/msg/detail/detection__type_support.hpp
[2.028s] -- Up-to-date symlink: /home/andreas/dev_ws/msauber_stack/install/yolo_msgs/include/yolo_msgs/yolo_msgs/msg/detail/detection_array__builder.hpp
[2.028s] -- Up-to-date symlink: /home/andreas/dev_ws/msauber_stack/install/yolo_msgs/include/yolo_msgs/yolo_msgs/msg/detail/detection_array__struct.hpp
[2.028s] -- Up-to-date symlink: /home/andreas/dev_ws/msauber_stack/install/yolo_msgs/include/yolo_msgs/yolo_msgs/msg/detail/detection_array__traits.hpp
[2.028s] -- Up-to-date symlink: /home/andreas/dev_ws/msauber_stack/install/yolo_msgs/include/yolo_msgs/yolo_msgs/msg/detail/detection_array__type_support.hpp
[2.028s] -- Up-to-date symlink: /home/andreas/dev_ws/msauber_stack/install/yolo_msgs/include/yolo_msgs/yolo_msgs/msg/detail/key_point2_d__builder.hpp
[2.028s] -- Up-to-date symlink: /home/andreas/dev_ws/msauber_stack/install/yolo_msgs/include/yolo_msgs/yolo_msgs/msg/detail/key_point2_d__struct.hpp
[2.028s] -- Up-to-date symlink: /home/andreas/dev_ws/msauber_stack/install/yolo_msgs/include/yolo_msgs/yolo_msgs/msg/detail/key_point2_d__traits.hpp
[2.028s] -- Up-to-date symlink: /home/andreas/dev_ws/msauber_stack/install/yolo_msgs/include/yolo_msgs/yolo_msgs/msg/detail/key_point2_d__type_support.hpp
[2.029s] -- Up-to-date symlink: /home/andreas/dev_ws/msauber_stack/install/yolo_msgs/include/yolo_msgs/yolo_msgs/msg/detail/key_point2_d_array__builder.hpp
[2.029s] -- Up-to-date symlink: /home/andreas/dev_ws/msauber_stack/install/yolo_msgs/include/yolo_msgs/yolo_msgs/msg/detail/key_point2_d_array__struct.hpp
[2.029s] -- Up-to-date symlink: /home/andreas/dev_ws/msauber_stack/install/yolo_msgs/include/yolo_msgs/yolo_msgs/msg/detail/key_point2_d_array__traits.hpp
[2.029s] -- Up-to-date symlink: /home/andreas/dev_ws/msauber_stack/install/yolo_msgs/include/yolo_msgs/yolo_msgs/msg/detail/key_point2_d_array__type_support.hpp
[2.029s] -- Up-to-date symlink: /home/andreas/dev_ws/msauber_stack/install/yolo_msgs/include/yolo_msgs/yolo_msgs/msg/detail/key_point3_d__builder.hpp
[2.029s] -- Up-to-date symlink: /home/andreas/dev_ws/msauber_stack/install/yolo_msgs/include/yolo_msgs/yolo_msgs/msg/detail/key_point3_d__struct.hpp
[2.029s] -- Up-to-date symlink: /home/andreas/dev_ws/msauber_stack/install/yolo_msgs/include/yolo_msgs/yolo_msgs/msg/detail/key_point3_d__traits.hpp
[2.029s] -- Up-to-date symlink: /home/andreas/dev_ws/msauber_stack/install/yolo_msgs/include/yolo_msgs/yolo_msgs/msg/detail/key_point3_d__type_support.hpp
[2.029s] -- Up-to-date symlink: /home/andreas/dev_ws/msauber_stack/install/yolo_msgs/include/yolo_msgs/yolo_msgs/msg/detail/key_point3_d_array__builder.hpp
[2.029s] -- Up-to-date symlink: /home/andreas/dev_ws/msauber_stack/install/yolo_msgs/include/yolo_msgs/yolo_msgs/msg/detail/key_point3_d_array__struct.hpp
[2.029s] -- Up-to-date symlink: /home/andreas/dev_ws/msauber_stack/install/yolo_msgs/include/yolo_msgs/yolo_msgs/msg/detail/key_point3_d_array__traits.hpp
[2.030s] -- Up-to-date symlink: /home/andreas/dev_ws/msauber_stack/install/yolo_msgs/include/yolo_msgs/yolo_msgs/msg/detail/key_point3_d_array__type_support.hpp
[2.030s] -- Up-to-date symlink: /home/andreas/dev_ws/msauber_stack/install/yolo_msgs/include/yolo_msgs/yolo_msgs/msg/detail/mask__builder.hpp
[2.030s] -- Up-to-date symlink: /home/andreas/dev_ws/msauber_stack/install/yolo_msgs/include/yolo_msgs/yolo_msgs/msg/detail/mask__struct.hpp
[2.030s] -- Up-to-date symlink: /home/andreas/dev_ws/msauber_stack/install/yolo_msgs/include/yolo_msgs/yolo_msgs/msg/detail/mask__traits.hpp
[2.030s] -- Up-to-date symlink: /home/andreas/dev_ws/msauber_stack/install/yolo_msgs/include/yolo_msgs/yolo_msgs/msg/detail/mask__type_support.hpp
[2.030s] -- Up-to-date symlink: /home/andreas/dev_ws/msauber_stack/install/yolo_msgs/include/yolo_msgs/yolo_msgs/msg/detail/point2_d__builder.hpp
[2.031s] -- Up-to-date symlink: /home/andreas/dev_ws/msauber_stack/install/yolo_msgs/include/yolo_msgs/yolo_msgs/msg/detail/point2_d__struct.hpp
[2.031s] -- Up-to-date symlink: /home/andreas/dev_ws/msauber_stack/install/yolo_msgs/include/yolo_msgs/yolo_msgs/msg/detail/point2_d__traits.hpp
[2.031s] -- Up-to-date symlink: /home/andreas/dev_ws/msauber_stack/install/yolo_msgs/include/yolo_msgs/yolo_msgs/msg/detail/point2_d__type_support.hpp
[2.032s] -- Up-to-date symlink: /home/andreas/dev_ws/msauber_stack/install/yolo_msgs/include/yolo_msgs/yolo_msgs/msg/detail/pose2_d__builder.hpp
[2.033s] -- Up-to-date symlink: /home/andreas/dev_ws/msauber_stack/install/yolo_msgs/include/yolo_msgs/yolo_msgs/msg/detail/pose2_d__struct.hpp
[2.033s] -- Up-to-date symlink: /home/andreas/dev_ws/msauber_stack/install/yolo_msgs/include/yolo_msgs/yolo_msgs/msg/detail/pose2_d__traits.hpp
[2.033s] -- Up-to-date symlink: /home/andreas/dev_ws/msauber_stack/install/yolo_msgs/include/yolo_msgs/yolo_msgs/msg/detail/pose2_d__type_support.hpp
[2.033s] -- Up-to-date symlink: /home/andreas/dev_ws/msauber_stack/install/yolo_msgs/include/yolo_msgs/yolo_msgs/msg/detail/vector2__builder.hpp
[2.033s] -- Up-to-date symlink: /home/andreas/dev_ws/msauber_stack/install/yolo_msgs/include/yolo_msgs/yolo_msgs/msg/detail/vector2__struct.hpp
[2.034s] -- Up-to-date symlink: /home/andreas/dev_ws/msauber_stack/install/yolo_msgs/include/yolo_msgs/yolo_msgs/msg/detail/vector2__traits.hpp
[2.034s] -- Up-to-date symlink: /home/andreas/dev_ws/msauber_stack/install/yolo_msgs/include/yolo_msgs/yolo_msgs/msg/detail/vector2__type_support.hpp
[2.035s] -- Up-to-date symlink: /home/andreas/dev_ws/msauber_stack/install/yolo_msgs/include/yolo_msgs/yolo_msgs/msg/detection.hpp
[2.035s] -- Up-to-date symlink: /home/andreas/dev_ws/msauber_stack/install/yolo_msgs/include/yolo_msgs/yolo_msgs/msg/detection_array.hpp
[2.036s] -- Up-to-date symlink: /home/andreas/dev_ws/msauber_stack/install/yolo_msgs/include/yolo_msgs/yolo_msgs/msg/key_point2_d.hpp
[2.036s] -- Up-to-date symlink: /home/andreas/dev_ws/msauber_stack/install/yolo_msgs/include/yolo_msgs/yolo_msgs/msg/key_point2_d_array.hpp
[2.036s] -- Up-to-date symlink: /home/andreas/dev_ws/msauber_stack/install/yolo_msgs/include/yolo_msgs/yolo_msgs/msg/key_point3_d.hpp
[2.037s] -- Up-to-date symlink: /home/andreas/dev_ws/msauber_stack/install/yolo_msgs/include/yolo_msgs/yolo_msgs/msg/key_point3_d_array.hpp
[2.037s] -- Up-to-date symlink: /home/andreas/dev_ws/msauber_stack/install/yolo_msgs/include/yolo_msgs/yolo_msgs/msg/mask.hpp
[2.037s] -- Up-to-date symlink: /home/andreas/dev_ws/msauber_stack/install/yolo_msgs/include/yolo_msgs/yolo_msgs/msg/point2_d.hpp
[2.038s] -- Up-to-date symlink: /home/andreas/dev_ws/msauber_stack/install/yolo_msgs/include/yolo_msgs/yolo_msgs/msg/pose2_d.hpp
[2.038s] -- Up-to-date symlink: /home/andreas/dev_ws/msauber_stack/install/yolo_msgs/include/yolo_msgs/yolo_msgs/msg/rosidl_generator_cpp__visibility_control.hpp
[2.038s] -- Up-to-date symlink: /home/andreas/dev_ws/msauber_stack/install/yolo_msgs/include/yolo_msgs/yolo_msgs/msg/vector2.hpp
[2.038s] -- Up-to-date symlink: /home/andreas/dev_ws/msauber_stack/install/yolo_msgs/include/yolo_msgs/yolo_msgs/srv/detail/set_classes__builder.hpp
[2.040s] -- Up-to-date symlink: /home/andreas/dev_ws/msauber_stack/install/yolo_msgs/include/yolo_msgs/yolo_msgs/srv/detail/set_classes__struct.hpp
[2.040s] -- Up-to-date symlink: /home/andreas/dev_ws/msauber_stack/install/yolo_msgs/include/yolo_msgs/yolo_msgs/srv/detail/set_classes__traits.hpp
[2.042s] -- Up-to-date symlink: /home/andreas/dev_ws/msauber_stack/install/yolo_msgs/include/yolo_msgs/yolo_msgs/srv/detail/set_classes__type_support.hpp
[2.042s] -- Up-to-date symlink: /home/andreas/dev_ws/msauber_stack/install/yolo_msgs/include/yolo_msgs/yolo_msgs/srv/set_classes.hpp
[2.043s] -- Up-to-date symlink: /home/andreas/dev_ws/msauber_stack/install/yolo_msgs/include/yolo_msgs/yolo_msgs/msg/detail/bounding_box2_d__rosidl_typesupport_fastrtps_cpp.hpp
[2.044s] -- Up-to-date symlink: /home/andreas/dev_ws/msauber_stack/install/yolo_msgs/include/yolo_msgs/yolo_msgs/msg/detail/bounding_box3_d__rosidl_typesupport_fastrtps_cpp.hpp
[2.044s] -- Up-to-date symlink: /home/andreas/dev_ws/msauber_stack/install/yolo_msgs/include/yolo_msgs/yolo_msgs/msg/detail/detection__rosidl_typesupport_fastrtps_cpp.hpp
[2.044s] -- Up-to-date symlink: /home/andreas/dev_ws/msauber_stack/install/yolo_msgs/include/yolo_msgs/yolo_msgs/msg/detail/detection_array__rosidl_typesupport_fastrtps_cpp.hpp
[2.044s] -- Up-to-date symlink: /home/andreas/dev_ws/msauber_stack/install/yolo_msgs/include/yolo_msgs/yolo_msgs/msg/detail/key_point2_d__rosidl_typesupport_fastrtps_cpp.hpp
[2.044s] -- Up-to-date symlink: /home/andreas/dev_ws/msauber_stack/install/yolo_msgs/include/yolo_msgs/yolo_msgs/msg/detail/key_point2_d_array__rosidl_typesupport_fastrtps_cpp.hpp
[2.044s] -- Up-to-date symlink: /home/andreas/dev_ws/msauber_stack/install/yolo_msgs/include/yolo_msgs/yolo_msgs/msg/detail/key_point3_d__rosidl_typesupport_fastrtps_cpp.hpp
[2.045s] -- Up-to-date symlink: /home/andreas/dev_ws/msauber_stack/install/yolo_msgs/include/yolo_msgs/yolo_msgs/msg/detail/key_point3_d_array__rosidl_typesupport_fastrtps_cpp.hpp
[2.045s] -- Up-to-date symlink: /home/andreas/dev_ws/msauber_stack/install/yolo_msgs/include/yolo_msgs/yolo_msgs/msg/detail/mask__rosidl_typesupport_fastrtps_cpp.hpp
[2.045s] -- Up-to-date symlink: /home/andreas/dev_ws/msauber_stack/install/yolo_msgs/include/yolo_msgs/yolo_msgs/msg/detail/point2_d__rosidl_typesupport_fastrtps_cpp.hpp
[2.046s] -- Up-to-date symlink: /home/andreas/dev_ws/msauber_stack/install/yolo_msgs/include/yolo_msgs/yolo_msgs/msg/detail/pose2_d__rosidl_typesupport_fastrtps_cpp.hpp
[2.046s] -- Up-to-date symlink: /home/andreas/dev_ws/msauber_stack/install/yolo_msgs/include/yolo_msgs/yolo_msgs/msg/detail/vector2__rosidl_typesupport_fastrtps_cpp.hpp
[2.046s] -- Up-to-date symlink: /home/andreas/dev_ws/msauber_stack/install/yolo_msgs/include/yolo_msgs/yolo_msgs/msg/rosidl_typesupport_fastrtps_cpp__visibility_control.h
[2.046s] -- Up-to-date symlink: /home/andreas/dev_ws/msauber_stack/install/yolo_msgs/include/yolo_msgs/yolo_msgs/srv/detail/set_classes__rosidl_typesupport_fastrtps_cpp.hpp
[2.047s] -- Up-to-date symlink: /home/andreas/dev_ws/msauber_stack/install/yolo_msgs/include/yolo_msgs/yolo_msgs/msg/detail/bounding_box2_d__rosidl_typesupport_introspection_cpp.hpp
[2.047s] -- Up-to-date symlink: /home/andreas/dev_ws/msauber_stack/install/yolo_msgs/include/yolo_msgs/yolo_msgs/msg/detail/bounding_box3_d__rosidl_typesupport_introspection_cpp.hpp
[2.047s] -- Up-to-date symlink: /home/andreas/dev_ws/msauber_stack/install/yolo_msgs/include/yolo_msgs/yolo_msgs/msg/detail/detection__rosidl_typesupport_introspection_cpp.hpp
[2.047s] -- Up-to-date symlink: /home/andreas/dev_ws/msauber_stack/install/yolo_msgs/include/yolo_msgs/yolo_msgs/msg/detail/detection_array__rosidl_typesupport_introspection_cpp.hpp
[2.047s] -- Up-to-date symlink: /home/andreas/dev_ws/msauber_stack/install/yolo_msgs/include/yolo_msgs/yolo_msgs/msg/detail/key_point2_d__rosidl_typesupport_introspection_cpp.hpp
[2.047s] -- Up-to-date symlink: /home/andreas/dev_ws/msauber_stack/install/yolo_msgs/include/yolo_msgs/yolo_msgs/msg/detail/key_point2_d_array__rosidl_typesupport_introspection_cpp.hpp
[2.047s] -- Up-to-date symlink: /home/andreas/dev_ws/msauber_stack/install/yolo_msgs/include/yolo_msgs/yolo_msgs/msg/detail/key_point3_d__rosidl_typesupport_introspection_cpp.hpp
[2.048s] -- Up-to-date symlink: /home/andreas/dev_ws/msauber_stack/install/yolo_msgs/include/yolo_msgs/yolo_msgs/msg/detail/key_point3_d_array__rosidl_typesupport_introspection_cpp.hpp
[2.048s] -- Up-to-date symlink: /home/andreas/dev_ws/msauber_stack/install/yolo_msgs/include/yolo_msgs/yolo_msgs/msg/detail/mask__rosidl_typesupport_introspection_cpp.hpp
[2.048s] -- Up-to-date symlink: /home/andreas/dev_ws/msauber_stack/install/yolo_msgs/include/yolo_msgs/yolo_msgs/msg/detail/point2_d__rosidl_typesupport_introspection_cpp.hpp
[2.048s] -- Up-to-date symlink: /home/andreas/dev_ws/msauber_stack/install/yolo_msgs/include/yolo_msgs/yolo_msgs/msg/detail/pose2_d__rosidl_typesupport_introspection_cpp.hpp
[2.048s] -- Up-to-date symlink: /home/andreas/dev_ws/msauber_stack/install/yolo_msgs/include/yolo_msgs/yolo_msgs/msg/detail/vector2__rosidl_typesupport_introspection_cpp.hpp
[2.048s] -- Up-to-date symlink: /home/andreas/dev_ws/msauber_stack/install/yolo_msgs/include/yolo_msgs/yolo_msgs/srv/detail/set_classes__rosidl_typesupport_introspection_cpp.hpp
[2.048s] -- Up-to-date symlink: /home/andreas/dev_ws/msauber_stack/install/yolo_msgs/share/yolo_msgs/environment/pythonpath.sh
[2.049s] -- Up-to-date symlink: /home/andreas/dev_ws/msauber_stack/install/yolo_msgs/share/yolo_msgs/environment/pythonpath.dsv
[2.049s] -- Up-to-date symlink: /home/andreas/dev_ws/msauber_stack/install/yolo_msgs/lib/python3.12/site-packages/yolo_msgs-4.5.1-py3.12.egg-info/PKG-INFO
[2.051s] -- Up-to-date symlink: /home/andreas/dev_ws/msauber_stack/install/yolo_msgs/lib/python3.12/site-packages/yolo_msgs-4.5.1-py3.12.egg-info/SOURCES.txt
[2.051s] -- Up-to-date symlink: /home/andreas/dev_ws/msauber_stack/install/yolo_msgs/lib/python3.12/site-packages/yolo_msgs-4.5.1-py3.12.egg-info/dependency_links.txt
[2.052s] -- Up-to-date symlink: /home/andreas/dev_ws/msauber_stack/install/yolo_msgs/lib/python3.12/site-packages/yolo_msgs-4.5.1-py3.12.egg-info/top_level.txt
[2.052s] -- Up-to-date symlink: /home/andreas/dev_ws/msauber_stack/install/yolo_msgs/lib/python3.12/site-packages/yolo_msgs/__init__.py
[2.052s] -- Up-to-date symlink: /home/andreas/dev_ws/msauber_stack/install/yolo_msgs/lib/python3.12/site-packages/yolo_msgs/_yolo_msgs_s.ep.rosidl_typesupport_c.c
[2.052s] -- Up-to-date symlink: /home/andreas/dev_ws/msauber_stack/install/yolo_msgs/lib/python3.12/site-packages/yolo_msgs/_yolo_msgs_s.ep.rosidl_typesupport_fastrtps_c.c
[2.052s] -- Up-to-date symlink: /home/andreas/dev_ws/msauber_stack/install/yolo_msgs/lib/python3.12/site-packages/yolo_msgs/_yolo_msgs_s.ep.rosidl_typesupport_introspection_c.c
[2.052s] -- Up-to-date symlink: /home/andreas/dev_ws/msauber_stack/install/yolo_msgs/lib/python3.12/site-packages/yolo_msgs/msg/__init__.py
[2.052s] -- Up-to-date symlink: /home/andreas/dev_ws/msauber_stack/install/yolo_msgs/lib/python3.12/site-packages/yolo_msgs/msg/_bounding_box2_d.py
[2.053s] -- Up-to-date symlink: /home/andreas/dev_ws/msauber_stack/install/yolo_msgs/lib/python3.12/site-packages/yolo_msgs/msg/_bounding_box2_d_s.c
[2.053s] -- Up-to-date symlink: /home/andreas/dev_ws/msauber_stack/install/yolo_msgs/lib/python3.12/site-packages/yolo_msgs/msg/_bounding_box3_d.py
[2.053s] -- Up-to-date symlink: /home/andreas/dev_ws/msauber_stack/install/yolo_msgs/lib/python3.12/site-packages/yolo_msgs/msg/_bounding_box3_d_s.c
[2.053s] -- Up-to-date symlink: /home/andreas/dev_ws/msauber_stack/install/yolo_msgs/lib/python3.12/site-packages/yolo_msgs/msg/_detection.py
[2.053s] -- Up-to-date symlink: /home/andreas/dev_ws/msauber_stack/install/yolo_msgs/lib/python3.12/site-packages/yolo_msgs/msg/_detection_array.py
[2.053s] -- Up-to-date symlink: /home/andreas/dev_ws/msauber_stack/install/yolo_msgs/lib/python3.12/site-packages/yolo_msgs/msg/_detection_array_s.c
[2.053s] -- Up-to-date symlink: /home/andreas/dev_ws/msauber_stack/install/yolo_msgs/lib/python3.12/site-packages/yolo_msgs/msg/_detection_s.c
[2.054s] -- Up-to-date symlink: /home/andreas/dev_ws/msauber_stack/install/yolo_msgs/lib/python3.12/site-packages/yolo_msgs/msg/_key_point2_d.py
[2.054s] -- Up-to-date symlink: /home/andreas/dev_ws/msauber_stack/install/yolo_msgs/lib/python3.12/site-packages/yolo_msgs/msg/_key_point2_d_array.py
[2.054s] -- Up-to-date symlink: /home/andreas/dev_ws/msauber_stack/install/yolo_msgs/lib/python3.12/site-packages/yolo_msgs/msg/_key_point2_d_array_s.c
[2.054s] -- Up-to-date symlink: /home/andreas/dev_ws/msauber_stack/install/yolo_msgs/lib/python3.12/site-packages/yolo_msgs/msg/_key_point2_d_s.c
[2.054s] -- Up-to-date symlink: /home/andreas/dev_ws/msauber_stack/install/yolo_msgs/lib/python3.12/site-packages/yolo_msgs/msg/_key_point3_d.py
[2.054s] -- Up-to-date symlink: /home/andreas/dev_ws/msauber_stack/install/yolo_msgs/lib/python3.12/site-packages/yolo_msgs/msg/_key_point3_d_array.py
[2.055s] -- Up-to-date symlink: /home/andreas/dev_ws/msauber_stack/install/yolo_msgs/lib/python3.12/site-packages/yolo_msgs/msg/_key_point3_d_array_s.c
[2.055s] -- Up-to-date symlink: /home/andreas/dev_ws/msauber_stack/install/yolo_msgs/lib/python3.12/site-packages/yolo_msgs/msg/_key_point3_d_s.c
[2.055s] -- Up-to-date symlink: /home/andreas/dev_ws/msauber_stack/install/yolo_msgs/lib/python3.12/site-packages/yolo_msgs/msg/_mask.py
[2.058s] -- Up-to-date symlink: /home/andreas/dev_ws/msauber_stack/install/yolo_msgs/lib/python3.12/site-packages/yolo_msgs/msg/_mask_s.c
[2.058s] -- Up-to-date symlink: /home/andreas/dev_ws/msauber_stack/install/yolo_msgs/lib/python3.12/site-packages/yolo_msgs/msg/_point2_d.py
[2.058s] -- Up-to-date symlink: /home/andreas/dev_ws/msauber_stack/install/yolo_msgs/lib/python3.12/site-packages/yolo_msgs/msg/_point2_d_s.c
[2.059s] -- Up-to-date symlink: /home/andreas/dev_ws/msauber_stack/install/yolo_msgs/lib/python3.12/site-packages/yolo_msgs/msg/_pose2_d.py
[2.059s] -- Up-to-date symlink: /home/andreas/dev_ws/msauber_stack/install/yolo_msgs/lib/python3.12/site-packages/yolo_msgs/msg/_pose2_d_s.c
[2.059s] -- Up-to-date symlink: /home/andreas/dev_ws/msauber_stack/install/yolo_msgs/lib/python3.12/site-packages/yolo_msgs/msg/_vector2.py
[2.059s] -- Up-to-date symlink: /home/andreas/dev_ws/msauber_stack/install/yolo_msgs/lib/python3.12/site-packages/yolo_msgs/msg/_vector2_s.c
[2.059s] -- Up-to-date symlink: /home/andreas/dev_ws/msauber_stack/install/yolo_msgs/lib/python3.12/site-packages/yolo_msgs/srv/__init__.py
[2.059s] -- Up-to-date symlink: /home/andreas/dev_ws/msauber_stack/install/yolo_msgs/lib/python3.12/site-packages/yolo_msgs/srv/_set_classes.py
[2.060s] -- Up-to-date symlink: /home/andreas/dev_ws/msauber_stack/install/yolo_msgs/lib/python3.12/site-packages/yolo_msgs/srv/_set_classes_s.c
[2.060s] -- Up-to-date symlink: /home/andreas/dev_ws/msauber_stack/install/yolo_msgs/lib/python3.12/site-packages/yolo_msgs/yolo_msgs_s__rosidl_typesupport_c.so
[2.060s] -- Up-to-date symlink: /home/andreas/dev_ws/msauber_stack/install/yolo_msgs/lib/python3.12/site-packages/yolo_msgs/yolo_msgs_s__rosidl_typesupport_fastrtps_c.so
[2.060s] -- Up-to-date symlink: /home/andreas/dev_ws/msauber_stack/install/yolo_msgs/lib/python3.12/site-packages/yolo_msgs/yolo_msgs_s__rosidl_typesupport_introspection_c.so
[2.060s] -- Up-to-date symlink: /home/andreas/dev_ws/msauber_stack/install/yolo_msgs/lib/python3.12/site-packages/yolo_msgs/yolo_msgs_s__rosidl_typesupport_fastrtps_c.so
[2.060s] -- Up-to-date symlink: /home/andreas/dev_ws/msauber_stack/install/yolo_msgs/lib/python3.12/site-packages/yolo_msgs/yolo_msgs_s__rosidl_typesupport_introspection_c.so
[2.061s] -- Up-to-date symlink: /home/andreas/dev_ws/msauber_stack/install/yolo_msgs/lib/python3.12/site-packages/yolo_msgs/yolo_msgs_s__rosidl_typesupport_c.so
[2.061s] -- Up-to-date symlink: /home/andreas/dev_ws/msauber_stack/install/yolo_msgs/share/yolo_msgs/msg/Point2D.idl
[2.061s] -- Up-to-date symlink: /home/andreas/dev_ws/msauber_stack/install/yolo_msgs/share/yolo_msgs/msg/Vector2.idl
[2.061s] -- Up-to-date symlink: /home/andreas/dev_ws/msauber_stack/install/yolo_msgs/share/yolo_msgs/msg/Pose2D.idl
[2.061s] -- Up-to-date symlink: /home/andreas/dev_ws/msauber_stack/install/yolo_msgs/share/yolo_msgs/msg/BoundingBox2D.idl
[2.061s] -- Up-to-date symlink: /home/andreas/dev_ws/msauber_stack/install/yolo_msgs/share/yolo_msgs/msg/BoundingBox3D.idl
[2.062s] -- Up-to-date symlink: /home/andreas/dev_ws/msauber_stack/install/yolo_msgs/share/yolo_msgs/msg/Mask.idl
[2.062s] -- Up-to-date symlink: /home/andreas/dev_ws/msauber_stack/install/yolo_msgs/share/yolo_msgs/msg/KeyPoint2D.idl
[2.062s] -- Up-to-date symlink: /home/andreas/dev_ws/msauber_stack/install/yolo_msgs/share/yolo_msgs/msg/KeyPoint2DArray.idl
[2.062s] -- Up-to-date symlink: /home/andreas/dev_ws/msauber_stack/install/yolo_msgs/share/yolo_msgs/msg/KeyPoint3D.idl
[2.062s] -- Up-to-date symlink: /home/andreas/dev_ws/msauber_stack/install/yolo_msgs/share/yolo_msgs/msg/KeyPoint3DArray.idl
[2.062s] -- Up-to-date symlink: /home/andreas/dev_ws/msauber_stack/install/yolo_msgs/share/yolo_msgs/msg/Detection.idl
[2.063s] -- Up-to-date symlink: /home/andreas/dev_ws/msauber_stack/install/yolo_msgs/share/yolo_msgs/msg/DetectionArray.idl
[2.063s] -- Up-to-date symlink: /home/andreas/dev_ws/msauber_stack/install/yolo_msgs/share/yolo_msgs/srv/SetClasses.idl
[2.063s] -- Up-to-date symlink: /home/andreas/dev_ws/msauber_stack/install/yolo_msgs/share/yolo_msgs/msg/Point2D.msg
[2.064s] -- Up-to-date symlink: /home/andreas/dev_ws/msauber_stack/install/yolo_msgs/share/yolo_msgs/msg/Vector2.msg
[2.064s] -- Up-to-date symlink: /home/andreas/dev_ws/msauber_stack/install/yolo_msgs/share/yolo_msgs/msg/Pose2D.msg
[2.064s] -- Up-to-date symlink: /home/andreas/dev_ws/msauber_stack/install/yolo_msgs/share/yolo_msgs/msg/BoundingBox2D.msg
[2.064s] -- Up-to-date symlink: /home/andreas/dev_ws/msauber_stack/install/yolo_msgs/share/yolo_msgs/msg/BoundingBox3D.msg
[2.064s] -- Up-to-date symlink: /home/andreas/dev_ws/msauber_stack/install/yolo_msgs/share/yolo_msgs/msg/Mask.msg
[2.064s] -- Up-to-date symlink: /home/andreas/dev_ws/msauber_stack/install/yolo_msgs/share/yolo_msgs/msg/KeyPoint2D.msg
[2.065s] -- Up-to-date symlink: /home/andreas/dev_ws/msauber_stack/install/yolo_msgs/share/yolo_msgs/msg/KeyPoint2DArray.msg
[2.065s] -- Up-to-date symlink: /home/andreas/dev_ws/msauber_stack/install/yolo_msgs/share/yolo_msgs/msg/KeyPoint3D.msg
[2.067s] -- Up-to-date symlink: /home/andreas/dev_ws/msauber_stack/install/yolo_msgs/share/yolo_msgs/msg/KeyPoint3DArray.msg
[2.069s] -- Up-to-date symlink: /home/andreas/dev_ws/msauber_stack/install/yolo_msgs/share/yolo_msgs/msg/Detection.msg
[2.069s] -- Up-to-date symlink: /home/andreas/dev_ws/msauber_stack/install/yolo_msgs/share/yolo_msgs/msg/DetectionArray.msg
[2.070s] -- Up-to-date symlink: /home/andreas/dev_ws/msauber_stack/install/yolo_msgs/share/yolo_msgs/srv/SetClasses.srv
[2.070s] -- Up-to-date symlink: /home/andreas/dev_ws/msauber_stack/install/yolo_msgs/share/ament_index/resource_index/package_run_dependencies/yolo_msgs
[2.070s] -- Up-to-date symlink: /home/andreas/dev_ws/msauber_stack/install/yolo_msgs/share/ament_index/resource_index/parent_prefix_path/yolo_msgs
[2.070s] -- Up-to-date symlink: /home/andreas/dev_ws/msauber_stack/install/yolo_msgs/share/yolo_msgs/environment/ament_prefix_path.sh
[2.070s] -- Up-to-date symlink: /home/andreas/dev_ws/msauber_stack/install/yolo_msgs/share/yolo_msgs/environment/ament_prefix_path.dsv
[2.070s] -- Up-to-date symlink: /home/andreas/dev_ws/msauber_stack/install/yolo_msgs/share/yolo_msgs/environment/path.sh
[2.071s] -- Up-to-date symlink: /home/andreas/dev_ws/msauber_stack/install/yolo_msgs/share/yolo_msgs/environment/path.dsv
[2.071s] -- Up-to-date symlink: /home/andreas/dev_ws/msauber_stack/install/yolo_msgs/share/yolo_msgs/local_setup.bash
[2.071s] -- Up-to-date symlink: /home/andreas/dev_ws/msauber_stack/install/yolo_msgs/share/yolo_msgs/local_setup.sh
[2.071s] -- Up-to-date symlink: /home/andreas/dev_ws/msauber_stack/install/yolo_msgs/share/yolo_msgs/local_setup.zsh
[2.071s] -- Up-to-date symlink: /home/andreas/dev_ws/msauber_stack/install/yolo_msgs/share/yolo_msgs/local_setup.dsv
[2.071s] -- Symlinking: /home/andreas/dev_ws/msauber_stack/install/yolo_msgs/share/yolo_msgs/package.dsv
[2.071s] -- Up-to-date symlink: /home/andreas/dev_ws/msauber_stack/install/yolo_msgs/share/ament_index/resource_index/packages/yolo_msgs
[2.072s] -- Up-to-date symlink: /home/andreas/dev_ws/msauber_stack/install/yolo_msgs/share/yolo_msgs/cmake/rosidl_cmake-extras.cmake
[2.074s] -- Up-to-date symlink: /home/andreas/dev_ws/msauber_stack/install/yolo_msgs/share/yolo_msgs/cmake/ament_cmake_export_dependencies-extras.cmake
[2.074s] -- Up-to-date symlink: /home/andreas/dev_ws/msauber_stack/install/yolo_msgs/share/yolo_msgs/cmake/ament_cmake_export_include_directories-extras.cmake
[2.074s] -- Up-to-date symlink: /home/andreas/dev_ws/msauber_stack/install/yolo_msgs/share/yolo_msgs/cmake/ament_cmake_export_libraries-extras.cmake
[2.075s] -- Up-to-date symlink: /home/andreas/dev_ws/msauber_stack/install/yolo_msgs/share/yolo_msgs/cmake/ament_cmake_export_targets-extras.cmake
[2.075s] -- Up-to-date symlink: /home/andreas/dev_ws/msauber_stack/install/yolo_msgs/share/yolo_msgs/cmake/rosidl_cmake_export_typesupport_targets-extras.cmake
[2.075s] -- Up-to-date symlink: /home/andreas/dev_ws/msauber_stack/install/yolo_msgs/share/yolo_msgs/cmake/rosidl_cmake_export_typesupport_libraries-extras.cmake
[2.078s] -- Up-to-date symlink: /home/andreas/dev_ws/msauber_stack/install/yolo_msgs/share/yolo_msgs/cmake/yolo_msgsConfig.cmake
[2.078s] -- Up-to-date symlink: /home/andreas/dev_ws/msauber_stack/install/yolo_msgs/share/yolo_msgs/cmake/yolo_msgsConfig-version.cmake
[2.079s] -- Up-to-date symlink: /home/andreas/dev_ws/msauber_stack/install/yolo_msgs/share/yolo_msgs/package.xml
[2.079s] -- Up-to-date: /home/andreas/dev_ws/msauber_stack/install/yolo_msgs/lib/libyolo_msgs__rosidl_generator_c.so
[2.079s] -- Up-to-date: /home/andreas/dev_ws/msauber_stack/install/yolo_msgs/lib/libyolo_msgs__rosidl_typesupport_fastrtps_c.so
[2.079s] -- Up-to-date: /home/andreas/dev_ws/msauber_stack/install/yolo_msgs/lib/libyolo_msgs__rosidl_typesupport_introspection_c.so
[2.079s] -- Up-to-date: /home/andreas/dev_ws/msauber_stack/install/yolo_msgs/lib/libyolo_msgs__rosidl_typesupport_c.so
[2.079s] -- Up-to-date: /home/andreas/dev_ws/msauber_stack/install/yolo_msgs/lib/libyolo_msgs__rosidl_typesupport_fastrtps_cpp.so
[2.080s] -- Up-to-date: /home/andreas/dev_ws/msauber_stack/install/yolo_msgs/lib/libyolo_msgs__rosidl_typesupport_introspection_cpp.so
[2.080s] -- Up-to-date: /home/andreas/dev_ws/msauber_stack/install/yolo_msgs/lib/libyolo_msgs__rosidl_typesupport_cpp.so
[2.171s] Listing '/home/andreas/dev_ws/msauber_stack/install/yolo_msgs/lib/python3.12/site-packages/yolo_msgs'...
[2.171s] Listing '/home/andreas/dev_ws/msauber_stack/install/yolo_msgs/lib/python3.12/site-packages/yolo_msgs/msg'...
[2.171s] Listing '/home/andreas/dev_ws/msauber_stack/install/yolo_msgs/lib/python3.12/site-packages/yolo_msgs/srv'...
[2.182s] -- Up-to-date: /home/andreas/dev_ws/msauber_stack/install/yolo_msgs/lib/libyolo_msgs__rosidl_generator_py.so
[2.182s] -- Up-to-date: /home/andreas/dev_ws/msauber_stack/install/yolo_msgs/share/yolo_msgs/cmake/export_yolo_msgs__rosidl_generator_cExport.cmake
[2.182s] -- Up-to-date: /home/andreas/dev_ws/msauber_stack/install/yolo_msgs/share/yolo_msgs/cmake/export_yolo_msgs__rosidl_generator_cExport-noconfig.cmake
[2.184s] -- Up-to-date: /home/andreas/dev_ws/msauber_stack/install/yolo_msgs/share/yolo_msgs/cmake/export_yolo_msgs__rosidl_typesupport_fastrtps_cExport.cmake
[2.184s] -- Up-to-date: /home/andreas/dev_ws/msauber_stack/install/yolo_msgs/share/yolo_msgs/cmake/export_yolo_msgs__rosidl_typesupport_fastrtps_cExport-noconfig.cmake
[2.185s] -- Up-to-date: /home/andreas/dev_ws/msauber_stack/install/yolo_msgs/share/yolo_msgs/cmake/yolo_msgs__rosidl_typesupport_introspection_cExport.cmake
[2.185s] -- Up-to-date: /home/andreas/dev_ws/msauber_stack/install/yolo_msgs/share/yolo_msgs/cmake/yolo_msgs__rosidl_typesupport_introspection_cExport-noconfig.cmake
[2.185s] -- Up-to-date: /home/andreas/dev_ws/msauber_stack/install/yolo_msgs/share/yolo_msgs/cmake/yolo_msgs__rosidl_typesupport_cExport.cmake
[2.185s] -- Up-to-date: /home/andreas/dev_ws/msauber_stack/install/yolo_msgs/share/yolo_msgs/cmake/yolo_msgs__rosidl_typesupport_cExport-noconfig.cmake
[2.185s] -- Up-to-date: /home/andreas/dev_ws/msauber_stack/install/yolo_msgs/share/yolo_msgs/cmake/export_yolo_msgs__rosidl_generator_cppExport.cmake
[2.185s] -- Up-to-date: /home/andreas/dev_ws/msauber_stack/install/yolo_msgs/share/yolo_msgs/cmake/export_yolo_msgs__rosidl_typesupport_fastrtps_cppExport.cmake
[2.186s] -- Up-to-date: /home/andreas/dev_ws/msauber_stack/install/yolo_msgs/share/yolo_msgs/cmake/export_yolo_msgs__rosidl_typesupport_fastrtps_cppExport-noconfig.cmake
[2.186s] -- Up-to-date: /home/andreas/dev_ws/msauber_stack/install/yolo_msgs/share/yolo_msgs/cmake/yolo_msgs__rosidl_typesupport_introspection_cppExport.cmake
[2.186s] -- Up-to-date: /home/andreas/dev_ws/msauber_stack/install/yolo_msgs/share/yolo_msgs/cmake/yolo_msgs__rosidl_typesupport_introspection_cppExport-noconfig.cmake
[2.186s] -- Up-to-date: /home/andreas/dev_ws/msauber_stack/install/yolo_msgs/share/yolo_msgs/cmake/yolo_msgs__rosidl_typesupport_cppExport.cmake
[2.186s] -- Up-to-date: /home/andreas/dev_ws/msauber_stack/install/yolo_msgs/share/yolo_msgs/cmake/yolo_msgs__rosidl_typesupport_cppExport-noconfig.cmake
[2.186s] -- Up-to-date: /home/andreas/dev_ws/msauber_stack/install/yolo_msgs/share/yolo_msgs/cmake/export_yolo_msgs__rosidl_generator_pyExport.cmake
[2.187s] -- Up-to-date: /home/andreas/dev_ws/msauber_stack/install/yolo_msgs/share/yolo_msgs/cmake/export_yolo_msgs__rosidl_generator_pyExport-noconfig.cmake
[2.188s] Invoked command in '/home/andreas/dev_ws/msauber_stack/build/yolo_msgs' returned '0': CMAKE_PREFIX_PATH=${CMAKE_PREFIX_PATH}:/home/andreas/dev_ws/msauber_stack/install/yolo_ros:/home/andreas/dev_ws/msauber_stack/install/msauber_bringup:/home/andreas/dev_ws/msauber_stack/install/msauber_sim:/home/andreas/dev_ws/msauber_stack/install/msauber_perception:/home/andreas/dev_ws/msauber_stack/install/msauber_navigation:/home/andreas/dev_ws/msauber_stack/install/msauber_description:/home/andreas/dev_ws/msauber_stack/install/msauber_control:/opt/ros/jazzy DEBUGINFOD_URLS=https://debuginfod.ubuntu.com PS1=(my_py_venv) %m%# VIRTUAL_ENV_PROMPT=(my_py_venv) /usr/bin/cmake --install /home/andreas/dev_ws/msauber_stack/build/yolo_msgs
