[5.541s] Invoking command in '/home/andreas/dev_ws/msauber_stack/build/msauber_control': DEBUGINFOD_URLS=https://debuginfod.ubuntu.com PS1=(my_py_venv) %m%# PYTHONPATH=/home/andreas/dev_ws/msauber_stack/build/msauber_control/prefix_override:/usr/lib/python3/dist-packages/colcon_core/task/python/colcon_distutils_commands:/home/andreas/dev_ws/msauber_stack/install/msauber_control/lib/python3.12/site-packages:${PYTHONPATH} VIRTUAL_ENV_PROMPT=(my_py_venv) /usr/bin/python3 -W ignore:setup.py install is deprecated -W ignore:easy_install command is deprecated setup.py develop --editable --build-directory /home/andreas/dev_ws/msauber_stack/build/msauber_control/build --no-deps symlink_data
[7.116s] running develop
[8.773s] running egg_info
[8.774s] creating msauber_control.egg-info
[8.982s] writing msauber_control.egg-info/PKG-INFO
[8.990s] writing dependency_links to msauber_control.egg-info/dependency_links.txt
[8.990s] writing entry points to msauber_control.egg-info/entry_points.txt
[8.990s] writing requirements to msauber_control.egg-info/requires.txt
[8.991s] writing top-level names to msauber_control.egg-info/top_level.txt
[8.992s] writing manifest file 'msauber_control.egg-info/SOURCES.txt'
[9.242s] reading manifest file 'msauber_control.egg-info/SOURCES.txt'
[9.243s] writing manifest file 'msauber_control.egg-info/SOURCES.txt'
[9.343s] running build_ext
[9.344s] Creating /home/andreas/dev_ws/msauber_stack/install/msauber_control/lib/python3.12/site-packages/msauber-control.egg-link (link to .)
[9.345s] Installing teleop_bridge script to /home/andreas/dev_ws/msauber_stack/install/msauber_control/lib/msauber_control
[9.345s] 
[9.346s] Installed /home/andreas/dev_ws/msauber_stack/build/msauber_control
[9.346s] running symlink_data
[9.346s] creating /home/andreas/dev_ws/msauber_stack/install/msauber_control/share/ament_index
[9.347s] creating /home/andreas/dev_ws/msauber_stack/install/msauber_control/share/ament_index/resource_index
[9.347s] creating /home/andreas/dev_ws/msauber_stack/install/msauber_control/share/ament_index/resource_index/packages
[9.347s] symbolically linking /home/andreas/dev_ws/msauber_stack/build/msauber_control/resource/msauber_control -> /home/andreas/dev_ws/msauber_stack/install/msauber_control/share/ament_index/resource_index/packages
[9.348s] symbolically linking /home/andreas/dev_ws/msauber_stack/build/msauber_control/package.xml -> /home/andreas/dev_ws/msauber_stack/install/msauber_control/share/msauber_control
[9.348s] creating /home/andreas/dev_ws/msauber_stack/install/msauber_control/share/msauber_control/launch
[9.348s] symbolically linking /home/andreas/dev_ws/msauber_stack/build/msauber_control/launch/control.launch.py -> /home/andreas/dev_ws/msauber_stack/install/msauber_control/share/msauber_control/launch
[9.348s] creating /home/andreas/dev_ws/msauber_stack/install/msauber_control/share/msauber_control/config
[9.349s] symbolically linking /home/andreas/dev_ws/msauber_stack/build/msauber_control/config/ackerman_config.yaml -> /home/andreas/dev_ws/msauber_stack/install/msauber_control/share/msauber_control/config
[9.349s] symbolically linking /home/andreas/dev_ws/msauber_stack/build/msauber_control/config/effort_control_config.yaml -> /home/andreas/dev_ws/msauber_stack/install/msauber_control/share/msauber_control/config
[9.423s] Invoked command in '/home/andreas/dev_ws/msauber_stack/build/msauber_control' returned '0': DEBUGINFOD_URLS=https://debuginfod.ubuntu.com PS1=(my_py_venv) %m%# PYTHONPATH=/home/andreas/dev_ws/msauber_stack/build/msauber_control/prefix_override:/usr/lib/python3/dist-packages/colcon_core/task/python/colcon_distutils_commands:/home/andreas/dev_ws/msauber_stack/install/msauber_control/lib/python3.12/site-packages:${PYTHONPATH} VIRTUAL_ENV_PROMPT=(my_py_venv) /usr/bin/python3 -W ignore:setup.py install is deprecated -W ignore:easy_install command is deprecated setup.py develop --editable --build-directory /home/andreas/dev_ws/msauber_stack/build/msauber_control/build --no-deps symlink_data
