[1.360s] Invoking command in '/home/andreas/dev_ws/msauber_stack/build/yolo_ros': CMAKE_PREFIX_PATH=/home/andreas/dev_ws/msauber_stack/install/yolo_msgs:/home/andreas/dev_ws/msauber_stack/install/yolo_bringup:/opt/ros/jazzy/opt/gz_sim_vendor:/opt/ros/jazzy/opt/gz_sensors_vendor:/opt/ros/jazzy/opt/gz_physics_vendor:/opt/ros/jazzy/opt/sdformat_vendor:/opt/ros/jazzy/opt/gz_gui_vendor:/opt/ros/jazzy/opt/gz_transport_vendor:/opt/ros/jazzy/opt/gz_rendering_vendor:/opt/ros/jazzy/opt/gz_plugin_vendor:/opt/ros/jazzy/opt/gz_fuel_tools_vendor:/opt/ros/jazzy/opt/gz_msgs_vendor:/opt/ros/jazzy/opt/gz_common_vendor:/opt/ros/jazzy/opt/gz_math_vendor:/opt/ros/jazzy/opt/gz_utils_vendor:/opt/ros/jazzy/opt/gz_tools_vendor:/opt/ros/jazzy/opt/gz_ogre_next_vendor:/opt/ros/jazzy/opt/gz_dartsim_vendor:/opt/ros/jazzy/opt/gz_cmake_vendor DEBUGINFOD_URLS=https://debuginfod.ubuntu.com PS1=(my_py_venv) %m%# PYTHONPATH=/home/andreas/dev_ws/msauber_stack/build/yolo_ros/prefix_override:/usr/lib/python3/dist-packages/colcon_core/task/python/colcon_distutils_commands:/home/andreas/dev_ws/msauber_stack/install/yolo_ros/lib/python3.12/site-packages:/home/andreas/dev_ws/msauber_stack/install/yolo_msgs/lib/python3.12/site-packages:/home/andreas/dev_ws/msauber_stack/build/yolo_ros:/home/andreas/dev_ws/msauber_stack/install/yolo_ros/lib/python3.12/site-packages:/home/andreas/dev_ws/msauber_stack/build/msauber_bringup:/home/andreas/dev_ws/msauber_stack/install/msauber_bringup/lib/python3.12/site-packages:/home/andreas/dev_ws/msauber_stack/build/msauber_sim:/home/andreas/dev_ws/msauber_stack/install/msauber_sim/lib/python3.12/site-packages:/home/andreas/dev_ws/msauber_stack/build/msauber_perception:/home/andreas/dev_ws/msauber_stack/install/msauber_perception/lib/python3.12/site-packages:/home/andreas/dev_ws/msauber_stack/build/msauber_description:/home/andreas/dev_ws/msauber_stack/install/msauber_description/lib/python3.12/site-packages:/home/andreas/dev_ws/msauber_stack/build/msauber_control:/home/andreas/dev_ws/msauber_stack/install/msauber_control/lib/python3.12/site-packages:/home/andreas/my_py_venv/lib/python3.12/site-packages:/opt/ros/jazzy/lib/python3.12/site-packages VIRTUAL_ENV_PROMPT=(my_py_venv) /usr/bin/python3 -W ignore:setup.py install is deprecated -W ignore:easy_install command is deprecated setup.py develop --editable --build-directory /home/andreas/dev_ws/msauber_stack/build/yolo_ros/build --no-deps symlink_data
[1.966s] running develop
[2.569s] running egg_info
[2.569s] creating yolo_ros.egg-info
[2.639s] writing yolo_ros.egg-info/PKG-INFO
[2.640s] writing dependency_links to yolo_ros.egg-info/dependency_links.txt
[2.641s] writing entry points to yolo_ros.egg-info/entry_points.txt
[2.641s] writing requirements to yolo_ros.egg-info/requires.txt
[2.641s] writing top-level names to yolo_ros.egg-info/top_level.txt
[2.642s] writing manifest file 'yolo_ros.egg-info/SOURCES.txt'
[2.744s] reading manifest file 'yolo_ros.egg-info/SOURCES.txt'
[2.745s] writing manifest file 'yolo_ros.egg-info/SOURCES.txt'
[2.796s] running build_ext
[2.796s] Creating /home/andreas/dev_ws/msauber_stack/install/yolo_ros/lib/python3.12/site-packages/yolo-ros.egg-link (link to .)
[2.797s] Installing debug_node script to /home/andreas/dev_ws/msauber_stack/install/yolo_ros/lib/yolo_ros
[2.797s] Installing detect_3d_node script to /home/andreas/dev_ws/msauber_stack/install/yolo_ros/lib/yolo_ros
[2.797s] Installing tracking_node script to /home/andreas/dev_ws/msauber_stack/install/yolo_ros/lib/yolo_ros
[2.797s] Installing yolo_node script to /home/andreas/dev_ws/msauber_stack/install/yolo_ros/lib/yolo_ros
[2.798s] 
[2.798s] Installed /home/andreas/dev_ws/msauber_stack/build/yolo_ros
[2.798s] running symlink_data
[2.798s] creating /home/andreas/dev_ws/msauber_stack/install/yolo_ros/share/ament_index
[2.798s] creating /home/andreas/dev_ws/msauber_stack/install/yolo_ros/share/ament_index/resource_index
[2.798s] creating /home/andreas/dev_ws/msauber_stack/install/yolo_ros/share/ament_index/resource_index/packages
[2.799s] symbolically linking /home/andreas/dev_ws/msauber_stack/build/yolo_ros/resource/yolo_ros -> /home/andreas/dev_ws/msauber_stack/install/yolo_ros/share/ament_index/resource_index/packages
[2.799s] symbolically linking /home/andreas/dev_ws/msauber_stack/build/yolo_ros/package.xml -> /home/andreas/dev_ws/msauber_stack/install/yolo_ros/share/yolo_ros
[2.838s] Invoked command in '/home/andreas/dev_ws/msauber_stack/build/yolo_ros' returned '0': CMAKE_PREFIX_PATH=/home/andreas/dev_ws/msauber_stack/install/yolo_msgs:/home/andreas/dev_ws/msauber_stack/install/yolo_bringup:/opt/ros/jazzy/opt/gz_sim_vendor:/opt/ros/jazzy/opt/gz_sensors_vendor:/opt/ros/jazzy/opt/gz_physics_vendor:/opt/ros/jazzy/opt/sdformat_vendor:/opt/ros/jazzy/opt/gz_gui_vendor:/opt/ros/jazzy/opt/gz_transport_vendor:/opt/ros/jazzy/opt/gz_rendering_vendor:/opt/ros/jazzy/opt/gz_plugin_vendor:/opt/ros/jazzy/opt/gz_fuel_tools_vendor:/opt/ros/jazzy/opt/gz_msgs_vendor:/opt/ros/jazzy/opt/gz_common_vendor:/opt/ros/jazzy/opt/gz_math_vendor:/opt/ros/jazzy/opt/gz_utils_vendor:/opt/ros/jazzy/opt/gz_tools_vendor:/opt/ros/jazzy/opt/gz_ogre_next_vendor:/opt/ros/jazzy/opt/gz_dartsim_vendor:/opt/ros/jazzy/opt/gz_cmake_vendor DEBUGINFOD_URLS=https://debuginfod.ubuntu.com PS1=(my_py_venv) %m%# PYTHONPATH=/home/andreas/dev_ws/msauber_stack/build/yolo_ros/prefix_override:/usr/lib/python3/dist-packages/colcon_core/task/python/colcon_distutils_commands:/home/andreas/dev_ws/msauber_stack/install/yolo_ros/lib/python3.12/site-packages:/home/andreas/dev_ws/msauber_stack/install/yolo_msgs/lib/python3.12/site-packages:/home/andreas/dev_ws/msauber_stack/build/yolo_ros:/home/andreas/dev_ws/msauber_stack/install/yolo_ros/lib/python3.12/site-packages:/home/andreas/dev_ws/msauber_stack/build/msauber_bringup:/home/andreas/dev_ws/msauber_stack/install/msauber_bringup/lib/python3.12/site-packages:/home/andreas/dev_ws/msauber_stack/build/msauber_sim:/home/andreas/dev_ws/msauber_stack/install/msauber_sim/lib/python3.12/site-packages:/home/andreas/dev_ws/msauber_stack/build/msauber_perception:/home/andreas/dev_ws/msauber_stack/install/msauber_perception/lib/python3.12/site-packages:/home/andreas/dev_ws/msauber_stack/build/msauber_description:/home/andreas/dev_ws/msauber_stack/install/msauber_description/lib/python3.12/site-packages:/home/andreas/dev_ws/msauber_stack/build/msauber_control:/home/andreas/dev_ws/msauber_stack/install/msauber_control/lib/python3.12/site-packages:/home/andreas/my_py_venv/lib/python3.12/site-packages:/opt/ros/jazzy/lib/python3.12/site-packages VIRTUAL_ENV_PROMPT=(my_py_venv) /usr/bin/python3 -W ignore:setup.py install is deprecated -W ignore:easy_install command is deprecated setup.py develop --editable --build-directory /home/andreas/dev_ws/msauber_stack/build/yolo_ros/build --no-deps symlink_data
