[1.024s] Invoking command in '/home/andreas/dev_ws/msauber_stack/build/yolo_ros': AMENT_PREFIX_PATH=/home/andreas/dev_ws/msauber_stack/install/yolo_msgs:${AMENT_PREFIX_PATH} CMAKE_PREFIX_PATH=/home/andreas/dev_ws/msauber_stack/install/yolo_msgs:${CMAKE_PREFIX_PATH} DEBUGINFOD_URLS=https://debuginfod.ubuntu.com PS1=(my_py_venv) %m%# PYTHONPATH=/home/andreas/dev_ws/msauber_stack/build/yolo_ros/prefix_override:/usr/lib/python3/dist-packages/colcon_core/task/python/colcon_distutils_commands:/home/andreas/dev_ws/msauber_stack/install/yolo_ros/lib/python3.12/site-packages:/home/andreas/dev_ws/msauber_stack/install/yolo_msgs/lib/python3.12/site-packages:${PYTHONPATH} VIRTUAL_ENV_PROMPT=(my_py_venv) /usr/bin/python3 -W ignore:setup.py install is deprecated -W ignore:easy_install command is deprecated setup.py develop --editable --build-directory /home/andreas/dev_ws/msauber_stack/build/yolo_ros/build --no-deps symlink_data
[1.472s] running develop
[1.907s] running egg_info
[1.907s] creating yolo_ros.egg-info
[1.951s] writing yolo_ros.egg-info/PKG-INFO
[1.952s] writing dependency_links to yolo_ros.egg-info/dependency_links.txt
[1.952s] writing entry points to yolo_ros.egg-info/entry_points.txt
[1.953s] writing requirements to yolo_ros.egg-info/requires.txt
[1.953s] writing top-level names to yolo_ros.egg-info/top_level.txt
[1.954s] writing manifest file 'yolo_ros.egg-info/SOURCES.txt'
[2.050s] reading manifest file 'yolo_ros.egg-info/SOURCES.txt'
[2.050s] writing manifest file 'yolo_ros.egg-info/SOURCES.txt'
[2.097s] running build_ext
[2.097s] Creating /home/andreas/dev_ws/msauber_stack/install/yolo_ros/lib/python3.12/site-packages/yolo-ros.egg-link (link to .)
[2.098s] Installing debug_node script to /home/andreas/dev_ws/msauber_stack/install/yolo_ros/lib/yolo_ros
[2.098s] Installing detect_3d_node script to /home/andreas/dev_ws/msauber_stack/install/yolo_ros/lib/yolo_ros
[2.098s] Installing tracking_node script to /home/andreas/dev_ws/msauber_stack/install/yolo_ros/lib/yolo_ros
[2.098s] Installing yolo_node script to /home/andreas/dev_ws/msauber_stack/install/yolo_ros/lib/yolo_ros
[2.098s] 
[2.098s] Installed /home/andreas/dev_ws/msauber_stack/build/yolo_ros
[2.098s] running symlink_data
[2.099s] creating /home/andreas/dev_ws/msauber_stack/install/yolo_ros/share/ament_index
[2.099s] creating /home/andreas/dev_ws/msauber_stack/install/yolo_ros/share/ament_index/resource_index
[2.099s] creating /home/andreas/dev_ws/msauber_stack/install/yolo_ros/share/ament_index/resource_index/packages
[2.099s] symbolically linking /home/andreas/dev_ws/msauber_stack/build/yolo_ros/resource/yolo_ros -> /home/andreas/dev_ws/msauber_stack/install/yolo_ros/share/ament_index/resource_index/packages
[2.099s] symbolically linking /home/andreas/dev_ws/msauber_stack/build/yolo_ros/package.xml -> /home/andreas/dev_ws/msauber_stack/install/yolo_ros/share/yolo_ros
[2.141s] Invoked command in '/home/andreas/dev_ws/msauber_stack/build/yolo_ros' returned '0': AMENT_PREFIX_PATH=/home/andreas/dev_ws/msauber_stack/install/yolo_msgs:${AMENT_PREFIX_PATH} CMAKE_PREFIX_PATH=/home/andreas/dev_ws/msauber_stack/install/yolo_msgs:${CMAKE_PREFIX_PATH} DEBUGINFOD_URLS=https://debuginfod.ubuntu.com PS1=(my_py_venv) %m%# PYTHONPATH=/home/andreas/dev_ws/msauber_stack/build/yolo_ros/prefix_override:/usr/lib/python3/dist-packages/colcon_core/task/python/colcon_distutils_commands:/home/andreas/dev_ws/msauber_stack/install/yolo_ros/lib/python3.12/site-packages:/home/andreas/dev_ws/msauber_stack/install/yolo_msgs/lib/python3.12/site-packages:${PYTHONPATH} VIRTUAL_ENV_PROMPT=(my_py_venv) /usr/bin/python3 -W ignore:setup.py install is deprecated -W ignore:easy_install command is deprecated setup.py develop --editable --build-directory /home/andreas/dev_ws/msauber_stack/build/yolo_ros/build --no-deps symlink_data
