[5.712s] Invoking command in '/home/andreas/dev_ws/msauber_stack/build/msauber_control': DEBUGINFOD_URLS=https://debuginfod.ubuntu.com PS1=(my_py_venv) %m%# PYTHONPATH=/home/andreas/dev_ws/msauber_stack/build/msauber_control/prefix_override:/usr/lib/python3/dist-packages/colcon_core/task/python/colcon_distutils_commands:/home/andreas/dev_ws/msauber_stack/install/msauber_control/lib/python3.12/site-packages:${PYTHONPATH} VIRTUAL_ENV_PROMPT=(my_py_venv) /usr/bin/python3 -W ignore:setup.py install is deprecated -W ignore:easy_install command is deprecated setup.py develop --editable --build-directory /home/andreas/dev_ws/msauber_stack/build/msauber_control/build --no-deps symlink_data
[8.020s] running develop
[9.964s] running egg_info
[9.965s] creating msauber_control.egg-info
[10.162s] writing msauber_control.egg-info/PKG-INFO
[10.165s] writing dependency_links to msauber_control.egg-info/dependency_links.txt
[10.168s] writing entry points to msauber_control.egg-info/entry_points.txt
[10.168s] writing requirements to msauber_control.egg-info/requires.txt
[10.168s] writing top-level names to msauber_control.egg-info/top_level.txt
[10.170s] writing manifest file 'msauber_control.egg-info/SOURCES.txt'
[10.564s] reading manifest file 'msauber_control.egg-info/SOURCES.txt'
[10.566s] writing manifest file 'msauber_control.egg-info/SOURCES.txt'
[10.736s] running build_ext
[10.737s] Creating /home/andreas/dev_ws/msauber_stack/install/msauber_control/lib/python3.12/site-packages/msauber-control.egg-link (link to .)
[10.740s] Installing teleop_bridge script to /home/andreas/dev_ws/msauber_stack/install/msauber_control/lib/msauber_control
[10.741s] 
[10.742s] Installed /home/andreas/dev_ws/msauber_stack/build/msauber_control
[10.742s] running symlink_data
[10.743s] creating /home/andreas/dev_ws/msauber_stack/install/msauber_control/share/ament_index
[10.743s] creating /home/andreas/dev_ws/msauber_stack/install/msauber_control/share/ament_index/resource_index
[10.743s] creating /home/andreas/dev_ws/msauber_stack/install/msauber_control/share/ament_index/resource_index/packages
[10.744s] symbolically linking /home/andreas/dev_ws/msauber_stack/build/msauber_control/resource/msauber_control -> /home/andreas/dev_ws/msauber_stack/install/msauber_control/share/ament_index/resource_index/packages
[10.744s] symbolically linking /home/andreas/dev_ws/msauber_stack/build/msauber_control/package.xml -> /home/andreas/dev_ws/msauber_stack/install/msauber_control/share/msauber_control
[10.744s] creating /home/andreas/dev_ws/msauber_stack/install/msauber_control/share/msauber_control/launch
[10.744s] symbolically linking /home/andreas/dev_ws/msauber_stack/build/msauber_control/launch/control.launch.py -> /home/andreas/dev_ws/msauber_stack/install/msauber_control/share/msauber_control/launch
[10.746s] creating /home/andreas/dev_ws/msauber_stack/install/msauber_control/share/msauber_control/config
[10.747s] symbolically linking /home/andreas/dev_ws/msauber_stack/build/msauber_control/config/ackerman_config.yaml -> /home/andreas/dev_ws/msauber_stack/install/msauber_control/share/msauber_control/config
[10.747s] symbolically linking /home/andreas/dev_ws/msauber_stack/build/msauber_control/config/effort_control_config.yaml -> /home/andreas/dev_ws/msauber_stack/install/msauber_control/share/msauber_control/config
[10.837s] Invoked command in '/home/andreas/dev_ws/msauber_stack/build/msauber_control' returned '0': DEBUGINFOD_URLS=https://debuginfod.ubuntu.com PS1=(my_py_venv) %m%# PYTHONPATH=/home/andreas/dev_ws/msauber_stack/build/msauber_control/prefix_override:/usr/lib/python3/dist-packages/colcon_core/task/python/colcon_distutils_commands:/home/andreas/dev_ws/msauber_stack/install/msauber_control/lib/python3.12/site-packages:${PYTHONPATH} VIRTUAL_ENV_PROMPT=(my_py_venv) /usr/bin/python3 -W ignore:setup.py install is deprecated -W ignore:easy_install command is deprecated setup.py develop --editable --build-directory /home/andreas/dev_ws/msauber_stack/build/msauber_control/build --no-deps symlink_data
