[0.924s] Invoking command in '/home/andreas/dev_ws/msauber_stack/build/msauber_sim': DEBUGINFOD_URLS=https://debuginfod.ubuntu.com PS1=(my_py_venv) %m%# PYTHONPATH=/home/andreas/dev_ws/msauber_stack/build/msauber_sim/prefix_override:/usr/lib/python3/dist-packages/colcon_core/task/python/colcon_distutils_commands:/home/andreas/dev_ws/msauber_stack/install/msauber_sim/lib/python3.12/site-packages:${PYTHONPATH} VIRTUAL_ENV_PROMPT=(my_py_venv) /usr/bin/python3 -W ignore:setup.py install is deprecated -W ignore:easy_install command is deprecated setup.py develop --editable --build-directory /home/andreas/dev_ws/msauber_stack/build/msauber_sim/build --no-deps symlink_data
[1.317s] running develop
[1.593s] running egg_info
[1.633s] writing msauber_sim.egg-info/PKG-INFO
[1.634s] writing dependency_links to msauber_sim.egg-info/dependency_links.txt
[1.634s] writing requirements to msauber_sim.egg-info/requires.txt
[1.634s] writing top-level names to msauber_sim.egg-info/top_level.txt
[1.695s] reading manifest file 'msauber_sim.egg-info/SOURCES.txt'
[1.696s] writing manifest file 'msauber_sim.egg-info/SOURCES.txt'
[1.730s] running build_ext
[1.730s] Creating /home/andreas/dev_ws/msauber_stack/install/msauber_sim/lib/python3.12/site-packages/msauber-sim.egg-link (link to .)
[1.730s] 
[1.730s] Installed /home/andreas/dev_ws/msauber_stack/build/msauber_sim
[1.730s] running symlink_data
[1.731s] creating /home/andreas/dev_ws/msauber_stack/install/msauber_sim/share/msauber_sim/models/pista_ground
[1.731s] symbolically linking /home/andreas/dev_ws/msauber_stack/build/msauber_sim/models/pista_ground/model.sdf -> /home/andreas/dev_ws/msauber_stack/install/msauber_sim/share/msauber_sim/models/pista_ground
[1.731s] symbolically linking /home/andreas/dev_ws/msauber_stack/build/msauber_sim/models/pista_ground/model.config -> /home/andreas/dev_ws/msauber_stack/install/msauber_sim/share/msauber_sim/models/pista_ground
[1.731s] creating /home/andreas/dev_ws/msauber_stack/install/msauber_sim/share/msauber_sim/models/pista_ground/materials
[1.731s] creating /home/andreas/dev_ws/msauber_stack/install/msauber_sim/share/msauber_sim/models/pista_ground/materials/textures
[1.731s] symbolically linking /home/andreas/dev_ws/msauber_stack/build/msauber_sim/models/pista_ground/materials/textures/pista_map.png -> /home/andreas/dev_ws/msauber_stack/install/msauber_sim/share/msauber_sim/models/pista_ground/materials/textures
[1.759s] Invoked command in '/home/andreas/dev_ws/msauber_stack/build/msauber_sim' returned '0': DEBUGINFOD_URLS=https://debuginfod.ubuntu.com PS1=(my_py_venv) %m%# PYTHONPATH=/home/andreas/dev_ws/msauber_stack/build/msauber_sim/prefix_override:/usr/lib/python3/dist-packages/colcon_core/task/python/colcon_distutils_commands:/home/andreas/dev_ws/msauber_stack/install/msauber_sim/lib/python3.12/site-packages:${PYTHONPATH} VIRTUAL_ENV_PROMPT=(my_py_venv) /usr/bin/python3 -W ignore:setup.py install is deprecated -W ignore:easy_install command is deprecated setup.py develop --editable --build-directory /home/andreas/dev_ws/msauber_stack/build/msauber_sim/build --no-deps symlink_data
