[4.471s] Invoking command in '/home/andreas/dev_ws/msauber_stack/build/msauber_navigation': DEBUGINFOD_URLS=https://debuginfod.ubuntu.com PS1=(my_py_venv) %m%# PYTHONPATH=/home/andreas/dev_ws/msauber_stack/build/msauber_navigation/prefix_override:/usr/lib/python3/dist-packages/colcon_core/task/python/colcon_distutils_commands:/home/andreas/dev_ws/msauber_stack/install/msauber_navigation/lib/python3.12/site-packages:${PYTHONPATH} VIRTUAL_ENV_PROMPT=(my_py_venv) /usr/bin/python3 -W ignore:setup.py install is deprecated -W ignore:easy_install command is deprecated setup.py develop --editable --build-directory /home/andreas/dev_ws/msauber_stack/build/msauber_navigation/build --no-deps symlink_data
[6.667s] running develop
[8.229s] running egg_info
[8.229s] creating msauber_navigation.egg-info
[8.406s] writing msauber_navigation.egg-info/PKG-INFO
[8.411s] writing dependency_links to msauber_navigation.egg-info/dependency_links.txt
[8.411s] writing entry points to msauber_navigation.egg-info/entry_points.txt
[8.412s] writing requirements to msauber_navigation.egg-info/requires.txt
[8.412s] writing top-level names to msauber_navigation.egg-info/top_level.txt
[8.413s] writing manifest file 'msauber_navigation.egg-info/SOURCES.txt'
[8.704s] reading manifest file 'msauber_navigation.egg-info/SOURCES.txt'
[8.707s] writing manifest file 'msauber_navigation.egg-info/SOURCES.txt'
[8.900s] running build_ext
[8.901s] Creating /home/andreas/dev_ws/msauber_stack/install/msauber_navigation/lib/python3.12/site-packages/msauber-navigation.egg-link (link to .)
[8.904s] Installing mpc_node script to /home/andreas/dev_ws/msauber_stack/install/msauber_navigation/lib/msauber_navigation
[8.904s] Installing odom_tf_bridge script to /home/andreas/dev_ws/msauber_stack/install/msauber_navigation/lib/msauber_navigation
[8.906s] 
[8.907s] Installed /home/andreas/dev_ws/msauber_stack/build/msauber_navigation
[8.907s] running symlink_data
[8.908s] creating /home/andreas/dev_ws/msauber_stack/install/msauber_navigation/share/ament_index
[8.909s] creating /home/andreas/dev_ws/msauber_stack/install/msauber_navigation/share/ament_index/resource_index
[8.909s] creating /home/andreas/dev_ws/msauber_stack/install/msauber_navigation/share/ament_index/resource_index/packages
[8.910s] symbolically linking /home/andreas/dev_ws/msauber_stack/build/msauber_navigation/resource/msauber_navigation -> /home/andreas/dev_ws/msauber_stack/install/msauber_navigation/share/ament_index/resource_index/packages
[8.910s] symbolically linking /home/andreas/dev_ws/msauber_stack/build/msauber_navigation/package.xml -> /home/andreas/dev_ws/msauber_stack/install/msauber_navigation/share/msauber_navigation
[8.910s] creating /home/andreas/dev_ws/msauber_stack/install/msauber_navigation/share/msauber_navigation/launch
[8.911s] symbolically linking /home/andreas/dev_ws/msauber_stack/build/msauber_navigation/launch/nav.launch.py -> /home/andreas/dev_ws/msauber_stack/install/msauber_navigation/share/msauber_navigation/launch
[8.911s] creating /home/andreas/dev_ws/msauber_stack/install/msauber_navigation/share/msauber_navigation/config
[8.911s] symbolically linking /home/andreas/dev_ws/msauber_stack/build/msauber_navigation/config/nav2_param_dubin.yaml -> /home/andreas/dev_ws/msauber_stack/install/msauber_navigation/share/msauber_navigation/config
[8.912s] symbolically linking /home/andreas/dev_ws/msauber_stack/build/msauber_navigation/config/nav2_param.yaml -> /home/andreas/dev_ws/msauber_stack/install/msauber_navigation/share/msauber_navigation/config
[8.912s] creating /home/andreas/dev_ws/msauber_stack/install/msauber_navigation/share/msauber_navigation/maps
[8.912s] symbolically linking /home/andreas/dev_ws/msauber_stack/build/msauber_navigation/maps/test_map.png -> /home/andreas/dev_ws/msauber_stack/install/msauber_navigation/share/msauber_navigation/maps
[8.912s] symbolically linking /home/andreas/dev_ws/msauber_stack/build/msauber_navigation/maps/test_map.pgm -> /home/andreas/dev_ws/msauber_stack/install/msauber_navigation/share/msauber_navigation/maps
[8.913s] symbolically linking /home/andreas/dev_ws/msauber_stack/build/msauber_navigation/maps/my_map.yaml -> /home/andreas/dev_ws/msauber_stack/install/msauber_navigation/share/msauber_navigation/maps
[8.913s] symbolically linking /home/andreas/dev_ws/msauber_stack/build/msauber_navigation/maps/my_map.pgm -> /home/andreas/dev_ws/msauber_stack/install/msauber_navigation/share/msauber_navigation/maps
[8.913s] symbolically linking /home/andreas/dev_ws/msauber_stack/build/msauber_navigation/maps/test_map.yaml -> /home/andreas/dev_ws/msauber_stack/install/msauber_navigation/share/msauber_navigation/maps
[9.011s] Invoked command in '/home/andreas/dev_ws/msauber_stack/build/msauber_navigation' returned '0': DEBUGINFOD_URLS=https://debuginfod.ubuntu.com PS1=(my_py_venv) %m%# PYTHONPATH=/home/andreas/dev_ws/msauber_stack/build/msauber_navigation/prefix_override:/usr/lib/python3/dist-packages/colcon_core/task/python/colcon_distutils_commands:/home/andreas/dev_ws/msauber_stack/install/msauber_navigation/lib/python3.12/site-packages:${PYTHONPATH} VIRTUAL_ENV_PROMPT=(my_py_venv) /usr/bin/python3 -W ignore:setup.py install is deprecated -W ignore:easy_install command is deprecated setup.py develop --editable --build-directory /home/andreas/dev_ws/msauber_stack/build/msauber_navigation/build --no-deps symlink_data
