[0.860s] Invoking command in '/home/andreas/dev_ws/msauber_stack/build/msauber_navigation': DEBUGINFOD_URLS=https://debuginfod.ubuntu.com PS1=(my_py_venv) %m%# PYTHONPATH=/home/andreas/dev_ws/msauber_stack/build/msauber_navigation/prefix_override:/usr/lib/python3/dist-packages/colcon_core/task/python/colcon_distutils_commands:/home/andreas/dev_ws/msauber_stack/install/msauber_navigation/lib/python3.12/site-packages:${PYTHONPATH} VIRTUAL_ENV_PROMPT=(my_py_venv) /usr/bin/python3 -W ignore:setup.py install is deprecated -W ignore:easy_install command is deprecated setup.py develop --editable --build-directory /home/andreas/dev_ws/msauber_stack/build/msauber_navigation/build --no-deps symlink_data
[1.231s] running develop
[1.559s] running egg_info
[1.560s] creating msauber_navigation.egg-info
[1.598s] writing msauber_navigation.egg-info/PKG-INFO
[1.598s] writing dependency_links to msauber_navigation.egg-info/dependency_links.txt
[1.598s] writing entry points to msauber_navigation.egg-info/entry_points.txt
[1.598s] writing requirements to msauber_navigation.egg-info/requires.txt
[1.599s] writing top-level names to msauber_navigation.egg-info/top_level.txt
[1.600s] writing manifest file 'msauber_navigation.egg-info/SOURCES.txt'
[1.660s] reading manifest file 'msauber_navigation.egg-info/SOURCES.txt'
[1.660s] writing manifest file 'msauber_navigation.egg-info/SOURCES.txt'
[1.691s] running build_ext
[1.691s] Creating /home/andreas/dev_ws/msauber_stack/install/msauber_navigation/lib/python3.12/site-packages/msauber-navigation.egg-link (link to .)
[1.692s] Installing mpc_node script to /home/andreas/dev_ws/msauber_stack/install/msauber_navigation/lib/msauber_navigation
[1.692s] Installing odom_tf_bridge script to /home/andreas/dev_ws/msauber_stack/install/msauber_navigation/lib/msauber_navigation
[1.692s] 
[1.692s] Installed /home/andreas/dev_ws/msauber_stack/build/msauber_navigation
[1.692s] running symlink_data
[1.692s] creating /home/andreas/dev_ws/msauber_stack/install/msauber_navigation/share/ament_index
[1.692s] creating /home/andreas/dev_ws/msauber_stack/install/msauber_navigation/share/ament_index/resource_index
[1.692s] creating /home/andreas/dev_ws/msauber_stack/install/msauber_navigation/share/ament_index/resource_index/packages
[1.692s] symbolically linking /home/andreas/dev_ws/msauber_stack/build/msauber_navigation/resource/msauber_navigation -> /home/andreas/dev_ws/msauber_stack/install/msauber_navigation/share/ament_index/resource_index/packages
[1.692s] symbolically linking /home/andreas/dev_ws/msauber_stack/build/msauber_navigation/package.xml -> /home/andreas/dev_ws/msauber_stack/install/msauber_navigation/share/msauber_navigation
[1.692s] creating /home/andreas/dev_ws/msauber_stack/install/msauber_navigation/share/msauber_navigation/launch
[1.692s] symbolically linking /home/andreas/dev_ws/msauber_stack/build/msauber_navigation/launch/nav.launch.py -> /home/andreas/dev_ws/msauber_stack/install/msauber_navigation/share/msauber_navigation/launch
[1.693s] symbolically linking /home/andreas/dev_ws/msauber_stack/build/msauber_navigation/launch/full_nav.launch.py -> /home/andreas/dev_ws/msauber_stack/install/msauber_navigation/share/msauber_navigation/launch
[1.693s] creating /home/andreas/dev_ws/msauber_stack/install/msauber_navigation/share/msauber_navigation/config
[1.693s] symbolically linking /home/andreas/dev_ws/msauber_stack/build/msauber_navigation/config/full_nav2_params.yaml -> /home/andreas/dev_ws/msauber_stack/install/msauber_navigation/share/msauber_navigation/config
[1.693s] symbolically linking /home/andreas/dev_ws/msauber_stack/build/msauber_navigation/config/nav2_params.yaml -> /home/andreas/dev_ws/msauber_stack/install/msauber_navigation/share/msauber_navigation/config
[1.693s] symbolically linking /home/andreas/dev_ws/msauber_stack/build/msauber_navigation/config/nav2_dubin_params.yaml -> /home/andreas/dev_ws/msauber_stack/install/msauber_navigation/share/msauber_navigation/config
[1.693s] creating /home/andreas/dev_ws/msauber_stack/install/msauber_navigation/share/msauber_navigation/maps
[1.693s] symbolically linking /home/andreas/dev_ws/msauber_stack/build/msauber_navigation/maps/test_map.png -> /home/andreas/dev_ws/msauber_stack/install/msauber_navigation/share/msauber_navigation/maps
[1.693s] symbolically linking /home/andreas/dev_ws/msauber_stack/build/msauber_navigation/maps/test_map.pgm -> /home/andreas/dev_ws/msauber_stack/install/msauber_navigation/share/msauber_navigation/maps
[1.693s] symbolically linking /home/andreas/dev_ws/msauber_stack/build/msauber_navigation/maps/my_map.yaml -> /home/andreas/dev_ws/msauber_stack/install/msauber_navigation/share/msauber_navigation/maps
[1.693s] symbolically linking /home/andreas/dev_ws/msauber_stack/build/msauber_navigation/maps/my_map.pgm -> /home/andreas/dev_ws/msauber_stack/install/msauber_navigation/share/msauber_navigation/maps
[1.693s] symbolically linking /home/andreas/dev_ws/msauber_stack/build/msauber_navigation/maps/test_map.yaml -> /home/andreas/dev_ws/msauber_stack/install/msauber_navigation/share/msauber_navigation/maps
[1.729s] Invoked command in '/home/andreas/dev_ws/msauber_stack/build/msauber_navigation' returned '0': DEBUGINFOD_URLS=https://debuginfod.ubuntu.com PS1=(my_py_venv) %m%# PYTHONPATH=/home/andreas/dev_ws/msauber_stack/build/msauber_navigation/prefix_override:/usr/lib/python3/dist-packages/colcon_core/task/python/colcon_distutils_commands:/home/andreas/dev_ws/msauber_stack/install/msauber_navigation/lib/python3.12/site-packages:${PYTHONPATH} VIRTUAL_ENV_PROMPT=(my_py_venv) /usr/bin/python3 -W ignore:setup.py install is deprecated -W ignore:easy_install command is deprecated setup.py develop --editable --build-directory /home/andreas/dev_ws/msauber_stack/build/msauber_navigation/build --no-deps symlink_data
