[4.462s] Invoking command in '/home/andreas/dev_ws/msauber_stack/build/msauber_perception': DEBUGINFOD_URLS=https://debuginfod.ubuntu.com PS1=(my_py_venv) %m%# PYTHONPATH=/home/andreas/dev_ws/msauber_stack/build/msauber_perception/prefix_override:/usr/lib/python3/dist-packages/colcon_core/task/python/colcon_distutils_commands:/home/andreas/dev_ws/msauber_stack/install/msauber_perception/lib/python3.12/site-packages:${PYTHONPATH} VIRTUAL_ENV_PROMPT=(my_py_venv) /usr/bin/python3 -W ignore:setup.py install is deprecated -W ignore:easy_install command is deprecated setup.py develop --editable --build-directory /home/andreas/dev_ws/msauber_stack/build/msauber_perception/build --no-deps symlink_data
[6.779s] running develop
[8.309s] running egg_info
[8.312s] creating msauber_perception.egg-info
[8.493s] writing msauber_perception.egg-info/PKG-INFO
[8.496s] writing dependency_links to msauber_perception.egg-info/dependency_links.txt
[8.497s] writing entry points to msauber_perception.egg-info/entry_points.txt
[8.498s] writing requirements to msauber_perception.egg-info/requires.txt
[8.499s] writing top-level names to msauber_perception.egg-info/top_level.txt
[8.503s] writing manifest file 'msauber_perception.egg-info/SOURCES.txt'
[8.856s] reading manifest file 'msauber_perception.egg-info/SOURCES.txt'
[8.856s] writing manifest file 'msauber_perception.egg-info/SOURCES.txt'
[9.046s] running build_ext
[9.046s] Creating /home/andreas/dev_ws/msauber_stack/install/msauber_perception/lib/python3.12/site-packages/msauber-perception.egg-link (link to .)
[9.048s] Installing cone_detection_node script to /home/andreas/dev_ws/msauber_stack/install/msauber_perception/lib/msauber_perception
[9.049s] 
[9.049s] Installed /home/andreas/dev_ws/msauber_stack/build/msauber_perception
[9.049s] running symlink_data
[9.050s] creating /home/andreas/dev_ws/msauber_stack/install/msauber_perception/share/ament_index
[9.050s] creating /home/andreas/dev_ws/msauber_stack/install/msauber_perception/share/ament_index/resource_index
[9.051s] creating /home/andreas/dev_ws/msauber_stack/install/msauber_perception/share/ament_index/resource_index/packages
[9.051s] symbolically linking /home/andreas/dev_ws/msauber_stack/build/msauber_perception/resource/msauber_perception -> /home/andreas/dev_ws/msauber_stack/install/msauber_perception/share/ament_index/resource_index/packages
[9.051s] symbolically linking /home/andreas/dev_ws/msauber_stack/build/msauber_perception/package.xml -> /home/andreas/dev_ws/msauber_stack/install/msauber_perception/share/msauber_perception
[9.052s] creating /home/andreas/dev_ws/msauber_stack/install/msauber_perception/share/msauber_perception/launch
[9.052s] symbolically linking /home/andreas/dev_ws/msauber_stack/build/msauber_perception/launch/perception.launch.py -> /home/andreas/dev_ws/msauber_stack/install/msauber_perception/share/msauber_perception/launch
[9.052s] symbolically linking /home/andreas/dev_ws/msauber_stack/build/msauber_perception/launch/yolo_bringup.launch.py -> /home/andreas/dev_ws/msauber_stack/install/msauber_perception/share/msauber_perception/launch
[9.053s] creating /home/andreas/dev_ws/msauber_stack/install/msauber_perception/share/msauber_perception/config
[9.053s] symbolically linking /home/andreas/dev_ws/msauber_stack/build/msauber_perception/config/perception.yaml -> /home/andreas/dev_ws/msauber_stack/install/msauber_perception/share/msauber_perception/config
[9.053s] symbolically linking /home/andreas/dev_ws/msauber_stack/build/msauber_perception/config/yolo.yaml -> /home/andreas/dev_ws/msauber_stack/install/msauber_perception/share/msauber_perception/config
[9.053s] creating /home/andreas/dev_ws/msauber_stack/install/msauber_perception/share/msauber_perception/models
[9.054s] symbolically linking /home/andreas/dev_ws/msauber_stack/build/msauber_perception/models/cones_v1.pt -> /home/andreas/dev_ws/msauber_stack/install/msauber_perception/share/msauber_perception/models
[9.055s] symbolically linking /home/andreas/dev_ws/msauber_stack/build/msauber_perception/models/yolov8n.pt -> /home/andreas/dev_ws/msauber_stack/install/msauber_perception/share/msauber_perception/models
[9.167s] Invoked command in '/home/andreas/dev_ws/msauber_stack/build/msauber_perception' returned '0': DEBUGINFOD_URLS=https://debuginfod.ubuntu.com PS1=(my_py_venv) %m%# PYTHONPATH=/home/andreas/dev_ws/msauber_stack/build/msauber_perception/prefix_override:/usr/lib/python3/dist-packages/colcon_core/task/python/colcon_distutils_commands:/home/andreas/dev_ws/msauber_stack/install/msauber_perception/lib/python3.12/site-packages:${PYTHONPATH} VIRTUAL_ENV_PROMPT=(my_py_venv) /usr/bin/python3 -W ignore:setup.py install is deprecated -W ignore:easy_install command is deprecated setup.py develop --editable --build-directory /home/andreas/dev_ws/msauber_stack/build/msauber_perception/build --no-deps symlink_data
